
*** Running vivado
    with args -log design_1_wrapper.vds -m64 -product Vivado -mode batch -messageDb vivado.pb -notrace -source design_1_wrapper.tcl



****** Vivado v2025.1 (64-bit)
  **** SW Build 6140274 on Thu May 22 00:12:29 MDT 2025
  **** IP Build 6138677 on Thu May 22 03:10:11 MDT 2025
  **** SharedData Build 6139179 on Tue May 20 17:58:58 MDT 2025
  **** Start of session at: Tue Dec 16 20:14:58 2025
    ** Copyright 1986-2022 Xilinx, Inc. All Rights Reserved.
    ** Copyright 2022-2025 Advanced Micro Devices, Inc. All Rights Reserved.

source design_1_wrapper.tcl -notrace
INFO: [IP_Flow 19-234] Refreshing IP repositories
INFO: [IP_Flow 19-1700] Loaded user IP repository 'c:/ELEC522/sm512/asdf/Vitis_HLS/hls_component'.
INFO: [IP_Flow 19-2313] Loaded Vivado IP repository 'C:/Xilinx/2025.1/Vivado/data/ip'.
Command: synth_design -top design_1_wrapper -part xc7z020clg484-1
Starting synth_design
Attempting to get a license for feature 'Synthesis' and/or device 'xc7z020'
INFO: [Common 17-349] Got license for feature 'Synthesis' and/or device 'xc7z020'
INFO: [Device 21-403] Loading part xc7z020clg484-1
INFO: [Synth 8-7079] Multithreading enabled for synth_design using a maximum of 2 processes.
INFO: [Synth 8-7078] Launching helper process for spawning children vivado processes
INFO: [Synth 8-7075] Helper process launched with PID 20216
---------------------------------------------------------------------------------
Starting RTL Elaboration : Time (s): cpu = 00:00:04 ; elapsed = 00:00:04 . Memory (MB): peak = 1268.367 ; gain = 492.266
---------------------------------------------------------------------------------
INFO: [Synth 8-6157] synthesizing module 'design_1_wrapper' [c:/ELEC522/sm512/asdf/Vivado/project_1/project_1.gen/sources_1/bd/design_1/hdl/design_1_wrapper.v:13]
INFO: [Synth 8-6157] synthesizing module 'design_1' [c:/ELEC522/sm512/asdf/Vivado/project_1/project_1.gen/sources_1/bd/design_1/synth/design_1.v:13]
INFO: [Synth 8-6157] synthesizing module 'design_1_axi_smc_0' [C:/ELEC522/sm512/asdf/Vivado/project_1/project_1.runs/synth_1/.Xil/Vivado-12032-RYN-B10-PC-11/realtime/design_1_axi_smc_0_stub.v:6]
INFO: [Synth 8-6155] done synthesizing module 'design_1_axi_smc_0' (0#1) [C:/ELEC522/sm512/asdf/Vivado/project_1/project_1.runs/synth_1/.Xil/Vivado-12032-RYN-B10-PC-11/realtime/design_1_axi_smc_0_stub.v:6]
WARNING: [Synth 8-7071] port 'M00_AXI_awprot' of module 'design_1_axi_smc_0' is unconnected for instance 'axi_smc' [c:/ELEC522/sm512/asdf/Vivado/project_1/project_1.gen/sources_1/bd/design_1/synth/design_1.v:138]
WARNING: [Synth 8-7071] port 'M00_AXI_arprot' of module 'design_1_axi_smc_0' is unconnected for instance 'axi_smc' [c:/ELEC522/sm512/asdf/Vivado/project_1/project_1.gen/sources_1/bd/design_1/synth/design_1.v:138]
WARNING: [Synth 8-7023] instance 'axi_smc' of module 'design_1_axi_smc_0' has 59 connections declared, but only 57 given [c:/ELEC522/sm512/asdf/Vivado/project_1/project_1.gen/sources_1/bd/design_1/synth/design_1.v:138]
INFO: [Synth 8-6157] synthesizing module 'design_1_processing_system7_0_0' [C:/ELEC522/sm512/asdf/Vivado/project_1/project_1.runs/synth_1/.Xil/Vivado-12032-RYN-B10-PC-11/realtime/design_1_processing_system7_0_0_stub.v:6]
INFO: [Synth 8-6155] done synthesizing module 'design_1_processing_system7_0_0' (0#1) [C:/ELEC522/sm512/asdf/Vivado/project_1/project_1.runs/synth_1/.Xil/Vivado-12032-RYN-B10-PC-11/realtime/design_1_processing_system7_0_0_stub.v:6]
WARNING: [Synth 8-7071] port 'TTC0_WAVE0_OUT' of module 'design_1_processing_system7_0_0' is unconnected for instance 'processing_system7_0' [c:/ELEC522/sm512/asdf/Vivado/project_1/project_1.gen/sources_1/bd/design_1/synth/design_1.v:196]
WARNING: [Synth 8-7071] port 'TTC0_WAVE1_OUT' of module 'design_1_processing_system7_0_0' is unconnected for instance 'processing_system7_0' [c:/ELEC522/sm512/asdf/Vivado/project_1/project_1.gen/sources_1/bd/design_1/synth/design_1.v:196]
WARNING: [Synth 8-7071] port 'TTC0_WAVE2_OUT' of module 'design_1_processing_system7_0_0' is unconnected for instance 'processing_system7_0' [c:/ELEC522/sm512/asdf/Vivado/project_1/project_1.gen/sources_1/bd/design_1/synth/design_1.v:196]
WARNING: [Synth 8-7071] port 'USB0_PORT_INDCTL' of module 'design_1_processing_system7_0_0' is unconnected for instance 'processing_system7_0' [c:/ELEC522/sm512/asdf/Vivado/project_1/project_1.gen/sources_1/bd/design_1/synth/design_1.v:196]
WARNING: [Synth 8-7071] port 'USB0_VBUS_PWRSELECT' of module 'design_1_processing_system7_0_0' is unconnected for instance 'processing_system7_0' [c:/ELEC522/sm512/asdf/Vivado/project_1/project_1.gen/sources_1/bd/design_1/synth/design_1.v:196]
WARNING: [Synth 8-7023] instance 'processing_system7_0' of module 'design_1_processing_system7_0_0' has 68 connections declared, but only 63 given [c:/ELEC522/sm512/asdf/Vivado/project_1/project_1.gen/sources_1/bd/design_1/synth/design_1.v:196]
INFO: [Synth 8-6157] synthesizing module 'design_1_rst_ps7_0_100M_0' [C:/ELEC522/sm512/asdf/Vivado/project_1/project_1.runs/synth_1/.Xil/Vivado-12032-RYN-B10-PC-11/realtime/design_1_rst_ps7_0_100M_0_stub.v:6]
INFO: [Synth 8-6155] done synthesizing module 'design_1_rst_ps7_0_100M_0' (0#1) [C:/ELEC522/sm512/asdf/Vivado/project_1/project_1.runs/synth_1/.Xil/Vivado-12032-RYN-B10-PC-11/realtime/design_1_rst_ps7_0_100M_0_stub.v:6]
WARNING: [Synth 8-7071] port 'mb_reset' of module 'design_1_rst_ps7_0_100M_0' is unconnected for instance 'rst_ps7_0_100M' [c:/ELEC522/sm512/asdf/Vivado/project_1/project_1.gen/sources_1/bd/design_1/synth/design_1.v:260]
WARNING: [Synth 8-7071] port 'bus_struct_reset' of module 'design_1_rst_ps7_0_100M_0' is unconnected for instance 'rst_ps7_0_100M' [c:/ELEC522/sm512/asdf/Vivado/project_1/project_1.gen/sources_1/bd/design_1/synth/design_1.v:260]
WARNING: [Synth 8-7071] port 'peripheral_reset' of module 'design_1_rst_ps7_0_100M_0' is unconnected for instance 'rst_ps7_0_100M' [c:/ELEC522/sm512/asdf/Vivado/project_1/project_1.gen/sources_1/bd/design_1/synth/design_1.v:260]
WARNING: [Synth 8-7071] port 'interconnect_aresetn' of module 'design_1_rst_ps7_0_100M_0' is unconnected for instance 'rst_ps7_0_100M' [c:/ELEC522/sm512/asdf/Vivado/project_1/project_1.gen/sources_1/bd/design_1/synth/design_1.v:260]
WARNING: [Synth 8-7023] instance 'rst_ps7_0_100M' of module 'design_1_rst_ps7_0_100M_0' has 10 connections declared, but only 6 given [c:/ELEC522/sm512/asdf/Vivado/project_1/project_1.gen/sources_1/bd/design_1/synth/design_1.v:260]
INFO: [Synth 8-6157] synthesizing module 'design_1_solve_top_0_0' [C:/ELEC522/sm512/asdf/Vivado/project_1/project_1.runs/synth_1/.Xil/Vivado-12032-RYN-B10-PC-11/realtime/design_1_solve_top_0_0_stub.v:6]
INFO: [Synth 8-6155] done synthesizing module 'design_1_solve_top_0_0' (0#1) [C:/ELEC522/sm512/asdf/Vivado/project_1/project_1.runs/synth_1/.Xil/Vivado-12032-RYN-B10-PC-11/realtime/design_1_solve_top_0_0_stub.v:6]
WARNING: [Synth 8-7071] port 'interrupt' of module 'design_1_solve_top_0_0' is unconnected for instance 'solve_top_0' [c:/ELEC522/sm512/asdf/Vivado/project_1/project_1.gen/sources_1/bd/design_1/synth/design_1.v:267]
WARNING: [Synth 8-7023] instance 'solve_top_0' of module 'design_1_solve_top_0_0' has 20 connections declared, but only 19 given [c:/ELEC522/sm512/asdf/Vivado/project_1/project_1.gen/sources_1/bd/design_1/synth/design_1.v:267]
INFO: [Synth 8-6155] done synthesizing module 'design_1' (0#1) [c:/ELEC522/sm512/asdf/Vivado/project_1/project_1.gen/sources_1/bd/design_1/synth/design_1.v:13]
INFO: [Synth 8-6155] done synthesizing module 'design_1_wrapper' (0#1) [c:/ELEC522/sm512/asdf/Vivado/project_1/project_1.gen/sources_1/bd/design_1/hdl/design_1_wrapper.v:13]
---------------------------------------------------------------------------------
Finished RTL Elaboration : Time (s): cpu = 00:00:05 ; elapsed = 00:00:05 . Memory (MB): peak = 1381.715 ; gain = 605.613
---------------------------------------------------------------------------------
---------------------------------------------------------------------------------
Start Handling Custom Attributes
---------------------------------------------------------------------------------
---------------------------------------------------------------------------------
Finished Handling Custom Attributes : Time (s): cpu = 00:00:05 ; elapsed = 00:00:05 . Memory (MB): peak = 1381.715 ; gain = 605.613
---------------------------------------------------------------------------------
---------------------------------------------------------------------------------
Finished RTL Optimization Phase 1 : Time (s): cpu = 00:00:05 ; elapsed = 00:00:05 . Memory (MB): peak = 1381.715 ; gain = 605.613
---------------------------------------------------------------------------------
Netlist sorting complete. Time (s): cpu = 00:00:00 ; elapsed = 00:00:00.004 . Memory (MB): peak = 1381.715 ; gain = 0.000
INFO: [Project 1-570] Preparing netlist for logic optimization

Processing XDC Constraints
Initializing timing engine
Parsing XDC File [c:/ELEC522/sm512/asdf/Vivado/project_1/project_1.gen/sources_1/bd/design_1/ip/design_1_processing_system7_0_0/design_1_processing_system7_0_0/design_1_processing_system7_0_0_in_context.xdc] for cell 'design_1_i/processing_system7_0'
Finished Parsing XDC File [c:/ELEC522/sm512/asdf/Vivado/project_1/project_1.gen/sources_1/bd/design_1/ip/design_1_processing_system7_0_0/design_1_processing_system7_0_0/design_1_processing_system7_0_0_in_context.xdc] for cell 'design_1_i/processing_system7_0'
Parsing XDC File [c:/ELEC522/sm512/asdf/Vivado/project_1/project_1.gen/sources_1/bd/design_1/ip/design_1_solve_top_0_0/design_1_solve_top_0_0/design_1_solve_top_0_0_in_context.xdc] for cell 'design_1_i/solve_top_0'
Finished Parsing XDC File [c:/ELEC522/sm512/asdf/Vivado/project_1/project_1.gen/sources_1/bd/design_1/ip/design_1_solve_top_0_0/design_1_solve_top_0_0/design_1_solve_top_0_0_in_context.xdc] for cell 'design_1_i/solve_top_0'
Parsing XDC File [c:/ELEC522/sm512/asdf/Vivado/project_1/project_1.gen/sources_1/bd/design_1/ip/design_1_axi_smc_0/design_1_axi_smc_0/design_1_axi_smc_0_in_context.xdc] for cell 'design_1_i/axi_smc'
Finished Parsing XDC File [c:/ELEC522/sm512/asdf/Vivado/project_1/project_1.gen/sources_1/bd/design_1/ip/design_1_axi_smc_0/design_1_axi_smc_0/design_1_axi_smc_0_in_context.xdc] for cell 'design_1_i/axi_smc'
Parsing XDC File [c:/ELEC522/sm512/asdf/Vivado/project_1/project_1.gen/sources_1/bd/design_1/ip/design_1_rst_ps7_0_100M_0/design_1_rst_ps7_0_100M_0/design_1_rst_ps7_0_100M_0_in_context.xdc] for cell 'design_1_i/rst_ps7_0_100M'
Finished Parsing XDC File [c:/ELEC522/sm512/asdf/Vivado/project_1/project_1.gen/sources_1/bd/design_1/ip/design_1_rst_ps7_0_100M_0/design_1_rst_ps7_0_100M_0/design_1_rst_ps7_0_100M_0_in_context.xdc] for cell 'design_1_i/rst_ps7_0_100M'
Parsing XDC File [C:/ELEC522/sm512/asdf/Vivado/project_1/project_1.runs/synth_1/dont_touch.xdc]
Finished Parsing XDC File [C:/ELEC522/sm512/asdf/Vivado/project_1/project_1.runs/synth_1/dont_touch.xdc]
Completed Processing XDC Constraints

Netlist sorting complete. Time (s): cpu = 00:00:00 ; elapsed = 00:00:00 . Memory (MB): peak = 1381.715 ; gain = 0.000
INFO: [Project 1-111] Unisim Transformation Summary:
No Unisim elements were transformed.

Constraint Validation Runtime : Time (s): cpu = 00:00:00 ; elapsed = 00:00:00.007 . Memory (MB): peak = 1381.715 ; gain = 0.000
---------------------------------------------------------------------------------
Finished Constraint Validation : Time (s): cpu = 00:00:11 ; elapsed = 00:00:11 . Memory (MB): peak = 1381.715 ; gain = 605.613
---------------------------------------------------------------------------------
---------------------------------------------------------------------------------
Start Loading Part and Timing Information
---------------------------------------------------------------------------------
Loading part: xc7z020clg484-1
---------------------------------------------------------------------------------
Finished Loading Part and Timing Information : Time (s): cpu = 00:00:11 ; elapsed = 00:00:11 . Memory (MB): peak = 1381.715 ; gain = 605.613
---------------------------------------------------------------------------------
---------------------------------------------------------------------------------
Start Applying 'set_property' XDC Constraints
---------------------------------------------------------------------------------
---------------------------------------------------------------------------------
Finished applying 'set_property' XDC Constraints : Time (s): cpu = 00:00:11 ; elapsed = 00:00:11 . Memory (MB): peak = 1381.715 ; gain = 605.613
---------------------------------------------------------------------------------
---------------------------------------------------------------------------------
Finished RTL Optimization Phase 2 : Time (s): cpu = 00:00:11 ; elapsed = 00:00:12 . Memory (MB): peak = 1381.715 ; gain = 605.613
---------------------------------------------------------------------------------
---------------------------------------------------------------------------------
Start RTL Component Statistics 
---------------------------------------------------------------------------------
Detailed RTL Component Info : 
---------------------------------------------------------------------------------
Finished RTL Component Statistics 
---------------------------------------------------------------------------------
---------------------------------------------------------------------------------
Start Part Resource Summary
---------------------------------------------------------------------------------
Part Resources:
DSPs: 220 (col length:60)
BRAMs: 280 (col length: RAMB18 60 RAMB36 30)
---------------------------------------------------------------------------------
Finished Part Resource Summary
---------------------------------------------------------------------------------
---------------------------------------------------------------------------------
Start Cross Boundary and Area Optimization
---------------------------------------------------------------------------------
WARNING: [Synth 8-7080] Parallel synthesis criteria is not met
---------------------------------------------------------------------------------
Finished Cross Boundary and Area Optimization : Time (s): cpu = 00:00:13 ; elapsed = 00:00:13 . Memory (MB): peak = 1395.586 ; gain = 619.484
---------------------------------------------------------------------------------
---------------------------------------------------------------------------------
Start Applying XDC Timing Constraints
---------------------------------------------------------------------------------
---------------------------------------------------------------------------------
Finished Applying XDC Timing Constraints : Time (s): cpu = 00:00:17 ; elapsed = 00:00:18 . Memory (MB): peak = 1564.723 ; gain = 788.621
---------------------------------------------------------------------------------
---------------------------------------------------------------------------------
Start Timing Optimization
---------------------------------------------------------------------------------
---------------------------------------------------------------------------------
Finished Timing Optimization : Time (s): cpu = 00:00:17 ; elapsed = 00:00:18 . Memory (MB): peak = 1564.797 ; gain = 788.695
---------------------------------------------------------------------------------
---------------------------------------------------------------------------------
Start Technology Mapping
---------------------------------------------------------------------------------
---------------------------------------------------------------------------------
Finished Technology Mapping : Time (s): cpu = 00:00:17 ; elapsed = 00:00:18 . Memory (MB): peak = 1574.730 ; gain = 798.629
---------------------------------------------------------------------------------
---------------------------------------------------------------------------------
Start IO Insertion
---------------------------------------------------------------------------------
---------------------------------------------------------------------------------
Start Flattening Before IO Insertion
---------------------------------------------------------------------------------
---------------------------------------------------------------------------------
Finished Flattening Before IO Insertion
---------------------------------------------------------------------------------
---------------------------------------------------------------------------------
Start Final Netlist Cleanup
---------------------------------------------------------------------------------
---------------------------------------------------------------------------------
Finished Final Netlist Cleanup
---------------------------------------------------------------------------------
---------------------------------------------------------------------------------
Finished IO Insertion : Time (s): cpu = 00:00:20 ; elapsed = 00:00:21 . Memory (MB): peak = 1809.254 ; gain = 1033.152
---------------------------------------------------------------------------------
---------------------------------------------------------------------------------
Start Renaming Generated Instances
---------------------------------------------------------------------------------
---------------------------------------------------------------------------------
Finished Renaming Generated Instances : Time (s): cpu = 00:00:20 ; elapsed = 00:00:21 . Memory (MB): peak = 1809.254 ; gain = 1033.152
---------------------------------------------------------------------------------
---------------------------------------------------------------------------------
Start Rebuilding User Hierarchy
---------------------------------------------------------------------------------
---------------------------------------------------------------------------------
Finished Rebuilding User Hierarchy : Time (s): cpu = 00:00:20 ; elapsed = 00:00:21 . Memory (MB): peak = 1809.254 ; gain = 1033.152
---------------------------------------------------------------------------------
---------------------------------------------------------------------------------
Start Renaming Generated Ports
---------------------------------------------------------------------------------
---------------------------------------------------------------------------------
Finished Renaming Generated Ports : Time (s): cpu = 00:00:20 ; elapsed = 00:00:21 . Memory (MB): peak = 1809.254 ; gain = 1033.152
---------------------------------------------------------------------------------
---------------------------------------------------------------------------------
Start Handling Custom Attributes
---------------------------------------------------------------------------------
---------------------------------------------------------------------------------
Finished Handling Custom Attributes : Time (s): cpu = 00:00:20 ; elapsed = 00:00:21 . Memory (MB): peak = 1809.254 ; gain = 1033.152
---------------------------------------------------------------------------------
---------------------------------------------------------------------------------
Start Renaming Generated Nets
---------------------------------------------------------------------------------
---------------------------------------------------------------------------------
Finished Renaming Generated Nets : Time (s): cpu = 00:00:20 ; elapsed = 00:00:21 . Memory (MB): peak = 1809.254 ; gain = 1033.152
---------------------------------------------------------------------------------
---------------------------------------------------------------------------------
Start Writing Synthesis Report
---------------------------------------------------------------------------------

Report BlackBoxes: 
+------+--------------------------------+----------+
|      |BlackBox name                   |Instances |
+------+--------------------------------+----------+
|1     |design_1_axi_smc_0              |         1|
|2     |design_1_processing_system7_0_0 |         1|
|3     |design_1_rst_ps7_0_100M_0       |         1|
|4     |design_1_solve_top_0_0          |         1|
+------+--------------------------------+----------+

Report Cell Usage: 
+------+------------------------------+------+
|      |Cell                          |Count |
+------+------------------------------+------+
|1     |design_1_axi_smc              |     1|
|2     |design_1_processing_system7_0 |     1|
|3     |design_1_rst_ps7_0_100M       |     1|
|4     |design_1_solve_top_0          |     1|
+------+------------------------------+------+
---------------------------------------------------------------------------------
Finished Writing Synthesis Report : Time (s): cpu = 00:00:20 ; elapsed = 00:00:21 . Memory (MB): peak = 1809.254 ; gain = 1033.152
---------------------------------------------------------------------------------
Synthesis finished with 0 errors, 0 critical warnings and 1 warnings.
Synthesis Optimization Runtime : Time (s): cpu = 00:00:13 ; elapsed = 00:00:19 . Memory (MB): peak = 1809.254 ; gain = 1033.152
Synthesis Optimization Complete : Time (s): cpu = 00:00:20 ; elapsed = 00:00:21 . Memory (MB): peak = 1809.254 ; gain = 1033.152
INFO: [Project 1-571] Translating synthesized netlist
Netlist sorting complete. Time (s): cpu = 00:00:00 ; elapsed = 00:00:00.004 . Memory (MB): peak = 1809.254 ; gain = 0.000
INFO: [Project 1-570] Preparing netlist for logic optimization
INFO: [Opt 31-138] Pushed 0 inverter(s) to 0 load pin(s).
Netlist sorting complete. Time (s): cpu = 00:00:00 ; elapsed = 00:00:00 . Memory (MB): peak = 1818.688 ; gain = 0.000
INFO: [Project 1-111] Unisim Transformation Summary:
No Unisim elements were transformed.

Synth Design complete | Checksum: 5c08e386
INFO: [Common 17-83] Releasing license: Synthesis
27 Infos, 17 Warnings, 0 Critical Warnings and 0 Errors encountered.
synth_design completed successfully
synth_design: Time (s): cpu = 00:00:23 ; elapsed = 00:00:26 . Memory (MB): peak = 1822.672 ; gain = 1298.738
INFO: [Common 17-1381] The checkpoint 'C:/ELEC522/sm512/asdf/Vivado/project_1/project_1.runs/synth_1/design_1_wrapper.dcp' has been generated.
INFO: [Vivado 12-24828] Executing command : report_utilization -file design_1_wrapper_utilization_synth.rpt -pb design_1_wrapper_utilization_synth.pb
INFO: [Common 17-206] Exiting Vivado at Tue Dec 16 20:15:32 2025...
