  **** HLS Build v2025.1 6135595
INFO: [HLS 200-2005] Using work_dir C:/ELEC522/sm512/asdf/Vitis_HLS/hls_component/solve_top 
INFO: [HLS 200-2176] Writing Vitis IDE component file C:/ELEC522/sm512/asdf/Vitis_HLS/hls_component/solve_top/vitis-comp.json
INFO: [HLS 200-10] Creating and opening component 'C:/ELEC522/sm512/asdf/Vitis_HLS/hls_component/solve_top'.
INFO: [HLS 200-1611] Setting target device to 'xc7z020-clg484-1'
INFO: [HLS 200-1505] Using default flow_target 'vivado'
Resolution: For help on HLS 200-1505 see docs.xilinx.com/access/sources/dita/topic?Doc_Version=2025.1%20English&url=ug1448-hls-guidance&resourceid=200-1505.html
INFO: [HLS 200-2174] Applying component config ini file C:/ELEC522/sm512/asdf/Vitis_HLS/hls_component/hls_config.cfg
INFO: [HLS 200-1465] Applying config ini 'syn.file=C:/ELEC522/sm512/asdf/fpga_hls/backsub.cpp' from C:/ELEC522/sm512/asdf/Vitis_HLS/hls_component/hls_config.cfg(8)
INFO: [HLS 200-10] Adding design file 'C:/ELEC522/sm512/asdf/fpga_hls/backsub.cpp' to the project
INFO: [HLS 200-1465] Applying config ini 'syn.file=C:/ELEC522/sm512/asdf/fpga_hls/linearsolver.cpp' from C:/ELEC522/sm512/asdf/Vitis_HLS/hls_component/hls_config.cfg(9)
INFO: [HLS 200-10] Adding design file 'C:/ELEC522/sm512/asdf/fpga_hls/linearsolver.cpp' to the project
INFO: [HLS 200-1465] Applying config ini 'syn.file=C:/ELEC522/sm512/asdf/fpga_hls/linearsolver.h' from C:/ELEC522/sm512/asdf/Vitis_HLS/hls_component/hls_config.cfg(10)
INFO: [HLS 200-10] Adding design file 'C:/ELEC522/sm512/asdf/fpga_hls/linearsolver.h' to the project
INFO: [HLS 200-1465] Applying config ini 'syn.file=C:/ELEC522/sm512/asdf/fpga_hls/matrixmult.cpp' from C:/ELEC522/sm512/asdf/Vitis_HLS/hls_component/hls_config.cfg(11)
INFO: [HLS 200-10] Adding design file 'C:/ELEC522/sm512/asdf/fpga_hls/matrixmult.cpp' to the project
INFO: [HLS 200-1465] Applying config ini 'syn.file=C:/ELEC522/sm512/asdf/fpga_hls/qrd.cpp' from C:/ELEC522/sm512/asdf/Vitis_HLS/hls_component/hls_config.cfg(12)
INFO: [HLS 200-10] Adding design file 'C:/ELEC522/sm512/asdf/fpga_hls/qrd.cpp' to the project
INFO: [HLS 200-1465] Applying config ini 'tb.file=C:/ELEC522/sm512/asdf/fpga_hls/tb_linersolver.cpp' from C:/ELEC522/sm512/asdf/Vitis_HLS/hls_component/hls_config.cfg(13)
INFO: [HLS 200-10] Adding test bench file 'C:/ELEC522/sm512/asdf/fpga_hls/tb_linersolver.cpp' to the project
INFO: [HLS 200-1465] Applying config ini 'tb.file_cflags=C:/ELEC522/sm512/asdf/fpga_hls/tb_linersolver.cpp,-D HW_COSIM' from C:/ELEC522/sm512/asdf/Vitis_HLS/hls_component/hls_config.cfg(14)
INFO: [HLS 200-1465] Applying config ini 'syn.top=solve_top' from C:/ELEC522/sm512/asdf/Vitis_HLS/hls_component/hls_config.cfg(7)
INFO: [HLS 200-1465] Applying config ini 'flow_target=vivado' from C:/ELEC522/sm512/asdf/Vitis_HLS/hls_component/hls_config.cfg(4)
INFO: [HLS 200-1505] Using flow_target 'vivado'
Resolution: For help on HLS 200-1505 see docs.xilinx.com/access/sources/dita/topic?Doc_Version=2025.1%20English&url=ug1448-hls-guidance&resourceid=200-1505.html
INFO: [HLS 200-1465] Applying config ini 'part=xc7z020clg484-1' from C:/ELEC522/sm512/asdf/Vitis_HLS/hls_component/hls_config.cfg(1)
INFO: [HLS 200-1465] Applying config ini 'clock=10ns' from C:/ELEC522/sm512/asdf/Vitis_HLS/hls_component/hls_config.cfg(15)
INFO: [SYN 201-201] Setting up clock 'default' with a period of 10ns.
INFO: [HLS 200-1465] Applying config ini 'clock_uncertainty=2ns' from C:/ELEC522/sm512/asdf/Vitis_HLS/hls_component/hls_config.cfg(16)
INFO: [SYN 201-201] Setting up clock 'default' with an uncertainty of 2ns.
INFO: [HLS 200-1465] Applying config ini 'csim.code_analyzer=1' from C:/ELEC522/sm512/asdf/Vitis_HLS/hls_component/hls_config.cfg(17)
INFO: [HLS 200-1465] Applying config ini 'package.output.format=ip_catalog' from C:/ELEC522/sm512/asdf/Vitis_HLS/hls_component/hls_config.cfg(5)
INFO: [HLS 200-2176] Writing Vitis IDE component file C:/ELEC522/sm512/asdf/Vitis_HLS/hls_component/solve_top/vitis-comp.json
INFO: [COSIM 212-47] Using XSIM for RTL simulation.
INFO: [COSIM 212-14] Instrumenting C test bench ...
   Build using "C:/Xilinx/2025.1/Vitis/win64/tools/vcxx/libexec/clang++"
   Compiling backsub.cpp_pre.cpp.tb.cpp
   Compiling qrd.cpp_pre.cpp.tb.cpp
   Compiling linearsolver.cpp_pre.cpp.tb.cpp
   Compiling tb_linersolver.cpp_pre.cpp.tb.cpp
   Compiling matrixmult.cpp_pre.cpp.tb.cpp
   Compiling apatb_solve_top.cpp
   Compiling apatb_solve_top_ir.ll
   Generating cosim.tv.exe
INFO: [COSIM 212-302] Starting C TB testing ... 
ERROR: [COSIM 212-360] Aborting co-simulation: C TB simulation failed.
ERROR: [COSIM 212-320] C TB testing failed, stop generating test vectors. Please check C TB or re-run cosim.
ERROR: [COSIM 212-5] *** C/RTL co-simulation file generation failed. ***
ERROR: [COSIM 212-4] *** C/RTL co-simulation finished: FAIL ***
ERROR: 
INFO: [HLS 200-112] Total CPU user time: 3 seconds. Total CPU system time: 1 seconds. Total elapsed time: 33.545 seconds; peak allocated memory: 229.641 MB.
