# 
# Steps log generated by v++
# This log file contains a collection of steps that describe the kernel compilation flow
# Note: Some steps are tagged as internal, these steps are for debugging purposes and 
#       are not expected to be able to run independently.
# 

# The following environment variables are set when running vitis-run
Environment variables :
------------------------------------------
ALLUSERSPROFILE=C:\ProgramData
APPDATA=C:\Users\sm512\AppData\Roaming
arr.length=0
arr.Ubound=-1
CHARPOP=1
CMAKE_OBJECT_PATH_MAX=4096
CommonProgramFiles=C:\Program Files\Common Files
CommonProgramFiles(x86)=C:\Program Files (x86)\Common Files
CommonProgramW6432=C:\Program Files\Common Files
COMPUTERNAME=RYN-B10-PC-11
ComSpec=C:\WINDOWS\system32\cmd.exe
CUDA_PATH=C:\Program Files\NVIDIA GPU Computing Toolkit\CUDA\v13.0
CUDA_PATH_V13_0=C:\Program Files\NVIDIA GPU Computing Toolkit\CUDA\v13.0
DriverData=C:\Windows\System32\Drivers\DriverData
EFC_19664=1
FLEXLM_BATCH=1
FPS_BROWSER_APP_PROFILE_STRING=Internet Explorer
FPS_BROWSER_USER_PROFILE_STRING=Default
GRC_BLOCKS_PATH=C:\Program Files\PothosSDR\share\gnuradio\grc\blocks
GR_PREFIX=C:\Program Files\PothosSDR
HDI_APPROOT=C:/Xilinx/2025.1/Vitis
HDI_PROCESSOR=i686
HOMEDRIVE=C:
HOMEPATH=\Users\sm512
HW_SERVER_DJTG_DISABLE=1
HW_SERVER_FTDIMGR_DISABLE=1
IDE_SKIP_SERVER_LICENSE=1
Installdir=C:\Synopsys\Hspice_T-2022.06
Installdir_T-2022.06=C:\Synopsys\Hspice_T-2022.06
INT_VARIABLE_NAME=XILINX_PATH
ISL_IOSTREAMS_RSA=C:/Xilinx/2025.1/Vitis/tps/isl
JAVA_EXE=C:/Xilinx/2025.1/Vitis\tps\win64\jre11.0.16_1\bin\java.exe
JAVA_HOME=C:/Xilinx/2025.1/Vitis\tps\win64\jre11.0.16_1
LC_NUMERIC=C
LOCALAPPDATA=C:\Users\sm512\AppData\Local
LOGONSERVER=\\ADRICE-PDC02
LOPPER_DTC_FLAGS=-b 0 -@
MGLS_LICENSE_FILE=1717@mentor.lic.rice.edu
NOSPLASH=false
NUMBER_OF_PROCESSORS=16
ORIGINAL_XDG_CURRENT_DESKTOP=undefined
OS=Windows_NT
PATH=C:/Xilinx/2025.1/Vivado/tps/win64/binutils-2.26/bin;C:/Xilinx/2025.1/Vitis/bin/../gnu/aarch64/nt/aarch64-linux/bin;C:/Xilinx/2025.1/Vitis/bin/../gnu/ppc64le/4.9.3/win64/bin;C:/Xilinx/2025.1/Vitis/bin/../gnu/aarch32/nt/gcc-arm-linux-gnueabi/bin;C:/Xilinx/2025.1/Vitis/tps/mingw/6.2.0/win64.o/nt/bin;C:/Xilinx/2025.1/Vivado\gnuwin\bin;C:/Xilinx/2025.1/Vivado\gnu\microblaze\nt\bin;C:/Xilinx/2025.1/Vitis/bin;C:/Xilinx/2025.1/Vitis\tps\win64;C:/Xilinx/2025.1/Vitis/tps/win64/java-cef-95.0.4638.69/bin/lib/win64;C:/Xilinx/2025.1/Vitis/tps/win64/javafx-sdk-11.0.2/lib;C:/Xilinx/2025.1/Vitis/tps/win64/javafx-sdk-11.0.2/bin;C:/Xilinx/2025.1/Vitis/lib/win64.o;C:/Xilinx/2025.1/Vitis/tps/win64/jre11.0.16_1/bin/server;C:/Xilinx/2025.1/Vitis/tps/win64/jre11.0.16_1/bin;C:/Xilinx/2025.1/Vitis\tps\win64\cmake-3.24.2\bin;C:/Xilinx/2025.1/Vitis\gnu\microblaze\nt\bin;C:/Xilinx/2025.1/Vitis\gnu\microblaze\linux_toolchain\nt64_le\bin;C:/Xilinx/2025.1/Vitis\gnu\aarch32\nt\gcc-arm-linux-gnueabi\bin;C:/Xilinx/2025.1/Vitis\gnu\aarch32\nt\gcc-arm-none-eabi\bin;C:/Xilinx/2025.1/Vitis\gnu\aarch64\nt\aarch64-linux\bin;C:/Xilinx/2025.1/Vitis\gnu\aarch64\nt\aarch64-none\bin;C:/Xilinx/2025.1/Vitis\gnu\armr5\nt\gcc-arm-none-eabi\bin;C:/Xilinx/2025.1/Vitis\gnuwin\bin;C:/Xilinx/2025.1/Vitis\tps\win64\python-3.13.0;C:/Xilinx/2025.1/Vitis\tps\win64\libxslt\bin;C:/Xilinx/2025.1/Vitis\gnu\arm\nt\bin;C:/Xilinx/2025.1/Vitis\gnu\microblaze\linux_toolchain\nt64_be\bin;C:/Xilinx/2025.1/Vitis\gnu\riscv\nt\riscv64-unknown-elf\bin;C:/Xilinx/2025.1/Vivado\tps\win64\python-3.13.0;C:/Xilinx/2025.1/Vivado\tps\win64\git-2.46.0\bin;C:/Xilinx/2025.1/Vivado\tps\win64\cmake-3.24.2\bin;C:/Xilinx/2025.1/Vitis/win64/tools/vcxx\libexec;C:/Xilinx/2025.1/Vivado\tps\win64\jre11.0.16_1\bin;C:/Xilinx/2025.1/Vivado\tps\win64\libxslt/bin;C:\Program Files\NVIDIA GPU Computing Toolkit\CUDA\v13.0\bin\x64;C:\Program Files\NVIDIA GPU Computing Toolkit\CUDA\v13.0\bin;C:\WINDOWS\CCM\;C:\Synopsys\Hspice_T-2022.06;C:\Program Files\Semeru\jre-17.0.11.9-openj9\bin;C:\WINDOWS\system32;C:\WINDOWS;C:\WINDOWS\System32\Wbem;C:\WINDOWS\System32\WindowsPowerShell\v1.0\;C:\WINDOWS\System32\OpenSSH\;C:\Program Files\SafeNet\Authentication\SAC\x64;C:\Program Files\SafeNet\Authentication\SAC\x32;C:\Program Files\PuTTY\;C:\Program Files\dotnet\;C:\WINDOWS\system32\config\systemprofile\AppData\Local\Microsoft\WindowsApps;C:\Program Files\PothosSDR\bin;C:\Program Files\NVIDIA Corporation\Nsight Compute 2025.3.0\;C:\Program Files\MATLAB\R2024a\runtime\win64;C:\Program Files\MATLAB\R2024a\bin;C:\Users\sm512\AppData\Local\Microsoft\WindowsApps;;C:/Xilinx/2025.1/Vitis\tps\mingw\6.2.0\win64.o\nt\bin;C:/Xilinx/2025.1/Vitis\tps\mingw\6.2.0\win64.o\nt\libexec\gcc\x86_64-w64-mingw32\6.2.0
PATHEXT=.COM;.EXE;.BAT;.CMD;.VBS;.VBE;.JS;.JSE;.WSF;.WSH;.MSC
PROCESSOR_ARCHITECTURE=AMD64
PROCESSOR_IDENTIFIER=Intel64 Family 6 Model 167 Stepping 1, GenuineIntel
PROCESSOR_LEVEL=6
PROCESSOR_REVISION=a701
PRODVERSION_EXE=C:/Xilinx/2025.1/Vitis/bin/unwrapped/win64.o/prodversion.exe
ProgramData=C:\ProgramData
ProgramFiles=C:\Program Files
ProgramFiles(x86)=C:\Program Files (x86)
ProgramW6432=C:\Program Files
PROMPT=$P$G
PSModulePath=C:\Program Files\WindowsPowerShell\Modules;C:\WINDOWS\system32\WindowsPowerShell\v1.0\Modules
PUBLIC=C:\Users\Public
PYTHONPATH=C:/Xilinx/2025.1/Vitis\cli;C:/Xilinx/2025.1/Vitis\cli\python-packages\win64;C:/Xilinx/2025.1/Vitis\cli\python-packages\site-packages;C:/Xilinx/2025.1/Vitis\cli\proto;C:/Xilinx/2025.1/Vitis\scripts\python_pkg;
python_path=C:/Xilinx/2025.1/Vitis\cli;C:/Xilinx/2025.1/Vitis\cli\python-packages\win64;C:/Xilinx/2025.1/Vitis\cli\python-packages\site-packages;C:/Xilinx/2025.1/Vitis\cli\proto;C:/Xilinx/2025.1/Vitis\scripts\python_pkg;
RDI_APPROOT=C:/Xilinx/2025.1/Vitis
RDI_ARGS= --mode hls --csim --config C:\ELEC522\sm512\asdf\Vitis_HLS\hls_component\hls_config.cfg --work_dir solve_top
RDI_ARGS_FUNCTION=RDI_EXEC_DEFAULT
RDI_BASEROOT=C:/Xilinx/2025.1
RDI_BINDIR=C:/Xilinx/2025.1/Vitis/bin
RDI_BINROOT=C:/Xilinx/2025.1/Vitis/bin
RDI_BUILD=yes
RDI_CHECK_PROG=True
RDI_DATADIR=C:/Xilinx/2025.1/Vitis/data
RDI_INSTALLROOT=C:/Xilinx
RDI_INSTALLVER=Vitis
RDI_INSTALLVERSION=2025.1
RDI_JAVACEFROOT=C:/Xilinx/2025.1/Vitis/tps/win64/java-cef-95.0.4638.69
RDI_JAVAFXROOT=C:/Xilinx/2025.1/Vitis/tps/win64/javafx-sdk-11.0.2
RDI_JAVAROOT=C:/Xilinx/2025.1/Vitis/tps/win64/jre11.0.16_1
RDI_JAVA_VERSION=11.0.16_1
RDI_LIBDIR=C:/Xilinx/2025.1/Vitis/lib/win64.o
RDI_MINGW_LIB=C:/Xilinx/2025.1/Vitis\tps\mingw\6.2.0\win64.o\nt\bin;C:/Xilinx/2025.1/Vitis\tps\mingw\6.2.0\win64.o\nt\libexec\gcc\x86_64-w64-mingw32\6.2.0
RDI_OPT_EXT=.o
RDI_OS_ARCH=64
RDI_PLATFORM=win64
RDI_PREPEND_PATH=C:/Xilinx/2025.1/Vitis/bin
RDI_PROG=C:/Xilinx/2025.1/Vitis/bin/unwrapped/win64.o/vitis-run.exe
RDI_PROGNAME=vitis-run.exe
RDI_SESSION_INFO=C:\Xilinx\2025.1\Vitis\bin:RYN-B10-PC-11-Tue12-16-2025_19-11-50.39
RDI_SHARED_DATA=C:/Xilinx/SharedData/2025.1/data
RDI_TEMPINSTALL=C:\Xilinx\2025.1
RDI_TPS_ROOT=C:/Xilinx/2025.1/Vivado/tps/win64
RDI_USE_JDK11=1
RDI_VERBOSE=False
RT_LIBPATH=C:/Xilinx/2025.1/Vitis/scripts/rt/data
RT_TCL_PATH=C:/Xilinx/2025.1/Vitis/scripts/rt/base_tcl/tcl
SESSIONNAME=Console
session_string=C:\ELEC522\sm512\asdf\Vitis_HLS\hls_component:RYN-B10-PC-11-Tue12-16-2025_20-04-20.87
SNPSLMD_LICENSE_FILE=27105@synopsys.lic.rice.edu
supports_classic_ide=true
SYNTH_COMMON=C:/Xilinx/2025.1/Vitis/scripts/rt/data
SystemDrive=C:
SystemRoot=C:\WINDOWS
TCL_LIBRARY=C:/Xilinx/2025.1/Vitis/tps/tcl/tcl8.6
TCMALLOC_LARGE_ALLOC_REPORT_THRESHOLD=4294967296
TEMP=C:\Users\sm512\AppData\Local\Temp
THEIA_APP_PROJECT_PATH=C:\Xilinx\2025.1\Vitis\ide\electron-app\win64\resources\app
THEIA_CONFIG_DIR=C:\Users\sm512\.theia
THEIA_DEFAULT_PLUGINS=local-dir:C:\Xilinx\2025.1\Vitis\ide\electron-app\win64\resources\app\plugins
THEIA_ELECTRON_TOKEN={"value":"2e318744-ca16-44cf-b7d0-e23fb248a77f"}
THEIA_ELECTRON_VERSION=30.1.2
THEIA_PLUGINS=local-dir:C:\Users\sm512\.theia\plugins
TMP=C:\Users\sm512\AppData\Local\Temp
tooldir=tps\win64\git-2.46.0
TOOLS_CLANGD=C:/Xilinx/2025.1/Vitis/win64/tools/vcxx\libexec
TPS_CMAKE=C:/Xilinx/2025.1/Vivado\tps\win64\cmake-3.24.2
TPS_GIT=C:/Xilinx/2025.1/Vivado\tps\win64\git-2.46.0
TPS_LIBXSLT=C:/Xilinx/2025.1/Vivado\tps\win64\libxslt
TPS_PYTHON=C:/Xilinx/2025.1/Vivado\tps\win64\python-3.13.0
UATDATA=C:\WINDOWS\CCM\UATData\D9F8C395-CAB8-491d-B8AC-179A1FE1BE77
UHD_PKG_PATH=C:\Program Files\PothosSDR
USERDNSDOMAIN=AD.RICE.EDU
USERDOMAIN=ADRICE
USERDOMAIN_ROAMINGPROFILE=ADRICE
USERNAME=sm512
USERPROFILE=C:\Users\sm512
VALIDATE_ARGS="False"
VITISNEW=true
VOLK_PREFIX=C:\Program Files\PothosSDR
VSCODE_API_VERSION=1.95.3
windir=C:\WINDOWS
XILINXD_LICENSE_FILE=2100@xilinx.lic.rice.edu
XILINX_HLS=C:/Xilinx/2025.1/Vitis
XILINX_PLANAHEAD=C:/Xilinx/2025.1/Vitis
XILINX_SDK=C:/Xilinx/2025.1/Vitis
XILINX_VCXX=C:/Xilinx/2025.1/Vitis/win64/tools/vcxx
XILINX_VERSION_DEFAULT=2025.1
XILINX_VERSION_VITIS=2025.1
XILINX_VITIS=C:/Xilinx/2025.1/Vitis
XILINX_VITIS_GIT=C:/Xilinx/2025.1/Vivado\tps\win64\git-2.46.0\bin
XILINX_VITIS_VERSION=Vitis v2025.1 (64-bit)
XILINX_VIVADO=C:/Xilinx/2025.1/Vivado
XIL_CHECK_TCL_DEBUG=False
XIL_NO_OVERRIDE=0
XIL_SUPPRESS_OVERRIDE_WARNINGS=1
XVREDIST=C:/Xilinx/2025.1/Vitis\tps\win64\xvcredist.exe
ZES_ENABLE_SYSMAN=1
_RDI_BINROOT=C:\Xilinx\2025.1\Vitis\bin
_RDI_CWD=C:\ELEC522\sm512\asdf\Vitis_HLS\hls_component
_RDI_DONT_SET_XILINX_AS_PATH=True
_RDI_VERSION_PROG=vitis-run
_valid=False
XILINX_CD_CONNECT_ID=53167
XILINX_CD_SESSION=de029921-4c64-4e7e-b6f3-fa51a4515e8f


VITIS-RUN command line:
------------------------------------------
C:/Xilinx/2025.1/Vitis/bin/unwrapped/win64.o/vitis-run.exe --mode hls --csim --config C:\ELEC522\sm512\asdf\Vitis_HLS\hls_component\hls_config.cfg --work_dir solve_top 

FINAL PROGRAM OPTIONS
--config C:\ELEC522\sm512\asdf\Vitis_HLS\hls_component\hls_config.cfg
--csim
--hls.clock 10ns
--hls.clock_uncertainty 2ns
--hls.csim.code_analyzer 1
--hls.flow_target vivado
--hls.package.output.format ip_catalog
--hls.package.output.syn false
--hls.syn.file C:/ELEC522/sm512/asdf/fpga_hls/backsub.cpp
--hls.syn.file C:/ELEC522/sm512/asdf/fpga_hls/linearsolver.cpp
--hls.syn.file C:/ELEC522/sm512/asdf/fpga_hls/linearsolver.h
--hls.syn.file C:/ELEC522/sm512/asdf/fpga_hls/matrixmult.cpp
--hls.syn.file C:/ELEC522/sm512/asdf/fpga_hls/qrd.cpp
--hls.syn.top solve_top
--hls.tb.file C:/ELEC522/sm512/asdf/fpga_hls/tb_linersolver.cpp
--hls.tb.file_cflags C:/ELEC522/sm512/asdf/fpga_hls/tb_linersolver.cpp,-D HW_COSIM
--mode hls
--part xc7z020clg484-1
--work_dir solve_top

PARSED COMMAND LINE OPTIONS
--mode hls 
--csim 
--config C:\ELEC522\sm512\asdf\Vitis_HLS\hls_component\hls_config.cfg 
--work_dir solve_top 

PARSED CONFIG FILE (1) OPTIONS
file: C:\ELEC522\sm512\asdf\Vitis_HLS\hls_component\hls_config.cfg
part xc7z020clg484-1 
hls.flow_target vivado 
hls.package.output.format ip_catalog 
hls.package.output.syn false 
hls.syn.top solve_top 
hls.syn.file C:/ELEC522/sm512/asdf/fpga_hls/backsub.cpp 
hls.syn.file C:/ELEC522/sm512/asdf/fpga_hls/linearsolver.cpp 
hls.syn.file C:/ELEC522/sm512/asdf/fpga_hls/linearsolver.h 
hls.syn.file C:/ELEC522/sm512/asdf/fpga_hls/matrixmult.cpp 
hls.syn.file C:/ELEC522/sm512/asdf/fpga_hls/qrd.cpp 
hls.tb.file C:/ELEC522/sm512/asdf/fpga_hls/tb_linersolver.cpp 
hls.tb.file_cflags C:/ELEC522/sm512/asdf/fpga_hls/tb_linersolver.cpp,-D HW_COSIM 
hls.clock 10ns 
hls.clock_uncertainty 2ns 
hls.csim.code_analyzer 1 


==========================================
new:  steps log generated by v++ for new launch 
timestamp: 16 Dec 2025 20:04:24

------------------------------------------
VITIS-RUN command line :
------------------------------------------
C:/Xilinx/2025.1/Vitis/bin/unwrapped/win64.o/vitis-run.exe --mode hls --csim --config C:\ELEC522\sm512\asdf\Vitis_HLS\hls_component\hls_config.cfg --work_dir solve_top 
  Options from -O    : 
  Options from *.ini : 
  Options from Hw Platform : 

==========================================
new:  steps log generated by v++ for new launch 
timestamp: 16 Dec 2025 20:05:01

------------------------------------------
V++ command line :
------------------------------------------
C:/Xilinx/2025.1/Vitis/bin/unwrapped/win64.o/v++.exe -c --mode hls --config C:\ELEC522\sm512\asdf\Vitis_HLS\hls_component\hls_config.cfg --work_dir solve_top 
  Options from -O    : 
  Options from *.ini : 
  Options from Hw Platform : 

==========================================
new:  steps log generated by v++ for new launch 
timestamp: 16 Dec 2025 20:05:25

------------------------------------------
VITIS-RUN command line :
------------------------------------------
C:/Xilinx/2025.1/Vitis/bin/unwrapped/win64.o/vitis-run.exe --mode hls --package --config C:\ELEC522\sm512\asdf\Vitis_HLS\hls_component\hls_config.cfg --work_dir solve_top 
  Options from -O    : 
  Options from *.ini : 
  Options from Hw Platform : 

==========================================
new:  steps log generated by v++ for new launch 
timestamp: 16 Dec 2025 20:06:54

------------------------------------------
VITIS-RUN command line :
------------------------------------------
C:/Xilinx/2025.1/Vitis/bin/unwrapped/win64.o/vitis-run.exe --mode hls --csim --config C:\ELEC522\sm512\asdf\Vitis_HLS\hls_component\hls_config.cfg --work_dir solve_top 
  Options from -O    : 
  Options from *.ini : 
  Options from Hw Platform : 

==========================================
new:  steps log generated by v++ for new launch 
timestamp: 16 Dec 2025 22:26:48

------------------------------------------
VITIS-RUN command line :
------------------------------------------
C:/Xilinx/2025.1/Vitis/bin/unwrapped/win64.o/vitis-run.exe --mode hls --csim --config C:\ELEC522\sm512\asdf\Vitis_HLS\hls_component\hls_config.cfg --work_dir solve_top 
  Options from -O    : 
  Options from *.ini : 
  Options from Hw Platform : 

==========================================
new:  steps log generated by v++ for new launch 
timestamp: 16 Dec 2025 22:31:37

------------------------------------------
VITIS-RUN command line :
------------------------------------------
C:/Xilinx/2025.1/Vitis/bin/unwrapped/win64.o/vitis-run.exe --mode hls --cosim --config C:\ELEC522\sm512\asdf\Vitis_HLS\hls_component\hls_config.cfg --work_dir solve_top 
  Options from -O    : 
  Options from *.ini : 
  Options from Hw Platform : 

==========================================
new:  steps log generated by v++ for new launch 
timestamp: 16 Dec 2025 22:44:00

------------------------------------------
VITIS-RUN command line :
------------------------------------------
C:/Xilinx/2025.1/Vitis/bin/unwrapped/win64.o/vitis-run.exe --mode hls --cosim --config C:\ELEC522\sm512\asdf\Vitis_HLS\hls_component\hls_config.cfg --work_dir solve_top 
  Options from -O    : 
  Options from *.ini : 
  Options from Hw Platform : 

==========================================
new:  steps log generated by v++ for new launch 
timestamp: 16 Dec 2025 22:48:48

------------------------------------------
VITIS-RUN command line :
------------------------------------------
C:/Xilinx/2025.1/Vitis/bin/unwrapped/win64.o/vitis-run.exe --mode hls --cosim --config C:\ELEC522\sm512\asdf\Vitis_HLS\hls_component\hls_config.cfg --work_dir solve_top 
  Options from -O    : 
  Options from *.ini : 
  Options from Hw Platform : 

==========================================
new:  steps log generated by v++ for new launch 
timestamp: 16 Dec 2025 22:50:34

------------------------------------------
VITIS-RUN command line :
------------------------------------------
C:/Xilinx/2025.1/Vitis/bin/unwrapped/win64.o/vitis-run.exe --mode hls --cosim --config C:\ELEC522\sm512\asdf\Vitis_HLS\hls_component\hls_config.cfg --work_dir solve_top 
  Options from -O    : 
  Options from *.ini : 
  Options from Hw Platform : 

==========================================
new:  steps log generated by v++ for new launch 
timestamp: 16 Dec 2025 22:52:27
