In file included from C:/ELEC522/sm512/asdf/fpga_hls/backsub.cpp:2:
C:/ELEC522/sm512/asdf/fpga_hls/linearsolver.h:82:9: warning: HLS pragma dump _XLX_SEP_ PragmaIsValid=1_XLX_SEP_ PragmaType=pipeline_XLX_SEP_ PragmaContext=_XLX_SEP_ PragmaFunction=cordic_atan_XLX_SEP_ PragmaOptions=off_XLX_SEP_ [-Wdump-hls-pragmas]
#pragma HLS pipeline off
        ^
C:/ELEC522/sm512/asdf/fpga_hls/backsub.cpp:5:9: warning: HLS pragma dump _XLX_SEP_ PragmaIsValid=1_XLX_SEP_ PragmaType=interface_XLX_SEP_ PragmaContext=_XLX_SEP_ PragmaFunction=upper_backsub_XLX_SEP_ PragmaOptions=s_axilite port=return bundle=CTRL_XLX_SEP_ [-Wdump-hls-pragmas]
#pragma HLS INTERFACE s_axilite port=return bundle=CTRL
        ^
C:/ELEC522/sm512/asdf/fpga_hls/backsub.cpp:6:9: warning: HLS pragma dump _XLX_SEP_ PragmaIsValid=1_XLX_SEP_ PragmaType=interface_XLX_SEP_ PragmaContext=_XLX_SEP_ PragmaFunction=upper_backsub_XLX_SEP_ PragmaOptions=s_axilite port=R_in bundle=CTRL_XLX_SEP_ [-Wdump-hls-pragmas]
#pragma HLS INTERFACE s_axilite port=R_in bundle=CTRL
        ^
C:/ELEC522/sm512/asdf/fpga_hls/backsub.cpp:7:9: warning: HLS pragma dump _XLX_SEP_ PragmaIsValid=1_XLX_SEP_ PragmaType=interface_XLX_SEP_ PragmaContext=_XLX_SEP_ PragmaFunction=upper_backsub_XLX_SEP_ PragmaOptions=s_axilite port=y_in bundle=CTRL_XLX_SEP_ [-Wdump-hls-pragmas]
#pragma HLS INTERFACE s_axilite port=y_in bundle=CTRL
        ^
C:/ELEC522/sm512/asdf/fpga_hls/backsub.cpp:8:9: warning: HLS pragma dump _XLX_SEP_ PragmaIsValid=1_XLX_SEP_ PragmaType=interface_XLX_SEP_ PragmaContext=_XLX_SEP_ PragmaFunction=upper_backsub_XLX_SEP_ PragmaOptions=s_axilite port=x_out bundle=CTRL_XLX_SEP_ [-Wdump-hls-pragmas]
#pragma HLS INTERFACE s_axilite port=x_out bundle=CTRL
        ^
C:/ELEC522/sm512/asdf/fpga_hls/backsub.cpp:9:9: warning: HLS pragma dump _XLX_SEP_ PragmaIsValid=1_XLX_SEP_ PragmaType=interface_XLX_SEP_ PragmaContext=_XLX_SEP_ PragmaFunction=upper_backsub_XLX_SEP_ PragmaOptions=s_axilite port=done bundle=CTRL_XLX_SEP_ [-Wdump-hls-pragmas]
#pragma HLS INTERFACE s_axilite port=done bundle=CTRL
        ^
C:/ELEC522/sm512/asdf/fpga_hls/backsub.cpp:15:9: warning: HLS pragma dump _XLX_SEP_ PragmaIsValid=1_XLX_SEP_ PragmaType=array_partition_XLX_SEP_ PragmaContext=_XLX_SEP_ PragmaFunction=upper_backsub_XLX_SEP_ PragmaOptions=variable=Rloc complete dim=2_XLX_SEP_ [-Wdump-hls-pragmas]
#pragma HLS ARRAY_PARTITION variable=Rloc complete dim=2
        ^
C:/ELEC522/sm512/asdf/fpga_hls/backsub.cpp:16:9: warning: HLS pragma dump _XLX_SEP_ PragmaIsValid=1_XLX_SEP_ PragmaType=array_partition_XLX_SEP_ PragmaContext=_XLX_SEP_ PragmaFunction=upper_backsub_XLX_SEP_ PragmaOptions=variable=yloc complete dim=1_XLX_SEP_ [-Wdump-hls-pragmas]
#pragma HLS ARRAY_PARTITION variable=yloc complete dim=1
        ^
C:/ELEC522/sm512/asdf/fpga_hls/backsub.cpp:17:9: warning: HLS pragma dump _XLX_SEP_ PragmaIsValid=1_XLX_SEP_ PragmaType=array_partition_XLX_SEP_ PragmaContext=_XLX_SEP_ PragmaFunction=upper_backsub_XLX_SEP_ PragmaOptions=variable=xloc complete dim=1_XLX_SEP_ [-Wdump-hls-pragmas]
#pragma HLS ARRAY_PARTITION variable=xloc complete dim=1
        ^
C:/ELEC522/sm512/asdf/fpga_hls/backsub.cpp:36:9: warning: HLS pragma dump _XLX_SEP_ PragmaIsValid=1_XLX_SEP_ PragmaType=pipeline_XLX_SEP_ PragmaContext=_XLX_SEP_ PragmaFunction=upper_backsub_XLX_SEP_ PragmaOptions=off_XLX_SEP_ [-Wdump-hls-pragmas]
#pragma HLS pipeline off
        ^
10 warnings generated.
