

================================================================
== Vitis HLS Report for 'cordic_atan'
================================================================
* Date:           Tue Dec 16 20:06:13 2025

* Version:        2025.1 (Build 6135595 on May 21 2025)
* Project:        solve_top
* Solution:       hls (Vivado IP Flow Target)
* Product family: zynq
* Target device:  xc7z020-clg484-1


================================================================
== Performance Estimates
================================================================
+ Timing: 
    * Summary: 
    +--------+----------+----------+------------+
    |  Clock |  Target  | Estimated| Uncertainty|
    +--------+----------+----------+------------+
    |ap_clk  |  10.00 ns|  6.981 ns|     2.00 ns|
    +--------+----------+----------+------------+

+ Latency: 
    * Summary: 
    +---------+---------+-----------+----------+-----+-----+---------+
    |  Latency (cycles) |  Latency (absolute)  |  Interval | Pipeline|
    |   min   |   max   |    min    |    max   | min | max |   Type  |
    +---------+---------+-----------+----------+-----+-----+---------+
    |        1|       41|  10.000 ns|  0.410 us|    1|   41|       no|
    +---------+---------+-----------+----------+-----+-----+---------+

    + Detail: 
        * Instance: 
        N/A

        * Loop: 
        +-------------------+---------+---------+----------+-----------+-----------+------+----------+
        |                   |  Latency (cycles) | Iteration|  Initiation Interval  | Trip |          |
        |     Loop Name     |   min   |   max   |  Latency |  achieved |   target  | Count| Pipelined|
        +-------------------+---------+---------+----------+-----------+-----------+------+----------+
        |- VITIS_LOOP_81_1  |       39|       39|         3|          -|          -|    13|        no|
        +-------------------+---------+---------+----------+-----------+-----------+------+----------+

============================================================
+ Verbose Summary: Synthesis Manager
============================================================
InlineROM: 1
ExposeGlobal: 0
============================================================
+ Verbose Summary: CDFG Model
============================================================
IsTopModel: 0
ResetActiveHigh: 1
IsCombinational: 0
IsDatapathOnly: 0
HasWiredReturn: 1
HasMFsm: 0
HasVarLatency: 1
IsPipeline: 0
IsRtlPipelined: 0
IsInstanceOverlapped: 0
IsDontTouch: 0
HasImplIP: 0
IsGatedGlobalClock: 0


============================================================
+ Verbose Summary: Schedule
============================================================
* Number of FSM states : 5
* Pipeline : 0
* Dataflow Pipeline: 0

* FSM state transitions: 
1 --> 5 2 
2 --> 3 5 
3 --> 4 
4 --> 2 
5 --> 

* FSM state operations: 

State 1 <SV = 0> <Delay = 5.62>
ST_1 : Operation 6 [1/1] (0.00ns)   --->   "%p_0_0_035325_read = read i16 @_ssdm_op_Read.ap_auto.i16, i16 %p_0_0_035325" [C:/ELEC522/sm512/asdf/fpga_hls/linearsolver.h:64->C:/ELEC522/sm512/asdf/fpga_hls/qrd.cpp:30]   --->   Operation 6 'read' 'p_0_0_035325_read' <Predicate = true> <Delay = 0.00>
ST_1 : Operation 7 [1/1] (0.00ns)   --->   "%p_0_0_035226_read = read i16 @_ssdm_op_Read.ap_auto.i16, i16 %p_0_0_035226" [C:/ELEC522/sm512/asdf/fpga_hls/linearsolver.h:64->C:/ELEC522/sm512/asdf/fpga_hls/qrd.cpp:30]   --->   Operation 7 'read' 'p_0_0_035226_read' <Predicate = true> <Delay = 0.00>
ST_1 : Operation 8 [1/1] (0.00ns) (grouped into LUT with out node icmp_ln70)   --->   "%or_ln70 = or i16 %p_0_0_035325_read, i16 %p_0_0_035226_read" [C:/ELEC522/sm512/asdf/fpga_hls/linearsolver.h:70->C:/ELEC522/sm512/asdf/fpga_hls/qrd.cpp:30]   --->   Operation 8 'or' 'or_ln70' <Predicate = true> <Delay = 0.00> <CoreInst = "LogicGate">   --->   Core 74 'LogicGate' <Latency = 0> <II = 1> <Delay = 0.99> <FuncUnit> <Opcode : 'and' 'or' 'xor'> <InPorts = 2> <OutPorts = 1>
ST_1 : Operation 9 [1/1] (2.07ns) (out node of the LUT)   --->   "%icmp_ln70 = icmp_eq  i16 %or_ln70, i16 0" [C:/ELEC522/sm512/asdf/fpga_hls/linearsolver.h:70->C:/ELEC522/sm512/asdf/fpga_hls/qrd.cpp:30]   --->   Operation 9 'icmp' 'icmp_ln70' <Predicate = true> <Delay = 2.07> <CoreInst = "Cmp">   --->   Core 9 'Cmp' <Latency = 0> <II = 1> <Delay = 2.07> <FuncUnit> <Opcode : 'seteq' 'setne' 'setle' 'setge' 'setlt' 'setgt'> <InPorts = 2> <OutPorts = 1>
ST_1 : Operation 10 [1/1] (1.58ns)   --->   "%br_ln70 = br i1 %icmp_ln70, void %if.end.i_ifconv, void %_ZL11cordic_atan8ap_fixedILi16ELi5EL9ap_q_mode0EL9ap_o_mode0ELi0EES2_RS2_S3_.100.exit" [C:/ELEC522/sm512/asdf/fpga_hls/linearsolver.h:70->C:/ELEC522/sm512/asdf/fpga_hls/qrd.cpp:30]   --->   Operation 10 'br' 'br_ln70' <Predicate = true> <Delay = 1.58>
ST_1 : Operation 11 [1/1] (0.00ns)   --->   "%x_25 = alloca i32 1" [C:/ELEC522/sm512/asdf/fpga_hls/linearsolver.h:66->C:/ELEC522/sm512/asdf/fpga_hls/qrd.cpp:30]   --->   Operation 11 'alloca' 'x_25' <Predicate = (!icmp_ln70)> <Delay = 0.00>
ST_1 : Operation 12 [1/1] (0.00ns)   --->   "%y_25 = alloca i32 1" [C:/ELEC522/sm512/asdf/fpga_hls/linearsolver.h:67->C:/ELEC522/sm512/asdf/fpga_hls/qrd.cpp:30]   --->   Operation 12 'alloca' 'y_25' <Predicate = (!icmp_ln70)> <Delay = 0.00>
ST_1 : Operation 13 [1/1] (0.00ns)   --->   "%i = alloca i32 1" [C:/ELEC522/sm512/asdf/fpga_hls/linearsolver.h:81->C:/ELEC522/sm512/asdf/fpga_hls/qrd.cpp:30]   --->   Operation 13 'alloca' 'i' <Predicate = (!icmp_ln70)> <Delay = 0.00>
ST_1 : Operation 14 [1/1] (0.00ns)   --->   "%z = alloca i32 1" [C:/ELEC522/sm512/asdf/fpga_hls/linearsolver.h:68->C:/ELEC522/sm512/asdf/fpga_hls/qrd.cpp:30]   --->   Operation 14 'alloca' 'z' <Predicate = (!icmp_ln70)> <Delay = 0.00>
ST_1 : Operation 15 [1/1] (0.00ns)   --->   "%tmp = bitselect i1 @_ssdm_op_BitSelect.i1.i16.i32, i16 %p_0_0_035226_read, i32 15" [C:/ELEC522/sm512/asdf/fpga_hls/linearsolver.h:76->C:/ELEC522/sm512/asdf/fpga_hls/qrd.cpp:30]   --->   Operation 15 'bitselect' 'tmp' <Predicate = (!icmp_ln70)> <Delay = 0.00>
ST_1 : Operation 16 [1/1] (0.00ns)   --->   "%sext_ln77 = sext i16 %p_0_0_035226_read" [C:/ELEC522/sm512/asdf/fpga_hls/linearsolver.h:77->C:/ELEC522/sm512/asdf/fpga_hls/qrd.cpp:30]   --->   Operation 16 'sext' 'sext_ln77' <Predicate = (!icmp_ln70)> <Delay = 0.00>
ST_1 : Operation 17 [1/1] (2.07ns)   --->   "%sub_ln77 = sub i17 0, i17 %sext_ln77" [C:/ELEC522/sm512/asdf/fpga_hls/linearsolver.h:77->C:/ELEC522/sm512/asdf/fpga_hls/qrd.cpp:30]   --->   Operation 17 'sub' 'sub_ln77' <Predicate = (!icmp_ln70)> <Delay = 2.07> <CoreInst = "Adder">   --->   Core 1 'Adder' <Latency = 0> <II = 1> <Delay = 2.07> <FuncUnit> <Opcode : 'add' 'sub'> <InPorts = 2> <OutPorts = 1>
ST_1 : Operation 18 [1/1] (0.00ns)   --->   "%tmp_634 = bitselect i1 @_ssdm_op_BitSelect.i1.i17.i32, i17 %sub_ln77, i32 16" [C:/ELEC522/sm512/asdf/fpga_hls/linearsolver.h:77->C:/ELEC522/sm512/asdf/fpga_hls/qrd.cpp:30]   --->   Operation 18 'bitselect' 'tmp_634' <Predicate = (!icmp_ln70)> <Delay = 0.00>
ST_1 : Operation 19 [1/1] (0.00ns) (grouped into LUT with out node x)   --->   "%trunc_ln77 = trunc i17 %sub_ln77" [C:/ELEC522/sm512/asdf/fpga_hls/linearsolver.h:77->C:/ELEC522/sm512/asdf/fpga_hls/qrd.cpp:30]   --->   Operation 19 'trunc' 'trunc_ln77' <Predicate = (!icmp_ln70)> <Delay = 0.00>
ST_1 : Operation 20 [1/1] (0.00ns)   --->   "%tmp_635 = bitselect i1 @_ssdm_op_BitSelect.i1.i17.i32, i17 %sub_ln77, i32 15" [C:/ELEC522/sm512/asdf/fpga_hls/linearsolver.h:77->C:/ELEC522/sm512/asdf/fpga_hls/qrd.cpp:30]   --->   Operation 20 'bitselect' 'tmp_635' <Predicate = (!icmp_ln70)> <Delay = 0.00>
ST_1 : Operation 21 [1/1] (0.00ns) (grouped into LUT with out node x)   --->   "%xor_ln77 = xor i1 %tmp_634, i1 1" [C:/ELEC522/sm512/asdf/fpga_hls/linearsolver.h:77->C:/ELEC522/sm512/asdf/fpga_hls/qrd.cpp:30]   --->   Operation 21 'xor' 'xor_ln77' <Predicate = (!icmp_ln70)> <Delay = 0.00> <CoreInst = "LogicGate">   --->   Core 74 'LogicGate' <Latency = 0> <II = 1> <Delay = 0.97> <FuncUnit> <Opcode : 'and' 'or' 'xor'> <InPorts = 2> <OutPorts = 1>
ST_1 : Operation 22 [1/1] (0.00ns) (grouped into LUT with out node x)   --->   "%and_ln77 = and i1 %tmp_635, i1 %xor_ln77" [C:/ELEC522/sm512/asdf/fpga_hls/linearsolver.h:77->C:/ELEC522/sm512/asdf/fpga_hls/qrd.cpp:30]   --->   Operation 22 'and' 'and_ln77' <Predicate = (!icmp_ln70)> <Delay = 0.00> <CoreInst = "LogicGate">   --->   Core 74 'LogicGate' <Latency = 0> <II = 1> <Delay = 0.97> <FuncUnit> <Opcode : 'and' 'or' 'xor'> <InPorts = 2> <OutPorts = 1>
ST_1 : Operation 23 [1/1] (0.00ns) (grouped into LUT with out node x)   --->   "%xor_ln77_1 = xor i1 %tmp_634, i1 %tmp_635" [C:/ELEC522/sm512/asdf/fpga_hls/linearsolver.h:77->C:/ELEC522/sm512/asdf/fpga_hls/qrd.cpp:30]   --->   Operation 23 'xor' 'xor_ln77_1' <Predicate = (!icmp_ln70)> <Delay = 0.00> <CoreInst = "LogicGate">   --->   Core 74 'LogicGate' <Latency = 0> <II = 1> <Delay = 0.97> <FuncUnit> <Opcode : 'and' 'or' 'xor'> <InPorts = 2> <OutPorts = 1>
ST_1 : Operation 24 [1/1] (0.00ns) (grouped into LUT with out node x)   --->   "%select_ln77 = select i1 %and_ln77, i16 32767, i16 32768" [C:/ELEC522/sm512/asdf/fpga_hls/linearsolver.h:77->C:/ELEC522/sm512/asdf/fpga_hls/qrd.cpp:30]   --->   Operation 24 'select' 'select_ln77' <Predicate = (!icmp_ln70)> <Delay = 0.00> <CoreInst = "Sel">   --->   Core 73 'Sel' <Latency = 0> <II = 1> <Delay = 0.80> <FuncUnit> <Opcode : 'select'> <InPorts = 3> <OutPorts = 1>
ST_1 : Operation 25 [1/1] (0.97ns) (out node of the LUT)   --->   "%x = select i1 %xor_ln77_1, i16 %select_ln77, i16 %trunc_ln77" [C:/ELEC522/sm512/asdf/fpga_hls/linearsolver.h:77->C:/ELEC522/sm512/asdf/fpga_hls/qrd.cpp:30]   --->   Operation 25 'select' 'x' <Predicate = (!icmp_ln70)> <Delay = 0.97> <CoreInst = "Sel">   --->   Core 73 'Sel' <Latency = 0> <II = 1> <Delay = 0.80> <FuncUnit> <Opcode : 'select'> <InPorts = 3> <OutPorts = 1>
ST_1 : Operation 26 [1/1] (0.00ns)   --->   "%sext_ln77_1 = sext i16 %p_0_0_035325_read" [C:/ELEC522/sm512/asdf/fpga_hls/linearsolver.h:77->C:/ELEC522/sm512/asdf/fpga_hls/qrd.cpp:30]   --->   Operation 26 'sext' 'sext_ln77_1' <Predicate = (!icmp_ln70)> <Delay = 0.00>
ST_1 : Operation 27 [1/1] (2.07ns)   --->   "%sub_ln77_1 = sub i17 0, i17 %sext_ln77_1" [C:/ELEC522/sm512/asdf/fpga_hls/linearsolver.h:77->C:/ELEC522/sm512/asdf/fpga_hls/qrd.cpp:30]   --->   Operation 27 'sub' 'sub_ln77_1' <Predicate = (!icmp_ln70)> <Delay = 2.07> <CoreInst = "Adder">   --->   Core 1 'Adder' <Latency = 0> <II = 1> <Delay = 2.07> <FuncUnit> <Opcode : 'add' 'sub'> <InPorts = 2> <OutPorts = 1>
ST_1 : Operation 28 [1/1] (0.00ns)   --->   "%tmp_636 = bitselect i1 @_ssdm_op_BitSelect.i1.i17.i32, i17 %sub_ln77_1, i32 16" [C:/ELEC522/sm512/asdf/fpga_hls/linearsolver.h:77->C:/ELEC522/sm512/asdf/fpga_hls/qrd.cpp:30]   --->   Operation 28 'bitselect' 'tmp_636' <Predicate = (!icmp_ln70)> <Delay = 0.00>
ST_1 : Operation 29 [1/1] (0.00ns) (grouped into LUT with out node y)   --->   "%trunc_ln77_1 = trunc i17 %sub_ln77_1" [C:/ELEC522/sm512/asdf/fpga_hls/linearsolver.h:77->C:/ELEC522/sm512/asdf/fpga_hls/qrd.cpp:30]   --->   Operation 29 'trunc' 'trunc_ln77_1' <Predicate = (!icmp_ln70)> <Delay = 0.00>
ST_1 : Operation 30 [1/1] (0.00ns)   --->   "%tmp_637 = bitselect i1 @_ssdm_op_BitSelect.i1.i17.i32, i17 %sub_ln77_1, i32 15" [C:/ELEC522/sm512/asdf/fpga_hls/linearsolver.h:77->C:/ELEC522/sm512/asdf/fpga_hls/qrd.cpp:30]   --->   Operation 30 'bitselect' 'tmp_637' <Predicate = (!icmp_ln70)> <Delay = 0.00>
ST_1 : Operation 31 [1/1] (0.00ns) (grouped into LUT with out node y)   --->   "%xor_ln77_2 = xor i1 %tmp_636, i1 1" [C:/ELEC522/sm512/asdf/fpga_hls/linearsolver.h:77->C:/ELEC522/sm512/asdf/fpga_hls/qrd.cpp:30]   --->   Operation 31 'xor' 'xor_ln77_2' <Predicate = (!icmp_ln70)> <Delay = 0.00> <CoreInst = "LogicGate">   --->   Core 74 'LogicGate' <Latency = 0> <II = 1> <Delay = 0.97> <FuncUnit> <Opcode : 'and' 'or' 'xor'> <InPorts = 2> <OutPorts = 1>
ST_1 : Operation 32 [1/1] (0.00ns) (grouped into LUT with out node y)   --->   "%and_ln77_1 = and i1 %tmp_637, i1 %xor_ln77_2" [C:/ELEC522/sm512/asdf/fpga_hls/linearsolver.h:77->C:/ELEC522/sm512/asdf/fpga_hls/qrd.cpp:30]   --->   Operation 32 'and' 'and_ln77_1' <Predicate = (!icmp_ln70)> <Delay = 0.00> <CoreInst = "LogicGate">   --->   Core 74 'LogicGate' <Latency = 0> <II = 1> <Delay = 0.97> <FuncUnit> <Opcode : 'and' 'or' 'xor'> <InPorts = 2> <OutPorts = 1>
ST_1 : Operation 33 [1/1] (0.00ns) (grouped into LUT with out node y)   --->   "%xor_ln77_3 = xor i1 %tmp_636, i1 %tmp_637" [C:/ELEC522/sm512/asdf/fpga_hls/linearsolver.h:77->C:/ELEC522/sm512/asdf/fpga_hls/qrd.cpp:30]   --->   Operation 33 'xor' 'xor_ln77_3' <Predicate = (!icmp_ln70)> <Delay = 0.00> <CoreInst = "LogicGate">   --->   Core 74 'LogicGate' <Latency = 0> <II = 1> <Delay = 0.97> <FuncUnit> <Opcode : 'and' 'or' 'xor'> <InPorts = 2> <OutPorts = 1>
ST_1 : Operation 34 [1/1] (0.00ns) (grouped into LUT with out node y)   --->   "%select_ln77_2 = select i1 %and_ln77_1, i16 32767, i16 32768" [C:/ELEC522/sm512/asdf/fpga_hls/linearsolver.h:77->C:/ELEC522/sm512/asdf/fpga_hls/qrd.cpp:30]   --->   Operation 34 'select' 'select_ln77_2' <Predicate = (!icmp_ln70)> <Delay = 0.00> <CoreInst = "Sel">   --->   Core 73 'Sel' <Latency = 0> <II = 1> <Delay = 0.80> <FuncUnit> <Opcode : 'select'> <InPorts = 3> <OutPorts = 1>
ST_1 : Operation 35 [1/1] (0.97ns) (out node of the LUT)   --->   "%y = select i1 %xor_ln77_3, i16 %select_ln77_2, i16 %trunc_ln77_1" [C:/ELEC522/sm512/asdf/fpga_hls/linearsolver.h:77->C:/ELEC522/sm512/asdf/fpga_hls/qrd.cpp:30]   --->   Operation 35 'select' 'y' <Predicate = (!icmp_ln70)> <Delay = 0.97> <CoreInst = "Sel">   --->   Core 73 'Sel' <Latency = 0> <II = 1> <Delay = 0.80> <FuncUnit> <Opcode : 'select'> <InPorts = 3> <OutPorts = 1>
ST_1 : Operation 36 [1/1] (0.00ns) (grouped into LUT with out node z_29_ph)   --->   "%tmp_638 = bitselect i1 @_ssdm_op_BitSelect.i1.i16.i32, i16 %y, i32 15" [C:/ELEC522/sm512/asdf/fpga_hls/linearsolver.h:78->C:/ELEC522/sm512/asdf/fpga_hls/qrd.cpp:30]   --->   Operation 36 'bitselect' 'tmp_638' <Predicate = (!icmp_ln70)> <Delay = 0.00>
ST_1 : Operation 37 [1/1] (0.00ns) (grouped into LUT with out node empty)   --->   "%xor_ln76 = xor i1 %tmp, i1 1" [C:/ELEC522/sm512/asdf/fpga_hls/linearsolver.h:76->C:/ELEC522/sm512/asdf/fpga_hls/qrd.cpp:30]   --->   Operation 37 'xor' 'xor_ln76' <Predicate = (!icmp_ln70)> <Delay = 0.00> <CoreInst = "LogicGate">   --->   Core 74 'LogicGate' <Latency = 0> <II = 1> <Delay = 0.97> <FuncUnit> <Opcode : 'and' 'or' 'xor'> <InPorts = 2> <OutPorts = 1>
ST_1 : Operation 38 [1/1] (0.00ns) (grouped into LUT with out node empty)   --->   "%sel_tmp2 = bitconcatenate i2 @_ssdm_op_BitConcatenate.i2.i1.i1, i1 %xor_ln76, i1 0" [C:/ELEC522/sm512/asdf/fpga_hls/linearsolver.h:76->C:/ELEC522/sm512/asdf/fpga_hls/qrd.cpp:30]   --->   Operation 38 'bitconcatenate' 'sel_tmp2' <Predicate = (!icmp_ln70)> <Delay = 0.00>
ST_1 : Operation 39 [1/1] (1.56ns) (out node of the LUT)   --->   "%empty = icmp_eq  i2 %sel_tmp2, i2 2" [C:/ELEC522/sm512/asdf/fpga_hls/linearsolver.h:76->C:/ELEC522/sm512/asdf/fpga_hls/qrd.cpp:30]   --->   Operation 39 'icmp' 'empty' <Predicate = (!icmp_ln70)> <Delay = 1.56> <CoreInst = "Cmp">   --->   Core 9 'Cmp' <Latency = 0> <II = 1> <Delay = 1.56> <FuncUnit> <Opcode : 'seteq' 'setne' 'setle' 'setge' 'setlt' 'setgt'> <InPorts = 2> <OutPorts = 1>
ST_1 : Operation 40 [1/1] (0.00ns) (grouped into LUT with out node z_29_ph)   --->   "%select_ln78_1_cast = select i1 %empty, i16 0, i16 59102" [C:/ELEC522/sm512/asdf/fpga_hls/linearsolver.h:76->C:/ELEC522/sm512/asdf/fpga_hls/qrd.cpp:30]   --->   Operation 40 'select' 'select_ln78_1_cast' <Predicate = (!icmp_ln70)> <Delay = 0.00> <CoreInst = "Sel">   --->   Core 73 'Sel' <Latency = 0> <II = 1> <Delay = 0.70> <FuncUnit> <Opcode : 'select'> <InPorts = 3> <OutPorts = 1>
ST_1 : Operation 41 [1/1] (0.00ns) (grouped into LUT with out node z_29_ph)   --->   "%empty_58 = or i1 %empty, i1 %tmp_638" [C:/ELEC522/sm512/asdf/fpga_hls/linearsolver.h:76->C:/ELEC522/sm512/asdf/fpga_hls/qrd.cpp:30]   --->   Operation 41 'or' 'empty_58' <Predicate = (!icmp_ln70)> <Delay = 0.00> <CoreInst = "LogicGate">   --->   Core 74 'LogicGate' <Latency = 0> <II = 1> <Delay = 0.97> <FuncUnit> <Opcode : 'and' 'or' 'xor'> <InPorts = 2> <OutPorts = 1>
ST_1 : Operation 42 [1/1] (0.97ns) (out node of the LUT)   --->   "%z_29_ph = select i1 %empty_58, i16 %select_ln78_1_cast, i16 6434" [C:/ELEC522/sm512/asdf/fpga_hls/linearsolver.h:76->C:/ELEC522/sm512/asdf/fpga_hls/qrd.cpp:30]   --->   Operation 42 'select' 'z_29_ph' <Predicate = (!icmp_ln70)> <Delay = 0.97> <CoreInst = "Sel">   --->   Core 73 'Sel' <Latency = 0> <II = 1> <Delay = 0.70> <FuncUnit> <Opcode : 'select'> <InPorts = 3> <OutPorts = 1>
ST_1 : Operation 43 [1/1] (0.80ns)   --->   "%y_26 = select i1 %tmp, i16 %y, i16 %p_0_0_035325_read" [C:/ELEC522/sm512/asdf/fpga_hls/linearsolver.h:76->C:/ELEC522/sm512/asdf/fpga_hls/qrd.cpp:30]   --->   Operation 43 'select' 'y_26' <Predicate = (!icmp_ln70)> <Delay = 0.80> <CoreInst = "Sel">   --->   Core 73 'Sel' <Latency = 0> <II = 1> <Delay = 0.80> <FuncUnit> <Opcode : 'select'> <InPorts = 3> <OutPorts = 1>
ST_1 : Operation 44 [1/1] (0.80ns) (out node of the LUT)   --->   "%x_26 = select i1 %tmp, i16 %x, i16 %p_0_0_035226_read" [C:/ELEC522/sm512/asdf/fpga_hls/linearsolver.h:76->C:/ELEC522/sm512/asdf/fpga_hls/qrd.cpp:30]   --->   Operation 44 'select' 'x_26' <Predicate = (!icmp_ln70)> <Delay = 0.80> <CoreInst = "Sel">   --->   Core 73 'Sel' <Latency = 0> <II = 1> <Delay = 0.80> <FuncUnit> <Opcode : 'select'> <InPorts = 3> <OutPorts = 1>
ST_1 : Operation 45 [1/1] (1.58ns)   --->   "%store_ln68 = store i16 %z_29_ph, i16 %z" [C:/ELEC522/sm512/asdf/fpga_hls/linearsolver.h:68->C:/ELEC522/sm512/asdf/fpga_hls/qrd.cpp:30]   --->   Operation 45 'store' 'store_ln68' <Predicate = (!icmp_ln70)> <Delay = 1.58>
ST_1 : Operation 46 [1/1] (1.58ns)   --->   "%store_ln81 = store i4 0, i4 %i" [C:/ELEC522/sm512/asdf/fpga_hls/linearsolver.h:81->C:/ELEC522/sm512/asdf/fpga_hls/qrd.cpp:30]   --->   Operation 46 'store' 'store_ln81' <Predicate = (!icmp_ln70)> <Delay = 1.58>
ST_1 : Operation 47 [1/1] (1.58ns)   --->   "%store_ln67 = store i16 %y_26, i16 %y_25" [C:/ELEC522/sm512/asdf/fpga_hls/linearsolver.h:67->C:/ELEC522/sm512/asdf/fpga_hls/qrd.cpp:30]   --->   Operation 47 'store' 'store_ln67' <Predicate = (!icmp_ln70)> <Delay = 1.58>
ST_1 : Operation 48 [1/1] (1.58ns)   --->   "%store_ln66 = store i16 %x_26, i16 %x_25" [C:/ELEC522/sm512/asdf/fpga_hls/linearsolver.h:66->C:/ELEC522/sm512/asdf/fpga_hls/qrd.cpp:30]   --->   Operation 48 'store' 'store_ln66' <Predicate = (!icmp_ln70)> <Delay = 1.58>
ST_1 : Operation 49 [1/1] (0.00ns)   --->   "%br_ln81 = br void %for.body.i" [C:/ELEC522/sm512/asdf/fpga_hls/linearsolver.h:81->C:/ELEC522/sm512/asdf/fpga_hls/qrd.cpp:30]   --->   Operation 49 'br' 'br_ln81' <Predicate = (!icmp_ln70)> <Delay = 0.00>

State 2 <SV = 1> <Delay = 3.98>
ST_2 : Operation 50 [1/1] (0.00ns)   --->   "%i_5 = load i4 %i" [C:/ELEC522/sm512/asdf/fpga_hls/linearsolver.h:81->C:/ELEC522/sm512/asdf/fpga_hls/qrd.cpp:30]   --->   Operation 50 'load' 'i_5' <Predicate = true> <Delay = 0.00>
ST_2 : Operation 51 [1/1] (0.00ns)   --->   "%z_25 = load i16 %z"   --->   Operation 51 'load' 'z_25' <Predicate = true> <Delay = 0.00>
ST_2 : Operation 52 [1/1] (1.73ns)   --->   "%icmp_ln81 = icmp_eq  i4 %i_5, i4 13" [C:/ELEC522/sm512/asdf/fpga_hls/linearsolver.h:81->C:/ELEC522/sm512/asdf/fpga_hls/qrd.cpp:30]   --->   Operation 52 'icmp' 'icmp_ln81' <Predicate = true> <Delay = 1.73> <CoreInst = "Cmp">   --->   Core 9 'Cmp' <Latency = 0> <II = 1> <Delay = 1.73> <FuncUnit> <Opcode : 'seteq' 'setne' 'setle' 'setge' 'setlt' 'setgt'> <InPorts = 2> <OutPorts = 1>
ST_2 : Operation 53 [1/1] (1.73ns)   --->   "%add_ln81 = add i4 %i_5, i4 1" [C:/ELEC522/sm512/asdf/fpga_hls/linearsolver.h:81->C:/ELEC522/sm512/asdf/fpga_hls/qrd.cpp:30]   --->   Operation 53 'add' 'add_ln81' <Predicate = true> <Delay = 1.73> <CoreInst = "Adder">   --->   Core 1 'Adder' <Latency = 0> <II = 1> <Delay = 1.73> <FuncUnit> <Opcode : 'add' 'sub'> <InPorts = 2> <OutPorts = 1>
ST_2 : Operation 54 [1/1] (0.00ns)   --->   "%br_ln81 = br i1 %icmp_ln81, void %for.body.i.split, void %_ZL11cordic_atan8ap_fixedILi16ELi5EL9ap_q_mode0EL9ap_o_mode0ELi0EES2_RS2_S3_.100.exit.loopexit" [C:/ELEC522/sm512/asdf/fpga_hls/linearsolver.h:81->C:/ELEC522/sm512/asdf/fpga_hls/qrd.cpp:30]   --->   Operation 54 'br' 'br_ln81' <Predicate = true> <Delay = 0.00>
ST_2 : Operation 55 [1/1] (0.00ns)   --->   "%x_25_load = load i16 %x_25" [C:/ELEC522/sm512/asdf/fpga_hls/linearsolver.h:86->C:/ELEC522/sm512/asdf/fpga_hls/qrd.cpp:30]   --->   Operation 55 'load' 'x_25_load' <Predicate = (!icmp_ln81)> <Delay = 0.00>
ST_2 : Operation 56 [1/1] (0.00ns)   --->   "%y_25_load = load i16 %y_25" [C:/ELEC522/sm512/asdf/fpga_hls/linearsolver.h:83->C:/ELEC522/sm512/asdf/fpga_hls/qrd.cpp:30]   --->   Operation 56 'load' 'y_25_load' <Predicate = (!icmp_ln81)> <Delay = 0.00>
ST_2 : Operation 57 [1/1] (0.00ns)   --->   "%zext_ln81 = zext i4 %i_5" [C:/ELEC522/sm512/asdf/fpga_hls/linearsolver.h:81->C:/ELEC522/sm512/asdf/fpga_hls/qrd.cpp:30]   --->   Operation 57 'zext' 'zext_ln81' <Predicate = (!icmp_ln81)> <Delay = 0.00>
ST_2 : Operation 58 [1/1] (0.00ns)   --->   "%tmp_639 = bitselect i1 @_ssdm_op_BitSelect.i1.i16.i32, i16 %y_25_load, i32 15" [C:/ELEC522/sm512/asdf/fpga_hls/linearsolver.h:83->C:/ELEC522/sm512/asdf/fpga_hls/qrd.cpp:30]   --->   Operation 58 'bitselect' 'tmp_639' <Predicate = (!icmp_ln81)> <Delay = 0.00>
ST_2 : Operation 59 [1/1] (0.00ns)   --->   "%zext_ln84 = zext i4 %i_5" [C:/ELEC522/sm512/asdf/fpga_hls/linearsolver.h:84->C:/ELEC522/sm512/asdf/fpga_hls/qrd.cpp:30]   --->   Operation 59 'zext' 'zext_ln84' <Predicate = (!icmp_ln81)> <Delay = 0.00>
ST_2 : Operation 60 [1/1] (3.98ns)   --->   "%x_shift = ashr i16 %x_25_load, i16 %zext_ln84" [C:/ELEC522/sm512/asdf/fpga_hls/linearsolver.h:84->C:/ELEC522/sm512/asdf/fpga_hls/qrd.cpp:30]   --->   Operation 60 'ashr' 'x_shift' <Predicate = (!icmp_ln81)> <Delay = 3.98> <CoreInst = "Shifter">   --->   Core 75 'Shifter' <Latency = 0> <II = 1> <Delay = 3.98> <FuncUnit> <Opcode : 'shl' 'lshr' 'ashr'> <InPorts = 2> <OutPorts = 1>
ST_2 : Operation 61 [1/1] (3.98ns)   --->   "%y_shift = ashr i16 %y_25_load, i16 %zext_ln84" [C:/ELEC522/sm512/asdf/fpga_hls/linearsolver.h:85->C:/ELEC522/sm512/asdf/fpga_hls/qrd.cpp:30]   --->   Operation 61 'ashr' 'y_shift' <Predicate = (!icmp_ln81)> <Delay = 3.98> <CoreInst = "Shifter">   --->   Core 75 'Shifter' <Latency = 0> <II = 1> <Delay = 3.98> <FuncUnit> <Opcode : 'shl' 'lshr' 'ashr'> <InPorts = 2> <OutPorts = 1>
ST_2 : Operation 62 [1/1] (0.00ns)   --->   "%atan_table_addr = getelementptr i11 %atan_table, i64 0, i64 %zext_ln81" [C:/ELEC522/sm512/asdf/fpga_hls/linearsolver.h:88->C:/ELEC522/sm512/asdf/fpga_hls/qrd.cpp:30]   --->   Operation 62 'getelementptr' 'atan_table_addr' <Predicate = (!icmp_ln81)> <Delay = 0.00>
ST_2 : Operation 63 [2/2] (2.32ns)   --->   "%atan_table_load = load i4 %atan_table_addr" [C:/ELEC522/sm512/asdf/fpga_hls/linearsolver.h:88->C:/ELEC522/sm512/asdf/fpga_hls/qrd.cpp:30]   --->   Operation 63 'load' 'atan_table_load' <Predicate = (!icmp_ln81)> <Delay = 2.32> <CoreInst = "ROM">   --->   Core 94 'ROM' <Latency = 1> <II = 1> <Delay = 2.32> <Storage> <Opcode : 'load'> <Ports = 0> <Width = 11> <Depth = 13> <ROM>
ST_2 : Operation 64 [1/1] (1.58ns)   --->   "%store_ln81 = store i4 %add_ln81, i4 %i" [C:/ELEC522/sm512/asdf/fpga_hls/linearsolver.h:81->C:/ELEC522/sm512/asdf/fpga_hls/qrd.cpp:30]   --->   Operation 64 'store' 'store_ln81' <Predicate = (!icmp_ln81)> <Delay = 1.58>
ST_2 : Operation 65 [1/1] (1.58ns)   --->   "%br_ln0 = br void %_ZL11cordic_atan8ap_fixedILi16ELi5EL9ap_q_mode0EL9ap_o_mode0ELi0EES2_RS2_S3_.100.exit"   --->   Operation 65 'br' 'br_ln0' <Predicate = (icmp_ln81)> <Delay = 1.58>

State 3 <SV = 2> <Delay = 6.98>
ST_3 : Operation 66 [1/1] (0.00ns)   --->   "%shl_ln86_1 = bitconcatenate i27 @_ssdm_op_BitConcatenate.i27.i16.i11, i16 %y_shift, i11 0" [C:/ELEC522/sm512/asdf/fpga_hls/linearsolver.h:86->C:/ELEC522/sm512/asdf/fpga_hls/qrd.cpp:30]   --->   Operation 66 'bitconcatenate' 'shl_ln86_1' <Predicate = true> <Delay = 0.00>
ST_3 : Operation 67 [1/1] (2.40ns)   --->   "%sub_ln86_1 = sub i27 0, i27 %shl_ln86_1" [C:/ELEC522/sm512/asdf/fpga_hls/linearsolver.h:86->C:/ELEC522/sm512/asdf/fpga_hls/qrd.cpp:30]   --->   Operation 67 'sub' 'sub_ln86_1' <Predicate = (!tmp_639)> <Delay = 2.40> <CoreInst = "Adder">   --->   Core 1 'Adder' <Latency = 0> <II = 1> <Delay = 2.40> <FuncUnit> <Opcode : 'add' 'sub'> <InPorts = 2> <OutPorts = 1>
ST_3 : Operation 68 [1/1] (0.00ns) (grouped into LUT with out node sub_ln86)   --->   "%select_ln86 = select i1 %tmp_639, i27 %shl_ln86_1, i27 %sub_ln86_1" [C:/ELEC522/sm512/asdf/fpga_hls/linearsolver.h:86->C:/ELEC522/sm512/asdf/fpga_hls/qrd.cpp:30]   --->   Operation 68 'select' 'select_ln86' <Predicate = true> <Delay = 0.00> <CoreInst = "Sel">   --->   Core 73 'Sel' <Latency = 0> <II = 1> <Delay = 0.80> <FuncUnit> <Opcode : 'select'> <InPorts = 3> <OutPorts = 1>
ST_3 : Operation 69 [1/1] (0.00ns) (grouped into LUT with out node sub_ln86)   --->   "%sext_ln86 = sext i27 %select_ln86" [C:/ELEC522/sm512/asdf/fpga_hls/linearsolver.h:86->C:/ELEC522/sm512/asdf/fpga_hls/qrd.cpp:30]   --->   Operation 69 'sext' 'sext_ln86' <Predicate = true> <Delay = 0.00>
ST_3 : Operation 70 [1/1] (0.00ns) (grouped into LUT with out node sub_ln86)   --->   "%shl_ln = bitconcatenate i27 @_ssdm_op_BitConcatenate.i27.i16.i11, i16 %x_25_load, i11 0" [C:/ELEC522/sm512/asdf/fpga_hls/linearsolver.h:86->C:/ELEC522/sm512/asdf/fpga_hls/qrd.cpp:30]   --->   Operation 70 'bitconcatenate' 'shl_ln' <Predicate = true> <Delay = 0.00>
ST_3 : Operation 71 [1/1] (0.00ns) (grouped into LUT with out node sub_ln86)   --->   "%sext_ln86_1 = sext i27 %shl_ln" [C:/ELEC522/sm512/asdf/fpga_hls/linearsolver.h:86->C:/ELEC522/sm512/asdf/fpga_hls/qrd.cpp:30]   --->   Operation 71 'sext' 'sext_ln86_1' <Predicate = true> <Delay = 0.00>
ST_3 : Operation 72 [1/1] (2.40ns) (out node of the LUT)   --->   "%sub_ln86 = sub i28 %sext_ln86_1, i28 %sext_ln86" [C:/ELEC522/sm512/asdf/fpga_hls/linearsolver.h:86->C:/ELEC522/sm512/asdf/fpga_hls/qrd.cpp:30]   --->   Operation 72 'sub' 'sub_ln86' <Predicate = true> <Delay = 2.40> <CoreInst = "Adder">   --->   Core 1 'Adder' <Latency = 0> <II = 1> <Delay = 2.40> <FuncUnit> <Opcode : 'add' 'sub'> <InPorts = 2> <OutPorts = 1>
ST_3 : Operation 73 [1/1] (0.00ns)   --->   "%tmp_640 = bitselect i1 @_ssdm_op_BitSelect.i1.i28.i32, i28 %sub_ln86, i32 27" [C:/ELEC522/sm512/asdf/fpga_hls/linearsolver.h:86->C:/ELEC522/sm512/asdf/fpga_hls/qrd.cpp:30]   --->   Operation 73 'bitselect' 'tmp_640' <Predicate = true> <Delay = 0.00>
ST_3 : Operation 74 [1/1] (0.00ns)   --->   "%x_temp = partselect i16 @_ssdm_op_PartSelect.i16.i28.i32.i32, i28 %sub_ln86, i32 11, i32 26" [C:/ELEC522/sm512/asdf/fpga_hls/linearsolver.h:86->C:/ELEC522/sm512/asdf/fpga_hls/qrd.cpp:30]   --->   Operation 74 'partselect' 'x_temp' <Predicate = true> <Delay = 0.00>
ST_3 : Operation 75 [1/1] (0.00ns)   --->   "%tmp_641 = bitselect i1 @_ssdm_op_BitSelect.i1.i28.i32, i28 %sub_ln86, i32 10" [C:/ELEC522/sm512/asdf/fpga_hls/linearsolver.h:86->C:/ELEC522/sm512/asdf/fpga_hls/qrd.cpp:30]   --->   Operation 75 'bitselect' 'tmp_641' <Predicate = true> <Delay = 0.00>
ST_3 : Operation 76 [1/1] (0.00ns)   --->   "%tmp_642 = bitselect i1 @_ssdm_op_BitSelect.i1.i28.i32, i28 %sub_ln86, i32 26" [C:/ELEC522/sm512/asdf/fpga_hls/linearsolver.h:86->C:/ELEC522/sm512/asdf/fpga_hls/qrd.cpp:30]   --->   Operation 76 'bitselect' 'tmp_642' <Predicate = true> <Delay = 0.00>
ST_3 : Operation 77 [1/1] (0.00ns)   --->   "%shl_ln87_1 = bitconcatenate i27 @_ssdm_op_BitConcatenate.i27.i16.i11, i16 %x_shift, i11 0" [C:/ELEC522/sm512/asdf/fpga_hls/linearsolver.h:87->C:/ELEC522/sm512/asdf/fpga_hls/qrd.cpp:30]   --->   Operation 77 'bitconcatenate' 'shl_ln87_1' <Predicate = true> <Delay = 0.00>
ST_3 : Operation 78 [1/1] (0.00ns)   --->   "%sext_ln87 = sext i27 %shl_ln87_1" [C:/ELEC522/sm512/asdf/fpga_hls/linearsolver.h:87->C:/ELEC522/sm512/asdf/fpga_hls/qrd.cpp:30]   --->   Operation 78 'sext' 'sext_ln87' <Predicate = true> <Delay = 0.00>
ST_3 : Operation 79 [1/1] (2.40ns)   --->   "%sub_ln87 = sub i28 0, i28 %sext_ln87" [C:/ELEC522/sm512/asdf/fpga_hls/linearsolver.h:87->C:/ELEC522/sm512/asdf/fpga_hls/qrd.cpp:30]   --->   Operation 79 'sub' 'sub_ln87' <Predicate = (!tmp_639)> <Delay = 2.40> <CoreInst = "Adder">   --->   Core 1 'Adder' <Latency = 0> <II = 1> <Delay = 2.40> <FuncUnit> <Opcode : 'add' 'sub'> <InPorts = 2> <OutPorts = 1>
ST_3 : Operation 80 [1/1] (0.83ns)   --->   "%select_ln87 = select i1 %tmp_639, i28 %sext_ln87, i28 %sub_ln87" [C:/ELEC522/sm512/asdf/fpga_hls/linearsolver.h:87->C:/ELEC522/sm512/asdf/fpga_hls/qrd.cpp:30]   --->   Operation 80 'select' 'select_ln87' <Predicate = true> <Delay = 0.83> <CoreInst = "Sel">   --->   Core 73 'Sel' <Latency = 0> <II = 1> <Delay = 0.83> <FuncUnit> <Opcode : 'select'> <InPorts = 3> <OutPorts = 1>
ST_3 : Operation 81 [1/1] (0.00ns)   --->   "%shl_ln3 = bitconcatenate i27 @_ssdm_op_BitConcatenate.i27.i16.i11, i16 %y_25_load, i11 0" [C:/ELEC522/sm512/asdf/fpga_hls/linearsolver.h:87->C:/ELEC522/sm512/asdf/fpga_hls/qrd.cpp:30]   --->   Operation 81 'bitconcatenate' 'shl_ln3' <Predicate = true> <Delay = 0.00>
ST_3 : Operation 82 [1/1] (0.00ns)   --->   "%sext_ln87_1 = sext i27 %shl_ln3" [C:/ELEC522/sm512/asdf/fpga_hls/linearsolver.h:87->C:/ELEC522/sm512/asdf/fpga_hls/qrd.cpp:30]   --->   Operation 82 'sext' 'sext_ln87_1' <Predicate = true> <Delay = 0.00>
ST_3 : Operation 83 [1/1] (2.43ns)   --->   "%add_ln87 = add i28 %sext_ln87_1, i28 %select_ln87" [C:/ELEC522/sm512/asdf/fpga_hls/linearsolver.h:87->C:/ELEC522/sm512/asdf/fpga_hls/qrd.cpp:30]   --->   Operation 83 'add' 'add_ln87' <Predicate = true> <Delay = 2.43> <CoreInst = "Adder">   --->   Core 1 'Adder' <Latency = 0> <II = 1> <Delay = 2.43> <FuncUnit> <Opcode : 'add' 'sub'> <InPorts = 2> <OutPorts = 1>
ST_3 : Operation 84 [1/1] (0.00ns)   --->   "%tmp_644 = bitselect i1 @_ssdm_op_BitSelect.i1.i28.i32, i28 %add_ln87, i32 27" [C:/ELEC522/sm512/asdf/fpga_hls/linearsolver.h:87->C:/ELEC522/sm512/asdf/fpga_hls/qrd.cpp:30]   --->   Operation 84 'bitselect' 'tmp_644' <Predicate = true> <Delay = 0.00>
ST_3 : Operation 85 [1/1] (0.00ns)   --->   "%y_temp = partselect i16 @_ssdm_op_PartSelect.i16.i28.i32.i32, i28 %add_ln87, i32 11, i32 26" [C:/ELEC522/sm512/asdf/fpga_hls/linearsolver.h:87->C:/ELEC522/sm512/asdf/fpga_hls/qrd.cpp:30]   --->   Operation 85 'partselect' 'y_temp' <Predicate = true> <Delay = 0.00>
ST_3 : Operation 86 [1/1] (0.00ns)   --->   "%tmp_645 = bitselect i1 @_ssdm_op_BitSelect.i1.i28.i32, i28 %select_ln87, i32 10" [C:/ELEC522/sm512/asdf/fpga_hls/linearsolver.h:87->C:/ELEC522/sm512/asdf/fpga_hls/qrd.cpp:30]   --->   Operation 86 'bitselect' 'tmp_645' <Predicate = true> <Delay = 0.00>
ST_3 : Operation 87 [1/1] (0.00ns)   --->   "%tmp_646 = bitselect i1 @_ssdm_op_BitSelect.i1.i28.i32, i28 %add_ln87, i32 26" [C:/ELEC522/sm512/asdf/fpga_hls/linearsolver.h:87->C:/ELEC522/sm512/asdf/fpga_hls/qrd.cpp:30]   --->   Operation 87 'bitselect' 'tmp_646' <Predicate = true> <Delay = 0.00>
ST_3 : Operation 88 [1/2] ( I:2.32ns O:2.32ns )   --->   "%atan_table_load = load i4 %atan_table_addr" [C:/ELEC522/sm512/asdf/fpga_hls/linearsolver.h:88->C:/ELEC522/sm512/asdf/fpga_hls/qrd.cpp:30]   --->   Operation 88 'load' 'atan_table_load' <Predicate = true> <Delay = 2.32> <CoreInst = "ROM">   --->   Core 94 'ROM' <Latency = 1> <II = 1> <Delay = 2.32> <Storage> <Opcode : 'load'> <Ports = 0> <Width = 11> <Depth = 13> <ROM>
ST_3 : Operation 89 [1/1] (0.00ns)   --->   "%shl_ln88_1 = bitconcatenate i22 @_ssdm_op_BitConcatenate.i22.i11.i11, i11 %atan_table_load, i11 0" [C:/ELEC522/sm512/asdf/fpga_hls/linearsolver.h:88->C:/ELEC522/sm512/asdf/fpga_hls/qrd.cpp:30]   --->   Operation 89 'bitconcatenate' 'shl_ln88_1' <Predicate = true> <Delay = 0.00>
ST_3 : Operation 90 [1/1] (0.00ns)   --->   "%zext_ln88_1 = zext i22 %shl_ln88_1" [C:/ELEC522/sm512/asdf/fpga_hls/linearsolver.h:88->C:/ELEC522/sm512/asdf/fpga_hls/qrd.cpp:30]   --->   Operation 90 'zext' 'zext_ln88_1' <Predicate = true> <Delay = 0.00>
ST_3 : Operation 91 [1/1] (2.25ns)   --->   "%sub_ln88_1 = sub i23 0, i23 %zext_ln88_1" [C:/ELEC522/sm512/asdf/fpga_hls/linearsolver.h:88->C:/ELEC522/sm512/asdf/fpga_hls/qrd.cpp:30]   --->   Operation 91 'sub' 'sub_ln88_1' <Predicate = (!tmp_639)> <Delay = 2.25> <CoreInst = "Adder">   --->   Core 1 'Adder' <Latency = 0> <II = 1> <Delay = 2.25> <FuncUnit> <Opcode : 'add' 'sub'> <InPorts = 2> <OutPorts = 1>
ST_3 : Operation 92 [1/1] (0.00ns) (grouped into LUT with out node sub_ln88)   --->   "%select_ln88 = select i1 %tmp_639, i23 %zext_ln88_1, i23 %sub_ln88_1" [C:/ELEC522/sm512/asdf/fpga_hls/linearsolver.h:88->C:/ELEC522/sm512/asdf/fpga_hls/qrd.cpp:30]   --->   Operation 92 'select' 'select_ln88' <Predicate = true> <Delay = 0.00> <CoreInst = "Sel">   --->   Core 73 'Sel' <Latency = 0> <II = 1> <Delay = 0.69> <FuncUnit> <Opcode : 'select'> <InPorts = 3> <OutPorts = 1>
ST_3 : Operation 93 [1/1] (0.00ns) (grouped into LUT with out node sub_ln88)   --->   "%shl_ln4 = bitconcatenate i27 @_ssdm_op_BitConcatenate.i27.i16.i11, i16 %z_25, i11 0" [C:/ELEC522/sm512/asdf/fpga_hls/linearsolver.h:88->C:/ELEC522/sm512/asdf/fpga_hls/qrd.cpp:30]   --->   Operation 93 'bitconcatenate' 'shl_ln4' <Predicate = true> <Delay = 0.00>
ST_3 : Operation 94 [1/1] (0.00ns) (grouped into LUT with out node sub_ln88)   --->   "%sext_ln88 = sext i27 %shl_ln4" [C:/ELEC522/sm512/asdf/fpga_hls/linearsolver.h:88->C:/ELEC522/sm512/asdf/fpga_hls/qrd.cpp:30]   --->   Operation 94 'sext' 'sext_ln88' <Predicate = true> <Delay = 0.00>
ST_3 : Operation 95 [1/1] (0.00ns) (grouped into LUT with out node sub_ln88)   --->   "%sext_ln88_1 = sext i23 %select_ln88" [C:/ELEC522/sm512/asdf/fpga_hls/linearsolver.h:88->C:/ELEC522/sm512/asdf/fpga_hls/qrd.cpp:30]   --->   Operation 95 'sext' 'sext_ln88_1' <Predicate = true> <Delay = 0.00>
ST_3 : Operation 96 [1/1] (2.40ns) (out node of the LUT)   --->   "%sub_ln88 = sub i28 %sext_ln88, i28 %sext_ln88_1" [C:/ELEC522/sm512/asdf/fpga_hls/linearsolver.h:88->C:/ELEC522/sm512/asdf/fpga_hls/qrd.cpp:30]   --->   Operation 96 'sub' 'sub_ln88' <Predicate = true> <Delay = 2.40> <CoreInst = "Adder">   --->   Core 1 'Adder' <Latency = 0> <II = 1> <Delay = 2.40> <FuncUnit> <Opcode : 'add' 'sub'> <InPorts = 2> <OutPorts = 1>
ST_3 : Operation 97 [1/1] (0.00ns)   --->   "%tmp_648 = bitselect i1 @_ssdm_op_BitSelect.i1.i28.i32, i28 %sub_ln88, i32 27" [C:/ELEC522/sm512/asdf/fpga_hls/linearsolver.h:88->C:/ELEC522/sm512/asdf/fpga_hls/qrd.cpp:30]   --->   Operation 97 'bitselect' 'tmp_648' <Predicate = true> <Delay = 0.00>
ST_3 : Operation 98 [1/1] (0.00ns)   --->   "%trunc_ln = partselect i16 @_ssdm_op_PartSelect.i16.i28.i32.i32, i28 %sub_ln88, i32 11, i32 26" [C:/ELEC522/sm512/asdf/fpga_hls/linearsolver.h:88->C:/ELEC522/sm512/asdf/fpga_hls/qrd.cpp:30]   --->   Operation 98 'partselect' 'trunc_ln' <Predicate = true> <Delay = 0.00>
ST_3 : Operation 99 [1/1] (0.00ns)   --->   "%tmp_649 = bitselect i1 @_ssdm_op_BitSelect.i1.i28.i32, i28 %sub_ln88, i32 10" [C:/ELEC522/sm512/asdf/fpga_hls/linearsolver.h:88->C:/ELEC522/sm512/asdf/fpga_hls/qrd.cpp:30]   --->   Operation 99 'bitselect' 'tmp_649' <Predicate = true> <Delay = 0.00>
ST_3 : Operation 100 [1/1] (0.00ns)   --->   "%tmp_650 = bitselect i1 @_ssdm_op_BitSelect.i1.i28.i32, i28 %sub_ln88, i32 26" [C:/ELEC522/sm512/asdf/fpga_hls/linearsolver.h:88->C:/ELEC522/sm512/asdf/fpga_hls/qrd.cpp:30]   --->   Operation 100 'bitselect' 'tmp_650' <Predicate = true> <Delay = 0.00>

State 4 <SV = 3> <Delay = 6.42>
ST_4 : Operation 101 [1/1] (0.00ns)   --->   "%specpipeline_ln82 = specpipeline void @_ssdm_op_SpecPipeline, i32 0, i32 0, i32 1, i32 0, void @empty_24" [C:/ELEC522/sm512/asdf/fpga_hls/linearsolver.h:82->C:/ELEC522/sm512/asdf/fpga_hls/qrd.cpp:30]   --->   Operation 101 'specpipeline' 'specpipeline_ln82' <Predicate = true> <Delay = 0.00>
ST_4 : Operation 102 [1/1] (0.00ns)   --->   "%speclooptripcount_ln66 = speclooptripcount void @_ssdm_op_SpecLoopTripCount, i64 13, i64 13, i64 13" [C:/ELEC522/sm512/asdf/fpga_hls/linearsolver.h:66->C:/ELEC522/sm512/asdf/fpga_hls/qrd.cpp:30]   --->   Operation 102 'speclooptripcount' 'speclooptripcount_ln66' <Predicate = true> <Delay = 0.00>
ST_4 : Operation 103 [1/1] (0.00ns)   --->   "%specloopname_ln81 = specloopname void @_ssdm_op_SpecLoopName, void @empty_22" [C:/ELEC522/sm512/asdf/fpga_hls/linearsolver.h:81->C:/ELEC522/sm512/asdf/fpga_hls/qrd.cpp:30]   --->   Operation 103 'specloopname' 'specloopname_ln81' <Predicate = true> <Delay = 0.00>
ST_4 : Operation 104 [1/1] (0.00ns)   --->   "%zext_ln86 = zext i1 %tmp_641" [C:/ELEC522/sm512/asdf/fpga_hls/linearsolver.h:86->C:/ELEC522/sm512/asdf/fpga_hls/qrd.cpp:30]   --->   Operation 104 'zext' 'zext_ln86' <Predicate = true> <Delay = 0.00>
ST_4 : Operation 105 [1/1] (2.07ns)   --->   "%x_temp_100 = add i16 %x_temp, i16 %zext_ln86" [C:/ELEC522/sm512/asdf/fpga_hls/linearsolver.h:86->C:/ELEC522/sm512/asdf/fpga_hls/qrd.cpp:30]   --->   Operation 105 'add' 'x_temp_100' <Predicate = true> <Delay = 2.07> <CoreInst = "Adder">   --->   Core 1 'Adder' <Latency = 0> <II = 1> <Delay = 2.07> <FuncUnit> <Opcode : 'add' 'sub'> <InPorts = 2> <OutPorts = 1>
ST_4 : Operation 106 [1/1] (0.00ns)   --->   "%tmp_643 = bitselect i1 @_ssdm_op_BitSelect.i1.i16.i32, i16 %x_temp_100, i32 15" [C:/ELEC522/sm512/asdf/fpga_hls/linearsolver.h:86->C:/ELEC522/sm512/asdf/fpga_hls/qrd.cpp:30]   --->   Operation 106 'bitselect' 'tmp_643' <Predicate = true> <Delay = 0.00>
ST_4 : Operation 107 [1/1] (0.00ns) (grouped into LUT with out node or_ln86_1)   --->   "%xor_ln86 = xor i1 %tmp_643, i1 1" [C:/ELEC522/sm512/asdf/fpga_hls/linearsolver.h:86->C:/ELEC522/sm512/asdf/fpga_hls/qrd.cpp:30]   --->   Operation 107 'xor' 'xor_ln86' <Predicate = true> <Delay = 0.00> <CoreInst = "LogicGate">   --->   Core 74 'LogicGate' <Latency = 0> <II = 1> <Delay = 0.97> <FuncUnit> <Opcode : 'and' 'or' 'xor'> <InPorts = 2> <OutPorts = 1>
ST_4 : Operation 108 [1/1] (0.00ns) (grouped into LUT with out node or_ln86_1)   --->   "%and_ln86 = and i1 %tmp_642, i1 %xor_ln86" [C:/ELEC522/sm512/asdf/fpga_hls/linearsolver.h:86->C:/ELEC522/sm512/asdf/fpga_hls/qrd.cpp:30]   --->   Operation 108 'and' 'and_ln86' <Predicate = true> <Delay = 0.00> <CoreInst = "LogicGate">   --->   Core 74 'LogicGate' <Latency = 0> <II = 1> <Delay = 0.97> <FuncUnit> <Opcode : 'and' 'or' 'xor'> <InPorts = 2> <OutPorts = 1>
ST_4 : Operation 109 [1/1] (0.00ns) (grouped into LUT with out node and_ln86_1)   --->   "%xor_ln86_2 = xor i1 %tmp_642, i1 1" [C:/ELEC522/sm512/asdf/fpga_hls/linearsolver.h:86->C:/ELEC522/sm512/asdf/fpga_hls/qrd.cpp:30]   --->   Operation 109 'xor' 'xor_ln86_2' <Predicate = true> <Delay = 0.00> <CoreInst = "LogicGate">   --->   Core 74 'LogicGate' <Latency = 0> <II = 1> <Delay = 0.97> <FuncUnit> <Opcode : 'and' 'or' 'xor'> <InPorts = 2> <OutPorts = 1>
ST_4 : Operation 110 [1/1] (0.00ns) (grouped into LUT with out node and_ln86_1)   --->   "%or_ln86_2 = or i1 %tmp_643, i1 %xor_ln86_2" [C:/ELEC522/sm512/asdf/fpga_hls/linearsolver.h:86->C:/ELEC522/sm512/asdf/fpga_hls/qrd.cpp:30]   --->   Operation 110 'or' 'or_ln86_2' <Predicate = true> <Delay = 0.00> <CoreInst = "LogicGate">   --->   Core 74 'LogicGate' <Latency = 0> <II = 1> <Delay = 0.97> <FuncUnit> <Opcode : 'and' 'or' 'xor'> <InPorts = 2> <OutPorts = 1>
ST_4 : Operation 111 [1/1] (0.00ns) (grouped into LUT with out node and_ln86_1)   --->   "%xor_ln86_4 = xor i1 %tmp_640, i1 %or_ln86_2" [C:/ELEC522/sm512/asdf/fpga_hls/linearsolver.h:86->C:/ELEC522/sm512/asdf/fpga_hls/qrd.cpp:30]   --->   Operation 111 'xor' 'xor_ln86_4' <Predicate = true> <Delay = 0.00> <CoreInst = "LogicGate">   --->   Core 74 'LogicGate' <Latency = 0> <II = 1> <Delay = 0.97> <FuncUnit> <Opcode : 'and' 'or' 'xor'> <InPorts = 2> <OutPorts = 1>
ST_4 : Operation 112 [1/1] (0.00ns) (grouped into LUT with out node and_ln86_1)   --->   "%xor_ln86_1 = xor i1 %tmp_640, i1 1" [C:/ELEC522/sm512/asdf/fpga_hls/linearsolver.h:86->C:/ELEC522/sm512/asdf/fpga_hls/qrd.cpp:30]   --->   Operation 112 'xor' 'xor_ln86_1' <Predicate = true> <Delay = 0.00> <CoreInst = "LogicGate">   --->   Core 74 'LogicGate' <Latency = 0> <II = 1> <Delay = 0.97> <FuncUnit> <Opcode : 'and' 'or' 'xor'> <InPorts = 2> <OutPorts = 1>
ST_4 : Operation 113 [1/1] (0.00ns) (grouped into LUT with out node and_ln86_1)   --->   "%xor_ln86_3 = xor i1 %xor_ln86_4, i1 1" [C:/ELEC522/sm512/asdf/fpga_hls/linearsolver.h:86->C:/ELEC522/sm512/asdf/fpga_hls/qrd.cpp:30]   --->   Operation 113 'xor' 'xor_ln86_3' <Predicate = true> <Delay = 0.00> <CoreInst = "LogicGate">   --->   Core 74 'LogicGate' <Latency = 0> <II = 1> <Delay = 0.97> <FuncUnit> <Opcode : 'and' 'or' 'xor'> <InPorts = 2> <OutPorts = 1>
ST_4 : Operation 114 [1/1] (0.00ns) (grouped into LUT with out node and_ln86_1)   --->   "%or_ln86 = or i1 %tmp_643, i1 %xor_ln86_3" [C:/ELEC522/sm512/asdf/fpga_hls/linearsolver.h:86->C:/ELEC522/sm512/asdf/fpga_hls/qrd.cpp:30]   --->   Operation 114 'or' 'or_ln86' <Predicate = true> <Delay = 0.00> <CoreInst = "LogicGate">   --->   Core 74 'LogicGate' <Latency = 0> <II = 1> <Delay = 0.97> <FuncUnit> <Opcode : 'and' 'or' 'xor'> <InPorts = 2> <OutPorts = 1>
ST_4 : Operation 115 [1/1] (0.97ns) (out node of the LUT)   --->   "%and_ln86_1 = and i1 %or_ln86, i1 %xor_ln86_1" [C:/ELEC522/sm512/asdf/fpga_hls/linearsolver.h:86->C:/ELEC522/sm512/asdf/fpga_hls/qrd.cpp:30]   --->   Operation 115 'and' 'and_ln86_1' <Predicate = true> <Delay = 0.97> <CoreInst = "LogicGate">   --->   Core 74 'LogicGate' <Latency = 0> <II = 1> <Delay = 0.97> <FuncUnit> <Opcode : 'and' 'or' 'xor'> <InPorts = 2> <OutPorts = 1>
ST_4 : Operation 116 [1/1] (0.00ns) (grouped into LUT with out node or_ln86_1)   --->   "%or_ln86_3 = or i1 %and_ln86, i1 %tmp_643" [C:/ELEC522/sm512/asdf/fpga_hls/linearsolver.h:86->C:/ELEC522/sm512/asdf/fpga_hls/qrd.cpp:30]   --->   Operation 116 'or' 'or_ln86_3' <Predicate = true> <Delay = 0.00> <CoreInst = "LogicGate">   --->   Core 74 'LogicGate' <Latency = 0> <II = 1> <Delay = 0.97> <FuncUnit> <Opcode : 'and' 'or' 'xor'> <InPorts = 2> <OutPorts = 1>
ST_4 : Operation 117 [1/1] (0.00ns) (grouped into LUT with out node or_ln86_1)   --->   "%xor_ln86_5 = xor i1 %or_ln86_3, i1 1" [C:/ELEC522/sm512/asdf/fpga_hls/linearsolver.h:86->C:/ELEC522/sm512/asdf/fpga_hls/qrd.cpp:30]   --->   Operation 117 'xor' 'xor_ln86_5' <Predicate = true> <Delay = 0.00> <CoreInst = "LogicGate">   --->   Core 74 'LogicGate' <Latency = 0> <II = 1> <Delay = 0.97> <FuncUnit> <Opcode : 'and' 'or' 'xor'> <InPorts = 2> <OutPorts = 1>
ST_4 : Operation 118 [1/1] (0.00ns) (grouped into LUT with out node or_ln86_1)   --->   "%and_ln86_2 = and i1 %tmp_640, i1 %xor_ln86_5" [C:/ELEC522/sm512/asdf/fpga_hls/linearsolver.h:86->C:/ELEC522/sm512/asdf/fpga_hls/qrd.cpp:30]   --->   Operation 118 'and' 'and_ln86_2' <Predicate = true> <Delay = 0.00> <CoreInst = "LogicGate">   --->   Core 74 'LogicGate' <Latency = 0> <II = 1> <Delay = 0.97> <FuncUnit> <Opcode : 'and' 'or' 'xor'> <InPorts = 2> <OutPorts = 1>
ST_4 : Operation 119 [1/1] (0.00ns) (grouped into LUT with out node x_temp_102)   --->   "%select_ln86_1 = select i1 %and_ln86_1, i16 32767, i16 32768" [C:/ELEC522/sm512/asdf/fpga_hls/linearsolver.h:86->C:/ELEC522/sm512/asdf/fpga_hls/qrd.cpp:30]   --->   Operation 119 'select' 'select_ln86_1' <Predicate = true> <Delay = 0.00> <CoreInst = "Sel">   --->   Core 73 'Sel' <Latency = 0> <II = 1> <Delay = 0.80> <FuncUnit> <Opcode : 'select'> <InPorts = 3> <OutPorts = 1>
ST_4 : Operation 120 [1/1] (0.97ns) (out node of the LUT)   --->   "%or_ln86_1 = or i1 %and_ln86_1, i1 %and_ln86_2" [C:/ELEC522/sm512/asdf/fpga_hls/linearsolver.h:86->C:/ELEC522/sm512/asdf/fpga_hls/qrd.cpp:30]   --->   Operation 120 'or' 'or_ln86_1' <Predicate = true> <Delay = 0.97> <CoreInst = "LogicGate">   --->   Core 74 'LogicGate' <Latency = 0> <II = 1> <Delay = 0.97> <FuncUnit> <Opcode : 'and' 'or' 'xor'> <InPorts = 2> <OutPorts = 1>
ST_4 : Operation 121 [1/1] (0.80ns) (out node of the LUT)   --->   "%x_temp_102 = select i1 %or_ln86_1, i16 %select_ln86_1, i16 %x_temp_100" [C:/ELEC522/sm512/asdf/fpga_hls/linearsolver.h:86->C:/ELEC522/sm512/asdf/fpga_hls/qrd.cpp:30]   --->   Operation 121 'select' 'x_temp_102' <Predicate = true> <Delay = 0.80> <CoreInst = "Sel">   --->   Core 73 'Sel' <Latency = 0> <II = 1> <Delay = 0.80> <FuncUnit> <Opcode : 'select'> <InPorts = 3> <OutPorts = 1>
ST_4 : Operation 122 [1/1] (0.00ns)   --->   "%zext_ln87 = zext i1 %tmp_645" [C:/ELEC522/sm512/asdf/fpga_hls/linearsolver.h:87->C:/ELEC522/sm512/asdf/fpga_hls/qrd.cpp:30]   --->   Operation 122 'zext' 'zext_ln87' <Predicate = true> <Delay = 0.00>
ST_4 : Operation 123 [1/1] (2.07ns)   --->   "%y_temp_100 = add i16 %y_temp, i16 %zext_ln87" [C:/ELEC522/sm512/asdf/fpga_hls/linearsolver.h:87->C:/ELEC522/sm512/asdf/fpga_hls/qrd.cpp:30]   --->   Operation 123 'add' 'y_temp_100' <Predicate = true> <Delay = 2.07> <CoreInst = "Adder">   --->   Core 1 'Adder' <Latency = 0> <II = 1> <Delay = 2.07> <FuncUnit> <Opcode : 'add' 'sub'> <InPorts = 2> <OutPorts = 1>
ST_4 : Operation 124 [1/1] (0.00ns)   --->   "%tmp_647 = bitselect i1 @_ssdm_op_BitSelect.i1.i16.i32, i16 %y_temp_100, i32 15" [C:/ELEC522/sm512/asdf/fpga_hls/linearsolver.h:87->C:/ELEC522/sm512/asdf/fpga_hls/qrd.cpp:30]   --->   Operation 124 'bitselect' 'tmp_647' <Predicate = true> <Delay = 0.00>
ST_4 : Operation 125 [1/1] (0.00ns) (grouped into LUT with out node or_ln87_1)   --->   "%xor_ln87 = xor i1 %tmp_647, i1 1" [C:/ELEC522/sm512/asdf/fpga_hls/linearsolver.h:87->C:/ELEC522/sm512/asdf/fpga_hls/qrd.cpp:30]   --->   Operation 125 'xor' 'xor_ln87' <Predicate = true> <Delay = 0.00> <CoreInst = "LogicGate">   --->   Core 74 'LogicGate' <Latency = 0> <II = 1> <Delay = 0.97> <FuncUnit> <Opcode : 'and' 'or' 'xor'> <InPorts = 2> <OutPorts = 1>
ST_4 : Operation 126 [1/1] (0.00ns) (grouped into LUT with out node or_ln87_1)   --->   "%and_ln87 = and i1 %tmp_646, i1 %xor_ln87" [C:/ELEC522/sm512/asdf/fpga_hls/linearsolver.h:87->C:/ELEC522/sm512/asdf/fpga_hls/qrd.cpp:30]   --->   Operation 126 'and' 'and_ln87' <Predicate = true> <Delay = 0.00> <CoreInst = "LogicGate">   --->   Core 74 'LogicGate' <Latency = 0> <II = 1> <Delay = 0.97> <FuncUnit> <Opcode : 'and' 'or' 'xor'> <InPorts = 2> <OutPorts = 1>
ST_4 : Operation 127 [1/1] (0.00ns) (grouped into LUT with out node and_ln87_1)   --->   "%xor_ln87_2 = xor i1 %tmp_646, i1 1" [C:/ELEC522/sm512/asdf/fpga_hls/linearsolver.h:87->C:/ELEC522/sm512/asdf/fpga_hls/qrd.cpp:30]   --->   Operation 127 'xor' 'xor_ln87_2' <Predicate = true> <Delay = 0.00> <CoreInst = "LogicGate">   --->   Core 74 'LogicGate' <Latency = 0> <II = 1> <Delay = 0.97> <FuncUnit> <Opcode : 'and' 'or' 'xor'> <InPorts = 2> <OutPorts = 1>
ST_4 : Operation 128 [1/1] (0.00ns) (grouped into LUT with out node and_ln87_1)   --->   "%or_ln87_2 = or i1 %tmp_647, i1 %xor_ln87_2" [C:/ELEC522/sm512/asdf/fpga_hls/linearsolver.h:87->C:/ELEC522/sm512/asdf/fpga_hls/qrd.cpp:30]   --->   Operation 128 'or' 'or_ln87_2' <Predicate = true> <Delay = 0.00> <CoreInst = "LogicGate">   --->   Core 74 'LogicGate' <Latency = 0> <II = 1> <Delay = 0.97> <FuncUnit> <Opcode : 'and' 'or' 'xor'> <InPorts = 2> <OutPorts = 1>
ST_4 : Operation 129 [1/1] (0.00ns) (grouped into LUT with out node and_ln87_1)   --->   "%xor_ln87_4 = xor i1 %tmp_644, i1 %or_ln87_2" [C:/ELEC522/sm512/asdf/fpga_hls/linearsolver.h:87->C:/ELEC522/sm512/asdf/fpga_hls/qrd.cpp:30]   --->   Operation 129 'xor' 'xor_ln87_4' <Predicate = true> <Delay = 0.00> <CoreInst = "LogicGate">   --->   Core 74 'LogicGate' <Latency = 0> <II = 1> <Delay = 0.97> <FuncUnit> <Opcode : 'and' 'or' 'xor'> <InPorts = 2> <OutPorts = 1>
ST_4 : Operation 130 [1/1] (0.00ns) (grouped into LUT with out node and_ln87_1)   --->   "%xor_ln87_1 = xor i1 %tmp_644, i1 1" [C:/ELEC522/sm512/asdf/fpga_hls/linearsolver.h:87->C:/ELEC522/sm512/asdf/fpga_hls/qrd.cpp:30]   --->   Operation 130 'xor' 'xor_ln87_1' <Predicate = true> <Delay = 0.00> <CoreInst = "LogicGate">   --->   Core 74 'LogicGate' <Latency = 0> <II = 1> <Delay = 0.97> <FuncUnit> <Opcode : 'and' 'or' 'xor'> <InPorts = 2> <OutPorts = 1>
ST_4 : Operation 131 [1/1] (0.00ns) (grouped into LUT with out node and_ln87_1)   --->   "%xor_ln87_3 = xor i1 %xor_ln87_4, i1 1" [C:/ELEC522/sm512/asdf/fpga_hls/linearsolver.h:87->C:/ELEC522/sm512/asdf/fpga_hls/qrd.cpp:30]   --->   Operation 131 'xor' 'xor_ln87_3' <Predicate = true> <Delay = 0.00> <CoreInst = "LogicGate">   --->   Core 74 'LogicGate' <Latency = 0> <II = 1> <Delay = 0.97> <FuncUnit> <Opcode : 'and' 'or' 'xor'> <InPorts = 2> <OutPorts = 1>
ST_4 : Operation 132 [1/1] (0.00ns) (grouped into LUT with out node and_ln87_1)   --->   "%or_ln87 = or i1 %tmp_647, i1 %xor_ln87_3" [C:/ELEC522/sm512/asdf/fpga_hls/linearsolver.h:87->C:/ELEC522/sm512/asdf/fpga_hls/qrd.cpp:30]   --->   Operation 132 'or' 'or_ln87' <Predicate = true> <Delay = 0.00> <CoreInst = "LogicGate">   --->   Core 74 'LogicGate' <Latency = 0> <II = 1> <Delay = 0.97> <FuncUnit> <Opcode : 'and' 'or' 'xor'> <InPorts = 2> <OutPorts = 1>
ST_4 : Operation 133 [1/1] (0.97ns) (out node of the LUT)   --->   "%and_ln87_1 = and i1 %or_ln87, i1 %xor_ln87_1" [C:/ELEC522/sm512/asdf/fpga_hls/linearsolver.h:87->C:/ELEC522/sm512/asdf/fpga_hls/qrd.cpp:30]   --->   Operation 133 'and' 'and_ln87_1' <Predicate = true> <Delay = 0.97> <CoreInst = "LogicGate">   --->   Core 74 'LogicGate' <Latency = 0> <II = 1> <Delay = 0.97> <FuncUnit> <Opcode : 'and' 'or' 'xor'> <InPorts = 2> <OutPorts = 1>
ST_4 : Operation 134 [1/1] (0.00ns) (grouped into LUT with out node or_ln87_1)   --->   "%or_ln87_3 = or i1 %and_ln87, i1 %tmp_647" [C:/ELEC522/sm512/asdf/fpga_hls/linearsolver.h:87->C:/ELEC522/sm512/asdf/fpga_hls/qrd.cpp:30]   --->   Operation 134 'or' 'or_ln87_3' <Predicate = true> <Delay = 0.00> <CoreInst = "LogicGate">   --->   Core 74 'LogicGate' <Latency = 0> <II = 1> <Delay = 0.97> <FuncUnit> <Opcode : 'and' 'or' 'xor'> <InPorts = 2> <OutPorts = 1>
ST_4 : Operation 135 [1/1] (0.00ns) (grouped into LUT with out node or_ln87_1)   --->   "%xor_ln87_5 = xor i1 %or_ln87_3, i1 1" [C:/ELEC522/sm512/asdf/fpga_hls/linearsolver.h:87->C:/ELEC522/sm512/asdf/fpga_hls/qrd.cpp:30]   --->   Operation 135 'xor' 'xor_ln87_5' <Predicate = true> <Delay = 0.00> <CoreInst = "LogicGate">   --->   Core 74 'LogicGate' <Latency = 0> <II = 1> <Delay = 0.97> <FuncUnit> <Opcode : 'and' 'or' 'xor'> <InPorts = 2> <OutPorts = 1>
ST_4 : Operation 136 [1/1] (0.00ns) (grouped into LUT with out node or_ln87_1)   --->   "%and_ln87_2 = and i1 %tmp_644, i1 %xor_ln87_5" [C:/ELEC522/sm512/asdf/fpga_hls/linearsolver.h:87->C:/ELEC522/sm512/asdf/fpga_hls/qrd.cpp:30]   --->   Operation 136 'and' 'and_ln87_2' <Predicate = true> <Delay = 0.00> <CoreInst = "LogicGate">   --->   Core 74 'LogicGate' <Latency = 0> <II = 1> <Delay = 0.97> <FuncUnit> <Opcode : 'and' 'or' 'xor'> <InPorts = 2> <OutPorts = 1>
ST_4 : Operation 137 [1/1] (0.00ns) (grouped into LUT with out node y_temp_102)   --->   "%select_ln87_1 = select i1 %and_ln87_1, i16 32767, i16 32768" [C:/ELEC522/sm512/asdf/fpga_hls/linearsolver.h:87->C:/ELEC522/sm512/asdf/fpga_hls/qrd.cpp:30]   --->   Operation 137 'select' 'select_ln87_1' <Predicate = true> <Delay = 0.00> <CoreInst = "Sel">   --->   Core 73 'Sel' <Latency = 0> <II = 1> <Delay = 0.80> <FuncUnit> <Opcode : 'select'> <InPorts = 3> <OutPorts = 1>
ST_4 : Operation 138 [1/1] (0.97ns) (out node of the LUT)   --->   "%or_ln87_1 = or i1 %and_ln87_1, i1 %and_ln87_2" [C:/ELEC522/sm512/asdf/fpga_hls/linearsolver.h:87->C:/ELEC522/sm512/asdf/fpga_hls/qrd.cpp:30]   --->   Operation 138 'or' 'or_ln87_1' <Predicate = true> <Delay = 0.97> <CoreInst = "LogicGate">   --->   Core 74 'LogicGate' <Latency = 0> <II = 1> <Delay = 0.97> <FuncUnit> <Opcode : 'and' 'or' 'xor'> <InPorts = 2> <OutPorts = 1>
ST_4 : Operation 139 [1/1] (0.80ns) (out node of the LUT)   --->   "%y_temp_102 = select i1 %or_ln87_1, i16 %select_ln87_1, i16 %y_temp_100" [C:/ELEC522/sm512/asdf/fpga_hls/linearsolver.h:87->C:/ELEC522/sm512/asdf/fpga_hls/qrd.cpp:30]   --->   Operation 139 'select' 'y_temp_102' <Predicate = true> <Delay = 0.80> <CoreInst = "Sel">   --->   Core 73 'Sel' <Latency = 0> <II = 1> <Delay = 0.80> <FuncUnit> <Opcode : 'select'> <InPorts = 3> <OutPorts = 1>
ST_4 : Operation 140 [1/1] (0.00ns)   --->   "%zext_ln88 = zext i1 %tmp_649" [C:/ELEC522/sm512/asdf/fpga_hls/linearsolver.h:88->C:/ELEC522/sm512/asdf/fpga_hls/qrd.cpp:30]   --->   Operation 140 'zext' 'zext_ln88' <Predicate = true> <Delay = 0.00>
ST_4 : Operation 141 [1/1] (2.07ns)   --->   "%add_ln88 = add i16 %trunc_ln, i16 %zext_ln88" [C:/ELEC522/sm512/asdf/fpga_hls/linearsolver.h:88->C:/ELEC522/sm512/asdf/fpga_hls/qrd.cpp:30]   --->   Operation 141 'add' 'add_ln88' <Predicate = true> <Delay = 2.07> <CoreInst = "Adder">   --->   Core 1 'Adder' <Latency = 0> <II = 1> <Delay = 2.07> <FuncUnit> <Opcode : 'add' 'sub'> <InPorts = 2> <OutPorts = 1>
ST_4 : Operation 142 [1/1] (0.00ns)   --->   "%tmp_651 = bitselect i1 @_ssdm_op_BitSelect.i1.i16.i32, i16 %add_ln88, i32 15" [C:/ELEC522/sm512/asdf/fpga_hls/linearsolver.h:88->C:/ELEC522/sm512/asdf/fpga_hls/qrd.cpp:30]   --->   Operation 142 'bitselect' 'tmp_651' <Predicate = true> <Delay = 0.00>
ST_4 : Operation 143 [1/1] (0.00ns) (grouped into LUT with out node or_ln88_1)   --->   "%xor_ln88 = xor i1 %tmp_651, i1 1" [C:/ELEC522/sm512/asdf/fpga_hls/linearsolver.h:88->C:/ELEC522/sm512/asdf/fpga_hls/qrd.cpp:30]   --->   Operation 143 'xor' 'xor_ln88' <Predicate = true> <Delay = 0.00> <CoreInst = "LogicGate">   --->   Core 74 'LogicGate' <Latency = 0> <II = 1> <Delay = 0.97> <FuncUnit> <Opcode : 'and' 'or' 'xor'> <InPorts = 2> <OutPorts = 1>
ST_4 : Operation 144 [1/1] (0.00ns) (grouped into LUT with out node or_ln88_1)   --->   "%and_ln88 = and i1 %tmp_650, i1 %xor_ln88" [C:/ELEC522/sm512/asdf/fpga_hls/linearsolver.h:88->C:/ELEC522/sm512/asdf/fpga_hls/qrd.cpp:30]   --->   Operation 144 'and' 'and_ln88' <Predicate = true> <Delay = 0.00> <CoreInst = "LogicGate">   --->   Core 74 'LogicGate' <Latency = 0> <II = 1> <Delay = 0.97> <FuncUnit> <Opcode : 'and' 'or' 'xor'> <InPorts = 2> <OutPorts = 1>
ST_4 : Operation 145 [1/1] (0.00ns) (grouped into LUT with out node and_ln88_1)   --->   "%xor_ln88_2 = xor i1 %tmp_650, i1 1" [C:/ELEC522/sm512/asdf/fpga_hls/linearsolver.h:88->C:/ELEC522/sm512/asdf/fpga_hls/qrd.cpp:30]   --->   Operation 145 'xor' 'xor_ln88_2' <Predicate = true> <Delay = 0.00> <CoreInst = "LogicGate">   --->   Core 74 'LogicGate' <Latency = 0> <II = 1> <Delay = 0.97> <FuncUnit> <Opcode : 'and' 'or' 'xor'> <InPorts = 2> <OutPorts = 1>
ST_4 : Operation 146 [1/1] (0.00ns) (grouped into LUT with out node and_ln88_1)   --->   "%or_ln88_2 = or i1 %tmp_651, i1 %xor_ln88_2" [C:/ELEC522/sm512/asdf/fpga_hls/linearsolver.h:88->C:/ELEC522/sm512/asdf/fpga_hls/qrd.cpp:30]   --->   Operation 146 'or' 'or_ln88_2' <Predicate = true> <Delay = 0.00> <CoreInst = "LogicGate">   --->   Core 74 'LogicGate' <Latency = 0> <II = 1> <Delay = 0.97> <FuncUnit> <Opcode : 'and' 'or' 'xor'> <InPorts = 2> <OutPorts = 1>
ST_4 : Operation 147 [1/1] (0.00ns) (grouped into LUT with out node and_ln88_1)   --->   "%xor_ln88_4 = xor i1 %tmp_648, i1 %or_ln88_2" [C:/ELEC522/sm512/asdf/fpga_hls/linearsolver.h:88->C:/ELEC522/sm512/asdf/fpga_hls/qrd.cpp:30]   --->   Operation 147 'xor' 'xor_ln88_4' <Predicate = true> <Delay = 0.00> <CoreInst = "LogicGate">   --->   Core 74 'LogicGate' <Latency = 0> <II = 1> <Delay = 0.97> <FuncUnit> <Opcode : 'and' 'or' 'xor'> <InPorts = 2> <OutPorts = 1>
ST_4 : Operation 148 [1/1] (0.00ns) (grouped into LUT with out node and_ln88_1)   --->   "%xor_ln88_1 = xor i1 %tmp_648, i1 1" [C:/ELEC522/sm512/asdf/fpga_hls/linearsolver.h:88->C:/ELEC522/sm512/asdf/fpga_hls/qrd.cpp:30]   --->   Operation 148 'xor' 'xor_ln88_1' <Predicate = true> <Delay = 0.00> <CoreInst = "LogicGate">   --->   Core 74 'LogicGate' <Latency = 0> <II = 1> <Delay = 0.97> <FuncUnit> <Opcode : 'and' 'or' 'xor'> <InPorts = 2> <OutPorts = 1>
ST_4 : Operation 149 [1/1] (0.00ns) (grouped into LUT with out node and_ln88_1)   --->   "%xor_ln88_3 = xor i1 %xor_ln88_4, i1 1" [C:/ELEC522/sm512/asdf/fpga_hls/linearsolver.h:88->C:/ELEC522/sm512/asdf/fpga_hls/qrd.cpp:30]   --->   Operation 149 'xor' 'xor_ln88_3' <Predicate = true> <Delay = 0.00> <CoreInst = "LogicGate">   --->   Core 74 'LogicGate' <Latency = 0> <II = 1> <Delay = 0.97> <FuncUnit> <Opcode : 'and' 'or' 'xor'> <InPorts = 2> <OutPorts = 1>
ST_4 : Operation 150 [1/1] (0.00ns) (grouped into LUT with out node and_ln88_1)   --->   "%or_ln88 = or i1 %tmp_651, i1 %xor_ln88_3" [C:/ELEC522/sm512/asdf/fpga_hls/linearsolver.h:88->C:/ELEC522/sm512/asdf/fpga_hls/qrd.cpp:30]   --->   Operation 150 'or' 'or_ln88' <Predicate = true> <Delay = 0.00> <CoreInst = "LogicGate">   --->   Core 74 'LogicGate' <Latency = 0> <II = 1> <Delay = 0.97> <FuncUnit> <Opcode : 'and' 'or' 'xor'> <InPorts = 2> <OutPorts = 1>
ST_4 : Operation 151 [1/1] (0.97ns) (out node of the LUT)   --->   "%and_ln88_1 = and i1 %or_ln88, i1 %xor_ln88_1" [C:/ELEC522/sm512/asdf/fpga_hls/linearsolver.h:88->C:/ELEC522/sm512/asdf/fpga_hls/qrd.cpp:30]   --->   Operation 151 'and' 'and_ln88_1' <Predicate = true> <Delay = 0.97> <CoreInst = "LogicGate">   --->   Core 74 'LogicGate' <Latency = 0> <II = 1> <Delay = 0.97> <FuncUnit> <Opcode : 'and' 'or' 'xor'> <InPorts = 2> <OutPorts = 1>
ST_4 : Operation 152 [1/1] (0.00ns) (grouped into LUT with out node or_ln88_1)   --->   "%or_ln88_3 = or i1 %and_ln88, i1 %tmp_651" [C:/ELEC522/sm512/asdf/fpga_hls/linearsolver.h:88->C:/ELEC522/sm512/asdf/fpga_hls/qrd.cpp:30]   --->   Operation 152 'or' 'or_ln88_3' <Predicate = true> <Delay = 0.00> <CoreInst = "LogicGate">   --->   Core 74 'LogicGate' <Latency = 0> <II = 1> <Delay = 0.97> <FuncUnit> <Opcode : 'and' 'or' 'xor'> <InPorts = 2> <OutPorts = 1>
ST_4 : Operation 153 [1/1] (0.00ns) (grouped into LUT with out node or_ln88_1)   --->   "%xor_ln88_5 = xor i1 %or_ln88_3, i1 1" [C:/ELEC522/sm512/asdf/fpga_hls/linearsolver.h:88->C:/ELEC522/sm512/asdf/fpga_hls/qrd.cpp:30]   --->   Operation 153 'xor' 'xor_ln88_5' <Predicate = true> <Delay = 0.00> <CoreInst = "LogicGate">   --->   Core 74 'LogicGate' <Latency = 0> <II = 1> <Delay = 0.97> <FuncUnit> <Opcode : 'and' 'or' 'xor'> <InPorts = 2> <OutPorts = 1>
ST_4 : Operation 154 [1/1] (0.00ns) (grouped into LUT with out node or_ln88_1)   --->   "%and_ln88_2 = and i1 %tmp_648, i1 %xor_ln88_5" [C:/ELEC522/sm512/asdf/fpga_hls/linearsolver.h:88->C:/ELEC522/sm512/asdf/fpga_hls/qrd.cpp:30]   --->   Operation 154 'and' 'and_ln88_2' <Predicate = true> <Delay = 0.00> <CoreInst = "LogicGate">   --->   Core 74 'LogicGate' <Latency = 0> <II = 1> <Delay = 0.97> <FuncUnit> <Opcode : 'and' 'or' 'xor'> <InPorts = 2> <OutPorts = 1>
ST_4 : Operation 155 [1/1] (0.00ns) (grouped into LUT with out node z_26)   --->   "%select_ln88_1 = select i1 %and_ln88_1, i16 32767, i16 32768" [C:/ELEC522/sm512/asdf/fpga_hls/linearsolver.h:88->C:/ELEC522/sm512/asdf/fpga_hls/qrd.cpp:30]   --->   Operation 155 'select' 'select_ln88_1' <Predicate = true> <Delay = 0.00> <CoreInst = "Sel">   --->   Core 73 'Sel' <Latency = 0> <II = 1> <Delay = 0.80> <FuncUnit> <Opcode : 'select'> <InPorts = 3> <OutPorts = 1>
ST_4 : Operation 156 [1/1] (0.97ns) (out node of the LUT)   --->   "%or_ln88_1 = or i1 %and_ln88_1, i1 %and_ln88_2" [C:/ELEC522/sm512/asdf/fpga_hls/linearsolver.h:88->C:/ELEC522/sm512/asdf/fpga_hls/qrd.cpp:30]   --->   Operation 156 'or' 'or_ln88_1' <Predicate = true> <Delay = 0.97> <CoreInst = "LogicGate">   --->   Core 74 'LogicGate' <Latency = 0> <II = 1> <Delay = 0.97> <FuncUnit> <Opcode : 'and' 'or' 'xor'> <InPorts = 2> <OutPorts = 1>
ST_4 : Operation 157 [1/1] (0.80ns) (out node of the LUT)   --->   "%z_26 = select i1 %or_ln88_1, i16 %select_ln88_1, i16 %add_ln88" [C:/ELEC522/sm512/asdf/fpga_hls/linearsolver.h:88->C:/ELEC522/sm512/asdf/fpga_hls/qrd.cpp:30]   --->   Operation 157 'select' 'z_26' <Predicate = true> <Delay = 0.80> <CoreInst = "Sel">   --->   Core 73 'Sel' <Latency = 0> <II = 1> <Delay = 0.80> <FuncUnit> <Opcode : 'select'> <InPorts = 3> <OutPorts = 1>
ST_4 : Operation 158 [1/1] (1.58ns)   --->   "%store_ln68 = store i16 %z_26, i16 %z" [C:/ELEC522/sm512/asdf/fpga_hls/linearsolver.h:68->C:/ELEC522/sm512/asdf/fpga_hls/qrd.cpp:30]   --->   Operation 158 'store' 'store_ln68' <Predicate = true> <Delay = 1.58>
ST_4 : Operation 159 [1/1] (1.58ns)   --->   "%store_ln67 = store i16 %y_temp_102, i16 %y_25" [C:/ELEC522/sm512/asdf/fpga_hls/linearsolver.h:67->C:/ELEC522/sm512/asdf/fpga_hls/qrd.cpp:30]   --->   Operation 159 'store' 'store_ln67' <Predicate = true> <Delay = 1.58>
ST_4 : Operation 160 [1/1] (1.58ns)   --->   "%store_ln66 = store i16 %x_temp_102, i16 %x_25" [C:/ELEC522/sm512/asdf/fpga_hls/linearsolver.h:66->C:/ELEC522/sm512/asdf/fpga_hls/qrd.cpp:30]   --->   Operation 160 'store' 'store_ln66' <Predicate = true> <Delay = 1.58>
ST_4 : Operation 161 [1/1] (0.00ns)   --->   "%br_ln81 = br void %for.body.i" [C:/ELEC522/sm512/asdf/fpga_hls/linearsolver.h:81->C:/ELEC522/sm512/asdf/fpga_hls/qrd.cpp:30]   --->   Operation 161 'br' 'br_ln81' <Predicate = true> <Delay = 0.00>

State 5 <SV = 2> <Delay = 0.00>
ST_5 : Operation 162 [1/1] (0.00ns)   --->   "%theta_out_write_assign = phi i16 0, void %newFuncRoot, i16 %z_25, void %_ZL11cordic_atan8ap_fixedILi16ELi5EL9ap_q_mode0EL9ap_o_mode0ELi0EES2_RS2_S3_.100.exit.loopexit"   --->   Operation 162 'phi' 'theta_out_write_assign' <Predicate = true> <Delay = 0.00>
ST_5 : Operation 163 [1/1] (0.00ns)   --->   "%ret_ln0 = ret i16 %theta_out_write_assign"   --->   Operation 163 'ret' 'ret_ln0' <Predicate = true> <Delay = 0.00>


============================================================
+ Verbose Summary: Timing violations
============================================================
Target clock period: 10.000ns, clock uncertainty: 2.000ns.

 <State 1>: 5.621ns
The critical path consists of the following:
	wire read operation ('p_0_0_035325_read', C:/ELEC522/sm512/asdf/fpga_hls/linearsolver.h:64->C:/ELEC522/sm512/asdf/fpga_hls/qrd.cpp:30) on port 'p_0_0_035325' (C:/ELEC522/sm512/asdf/fpga_hls/linearsolver.h:64->C:/ELEC522/sm512/asdf/fpga_hls/qrd.cpp:30) [4]  (0.000 ns)
	'sub' operation 17 bit ('sub_ln77_1', C:/ELEC522/sm512/asdf/fpga_hls/linearsolver.h:77->C:/ELEC522/sm512/asdf/fpga_hls/qrd.cpp:30) [26]  (2.077 ns)
	'select' operation 16 bit ('y', C:/ELEC522/sm512/asdf/fpga_hls/linearsolver.h:77->C:/ELEC522/sm512/asdf/fpga_hls/qrd.cpp:30) [34]  (0.978 ns)
	'or' operation 1 bit ('empty_58', C:/ELEC522/sm512/asdf/fpga_hls/linearsolver.h:76->C:/ELEC522/sm512/asdf/fpga_hls/qrd.cpp:30) [40]  (0.000 ns)
	'select' operation 16 bit ('z_29_ph', C:/ELEC522/sm512/asdf/fpga_hls/linearsolver.h:76->C:/ELEC522/sm512/asdf/fpga_hls/qrd.cpp:30) [41]  (0.978 ns)
	'store' operation 0 bit ('store_ln68', C:/ELEC522/sm512/asdf/fpga_hls/linearsolver.h:68->C:/ELEC522/sm512/asdf/fpga_hls/qrd.cpp:30) of variable 'z_29_ph', C:/ELEC522/sm512/asdf/fpga_hls/linearsolver.h:76->C:/ELEC522/sm512/asdf/fpga_hls/qrd.cpp:30 on local variable 'z', C:/ELEC522/sm512/asdf/fpga_hls/linearsolver.h:68->C:/ELEC522/sm512/asdf/fpga_hls/qrd.cpp:30 [44]  (1.588 ns)

 <State 2>: 3.988ns
The critical path consists of the following:
	'load' operation 4 bit ('i', C:/ELEC522/sm512/asdf/fpga_hls/linearsolver.h:81->C:/ELEC522/sm512/asdf/fpga_hls/qrd.cpp:30) on local variable 'i', C:/ELEC522/sm512/asdf/fpga_hls/linearsolver.h:81->C:/ELEC522/sm512/asdf/fpga_hls/qrd.cpp:30 [50]  (0.000 ns)
	'ashr' operation 16 bit ('x_shift', C:/ELEC522/sm512/asdf/fpga_hls/linearsolver.h:84->C:/ELEC522/sm512/asdf/fpga_hls/qrd.cpp:30) [64]  (3.988 ns)

 <State 3>: 6.981ns
The critical path consists of the following:
	'load' operation 11 bit ('atan_table_load', C:/ELEC522/sm512/asdf/fpga_hls/linearsolver.h:88->C:/ELEC522/sm512/asdf/fpga_hls/qrd.cpp:30) on array 'atan_table' [125]  (2.322 ns)
	'sub' operation 23 bit ('sub_ln88_1', C:/ELEC522/sm512/asdf/fpga_hls/linearsolver.h:88->C:/ELEC522/sm512/asdf/fpga_hls/qrd.cpp:30) [128]  (2.255 ns)
	'select' operation 23 bit ('select_ln88', C:/ELEC522/sm512/asdf/fpga_hls/linearsolver.h:88->C:/ELEC522/sm512/asdf/fpga_hls/qrd.cpp:30) [129]  (0.000 ns)
	'sub' operation 28 bit ('sub_ln88', C:/ELEC522/sm512/asdf/fpga_hls/linearsolver.h:88->C:/ELEC522/sm512/asdf/fpga_hls/qrd.cpp:30) [133]  (2.404 ns)

 <State 4>: 6.426ns
The critical path consists of the following:
	'add' operation 16 bit ('add_ln88', C:/ELEC522/sm512/asdf/fpga_hls/linearsolver.h:88->C:/ELEC522/sm512/asdf/fpga_hls/qrd.cpp:30) [139]  (2.077 ns)
	'or' operation 1 bit ('or_ln88', C:/ELEC522/sm512/asdf/fpga_hls/linearsolver.h:88->C:/ELEC522/sm512/asdf/fpga_hls/qrd.cpp:30) [148]  (0.000 ns)
	'and' operation 1 bit ('and_ln88_1', C:/ELEC522/sm512/asdf/fpga_hls/linearsolver.h:88->C:/ELEC522/sm512/asdf/fpga_hls/qrd.cpp:30) [149]  (0.978 ns)
	'or' operation 1 bit ('or_ln88_1', C:/ELEC522/sm512/asdf/fpga_hls/linearsolver.h:88->C:/ELEC522/sm512/asdf/fpga_hls/qrd.cpp:30) [154]  (0.978 ns)
	'select' operation 16 bit ('z', C:/ELEC522/sm512/asdf/fpga_hls/linearsolver.h:88->C:/ELEC522/sm512/asdf/fpga_hls/qrd.cpp:30) [155]  (0.805 ns)
	'store' operation 0 bit ('store_ln68', C:/ELEC522/sm512/asdf/fpga_hls/linearsolver.h:68->C:/ELEC522/sm512/asdf/fpga_hls/qrd.cpp:30) of variable 'z', C:/ELEC522/sm512/asdf/fpga_hls/linearsolver.h:88->C:/ELEC522/sm512/asdf/fpga_hls/qrd.cpp:30 on local variable 'z', C:/ELEC522/sm512/asdf/fpga_hls/linearsolver.h:68->C:/ELEC522/sm512/asdf/fpga_hls/qrd.cpp:30 [156]  (1.588 ns)

 <State 5>: 0.000ns
The critical path consists of the following:


============================================================
+ Verbose Summary: Binding
============================================================
N/A
* FSMD analyzer results:
  - Output states:
 - Input state : 
  - Chain level:
	State 1
	State 2
	State 3
	State 4
	State 5


============================================================
+ Verbose Summary: Datapath Resource usage 
============================================================
N/A
