

================================================================
== Vitis HLS Report for 'decompose_qr_Pipeline_VITIS_LOOP_77_10'
================================================================
* Date:           Tue Dec 16 20:06:27 2025

* Version:        2025.1 (Build 6135595 on May 21 2025)
* Project:        solve_top
* Solution:       hls (Vivado IP Flow Target)
* Product family: zynq
* Target device:  xc7z020-clg484-1


================================================================
== Performance Estimates
================================================================
+ Timing: 
    * Summary: 
    +--------+----------+----------+------------+
    |  Clock |  Target  | Estimated| Uncertainty|
    +--------+----------+----------+------------+
    |ap_clk  |  10.00 ns|  4.826 ns|     2.00 ns|
    +--------+----------+----------+------------+

+ Latency: 
    * Summary: 
    +---------+---------+-----------+-----------+-----+-----+------------------------------------------------+
    |  Latency (cycles) |   Latency (absolute)  |  Interval |                    Pipeline                    |
    |   min   |   max   |    min    |    max    | min | max |                      Type                      |
    +---------+---------+-----------+-----------+-----+-----+------------------------------------------------+
    |        6|        6|  60.000 ns|  60.000 ns|    5|    5|  loop auto-rewind stp (delay=0 clock cycles(s))|
    +---------+---------+-----------+-----------+-----+-----+------------------------------------------------+

    + Detail: 
        * Instance: 
        N/A

        * Loop: 
        +--------------------+---------+---------+----------+-----------+-----------+------+----------+
        |                    |  Latency (cycles) | Iteration|  Initiation Interval  | Trip |          |
        |      Loop Name     |   min   |   max   |  Latency |  achieved |   target  | Count| Pipelined|
        +--------------------+---------+---------+----------+-----------+-----------+------+----------+
        |- VITIS_LOOP_77_10  |        4|        4|         1|          1|          1|     4|       yes|
        +--------------------+---------+---------+----------+-----------+-----------+------+----------+



================================================================
== Utilization Estimates
================================================================
* Summary: 
+-----------------+---------+-----+--------+-------+-----+
|       Name      | BRAM_18K| DSP |   FF   |  LUT  | URAM|
+-----------------+---------+-----+--------+-------+-----+
|DSP              |        -|    -|       -|      -|    -|
|Expression       |        -|    -|       0|     24|    -|
|FIFO             |        -|    -|       -|      -|    -|
|Instance         |        -|    -|       0|     80|    -|
|Memory           |        -|    -|       -|      -|    -|
|Multiplexer      |        -|    -|       0|     27|    -|
|Register         |        -|    -|       5|      -|    -|
+-----------------+---------+-----+--------+-------+-----+
|Total            |        0|    0|       5|    131|    0|
+-----------------+---------+-----+--------+-------+-----+
|Available        |      280|  220|  106400|  53200|    0|
+-----------------+---------+-----+--------+-------+-----+
|Utilization (%)  |        0|    0|      ~0|     ~0|    0|
+-----------------+---------+-----+--------+-------+-----+

+ Detail: 
    * Instance: 
    +---------------------------+----------------------+---------+----+---+----+-----+
    |          Instance         |        Module        | BRAM_18K| DSP| FF| LUT| URAM|
    +---------------------------+----------------------+---------+----+---+----+-----+
    |sparsemux_9_2_16_1_1_U214  |sparsemux_9_2_16_1_1  |        0|   0|  0|  20|    0|
    |sparsemux_9_2_16_1_1_U215  |sparsemux_9_2_16_1_1  |        0|   0|  0|  20|    0|
    |sparsemux_9_2_16_1_1_U216  |sparsemux_9_2_16_1_1  |        0|   0|  0|  20|    0|
    |sparsemux_9_2_16_1_1_U217  |sparsemux_9_2_16_1_1  |        0|   0|  0|  20|    0|
    +---------------------------+----------------------+---------+----+---+----+-----+
    |Total                      |                      |        0|   0|  0|  80|    0|
    +---------------------------+----------------------+---------+----+---+----+-----+

    * DSP: 
    N/A

    * Memory: 
    N/A

    * FIFO: 
    N/A

    * Expression: 
    +---------------------+----------+----+---+----+------------+------------+
    |    Variable Name    | Operation| DSP| FF| LUT| Bitwidth P0| Bitwidth P1|
    +---------------------+----------+----+---+----+------------+------------+
    |add_ln77_fu_330_p2   |         +|   0|  0|  11|           3|           1|
    |icmp_ln77_fu_324_p2  |      icmp|   0|  0|  13|           3|           4|
    +---------------------+----------+----+---+----+------------+------------+
    |Total                |          |   0|  0|  24|           6|           5|
    +---------------------+----------+----+---+----+------------+------------+

    * Multiplexer: 
    +----------------------+----+-----------+-----+-----------+
    |         Name         | LUT| Input Size| Bits| Total Bits|
    +----------------------+----+-----------+-----+-----------+
    |ap_done_int           |   9|          2|    1|          2|
    |ap_sig_allocacmp_r_1  |   9|          2|    3|          6|
    |r_fu_104              |   9|          2|    3|          6|
    +----------------------+----+-----------+-----+-----------+
    |Total                 |  27|          6|    7|         14|
    +----------------------+----+-----------+-----+-----------+

    * Register: 
    +-------------+---+----+-----+-----------+
    |     Name    | FF| LUT| Bits| Const Bits|
    +-------------+---+----+-----+-----------+
    |ap_CS_fsm    |  1|   0|    1|          0|
    |ap_done_reg  |  1|   0|    1|          0|
    |r_fu_104     |  3|   0|    3|          0|
    +-------------+---+----+-----+-----------+
    |Total        |  5|   0|    5|          0|
    +-------------+---+----+-----+-----------+



================================================================
== Interface
================================================================
* Summary: 
+-------------------+-----+-----+------------+----------------------------------------+--------------+
|     RTL Ports     | Dir | Bits|  Protocol  |              Source Object             |    C Type    |
+-------------------+-----+-----+------------+----------------------------------------+--------------+
|ap_clk             |   in|    1|  ap_ctrl_hs|  decompose_qr_Pipeline_VITIS_LOOP_77_10|  return value|
|ap_rst             |   in|    1|  ap_ctrl_hs|  decompose_qr_Pipeline_VITIS_LOOP_77_10|  return value|
|ap_start           |   in|    1|  ap_ctrl_hs|  decompose_qr_Pipeline_VITIS_LOOP_77_10|  return value|
|ap_done            |  out|    1|  ap_ctrl_hs|  decompose_qr_Pipeline_VITIS_LOOP_77_10|  return value|
|ap_idle            |  out|    1|  ap_ctrl_hs|  decompose_qr_Pipeline_VITIS_LOOP_77_10|  return value|
|ap_ready           |  out|    1|  ap_ctrl_hs|  decompose_qr_Pipeline_VITIS_LOOP_77_10|  return value|
|QT_out_0_0         |  out|   16|      ap_vld|                              QT_out_0_0|       pointer|
|QT_out_0_0_ap_vld  |  out|    1|      ap_vld|                              QT_out_0_0|       pointer|
|QT_out_1_0         |  out|   16|      ap_vld|                              QT_out_1_0|       pointer|
|QT_out_1_0_ap_vld  |  out|    1|      ap_vld|                              QT_out_1_0|       pointer|
|QT_out_2_0         |  out|   16|      ap_vld|                              QT_out_2_0|       pointer|
|QT_out_2_0_ap_vld  |  out|    1|      ap_vld|                              QT_out_2_0|       pointer|
|QT_out_3_0         |  out|   16|      ap_vld|                              QT_out_3_0|       pointer|
|QT_out_3_0_ap_vld  |  out|    1|      ap_vld|                              QT_out_3_0|       pointer|
|QT_out_3_3         |  out|   16|      ap_vld|                              QT_out_3_3|       pointer|
|QT_out_3_3_ap_vld  |  out|    1|      ap_vld|                              QT_out_3_3|       pointer|
|QT_out_3_2         |  out|   16|      ap_vld|                              QT_out_3_2|       pointer|
|QT_out_3_2_ap_vld  |  out|    1|      ap_vld|                              QT_out_3_2|       pointer|
|QT_out_3_1         |  out|   16|      ap_vld|                              QT_out_3_1|       pointer|
|QT_out_3_1_ap_vld  |  out|    1|      ap_vld|                              QT_out_3_1|       pointer|
|QT_out_2_3         |  out|   16|      ap_vld|                              QT_out_2_3|       pointer|
|QT_out_2_3_ap_vld  |  out|    1|      ap_vld|                              QT_out_2_3|       pointer|
|QT_out_2_2         |  out|   16|      ap_vld|                              QT_out_2_2|       pointer|
|QT_out_2_2_ap_vld  |  out|    1|      ap_vld|                              QT_out_2_2|       pointer|
|QT_out_2_1         |  out|   16|      ap_vld|                              QT_out_2_1|       pointer|
|QT_out_2_1_ap_vld  |  out|    1|      ap_vld|                              QT_out_2_1|       pointer|
|QT_out_1_3         |  out|   16|      ap_vld|                              QT_out_1_3|       pointer|
|QT_out_1_3_ap_vld  |  out|    1|      ap_vld|                              QT_out_1_3|       pointer|
|QT_out_1_2         |  out|   16|      ap_vld|                              QT_out_1_2|       pointer|
|QT_out_1_2_ap_vld  |  out|    1|      ap_vld|                              QT_out_1_2|       pointer|
|QT_out_1_1         |  out|   16|      ap_vld|                              QT_out_1_1|       pointer|
|QT_out_1_1_ap_vld  |  out|    1|      ap_vld|                              QT_out_1_1|       pointer|
|QT_out_0_3         |  out|   16|      ap_vld|                              QT_out_0_3|       pointer|
|QT_out_0_3_ap_vld  |  out|    1|      ap_vld|                              QT_out_0_3|       pointer|
|QT_out_0_2         |  out|   16|      ap_vld|                              QT_out_0_2|       pointer|
|QT_out_0_2_ap_vld  |  out|    1|      ap_vld|                              QT_out_0_2|       pointer|
|QT_out_0_1         |  out|   16|      ap_vld|                              QT_out_0_1|       pointer|
|QT_out_0_1_ap_vld  |  out|    1|      ap_vld|                              QT_out_0_1|       pointer|
|local_aug_16_load  |   in|   16|     ap_none|                       local_aug_16_load|        scalar|
|local_aug_17_load  |   in|   16|     ap_none|                       local_aug_17_load|        scalar|
|local_aug_18_load  |   in|   16|     ap_none|                       local_aug_18_load|        scalar|
|local_aug_19_load  |   in|   16|     ap_none|                       local_aug_19_load|        scalar|
|local_aug_20_load  |   in|   16|     ap_none|                       local_aug_20_load|        scalar|
|local_aug_21_load  |   in|   16|     ap_none|                       local_aug_21_load|        scalar|
|local_aug_22_load  |   in|   16|     ap_none|                       local_aug_22_load|        scalar|
|local_aug_23_load  |   in|   16|     ap_none|                       local_aug_23_load|        scalar|
|local_aug_24_load  |   in|   16|     ap_none|                       local_aug_24_load|        scalar|
|local_aug_25_load  |   in|   16|     ap_none|                       local_aug_25_load|        scalar|
|local_aug_26_load  |   in|   16|     ap_none|                       local_aug_26_load|        scalar|
|local_aug_27_load  |   in|   16|     ap_none|                       local_aug_27_load|        scalar|
|local_aug_28_load  |   in|   16|     ap_none|                       local_aug_28_load|        scalar|
|local_aug_29_load  |   in|   16|     ap_none|                       local_aug_29_load|        scalar|
|local_aug_30_load  |   in|   16|     ap_none|                       local_aug_30_load|        scalar|
|local_aug_31_load  |   in|   16|     ap_none|                       local_aug_31_load|        scalar|
+-------------------+-----+-----+------------+----------------------------------------+--------------+

============================================================
+ Verbose Summary: Synthesis Manager
============================================================
InlineROM: 1
ExposeGlobal: 0
============================================================
+ Verbose Summary: CDFG Model
============================================================
IsTopModel: 0
ResetActiveHigh: 1
IsCombinational: 2
IsDatapathOnly: 2
HasWiredReturn: 1
HasMFsm: 2
HasVarLatency: 1
IsPipeline: 0
IsRtlPipelined: 0
IsInstanceOverlapped: 0
IsDontTouch: 0
HasImplIP: 0
IsGatedGlobalClock: 0

+ Individual pipeline summary: 
  * Pipeline-0: initiation interval (II) = 1, depth = 1


============================================================
+ Verbose Summary: Schedule
============================================================
* Number of FSM states : 1
* Pipeline : 1
  Pipeline-0 : II = 1, D = 1, States = { 1 }
* Dataflow Pipeline: 0

* FSM state transitions: 
1 --> 

* FSM state operations: 

State 1 <SV = 0> <Delay = 4.82>
ST_1 : Operation 4 [1/1] (0.00ns)   --->   "%r = alloca i32 1" [C:/ELEC522/sm512/asdf/fpga_hls/qrd.cpp:77]   --->   Operation 4 'alloca' 'r' <Predicate = true> <Delay = 0.00>
ST_1 : Operation 5 [1/1] (0.00ns)   --->   "%local_aug_31_load_read = read i16 @_ssdm_op_Read.ap_auto.i16, i16 %local_aug_31_load"   --->   Operation 5 'read' 'local_aug_31_load_read' <Predicate = true> <Delay = 0.00>
ST_1 : Operation 6 [1/1] (0.00ns)   --->   "%local_aug_30_load_read = read i16 @_ssdm_op_Read.ap_auto.i16, i16 %local_aug_30_load"   --->   Operation 6 'read' 'local_aug_30_load_read' <Predicate = true> <Delay = 0.00>
ST_1 : Operation 7 [1/1] (0.00ns)   --->   "%local_aug_29_load_read = read i16 @_ssdm_op_Read.ap_auto.i16, i16 %local_aug_29_load"   --->   Operation 7 'read' 'local_aug_29_load_read' <Predicate = true> <Delay = 0.00>
ST_1 : Operation 8 [1/1] (0.00ns)   --->   "%local_aug_28_load_read = read i16 @_ssdm_op_Read.ap_auto.i16, i16 %local_aug_28_load"   --->   Operation 8 'read' 'local_aug_28_load_read' <Predicate = true> <Delay = 0.00>
ST_1 : Operation 9 [1/1] (0.00ns)   --->   "%local_aug_27_load_read = read i16 @_ssdm_op_Read.ap_auto.i16, i16 %local_aug_27_load"   --->   Operation 9 'read' 'local_aug_27_load_read' <Predicate = true> <Delay = 0.00>
ST_1 : Operation 10 [1/1] (0.00ns)   --->   "%local_aug_26_load_read = read i16 @_ssdm_op_Read.ap_auto.i16, i16 %local_aug_26_load"   --->   Operation 10 'read' 'local_aug_26_load_read' <Predicate = true> <Delay = 0.00>
ST_1 : Operation 11 [1/1] (0.00ns)   --->   "%local_aug_25_load_read = read i16 @_ssdm_op_Read.ap_auto.i16, i16 %local_aug_25_load"   --->   Operation 11 'read' 'local_aug_25_load_read' <Predicate = true> <Delay = 0.00>
ST_1 : Operation 12 [1/1] (0.00ns)   --->   "%local_aug_24_load_read = read i16 @_ssdm_op_Read.ap_auto.i16, i16 %local_aug_24_load"   --->   Operation 12 'read' 'local_aug_24_load_read' <Predicate = true> <Delay = 0.00>
ST_1 : Operation 13 [1/1] (0.00ns)   --->   "%local_aug_23_load_read = read i16 @_ssdm_op_Read.ap_auto.i16, i16 %local_aug_23_load"   --->   Operation 13 'read' 'local_aug_23_load_read' <Predicate = true> <Delay = 0.00>
ST_1 : Operation 14 [1/1] (0.00ns)   --->   "%local_aug_22_load_read = read i16 @_ssdm_op_Read.ap_auto.i16, i16 %local_aug_22_load"   --->   Operation 14 'read' 'local_aug_22_load_read' <Predicate = true> <Delay = 0.00>
ST_1 : Operation 15 [1/1] (0.00ns)   --->   "%local_aug_21_load_read = read i16 @_ssdm_op_Read.ap_auto.i16, i16 %local_aug_21_load"   --->   Operation 15 'read' 'local_aug_21_load_read' <Predicate = true> <Delay = 0.00>
ST_1 : Operation 16 [1/1] (0.00ns)   --->   "%local_aug_20_load_read = read i16 @_ssdm_op_Read.ap_auto.i16, i16 %local_aug_20_load"   --->   Operation 16 'read' 'local_aug_20_load_read' <Predicate = true> <Delay = 0.00>
ST_1 : Operation 17 [1/1] (0.00ns)   --->   "%local_aug_19_load_read = read i16 @_ssdm_op_Read.ap_auto.i16, i16 %local_aug_19_load"   --->   Operation 17 'read' 'local_aug_19_load_read' <Predicate = true> <Delay = 0.00>
ST_1 : Operation 18 [1/1] (0.00ns)   --->   "%local_aug_18_load_read = read i16 @_ssdm_op_Read.ap_auto.i16, i16 %local_aug_18_load"   --->   Operation 18 'read' 'local_aug_18_load_read' <Predicate = true> <Delay = 0.00>
ST_1 : Operation 19 [1/1] (0.00ns)   --->   "%local_aug_17_load_read = read i16 @_ssdm_op_Read.ap_auto.i16, i16 %local_aug_17_load"   --->   Operation 19 'read' 'local_aug_17_load_read' <Predicate = true> <Delay = 0.00>
ST_1 : Operation 20 [1/1] (0.00ns)   --->   "%local_aug_16_load_read = read i16 @_ssdm_op_Read.ap_auto.i16, i16 %local_aug_16_load"   --->   Operation 20 'read' 'local_aug_16_load_read' <Predicate = true> <Delay = 0.00>
ST_1 : Operation 21 [1/1] (1.58ns)   --->   "%store_ln77 = store i3 0, i3 %r" [C:/ELEC522/sm512/asdf/fpga_hls/qrd.cpp:77]   --->   Operation 21 'store' 'store_ln77' <Predicate = true> <Delay = 1.58>
ST_1 : Operation 22 [1/1] (0.00ns)   --->   "%br_ln0 = br void %VITIS_LOOP_78_11"   --->   Operation 22 'br' 'br_ln0' <Predicate = true> <Delay = 0.00>
ST_1 : Operation 23 [1/1] (0.00ns)   --->   "%r_1 = load i3 %r" [C:/ELEC522/sm512/asdf/fpga_hls/qrd.cpp:77]   --->   Operation 23 'load' 'r_1' <Predicate = true> <Delay = 0.00>
ST_1 : Operation 24 [1/1] (1.65ns)   --->   "%icmp_ln77 = icmp_eq  i3 %r_1, i3 4" [C:/ELEC522/sm512/asdf/fpga_hls/qrd.cpp:77]   --->   Operation 24 'icmp' 'icmp_ln77' <Predicate = true> <Delay = 1.65> <CoreInst = "Cmp">   --->   Core 9 'Cmp' <Latency = 0> <II = 1> <Delay = 1.73> <FuncUnit> <Opcode : 'seteq' 'setne' 'setle' 'setge' 'setlt' 'setgt'> <InPorts = 2> <OutPorts = 1>
ST_1 : Operation 25 [1/1] (1.65ns)   --->   "%add_ln77 = add i3 %r_1, i3 1" [C:/ELEC522/sm512/asdf/fpga_hls/qrd.cpp:77]   --->   Operation 25 'add' 'add_ln77' <Predicate = true> <Delay = 1.65> <CoreInst = "Adder">   --->   Core 1 'Adder' <Latency = 0> <II = 1> <Delay = 1.65> <FuncUnit> <Opcode : 'add' 'sub'> <InPorts = 2> <OutPorts = 1>
ST_1 : Operation 26 [1/1] (0.00ns)   --->   "%br_ln77 = br i1 %icmp_ln77, void %VITIS_LOOP_78_11.split, void %for.end183.exitStub" [C:/ELEC522/sm512/asdf/fpga_hls/qrd.cpp:77]   --->   Operation 26 'br' 'br_ln77' <Predicate = true> <Delay = 0.00>
ST_1 : Operation 27 [1/1] (0.00ns)   --->   "%trunc_ln77 = trunc i3 %r_1" [C:/ELEC522/sm512/asdf/fpga_hls/qrd.cpp:77]   --->   Operation 27 'trunc' 'trunc_ln77' <Predicate = (!icmp_ln77)> <Delay = 0.00>
ST_1 : Operation 28 [1/1] (0.00ns)   --->   "%specpipeline_ln77 = specpipeline void @_ssdm_op_SpecPipeline, i32 4294967295, i32 0, i32 0, i32 0, void @empty_24" [C:/ELEC522/sm512/asdf/fpga_hls/qrd.cpp:77]   --->   Operation 28 'specpipeline' 'specpipeline_ln77' <Predicate = (!icmp_ln77)> <Delay = 0.00>
ST_1 : Operation 29 [1/1] (0.00ns)   --->   "%speclooptripcount_ln77 = speclooptripcount void @_ssdm_op_SpecLoopTripCount, i64 4, i64 4, i64 4" [C:/ELEC522/sm512/asdf/fpga_hls/qrd.cpp:77]   --->   Operation 29 'speclooptripcount' 'speclooptripcount_ln77' <Predicate = (!icmp_ln77)> <Delay = 0.00>
ST_1 : Operation 30 [1/1] (0.00ns)   --->   "%specloopname_ln77 = specloopname void @_ssdm_op_SpecLoopName, void @empty_8" [C:/ELEC522/sm512/asdf/fpga_hls/qrd.cpp:77]   --->   Operation 30 'specloopname' 'specloopname_ln77' <Predicate = (!icmp_ln77)> <Delay = 0.00>
ST_1 : Operation 31 [1/1] (1.82ns)   --->   "%tmp_s = sparsemux i16 @_ssdm_op_SparseMux.ap_auto.4i16.i16.i2, i2 0, i16 %local_aug_16_load_read, i2 1, i16 %local_aug_17_load_read, i2 2, i16 %local_aug_18_load_read, i2 3, i16 %local_aug_19_load_read, i16 0, i2 %trunc_ln77" [C:/ELEC522/sm512/asdf/fpga_hls/qrd.cpp:77]   --->   Operation 31 'sparsemux' 'tmp_s' <Predicate = (!icmp_ln77)> <Delay = 1.82> <CoreInst = "BinarySparseMux_DontCare">   --->   Core 137 'BinarySparseMux_DontCare' <Latency = 0> <II = 1> <Delay = 1.82> <FuncUnit> <Opcode : 'sparsemux'> <InPorts = 2> <OutPorts = 1>
ST_1 : Operation 32 [1/1] (1.82ns)   --->   "%tmp_174 = sparsemux i16 @_ssdm_op_SparseMux.ap_auto.4i16.i16.i2, i2 0, i16 %local_aug_20_load_read, i2 1, i16 %local_aug_21_load_read, i2 2, i16 %local_aug_22_load_read, i2 3, i16 %local_aug_23_load_read, i16 0, i2 %trunc_ln77" [C:/ELEC522/sm512/asdf/fpga_hls/qrd.cpp:77]   --->   Operation 32 'sparsemux' 'tmp_174' <Predicate = (!icmp_ln77)> <Delay = 1.82> <CoreInst = "BinarySparseMux_DontCare">   --->   Core 137 'BinarySparseMux_DontCare' <Latency = 0> <II = 1> <Delay = 1.82> <FuncUnit> <Opcode : 'sparsemux'> <InPorts = 2> <OutPorts = 1>
ST_1 : Operation 33 [1/1] (1.82ns)   --->   "%tmp_175 = sparsemux i16 @_ssdm_op_SparseMux.ap_auto.4i16.i16.i2, i2 0, i16 %local_aug_24_load_read, i2 1, i16 %local_aug_25_load_read, i2 2, i16 %local_aug_26_load_read, i2 3, i16 %local_aug_27_load_read, i16 0, i2 %trunc_ln77" [C:/ELEC522/sm512/asdf/fpga_hls/qrd.cpp:77]   --->   Operation 33 'sparsemux' 'tmp_175' <Predicate = (!icmp_ln77)> <Delay = 1.82> <CoreInst = "BinarySparseMux_DontCare">   --->   Core 137 'BinarySparseMux_DontCare' <Latency = 0> <II = 1> <Delay = 1.82> <FuncUnit> <Opcode : 'sparsemux'> <InPorts = 2> <OutPorts = 1>
ST_1 : Operation 34 [1/1] (1.82ns)   --->   "%tmp_176 = sparsemux i16 @_ssdm_op_SparseMux.ap_auto.4i16.i16.i2, i2 0, i16 %local_aug_28_load_read, i2 1, i16 %local_aug_29_load_read, i2 2, i16 %local_aug_30_load_read, i2 3, i16 %local_aug_31_load_read, i16 0, i2 %trunc_ln77" [C:/ELEC522/sm512/asdf/fpga_hls/qrd.cpp:77]   --->   Operation 34 'sparsemux' 'tmp_176' <Predicate = (!icmp_ln77)> <Delay = 1.82> <CoreInst = "BinarySparseMux_DontCare">   --->   Core 137 'BinarySparseMux_DontCare' <Latency = 0> <II = 1> <Delay = 1.82> <FuncUnit> <Opcode : 'sparsemux'> <InPorts = 2> <OutPorts = 1>
ST_1 : Operation 35 [1/1] (1.56ns)   --->   "%switch_ln79 = switch i2 %trunc_ln77, void %arrayidx17723_3.case.3, i2 0, void %arrayidx17723_3.case.0, i2 1, void %arrayidx17723_3.case.1, i2 2, void %arrayidx17723_3.case.2" [C:/ELEC522/sm512/asdf/fpga_hls/qrd.cpp:79]   --->   Operation 35 'switch' 'switch_ln79' <Predicate = (!icmp_ln77)> <Delay = 1.56>
ST_1 : Operation 36 [1/1] (0.00ns)   --->   "%write_ln79 = write void @_ssdm_op_Write.ap_auto.i16P0A, i16 %QT_out_0_2, i16 %tmp_s" [C:/ELEC522/sm512/asdf/fpga_hls/qrd.cpp:79]   --->   Operation 36 'write' 'write_ln79' <Predicate = (!icmp_ln77 & trunc_ln77 == 2)> <Delay = 0.00>
ST_1 : Operation 37 [1/1] (0.00ns)   --->   "%write_ln79 = write void @_ssdm_op_Write.ap_auto.i16P0A, i16 %QT_out_1_2, i16 %tmp_174" [C:/ELEC522/sm512/asdf/fpga_hls/qrd.cpp:79]   --->   Operation 37 'write' 'write_ln79' <Predicate = (!icmp_ln77 & trunc_ln77 == 2)> <Delay = 0.00>
ST_1 : Operation 38 [1/1] (0.00ns)   --->   "%write_ln79 = write void @_ssdm_op_Write.ap_auto.i16P0A, i16 %QT_out_2_2, i16 %tmp_175" [C:/ELEC522/sm512/asdf/fpga_hls/qrd.cpp:79]   --->   Operation 38 'write' 'write_ln79' <Predicate = (!icmp_ln77 & trunc_ln77 == 2)> <Delay = 0.00>
ST_1 : Operation 39 [1/1] (0.00ns)   --->   "%write_ln79 = write void @_ssdm_op_Write.ap_auto.i16P0A, i16 %QT_out_3_2, i16 %tmp_176" [C:/ELEC522/sm512/asdf/fpga_hls/qrd.cpp:79]   --->   Operation 39 'write' 'write_ln79' <Predicate = (!icmp_ln77 & trunc_ln77 == 2)> <Delay = 0.00>
ST_1 : Operation 40 [1/1] (0.00ns)   --->   "%br_ln79 = br void %arrayidx17723_3.exit" [C:/ELEC522/sm512/asdf/fpga_hls/qrd.cpp:79]   --->   Operation 40 'br' 'br_ln79' <Predicate = (!icmp_ln77 & trunc_ln77 == 2)> <Delay = 0.00>
ST_1 : Operation 41 [1/1] (0.00ns)   --->   "%write_ln79 = write void @_ssdm_op_Write.ap_auto.i16P0A, i16 %QT_out_0_1, i16 %tmp_s" [C:/ELEC522/sm512/asdf/fpga_hls/qrd.cpp:79]   --->   Operation 41 'write' 'write_ln79' <Predicate = (!icmp_ln77 & trunc_ln77 == 1)> <Delay = 0.00>
ST_1 : Operation 42 [1/1] (0.00ns)   --->   "%write_ln79 = write void @_ssdm_op_Write.ap_auto.i16P0A, i16 %QT_out_1_1, i16 %tmp_174" [C:/ELEC522/sm512/asdf/fpga_hls/qrd.cpp:79]   --->   Operation 42 'write' 'write_ln79' <Predicate = (!icmp_ln77 & trunc_ln77 == 1)> <Delay = 0.00>
ST_1 : Operation 43 [1/1] (0.00ns)   --->   "%write_ln79 = write void @_ssdm_op_Write.ap_auto.i16P0A, i16 %QT_out_2_1, i16 %tmp_175" [C:/ELEC522/sm512/asdf/fpga_hls/qrd.cpp:79]   --->   Operation 43 'write' 'write_ln79' <Predicate = (!icmp_ln77 & trunc_ln77 == 1)> <Delay = 0.00>
ST_1 : Operation 44 [1/1] (0.00ns)   --->   "%write_ln79 = write void @_ssdm_op_Write.ap_auto.i16P0A, i16 %QT_out_3_1, i16 %tmp_176" [C:/ELEC522/sm512/asdf/fpga_hls/qrd.cpp:79]   --->   Operation 44 'write' 'write_ln79' <Predicate = (!icmp_ln77 & trunc_ln77 == 1)> <Delay = 0.00>
ST_1 : Operation 45 [1/1] (0.00ns)   --->   "%br_ln79 = br void %arrayidx17723_3.exit" [C:/ELEC522/sm512/asdf/fpga_hls/qrd.cpp:79]   --->   Operation 45 'br' 'br_ln79' <Predicate = (!icmp_ln77 & trunc_ln77 == 1)> <Delay = 0.00>
ST_1 : Operation 46 [1/1] (0.00ns)   --->   "%write_ln79 = write void @_ssdm_op_Write.ap_auto.i16P0A, i16 %QT_out_0_0, i16 %tmp_s" [C:/ELEC522/sm512/asdf/fpga_hls/qrd.cpp:79]   --->   Operation 46 'write' 'write_ln79' <Predicate = (!icmp_ln77 & trunc_ln77 == 0)> <Delay = 0.00>
ST_1 : Operation 47 [1/1] (0.00ns)   --->   "%write_ln79 = write void @_ssdm_op_Write.ap_auto.i16P0A, i16 %QT_out_1_0, i16 %tmp_174" [C:/ELEC522/sm512/asdf/fpga_hls/qrd.cpp:79]   --->   Operation 47 'write' 'write_ln79' <Predicate = (!icmp_ln77 & trunc_ln77 == 0)> <Delay = 0.00>
ST_1 : Operation 48 [1/1] (0.00ns)   --->   "%write_ln79 = write void @_ssdm_op_Write.ap_auto.i16P0A, i16 %QT_out_2_0, i16 %tmp_175" [C:/ELEC522/sm512/asdf/fpga_hls/qrd.cpp:79]   --->   Operation 48 'write' 'write_ln79' <Predicate = (!icmp_ln77 & trunc_ln77 == 0)> <Delay = 0.00>
ST_1 : Operation 49 [1/1] (0.00ns)   --->   "%write_ln79 = write void @_ssdm_op_Write.ap_auto.i16P0A, i16 %QT_out_3_0, i16 %tmp_176" [C:/ELEC522/sm512/asdf/fpga_hls/qrd.cpp:79]   --->   Operation 49 'write' 'write_ln79' <Predicate = (!icmp_ln77 & trunc_ln77 == 0)> <Delay = 0.00>
ST_1 : Operation 50 [1/1] (0.00ns)   --->   "%br_ln79 = br void %arrayidx17723_3.exit" [C:/ELEC522/sm512/asdf/fpga_hls/qrd.cpp:79]   --->   Operation 50 'br' 'br_ln79' <Predicate = (!icmp_ln77 & trunc_ln77 == 0)> <Delay = 0.00>
ST_1 : Operation 51 [1/1] (0.00ns)   --->   "%write_ln79 = write void @_ssdm_op_Write.ap_auto.i16P0A, i16 %QT_out_0_3, i16 %tmp_s" [C:/ELEC522/sm512/asdf/fpga_hls/qrd.cpp:79]   --->   Operation 51 'write' 'write_ln79' <Predicate = (!icmp_ln77 & trunc_ln77 == 3)> <Delay = 0.00>
ST_1 : Operation 52 [1/1] (0.00ns)   --->   "%write_ln79 = write void @_ssdm_op_Write.ap_auto.i16P0A, i16 %QT_out_1_3, i16 %tmp_174" [C:/ELEC522/sm512/asdf/fpga_hls/qrd.cpp:79]   --->   Operation 52 'write' 'write_ln79' <Predicate = (!icmp_ln77 & trunc_ln77 == 3)> <Delay = 0.00>
ST_1 : Operation 53 [1/1] (0.00ns)   --->   "%write_ln79 = write void @_ssdm_op_Write.ap_auto.i16P0A, i16 %QT_out_2_3, i16 %tmp_175" [C:/ELEC522/sm512/asdf/fpga_hls/qrd.cpp:79]   --->   Operation 53 'write' 'write_ln79' <Predicate = (!icmp_ln77 & trunc_ln77 == 3)> <Delay = 0.00>
ST_1 : Operation 54 [1/1] (0.00ns)   --->   "%write_ln79 = write void @_ssdm_op_Write.ap_auto.i16P0A, i16 %QT_out_3_3, i16 %tmp_176" [C:/ELEC522/sm512/asdf/fpga_hls/qrd.cpp:79]   --->   Operation 54 'write' 'write_ln79' <Predicate = (!icmp_ln77 & trunc_ln77 == 3)> <Delay = 0.00>
ST_1 : Operation 55 [1/1] (0.00ns)   --->   "%br_ln79 = br void %arrayidx17723_3.exit" [C:/ELEC522/sm512/asdf/fpga_hls/qrd.cpp:79]   --->   Operation 55 'br' 'br_ln79' <Predicate = (!icmp_ln77 & trunc_ln77 == 3)> <Delay = 0.00>
ST_1 : Operation 56 [1/1] (1.58ns)   --->   "%store_ln77 = store i3 %add_ln77, i3 %r" [C:/ELEC522/sm512/asdf/fpga_hls/qrd.cpp:77]   --->   Operation 56 'store' 'store_ln77' <Predicate = (!icmp_ln77)> <Delay = 1.58>
ST_1 : Operation 57 [1/1] (0.00ns)   --->   "%br_ln77 = br void %VITIS_LOOP_78_11" [C:/ELEC522/sm512/asdf/fpga_hls/qrd.cpp:77]   --->   Operation 57 'br' 'br_ln77' <Predicate = (!icmp_ln77)> <Delay = 0.00>
ST_1 : Operation 58 [1/1] (1.58ns)   --->   "%ret_ln0 = ret"   --->   Operation 58 'ret' 'ret_ln0' <Predicate = (icmp_ln77)> <Delay = 1.58>


============================================================
+ Verbose Summary: Binding
============================================================
STG Binding: 
---------------- STG Properties BEGIN ----------------
- Is combinational: 0
- Is one-state seq: 0
- Is datapath-only: 0
- Is pipelined: 0
- Is top level: 0
Port [ Return ] is wired: 1; IO mode=ap_ctrl_hs:ce=0
Port [ QT_out_0_0]:  wired=1; compound=0; hidden=0; nouse=0; global=0; static=0; extern=0; dir=1; type=0; pingpong=0; private_global=0; IO mode=ap_vld:ce=0
Port [ QT_out_1_0]:  wired=1; compound=0; hidden=0; nouse=0; global=0; static=0; extern=0; dir=1; type=0; pingpong=0; private_global=0; IO mode=ap_vld:ce=0
Port [ QT_out_2_0]:  wired=1; compound=0; hidden=0; nouse=0; global=0; static=0; extern=0; dir=1; type=0; pingpong=0; private_global=0; IO mode=ap_vld:ce=0
Port [ QT_out_3_0]:  wired=1; compound=0; hidden=0; nouse=0; global=0; static=0; extern=0; dir=1; type=0; pingpong=0; private_global=0; IO mode=ap_vld:ce=0
Port [ QT_out_3_3]:  wired=1; compound=0; hidden=0; nouse=0; global=0; static=0; extern=0; dir=1; type=0; pingpong=0; private_global=0; IO mode=ap_vld:ce=0
Port [ QT_out_3_2]:  wired=1; compound=0; hidden=0; nouse=0; global=0; static=0; extern=0; dir=1; type=0; pingpong=0; private_global=0; IO mode=ap_vld:ce=0
Port [ QT_out_3_1]:  wired=1; compound=0; hidden=0; nouse=0; global=0; static=0; extern=0; dir=1; type=0; pingpong=0; private_global=0; IO mode=ap_vld:ce=0
Port [ QT_out_2_3]:  wired=1; compound=0; hidden=0; nouse=0; global=0; static=0; extern=0; dir=1; type=0; pingpong=0; private_global=0; IO mode=ap_vld:ce=0
Port [ QT_out_2_2]:  wired=1; compound=0; hidden=0; nouse=0; global=0; static=0; extern=0; dir=1; type=0; pingpong=0; private_global=0; IO mode=ap_vld:ce=0
Port [ QT_out_2_1]:  wired=1; compound=0; hidden=0; nouse=0; global=0; static=0; extern=0; dir=1; type=0; pingpong=0; private_global=0; IO mode=ap_vld:ce=0
Port [ QT_out_1_3]:  wired=1; compound=0; hidden=0; nouse=0; global=0; static=0; extern=0; dir=1; type=0; pingpong=0; private_global=0; IO mode=ap_vld:ce=0
Port [ QT_out_1_2]:  wired=1; compound=0; hidden=0; nouse=0; global=0; static=0; extern=0; dir=1; type=0; pingpong=0; private_global=0; IO mode=ap_vld:ce=0
Port [ QT_out_1_1]:  wired=1; compound=0; hidden=0; nouse=0; global=0; static=0; extern=0; dir=1; type=0; pingpong=0; private_global=0; IO mode=ap_vld:ce=0
Port [ QT_out_0_3]:  wired=1; compound=0; hidden=0; nouse=0; global=0; static=0; extern=0; dir=1; type=0; pingpong=0; private_global=0; IO mode=ap_vld:ce=0
Port [ QT_out_0_2]:  wired=1; compound=0; hidden=0; nouse=0; global=0; static=0; extern=0; dir=1; type=0; pingpong=0; private_global=0; IO mode=ap_vld:ce=0
Port [ QT_out_0_1]:  wired=1; compound=0; hidden=0; nouse=0; global=0; static=0; extern=0; dir=1; type=0; pingpong=0; private_global=0; IO mode=ap_vld:ce=0
Port [ local_aug_16_load]:  wired=1; compound=0; hidden=0; nouse=0; global=0; static=0; extern=0; dir=0; type=0; pingpong=0; private_global=0; IO mode=ap_none:ce=0
Port [ local_aug_17_load]:  wired=1; compound=0; hidden=0; nouse=0; global=0; static=0; extern=0; dir=0; type=0; pingpong=0; private_global=0; IO mode=ap_none:ce=0
Port [ local_aug_18_load]:  wired=1; compound=0; hidden=0; nouse=0; global=0; static=0; extern=0; dir=0; type=0; pingpong=0; private_global=0; IO mode=ap_none:ce=0
Port [ local_aug_19_load]:  wired=1; compound=0; hidden=0; nouse=0; global=0; static=0; extern=0; dir=0; type=0; pingpong=0; private_global=0; IO mode=ap_none:ce=0
Port [ local_aug_20_load]:  wired=1; compound=0; hidden=0; nouse=0; global=0; static=0; extern=0; dir=0; type=0; pingpong=0; private_global=0; IO mode=ap_none:ce=0
Port [ local_aug_21_load]:  wired=1; compound=0; hidden=0; nouse=0; global=0; static=0; extern=0; dir=0; type=0; pingpong=0; private_global=0; IO mode=ap_none:ce=0
Port [ local_aug_22_load]:  wired=1; compound=0; hidden=0; nouse=0; global=0; static=0; extern=0; dir=0; type=0; pingpong=0; private_global=0; IO mode=ap_none:ce=0
Port [ local_aug_23_load]:  wired=1; compound=0; hidden=0; nouse=0; global=0; static=0; extern=0; dir=0; type=0; pingpong=0; private_global=0; IO mode=ap_none:ce=0
Port [ local_aug_24_load]:  wired=1; compound=0; hidden=0; nouse=0; global=0; static=0; extern=0; dir=0; type=0; pingpong=0; private_global=0; IO mode=ap_none:ce=0
Port [ local_aug_25_load]:  wired=1; compound=0; hidden=0; nouse=0; global=0; static=0; extern=0; dir=0; type=0; pingpong=0; private_global=0; IO mode=ap_none:ce=0
Port [ local_aug_26_load]:  wired=1; compound=0; hidden=0; nouse=0; global=0; static=0; extern=0; dir=0; type=0; pingpong=0; private_global=0; IO mode=ap_none:ce=0
Port [ local_aug_27_load]:  wired=1; compound=0; hidden=0; nouse=0; global=0; static=0; extern=0; dir=0; type=0; pingpong=0; private_global=0; IO mode=ap_none:ce=0
Port [ local_aug_28_load]:  wired=1; compound=0; hidden=0; nouse=0; global=0; static=0; extern=0; dir=0; type=0; pingpong=0; private_global=0; IO mode=ap_none:ce=0
Port [ local_aug_29_load]:  wired=1; compound=0; hidden=0; nouse=0; global=0; static=0; extern=0; dir=0; type=0; pingpong=0; private_global=0; IO mode=ap_none:ce=0
Port [ local_aug_30_load]:  wired=1; compound=0; hidden=0; nouse=0; global=0; static=0; extern=0; dir=0; type=0; pingpong=0; private_global=0; IO mode=ap_none:ce=0
Port [ local_aug_31_load]:  wired=1; compound=0; hidden=0; nouse=0; global=0; static=0; extern=0; dir=0; type=0; pingpong=0; private_global=0; IO mode=ap_none:ce=0
---------------- STG Properties END ------------------

---------------- Datapath Model BEGIN ----------------

<LifeTime>
<method=bitvector/>
r                      (alloca           ) [ 01]
local_aug_31_load_read (read             ) [ 00]
local_aug_30_load_read (read             ) [ 00]
local_aug_29_load_read (read             ) [ 00]
local_aug_28_load_read (read             ) [ 00]
local_aug_27_load_read (read             ) [ 00]
local_aug_26_load_read (read             ) [ 00]
local_aug_25_load_read (read             ) [ 00]
local_aug_24_load_read (read             ) [ 00]
local_aug_23_load_read (read             ) [ 00]
local_aug_22_load_read (read             ) [ 00]
local_aug_21_load_read (read             ) [ 00]
local_aug_20_load_read (read             ) [ 00]
local_aug_19_load_read (read             ) [ 00]
local_aug_18_load_read (read             ) [ 00]
local_aug_17_load_read (read             ) [ 00]
local_aug_16_load_read (read             ) [ 00]
store_ln77             (store            ) [ 00]
br_ln0                 (br               ) [ 00]
r_1                    (load             ) [ 00]
icmp_ln77              (icmp             ) [ 01]
add_ln77               (add              ) [ 00]
br_ln77                (br               ) [ 00]
trunc_ln77             (trunc            ) [ 01]
specpipeline_ln77      (specpipeline     ) [ 00]
speclooptripcount_ln77 (speclooptripcount) [ 00]
specloopname_ln77      (specloopname     ) [ 00]
tmp_s                  (sparsemux        ) [ 00]
tmp_174                (sparsemux        ) [ 00]
tmp_175                (sparsemux        ) [ 00]
tmp_176                (sparsemux        ) [ 00]
switch_ln79            (switch           ) [ 00]
write_ln79             (write            ) [ 00]
write_ln79             (write            ) [ 00]
write_ln79             (write            ) [ 00]
write_ln79             (write            ) [ 00]
br_ln79                (br               ) [ 00]
write_ln79             (write            ) [ 00]
write_ln79             (write            ) [ 00]
write_ln79             (write            ) [ 00]
write_ln79             (write            ) [ 00]
br_ln79                (br               ) [ 00]
write_ln79             (write            ) [ 00]
write_ln79             (write            ) [ 00]
write_ln79             (write            ) [ 00]
write_ln79             (write            ) [ 00]
br_ln79                (br               ) [ 00]
write_ln79             (write            ) [ 00]
write_ln79             (write            ) [ 00]
write_ln79             (write            ) [ 00]
write_ln79             (write            ) [ 00]
br_ln79                (br               ) [ 00]
store_ln77             (store            ) [ 00]
br_ln77                (br               ) [ 00]
ret_ln0                (ret              ) [ 00]
</LifeTime>

<model>

<comp_list>
<comp id="0" class="1000" name="QT_out_0_0">
<pin_list>
<pin id="1" dir="1" index="0" bw="1" slack="0"/>
</pin_list>
<bind>
<StgValue><ssdm name="QT_out_0_0"/></StgValue>
</bind>
</comp>

<comp id="2" class="1000" name="QT_out_1_0">
<pin_list>
<pin id="3" dir="1" index="0" bw="1" slack="0"/>
</pin_list>
<bind>
<StgValue><ssdm name="QT_out_1_0"/></StgValue>
</bind>
</comp>

<comp id="4" class="1000" name="QT_out_2_0">
<pin_list>
<pin id="5" dir="1" index="0" bw="1" slack="0"/>
</pin_list>
<bind>
<StgValue><ssdm name="QT_out_2_0"/></StgValue>
</bind>
</comp>

<comp id="6" class="1000" name="QT_out_3_0">
<pin_list>
<pin id="7" dir="1" index="0" bw="1" slack="0"/>
</pin_list>
<bind>
<StgValue><ssdm name="QT_out_3_0"/></StgValue>
</bind>
</comp>

<comp id="8" class="1000" name="QT_out_3_3">
<pin_list>
<pin id="9" dir="1" index="0" bw="1" slack="0"/>
</pin_list>
<bind>
<StgValue><ssdm name="QT_out_3_3"/></StgValue>
</bind>
</comp>

<comp id="10" class="1000" name="QT_out_3_2">
<pin_list>
<pin id="11" dir="1" index="0" bw="1" slack="0"/>
</pin_list>
<bind>
<StgValue><ssdm name="QT_out_3_2"/></StgValue>
</bind>
</comp>

<comp id="12" class="1000" name="QT_out_3_1">
<pin_list>
<pin id="13" dir="1" index="0" bw="1" slack="0"/>
</pin_list>
<bind>
<StgValue><ssdm name="QT_out_3_1"/></StgValue>
</bind>
</comp>

<comp id="14" class="1000" name="QT_out_2_3">
<pin_list>
<pin id="15" dir="1" index="0" bw="1" slack="0"/>
</pin_list>
<bind>
<StgValue><ssdm name="QT_out_2_3"/></StgValue>
</bind>
</comp>

<comp id="16" class="1000" name="QT_out_2_2">
<pin_list>
<pin id="17" dir="1" index="0" bw="1" slack="0"/>
</pin_list>
<bind>
<StgValue><ssdm name="QT_out_2_2"/></StgValue>
</bind>
</comp>

<comp id="18" class="1000" name="QT_out_2_1">
<pin_list>
<pin id="19" dir="1" index="0" bw="1" slack="0"/>
</pin_list>
<bind>
<StgValue><ssdm name="QT_out_2_1"/></StgValue>
</bind>
</comp>

<comp id="20" class="1000" name="QT_out_1_3">
<pin_list>
<pin id="21" dir="1" index="0" bw="1" slack="0"/>
</pin_list>
<bind>
<StgValue><ssdm name="QT_out_1_3"/></StgValue>
</bind>
</comp>

<comp id="22" class="1000" name="QT_out_1_2">
<pin_list>
<pin id="23" dir="1" index="0" bw="1" slack="0"/>
</pin_list>
<bind>
<StgValue><ssdm name="QT_out_1_2"/></StgValue>
</bind>
</comp>

<comp id="24" class="1000" name="QT_out_1_1">
<pin_list>
<pin id="25" dir="1" index="0" bw="1" slack="0"/>
</pin_list>
<bind>
<StgValue><ssdm name="QT_out_1_1"/></StgValue>
</bind>
</comp>

<comp id="26" class="1000" name="QT_out_0_3">
<pin_list>
<pin id="27" dir="1" index="0" bw="1" slack="0"/>
</pin_list>
<bind>
<StgValue><ssdm name="QT_out_0_3"/></StgValue>
</bind>
</comp>

<comp id="28" class="1000" name="QT_out_0_2">
<pin_list>
<pin id="29" dir="1" index="0" bw="1" slack="0"/>
</pin_list>
<bind>
<StgValue><ssdm name="QT_out_0_2"/></StgValue>
</bind>
</comp>

<comp id="30" class="1000" name="QT_out_0_1">
<pin_list>
<pin id="31" dir="1" index="0" bw="1" slack="0"/>
</pin_list>
<bind>
<StgValue><ssdm name="QT_out_0_1"/></StgValue>
</bind>
</comp>

<comp id="32" class="1000" name="local_aug_16_load">
<pin_list>
<pin id="33" dir="1" index="0" bw="1" slack="0"/>
</pin_list>
<bind>
<StgValue><ssdm name="local_aug_16_load"/></StgValue>
</bind>
</comp>

<comp id="34" class="1000" name="local_aug_17_load">
<pin_list>
<pin id="35" dir="1" index="0" bw="1" slack="0"/>
</pin_list>
<bind>
<StgValue><ssdm name="local_aug_17_load"/></StgValue>
</bind>
</comp>

<comp id="36" class="1000" name="local_aug_18_load">
<pin_list>
<pin id="37" dir="1" index="0" bw="1" slack="0"/>
</pin_list>
<bind>
<StgValue><ssdm name="local_aug_18_load"/></StgValue>
</bind>
</comp>

<comp id="38" class="1000" name="local_aug_19_load">
<pin_list>
<pin id="39" dir="1" index="0" bw="1" slack="0"/>
</pin_list>
<bind>
<StgValue><ssdm name="local_aug_19_load"/></StgValue>
</bind>
</comp>

<comp id="40" class="1000" name="local_aug_20_load">
<pin_list>
<pin id="41" dir="1" index="0" bw="1" slack="0"/>
</pin_list>
<bind>
<StgValue><ssdm name="local_aug_20_load"/></StgValue>
</bind>
</comp>

<comp id="42" class="1000" name="local_aug_21_load">
<pin_list>
<pin id="43" dir="1" index="0" bw="1" slack="0"/>
</pin_list>
<bind>
<StgValue><ssdm name="local_aug_21_load"/></StgValue>
</bind>
</comp>

<comp id="44" class="1000" name="local_aug_22_load">
<pin_list>
<pin id="45" dir="1" index="0" bw="1" slack="0"/>
</pin_list>
<bind>
<StgValue><ssdm name="local_aug_22_load"/></StgValue>
</bind>
</comp>

<comp id="46" class="1000" name="local_aug_23_load">
<pin_list>
<pin id="47" dir="1" index="0" bw="1" slack="0"/>
</pin_list>
<bind>
<StgValue><ssdm name="local_aug_23_load"/></StgValue>
</bind>
</comp>

<comp id="48" class="1000" name="local_aug_24_load">
<pin_list>
<pin id="49" dir="1" index="0" bw="1" slack="0"/>
</pin_list>
<bind>
<StgValue><ssdm name="local_aug_24_load"/></StgValue>
</bind>
</comp>

<comp id="50" class="1000" name="local_aug_25_load">
<pin_list>
<pin id="51" dir="1" index="0" bw="1" slack="0"/>
</pin_list>
<bind>
<StgValue><ssdm name="local_aug_25_load"/></StgValue>
</bind>
</comp>

<comp id="52" class="1000" name="local_aug_26_load">
<pin_list>
<pin id="53" dir="1" index="0" bw="1" slack="0"/>
</pin_list>
<bind>
<StgValue><ssdm name="local_aug_26_load"/></StgValue>
</bind>
</comp>

<comp id="54" class="1000" name="local_aug_27_load">
<pin_list>
<pin id="55" dir="1" index="0" bw="1" slack="0"/>
</pin_list>
<bind>
<StgValue><ssdm name="local_aug_27_load"/></StgValue>
</bind>
</comp>

<comp id="56" class="1000" name="local_aug_28_load">
<pin_list>
<pin id="57" dir="1" index="0" bw="1" slack="0"/>
</pin_list>
<bind>
<StgValue><ssdm name="local_aug_28_load"/></StgValue>
</bind>
</comp>

<comp id="58" class="1000" name="local_aug_29_load">
<pin_list>
<pin id="59" dir="1" index="0" bw="1" slack="0"/>
</pin_list>
<bind>
<StgValue><ssdm name="local_aug_29_load"/></StgValue>
</bind>
</comp>

<comp id="60" class="1000" name="local_aug_30_load">
<pin_list>
<pin id="61" dir="1" index="0" bw="1" slack="0"/>
</pin_list>
<bind>
<StgValue><ssdm name="local_aug_30_load"/></StgValue>
</bind>
</comp>

<comp id="62" class="1000" name="local_aug_31_load">
<pin_list>
<pin id="63" dir="1" index="0" bw="1" slack="0"/>
</pin_list>
<bind>
<StgValue><ssdm name="local_aug_31_load"/></StgValue>
</bind>
</comp>

<comp id="64" class="1001" name="const_64">
<pin_list>
<pin id="65" dir="1" index="0" bw="1" slack="0"/>
</pin_list>
<bind>
<StgValue><ssdm name=""/></StgValue>
</bind>
</comp>

<comp id="66" class="1001" name="const_66">
<pin_list>
<pin id="67" dir="1" index="0" bw="1" slack="0"/>
</pin_list>
<bind>
<StgValue><ssdm name="_ssdm_op_Read.ap_auto.i16"/></StgValue>
</bind>
</comp>

<comp id="68" class="1001" name="const_68">
<pin_list>
<pin id="69" dir="1" index="0" bw="1" slack="0"/>
</pin_list>
<bind>
<StgValue><ssdm name=""/></StgValue>
</bind>
</comp>

<comp id="70" class="1001" name="const_70">
<pin_list>
<pin id="71" dir="1" index="0" bw="1" slack="0"/>
</pin_list>
<bind>
<StgValue><ssdm name=""/></StgValue>
</bind>
</comp>

<comp id="72" class="1001" name="const_72">
<pin_list>
<pin id="73" dir="1" index="0" bw="1" slack="0"/>
</pin_list>
<bind>
<StgValue><ssdm name=""/></StgValue>
</bind>
</comp>

<comp id="74" class="1001" name="const_74">
<pin_list>
<pin id="75" dir="1" index="0" bw="1" slack="2147483647"/>
</pin_list>
<bind>
<StgValue><ssdm name="_ssdm_op_SpecPipeline"/></StgValue>
</bind>
</comp>

<comp id="76" class="1001" name="const_76">
<pin_list>
<pin id="77" dir="1" index="0" bw="1" slack="2147483647"/>
</pin_list>
<bind>
<StgValue><ssdm name=""/></StgValue>
</bind>
</comp>

<comp id="78" class="1001" name="const_78">
<pin_list>
<pin id="79" dir="1" index="0" bw="1" slack="2147483647"/>
</pin_list>
<bind>
<StgValue><ssdm name=""/></StgValue>
</bind>
</comp>

<comp id="80" class="1001" name="const_80">
<pin_list>
<pin id="81" dir="1" index="0" bw="1" slack="2147483647"/>
</pin_list>
<bind>
<StgValue><ssdm name="empty_24"/></StgValue>
</bind>
</comp>

<comp id="82" class="1001" name="const_82">
<pin_list>
<pin id="83" dir="1" index="0" bw="1" slack="2147483647"/>
</pin_list>
<bind>
<StgValue><ssdm name="_ssdm_op_SpecLoopTripCount"/></StgValue>
</bind>
</comp>

<comp id="84" class="1001" name="const_84">
<pin_list>
<pin id="85" dir="1" index="0" bw="1" slack="2147483647"/>
</pin_list>
<bind>
<StgValue><ssdm name=""/></StgValue>
</bind>
</comp>

<comp id="86" class="1001" name="const_86">
<pin_list>
<pin id="87" dir="1" index="0" bw="1" slack="2147483647"/>
</pin_list>
<bind>
<StgValue><ssdm name="_ssdm_op_SpecLoopName"/></StgValue>
</bind>
</comp>

<comp id="88" class="1001" name="const_88">
<pin_list>
<pin id="89" dir="1" index="0" bw="1" slack="2147483647"/>
</pin_list>
<bind>
<StgValue><ssdm name="empty_8"/></StgValue>
</bind>
</comp>

<comp id="90" class="1001" name="const_90">
<pin_list>
<pin id="91" dir="1" index="0" bw="1" slack="0"/>
</pin_list>
<bind>
<StgValue><ssdm name="_ssdm_op_SparseMux.ap_auto.4i16.i16.i2"/></StgValue>
</bind>
</comp>

<comp id="92" class="1001" name="const_92">
<pin_list>
<pin id="93" dir="1" index="0" bw="1" slack="0"/>
</pin_list>
<bind>
<StgValue><ssdm name=""/></StgValue>
</bind>
</comp>

<comp id="94" class="1001" name="const_94">
<pin_list>
<pin id="95" dir="1" index="0" bw="1" slack="0"/>
</pin_list>
<bind>
<StgValue><ssdm name=""/></StgValue>
</bind>
</comp>

<comp id="96" class="1001" name="const_96">
<pin_list>
<pin id="97" dir="1" index="0" bw="1" slack="0"/>
</pin_list>
<bind>
<StgValue><ssdm name=""/></StgValue>
</bind>
</comp>

<comp id="98" class="1001" name="const_98">
<pin_list>
<pin id="99" dir="1" index="0" bw="1" slack="0"/>
</pin_list>
<bind>
<StgValue><ssdm name=""/></StgValue>
</bind>
</comp>

<comp id="100" class="1001" name="const_100">
<pin_list>
<pin id="101" dir="1" index="0" bw="1" slack="0"/>
</pin_list>
<bind>
<StgValue><ssdm name=""/></StgValue>
</bind>
</comp>

<comp id="102" class="1001" name="const_102">
<pin_list>
<pin id="103" dir="1" index="0" bw="1" slack="0"/>
</pin_list>
<bind>
<StgValue><ssdm name="_ssdm_op_Write.ap_auto.i16P0A"/></StgValue>
</bind>
</comp>

<comp id="104" class="1004" name="r_fu_104">
<pin_list>
<pin id="105" dir="0" index="0" bw="1" slack="0"/>
<pin id="106" dir="1" index="1" bw="3" slack="0"/>
</pin_list>
<bind>
<opcode="alloca(26) " fcode="alloca"/>
<opset="r/1 "/>
</bind>
</comp>

<comp id="108" class="1004" name="local_aug_31_load_read_read_fu_108">
<pin_list>
<pin id="109" dir="0" index="0" bw="16" slack="0"/>
<pin id="110" dir="0" index="1" bw="16" slack="0"/>
<pin id="111" dir="1" index="2" bw="16" slack="0"/>
</pin_list>
<bind>
<opcode="read(1150) " fcode="read"/>
<opset="local_aug_31_load_read/1 "/>
</bind>
</comp>

<comp id="114" class="1004" name="local_aug_30_load_read_read_fu_114">
<pin_list>
<pin id="115" dir="0" index="0" bw="16" slack="0"/>
<pin id="116" dir="0" index="1" bw="16" slack="0"/>
<pin id="117" dir="1" index="2" bw="16" slack="0"/>
</pin_list>
<bind>
<opcode="read(1150) " fcode="read"/>
<opset="local_aug_30_load_read/1 "/>
</bind>
</comp>

<comp id="120" class="1004" name="local_aug_29_load_read_read_fu_120">
<pin_list>
<pin id="121" dir="0" index="0" bw="16" slack="0"/>
<pin id="122" dir="0" index="1" bw="16" slack="0"/>
<pin id="123" dir="1" index="2" bw="16" slack="0"/>
</pin_list>
<bind>
<opcode="read(1150) " fcode="read"/>
<opset="local_aug_29_load_read/1 "/>
</bind>
</comp>

<comp id="126" class="1004" name="local_aug_28_load_read_read_fu_126">
<pin_list>
<pin id="127" dir="0" index="0" bw="16" slack="0"/>
<pin id="128" dir="0" index="1" bw="16" slack="0"/>
<pin id="129" dir="1" index="2" bw="16" slack="0"/>
</pin_list>
<bind>
<opcode="read(1150) " fcode="read"/>
<opset="local_aug_28_load_read/1 "/>
</bind>
</comp>

<comp id="132" class="1004" name="local_aug_27_load_read_read_fu_132">
<pin_list>
<pin id="133" dir="0" index="0" bw="16" slack="0"/>
<pin id="134" dir="0" index="1" bw="16" slack="0"/>
<pin id="135" dir="1" index="2" bw="16" slack="0"/>
</pin_list>
<bind>
<opcode="read(1150) " fcode="read"/>
<opset="local_aug_27_load_read/1 "/>
</bind>
</comp>

<comp id="138" class="1004" name="local_aug_26_load_read_read_fu_138">
<pin_list>
<pin id="139" dir="0" index="0" bw="16" slack="0"/>
<pin id="140" dir="0" index="1" bw="16" slack="0"/>
<pin id="141" dir="1" index="2" bw="16" slack="0"/>
</pin_list>
<bind>
<opcode="read(1150) " fcode="read"/>
<opset="local_aug_26_load_read/1 "/>
</bind>
</comp>

<comp id="144" class="1004" name="local_aug_25_load_read_read_fu_144">
<pin_list>
<pin id="145" dir="0" index="0" bw="16" slack="0"/>
<pin id="146" dir="0" index="1" bw="16" slack="0"/>
<pin id="147" dir="1" index="2" bw="16" slack="0"/>
</pin_list>
<bind>
<opcode="read(1150) " fcode="read"/>
<opset="local_aug_25_load_read/1 "/>
</bind>
</comp>

<comp id="150" class="1004" name="local_aug_24_load_read_read_fu_150">
<pin_list>
<pin id="151" dir="0" index="0" bw="16" slack="0"/>
<pin id="152" dir="0" index="1" bw="16" slack="0"/>
<pin id="153" dir="1" index="2" bw="16" slack="0"/>
</pin_list>
<bind>
<opcode="read(1150) " fcode="read"/>
<opset="local_aug_24_load_read/1 "/>
</bind>
</comp>

<comp id="156" class="1004" name="local_aug_23_load_read_read_fu_156">
<pin_list>
<pin id="157" dir="0" index="0" bw="16" slack="0"/>
<pin id="158" dir="0" index="1" bw="16" slack="0"/>
<pin id="159" dir="1" index="2" bw="16" slack="0"/>
</pin_list>
<bind>
<opcode="read(1150) " fcode="read"/>
<opset="local_aug_23_load_read/1 "/>
</bind>
</comp>

<comp id="162" class="1004" name="local_aug_22_load_read_read_fu_162">
<pin_list>
<pin id="163" dir="0" index="0" bw="16" slack="0"/>
<pin id="164" dir="0" index="1" bw="16" slack="0"/>
<pin id="165" dir="1" index="2" bw="16" slack="0"/>
</pin_list>
<bind>
<opcode="read(1150) " fcode="read"/>
<opset="local_aug_22_load_read/1 "/>
</bind>
</comp>

<comp id="168" class="1004" name="local_aug_21_load_read_read_fu_168">
<pin_list>
<pin id="169" dir="0" index="0" bw="16" slack="0"/>
<pin id="170" dir="0" index="1" bw="16" slack="0"/>
<pin id="171" dir="1" index="2" bw="16" slack="0"/>
</pin_list>
<bind>
<opcode="read(1150) " fcode="read"/>
<opset="local_aug_21_load_read/1 "/>
</bind>
</comp>

<comp id="174" class="1004" name="local_aug_20_load_read_read_fu_174">
<pin_list>
<pin id="175" dir="0" index="0" bw="16" slack="0"/>
<pin id="176" dir="0" index="1" bw="16" slack="0"/>
<pin id="177" dir="1" index="2" bw="16" slack="0"/>
</pin_list>
<bind>
<opcode="read(1150) " fcode="read"/>
<opset="local_aug_20_load_read/1 "/>
</bind>
</comp>

<comp id="180" class="1004" name="local_aug_19_load_read_read_fu_180">
<pin_list>
<pin id="181" dir="0" index="0" bw="16" slack="0"/>
<pin id="182" dir="0" index="1" bw="16" slack="0"/>
<pin id="183" dir="1" index="2" bw="16" slack="0"/>
</pin_list>
<bind>
<opcode="read(1150) " fcode="read"/>
<opset="local_aug_19_load_read/1 "/>
</bind>
</comp>

<comp id="186" class="1004" name="local_aug_18_load_read_read_fu_186">
<pin_list>
<pin id="187" dir="0" index="0" bw="16" slack="0"/>
<pin id="188" dir="0" index="1" bw="16" slack="0"/>
<pin id="189" dir="1" index="2" bw="16" slack="0"/>
</pin_list>
<bind>
<opcode="read(1150) " fcode="read"/>
<opset="local_aug_18_load_read/1 "/>
</bind>
</comp>

<comp id="192" class="1004" name="local_aug_17_load_read_read_fu_192">
<pin_list>
<pin id="193" dir="0" index="0" bw="16" slack="0"/>
<pin id="194" dir="0" index="1" bw="16" slack="0"/>
<pin id="195" dir="1" index="2" bw="16" slack="0"/>
</pin_list>
<bind>
<opcode="read(1150) " fcode="read"/>
<opset="local_aug_17_load_read/1 "/>
</bind>
</comp>

<comp id="198" class="1004" name="local_aug_16_load_read_read_fu_198">
<pin_list>
<pin id="199" dir="0" index="0" bw="16" slack="0"/>
<pin id="200" dir="0" index="1" bw="16" slack="0"/>
<pin id="201" dir="1" index="2" bw="16" slack="0"/>
</pin_list>
<bind>
<opcode="read(1150) " fcode="read"/>
<opset="local_aug_16_load_read/1 "/>
</bind>
</comp>

<comp id="204" class="1004" name="write_ln79_write_fu_204">
<pin_list>
<pin id="205" dir="0" index="0" bw="0" slack="0"/>
<pin id="206" dir="0" index="1" bw="16" slack="0"/>
<pin id="207" dir="0" index="2" bw="16" slack="0"/>
<pin id="208" dir="1" index="3" bw="0" slack="2147483647"/>
</pin_list>
<bind>
<opcode="write(1151) " fcode="write"/>
<opset="write_ln79/1 "/>
</bind>
</comp>

<comp id="211" class="1004" name="write_ln79_write_fu_211">
<pin_list>
<pin id="212" dir="0" index="0" bw="0" slack="0"/>
<pin id="213" dir="0" index="1" bw="16" slack="0"/>
<pin id="214" dir="0" index="2" bw="16" slack="0"/>
<pin id="215" dir="1" index="3" bw="0" slack="2147483647"/>
</pin_list>
<bind>
<opcode="write(1151) " fcode="write"/>
<opset="write_ln79/1 "/>
</bind>
</comp>

<comp id="218" class="1004" name="write_ln79_write_fu_218">
<pin_list>
<pin id="219" dir="0" index="0" bw="0" slack="0"/>
<pin id="220" dir="0" index="1" bw="16" slack="0"/>
<pin id="221" dir="0" index="2" bw="16" slack="0"/>
<pin id="222" dir="1" index="3" bw="0" slack="2147483647"/>
</pin_list>
<bind>
<opcode="write(1151) " fcode="write"/>
<opset="write_ln79/1 "/>
</bind>
</comp>

<comp id="225" class="1004" name="write_ln79_write_fu_225">
<pin_list>
<pin id="226" dir="0" index="0" bw="0" slack="0"/>
<pin id="227" dir="0" index="1" bw="16" slack="0"/>
<pin id="228" dir="0" index="2" bw="16" slack="0"/>
<pin id="229" dir="1" index="3" bw="0" slack="2147483647"/>
</pin_list>
<bind>
<opcode="write(1151) " fcode="write"/>
<opset="write_ln79/1 "/>
</bind>
</comp>

<comp id="232" class="1004" name="write_ln79_write_fu_232">
<pin_list>
<pin id="233" dir="0" index="0" bw="0" slack="0"/>
<pin id="234" dir="0" index="1" bw="16" slack="0"/>
<pin id="235" dir="0" index="2" bw="16" slack="0"/>
<pin id="236" dir="1" index="3" bw="0" slack="2147483647"/>
</pin_list>
<bind>
<opcode="write(1151) " fcode="write"/>
<opset="write_ln79/1 "/>
</bind>
</comp>

<comp id="239" class="1004" name="write_ln79_write_fu_239">
<pin_list>
<pin id="240" dir="0" index="0" bw="0" slack="0"/>
<pin id="241" dir="0" index="1" bw="16" slack="0"/>
<pin id="242" dir="0" index="2" bw="16" slack="0"/>
<pin id="243" dir="1" index="3" bw="0" slack="2147483647"/>
</pin_list>
<bind>
<opcode="write(1151) " fcode="write"/>
<opset="write_ln79/1 "/>
</bind>
</comp>

<comp id="246" class="1004" name="write_ln79_write_fu_246">
<pin_list>
<pin id="247" dir="0" index="0" bw="0" slack="0"/>
<pin id="248" dir="0" index="1" bw="16" slack="0"/>
<pin id="249" dir="0" index="2" bw="16" slack="0"/>
<pin id="250" dir="1" index="3" bw="0" slack="2147483647"/>
</pin_list>
<bind>
<opcode="write(1151) " fcode="write"/>
<opset="write_ln79/1 "/>
</bind>
</comp>

<comp id="253" class="1004" name="write_ln79_write_fu_253">
<pin_list>
<pin id="254" dir="0" index="0" bw="0" slack="0"/>
<pin id="255" dir="0" index="1" bw="16" slack="0"/>
<pin id="256" dir="0" index="2" bw="16" slack="0"/>
<pin id="257" dir="1" index="3" bw="0" slack="2147483647"/>
</pin_list>
<bind>
<opcode="write(1151) " fcode="write"/>
<opset="write_ln79/1 "/>
</bind>
</comp>

<comp id="260" class="1004" name="write_ln79_write_fu_260">
<pin_list>
<pin id="261" dir="0" index="0" bw="0" slack="0"/>
<pin id="262" dir="0" index="1" bw="16" slack="0"/>
<pin id="263" dir="0" index="2" bw="16" slack="0"/>
<pin id="264" dir="1" index="3" bw="0" slack="2147483647"/>
</pin_list>
<bind>
<opcode="write(1151) " fcode="write"/>
<opset="write_ln79/1 "/>
</bind>
</comp>

<comp id="267" class="1004" name="write_ln79_write_fu_267">
<pin_list>
<pin id="268" dir="0" index="0" bw="0" slack="0"/>
<pin id="269" dir="0" index="1" bw="16" slack="0"/>
<pin id="270" dir="0" index="2" bw="16" slack="0"/>
<pin id="271" dir="1" index="3" bw="0" slack="2147483647"/>
</pin_list>
<bind>
<opcode="write(1151) " fcode="write"/>
<opset="write_ln79/1 "/>
</bind>
</comp>

<comp id="274" class="1004" name="write_ln79_write_fu_274">
<pin_list>
<pin id="275" dir="0" index="0" bw="0" slack="0"/>
<pin id="276" dir="0" index="1" bw="16" slack="0"/>
<pin id="277" dir="0" index="2" bw="16" slack="0"/>
<pin id="278" dir="1" index="3" bw="0" slack="2147483647"/>
</pin_list>
<bind>
<opcode="write(1151) " fcode="write"/>
<opset="write_ln79/1 "/>
</bind>
</comp>

<comp id="281" class="1004" name="write_ln79_write_fu_281">
<pin_list>
<pin id="282" dir="0" index="0" bw="0" slack="0"/>
<pin id="283" dir="0" index="1" bw="16" slack="0"/>
<pin id="284" dir="0" index="2" bw="16" slack="0"/>
<pin id="285" dir="1" index="3" bw="0" slack="2147483647"/>
</pin_list>
<bind>
<opcode="write(1151) " fcode="write"/>
<opset="write_ln79/1 "/>
</bind>
</comp>

<comp id="288" class="1004" name="write_ln79_write_fu_288">
<pin_list>
<pin id="289" dir="0" index="0" bw="0" slack="0"/>
<pin id="290" dir="0" index="1" bw="16" slack="0"/>
<pin id="291" dir="0" index="2" bw="16" slack="0"/>
<pin id="292" dir="1" index="3" bw="0" slack="2147483647"/>
</pin_list>
<bind>
<opcode="write(1151) " fcode="write"/>
<opset="write_ln79/1 "/>
</bind>
</comp>

<comp id="295" class="1004" name="write_ln79_write_fu_295">
<pin_list>
<pin id="296" dir="0" index="0" bw="0" slack="0"/>
<pin id="297" dir="0" index="1" bw="16" slack="0"/>
<pin id="298" dir="0" index="2" bw="16" slack="0"/>
<pin id="299" dir="1" index="3" bw="0" slack="2147483647"/>
</pin_list>
<bind>
<opcode="write(1151) " fcode="write"/>
<opset="write_ln79/1 "/>
</bind>
</comp>

<comp id="302" class="1004" name="write_ln79_write_fu_302">
<pin_list>
<pin id="303" dir="0" index="0" bw="0" slack="0"/>
<pin id="304" dir="0" index="1" bw="16" slack="0"/>
<pin id="305" dir="0" index="2" bw="16" slack="0"/>
<pin id="306" dir="1" index="3" bw="0" slack="2147483647"/>
</pin_list>
<bind>
<opcode="write(1151) " fcode="write"/>
<opset="write_ln79/1 "/>
</bind>
</comp>

<comp id="309" class="1004" name="write_ln79_write_fu_309">
<pin_list>
<pin id="310" dir="0" index="0" bw="0" slack="0"/>
<pin id="311" dir="0" index="1" bw="16" slack="0"/>
<pin id="312" dir="0" index="2" bw="16" slack="0"/>
<pin id="313" dir="1" index="3" bw="0" slack="2147483647"/>
</pin_list>
<bind>
<opcode="write(1151) " fcode="write"/>
<opset="write_ln79/1 "/>
</bind>
</comp>

<comp id="316" class="1004" name="store_ln77_store_fu_316">
<pin_list>
<pin id="317" dir="0" index="0" bw="1" slack="0"/>
<pin id="318" dir="0" index="1" bw="3" slack="0"/>
<pin id="319" dir="1" index="2" bw="0" slack="2147483647"/>
</pin_list>
<bind>
<opcode="store(28) " fcode="store"/>
<opset="store_ln77/1 "/>
</bind>
</comp>

<comp id="321" class="1004" name="r_1_load_fu_321">
<pin_list>
<pin id="322" dir="0" index="0" bw="3" slack="0"/>
<pin id="323" dir="1" index="1" bw="3" slack="0"/>
</pin_list>
<bind>
<opcode="load(27) " fcode="load"/>
<opset="r_1/1 "/>
</bind>
</comp>

<comp id="324" class="1004" name="icmp_ln77_fu_324">
<pin_list>
<pin id="325" dir="0" index="0" bw="3" slack="0"/>
<pin id="326" dir="0" index="1" bw="3" slack="0"/>
<pin id="327" dir="1" index="2" bw="1" slack="2147483647"/>
</pin_list>
<bind>
<opcode="icmp(45) " fcode="icmp"/>
<opset="icmp_ln77/1 "/>
</bind>
</comp>

<comp id="330" class="1004" name="add_ln77_fu_330">
<pin_list>
<pin id="331" dir="0" index="0" bw="3" slack="0"/>
<pin id="332" dir="0" index="1" bw="1" slack="0"/>
<pin id="333" dir="1" index="2" bw="3" slack="0"/>
</pin_list>
<bind>
<opcode="add(8) " fcode="add"/>
<opset="add_ln77/1 "/>
</bind>
</comp>

<comp id="336" class="1004" name="trunc_ln77_fu_336">
<pin_list>
<pin id="337" dir="0" index="0" bw="3" slack="0"/>
<pin id="338" dir="1" index="1" bw="2" slack="0"/>
</pin_list>
<bind>
<opcode="trunc(33) " fcode="trunc"/>
<opset="trunc_ln77/1 "/>
</bind>
</comp>

<comp id="340" class="1004" name="tmp_s_fu_340">
<pin_list>
<pin id="341" dir="0" index="0" bw="16" slack="0"/>
<pin id="342" dir="0" index="1" bw="2" slack="0"/>
<pin id="343" dir="0" index="2" bw="16" slack="0"/>
<pin id="344" dir="0" index="3" bw="2" slack="0"/>
<pin id="345" dir="0" index="4" bw="16" slack="0"/>
<pin id="346" dir="0" index="5" bw="2" slack="0"/>
<pin id="347" dir="0" index="6" bw="16" slack="0"/>
<pin id="348" dir="0" index="7" bw="2" slack="0"/>
<pin id="349" dir="0" index="8" bw="16" slack="0"/>
<pin id="350" dir="0" index="9" bw="16" slack="0"/>
<pin id="351" dir="0" index="10" bw="2" slack="0"/>
<pin id="352" dir="1" index="11" bw="16" slack="0"/>
</pin_list>
<bind>
<opcode="sparsemux(1197) " fcode="sparsemux"/>
<opset="tmp_s/1 "/>
</bind>
</comp>

<comp id="368" class="1004" name="tmp_174_fu_368">
<pin_list>
<pin id="369" dir="0" index="0" bw="16" slack="0"/>
<pin id="370" dir="0" index="1" bw="2" slack="0"/>
<pin id="371" dir="0" index="2" bw="16" slack="0"/>
<pin id="372" dir="0" index="3" bw="2" slack="0"/>
<pin id="373" dir="0" index="4" bw="16" slack="0"/>
<pin id="374" dir="0" index="5" bw="2" slack="0"/>
<pin id="375" dir="0" index="6" bw="16" slack="0"/>
<pin id="376" dir="0" index="7" bw="2" slack="0"/>
<pin id="377" dir="0" index="8" bw="16" slack="0"/>
<pin id="378" dir="0" index="9" bw="16" slack="0"/>
<pin id="379" dir="0" index="10" bw="2" slack="0"/>
<pin id="380" dir="1" index="11" bw="16" slack="0"/>
</pin_list>
<bind>
<opcode="sparsemux(1197) " fcode="sparsemux"/>
<opset="tmp_174/1 "/>
</bind>
</comp>

<comp id="396" class="1004" name="tmp_175_fu_396">
<pin_list>
<pin id="397" dir="0" index="0" bw="16" slack="0"/>
<pin id="398" dir="0" index="1" bw="2" slack="0"/>
<pin id="399" dir="0" index="2" bw="16" slack="0"/>
<pin id="400" dir="0" index="3" bw="2" slack="0"/>
<pin id="401" dir="0" index="4" bw="16" slack="0"/>
<pin id="402" dir="0" index="5" bw="2" slack="0"/>
<pin id="403" dir="0" index="6" bw="16" slack="0"/>
<pin id="404" dir="0" index="7" bw="2" slack="0"/>
<pin id="405" dir="0" index="8" bw="16" slack="0"/>
<pin id="406" dir="0" index="9" bw="16" slack="0"/>
<pin id="407" dir="0" index="10" bw="2" slack="0"/>
<pin id="408" dir="1" index="11" bw="16" slack="0"/>
</pin_list>
<bind>
<opcode="sparsemux(1197) " fcode="sparsemux"/>
<opset="tmp_175/1 "/>
</bind>
</comp>

<comp id="424" class="1004" name="tmp_176_fu_424">
<pin_list>
<pin id="425" dir="0" index="0" bw="16" slack="0"/>
<pin id="426" dir="0" index="1" bw="2" slack="0"/>
<pin id="427" dir="0" index="2" bw="16" slack="0"/>
<pin id="428" dir="0" index="3" bw="2" slack="0"/>
<pin id="429" dir="0" index="4" bw="16" slack="0"/>
<pin id="430" dir="0" index="5" bw="2" slack="0"/>
<pin id="431" dir="0" index="6" bw="16" slack="0"/>
<pin id="432" dir="0" index="7" bw="2" slack="0"/>
<pin id="433" dir="0" index="8" bw="16" slack="0"/>
<pin id="434" dir="0" index="9" bw="16" slack="0"/>
<pin id="435" dir="0" index="10" bw="2" slack="0"/>
<pin id="436" dir="1" index="11" bw="16" slack="0"/>
</pin_list>
<bind>
<opcode="sparsemux(1197) " fcode="sparsemux"/>
<opset="tmp_176/1 "/>
</bind>
</comp>

<comp id="452" class="1004" name="switch_ln79_fu_452">
<pin_list>
<pin id="453" dir="0" index="0" bw="2" slack="0"/>
<pin id="454" dir="0" index="1" bw="1" slack="0"/>
<pin id="455" dir="0" index="2" bw="1" slack="0"/>
<pin id="456" dir="0" index="3" bw="2" slack="0"/>
<pin id="457" dir="1" index="4" bw="0" slack="2147483647"/>
</pin_list>
<bind>
<opcode="switch(3) " fcode="switch"/>
<opset="switch_ln79/1 "/>
</bind>
</comp>

<comp id="462" class="1004" name="store_ln77_store_fu_462">
<pin_list>
<pin id="463" dir="0" index="0" bw="3" slack="0"/>
<pin id="464" dir="0" index="1" bw="3" slack="0"/>
<pin id="465" dir="1" index="2" bw="0" slack="2147483647"/>
</pin_list>
<bind>
<opcode="store(28) " fcode="store"/>
<opset="store_ln77/1 "/>
</bind>
</comp>

<comp id="467" class="1005" name="r_reg_467">
<pin_list>
<pin id="468" dir="0" index="0" bw="3" slack="0"/>
<pin id="469" dir="1" index="1" bw="3" slack="0"/>
</pin_list>
<bind>
<opset="r "/>
</bind>
</comp>

</comp_list>

<net_list>
<net id="107"><net_src comp="64" pin="0"/><net_sink comp="104" pin=0"/></net>

<net id="112"><net_src comp="66" pin="0"/><net_sink comp="108" pin=0"/></net>

<net id="113"><net_src comp="62" pin="0"/><net_sink comp="108" pin=1"/></net>

<net id="118"><net_src comp="66" pin="0"/><net_sink comp="114" pin=0"/></net>

<net id="119"><net_src comp="60" pin="0"/><net_sink comp="114" pin=1"/></net>

<net id="124"><net_src comp="66" pin="0"/><net_sink comp="120" pin=0"/></net>

<net id="125"><net_src comp="58" pin="0"/><net_sink comp="120" pin=1"/></net>

<net id="130"><net_src comp="66" pin="0"/><net_sink comp="126" pin=0"/></net>

<net id="131"><net_src comp="56" pin="0"/><net_sink comp="126" pin=1"/></net>

<net id="136"><net_src comp="66" pin="0"/><net_sink comp="132" pin=0"/></net>

<net id="137"><net_src comp="54" pin="0"/><net_sink comp="132" pin=1"/></net>

<net id="142"><net_src comp="66" pin="0"/><net_sink comp="138" pin=0"/></net>

<net id="143"><net_src comp="52" pin="0"/><net_sink comp="138" pin=1"/></net>

<net id="148"><net_src comp="66" pin="0"/><net_sink comp="144" pin=0"/></net>

<net id="149"><net_src comp="50" pin="0"/><net_sink comp="144" pin=1"/></net>

<net id="154"><net_src comp="66" pin="0"/><net_sink comp="150" pin=0"/></net>

<net id="155"><net_src comp="48" pin="0"/><net_sink comp="150" pin=1"/></net>

<net id="160"><net_src comp="66" pin="0"/><net_sink comp="156" pin=0"/></net>

<net id="161"><net_src comp="46" pin="0"/><net_sink comp="156" pin=1"/></net>

<net id="166"><net_src comp="66" pin="0"/><net_sink comp="162" pin=0"/></net>

<net id="167"><net_src comp="44" pin="0"/><net_sink comp="162" pin=1"/></net>

<net id="172"><net_src comp="66" pin="0"/><net_sink comp="168" pin=0"/></net>

<net id="173"><net_src comp="42" pin="0"/><net_sink comp="168" pin=1"/></net>

<net id="178"><net_src comp="66" pin="0"/><net_sink comp="174" pin=0"/></net>

<net id="179"><net_src comp="40" pin="0"/><net_sink comp="174" pin=1"/></net>

<net id="184"><net_src comp="66" pin="0"/><net_sink comp="180" pin=0"/></net>

<net id="185"><net_src comp="38" pin="0"/><net_sink comp="180" pin=1"/></net>

<net id="190"><net_src comp="66" pin="0"/><net_sink comp="186" pin=0"/></net>

<net id="191"><net_src comp="36" pin="0"/><net_sink comp="186" pin=1"/></net>

<net id="196"><net_src comp="66" pin="0"/><net_sink comp="192" pin=0"/></net>

<net id="197"><net_src comp="34" pin="0"/><net_sink comp="192" pin=1"/></net>

<net id="202"><net_src comp="66" pin="0"/><net_sink comp="198" pin=0"/></net>

<net id="203"><net_src comp="32" pin="0"/><net_sink comp="198" pin=1"/></net>

<net id="209"><net_src comp="102" pin="0"/><net_sink comp="204" pin=0"/></net>

<net id="210"><net_src comp="28" pin="0"/><net_sink comp="204" pin=1"/></net>

<net id="216"><net_src comp="102" pin="0"/><net_sink comp="211" pin=0"/></net>

<net id="217"><net_src comp="22" pin="0"/><net_sink comp="211" pin=1"/></net>

<net id="223"><net_src comp="102" pin="0"/><net_sink comp="218" pin=0"/></net>

<net id="224"><net_src comp="16" pin="0"/><net_sink comp="218" pin=1"/></net>

<net id="230"><net_src comp="102" pin="0"/><net_sink comp="225" pin=0"/></net>

<net id="231"><net_src comp="10" pin="0"/><net_sink comp="225" pin=1"/></net>

<net id="237"><net_src comp="102" pin="0"/><net_sink comp="232" pin=0"/></net>

<net id="238"><net_src comp="30" pin="0"/><net_sink comp="232" pin=1"/></net>

<net id="244"><net_src comp="102" pin="0"/><net_sink comp="239" pin=0"/></net>

<net id="245"><net_src comp="24" pin="0"/><net_sink comp="239" pin=1"/></net>

<net id="251"><net_src comp="102" pin="0"/><net_sink comp="246" pin=0"/></net>

<net id="252"><net_src comp="18" pin="0"/><net_sink comp="246" pin=1"/></net>

<net id="258"><net_src comp="102" pin="0"/><net_sink comp="253" pin=0"/></net>

<net id="259"><net_src comp="12" pin="0"/><net_sink comp="253" pin=1"/></net>

<net id="265"><net_src comp="102" pin="0"/><net_sink comp="260" pin=0"/></net>

<net id="266"><net_src comp="0" pin="0"/><net_sink comp="260" pin=1"/></net>

<net id="272"><net_src comp="102" pin="0"/><net_sink comp="267" pin=0"/></net>

<net id="273"><net_src comp="2" pin="0"/><net_sink comp="267" pin=1"/></net>

<net id="279"><net_src comp="102" pin="0"/><net_sink comp="274" pin=0"/></net>

<net id="280"><net_src comp="4" pin="0"/><net_sink comp="274" pin=1"/></net>

<net id="286"><net_src comp="102" pin="0"/><net_sink comp="281" pin=0"/></net>

<net id="287"><net_src comp="6" pin="0"/><net_sink comp="281" pin=1"/></net>

<net id="293"><net_src comp="102" pin="0"/><net_sink comp="288" pin=0"/></net>

<net id="294"><net_src comp="26" pin="0"/><net_sink comp="288" pin=1"/></net>

<net id="300"><net_src comp="102" pin="0"/><net_sink comp="295" pin=0"/></net>

<net id="301"><net_src comp="20" pin="0"/><net_sink comp="295" pin=1"/></net>

<net id="307"><net_src comp="102" pin="0"/><net_sink comp="302" pin=0"/></net>

<net id="308"><net_src comp="14" pin="0"/><net_sink comp="302" pin=1"/></net>

<net id="314"><net_src comp="102" pin="0"/><net_sink comp="309" pin=0"/></net>

<net id="315"><net_src comp="8" pin="0"/><net_sink comp="309" pin=1"/></net>

<net id="320"><net_src comp="68" pin="0"/><net_sink comp="316" pin=0"/></net>

<net id="328"><net_src comp="321" pin="1"/><net_sink comp="324" pin=0"/></net>

<net id="329"><net_src comp="70" pin="0"/><net_sink comp="324" pin=1"/></net>

<net id="334"><net_src comp="321" pin="1"/><net_sink comp="330" pin=0"/></net>

<net id="335"><net_src comp="72" pin="0"/><net_sink comp="330" pin=1"/></net>

<net id="339"><net_src comp="321" pin="1"/><net_sink comp="336" pin=0"/></net>

<net id="353"><net_src comp="90" pin="0"/><net_sink comp="340" pin=0"/></net>

<net id="354"><net_src comp="92" pin="0"/><net_sink comp="340" pin=1"/></net>

<net id="355"><net_src comp="198" pin="2"/><net_sink comp="340" pin=2"/></net>

<net id="356"><net_src comp="94" pin="0"/><net_sink comp="340" pin=3"/></net>

<net id="357"><net_src comp="192" pin="2"/><net_sink comp="340" pin=4"/></net>

<net id="358"><net_src comp="96" pin="0"/><net_sink comp="340" pin=5"/></net>

<net id="359"><net_src comp="186" pin="2"/><net_sink comp="340" pin=6"/></net>

<net id="360"><net_src comp="98" pin="0"/><net_sink comp="340" pin=7"/></net>

<net id="361"><net_src comp="180" pin="2"/><net_sink comp="340" pin=8"/></net>

<net id="362"><net_src comp="100" pin="0"/><net_sink comp="340" pin=9"/></net>

<net id="363"><net_src comp="336" pin="1"/><net_sink comp="340" pin=10"/></net>

<net id="364"><net_src comp="340" pin="11"/><net_sink comp="204" pin=2"/></net>

<net id="365"><net_src comp="340" pin="11"/><net_sink comp="232" pin=2"/></net>

<net id="366"><net_src comp="340" pin="11"/><net_sink comp="260" pin=2"/></net>

<net id="367"><net_src comp="340" pin="11"/><net_sink comp="288" pin=2"/></net>

<net id="381"><net_src comp="90" pin="0"/><net_sink comp="368" pin=0"/></net>

<net id="382"><net_src comp="92" pin="0"/><net_sink comp="368" pin=1"/></net>

<net id="383"><net_src comp="174" pin="2"/><net_sink comp="368" pin=2"/></net>

<net id="384"><net_src comp="94" pin="0"/><net_sink comp="368" pin=3"/></net>

<net id="385"><net_src comp="168" pin="2"/><net_sink comp="368" pin=4"/></net>

<net id="386"><net_src comp="96" pin="0"/><net_sink comp="368" pin=5"/></net>

<net id="387"><net_src comp="162" pin="2"/><net_sink comp="368" pin=6"/></net>

<net id="388"><net_src comp="98" pin="0"/><net_sink comp="368" pin=7"/></net>

<net id="389"><net_src comp="156" pin="2"/><net_sink comp="368" pin=8"/></net>

<net id="390"><net_src comp="100" pin="0"/><net_sink comp="368" pin=9"/></net>

<net id="391"><net_src comp="336" pin="1"/><net_sink comp="368" pin=10"/></net>

<net id="392"><net_src comp="368" pin="11"/><net_sink comp="211" pin=2"/></net>

<net id="393"><net_src comp="368" pin="11"/><net_sink comp="239" pin=2"/></net>

<net id="394"><net_src comp="368" pin="11"/><net_sink comp="267" pin=2"/></net>

<net id="395"><net_src comp="368" pin="11"/><net_sink comp="295" pin=2"/></net>

<net id="409"><net_src comp="90" pin="0"/><net_sink comp="396" pin=0"/></net>

<net id="410"><net_src comp="92" pin="0"/><net_sink comp="396" pin=1"/></net>

<net id="411"><net_src comp="150" pin="2"/><net_sink comp="396" pin=2"/></net>

<net id="412"><net_src comp="94" pin="0"/><net_sink comp="396" pin=3"/></net>

<net id="413"><net_src comp="144" pin="2"/><net_sink comp="396" pin=4"/></net>

<net id="414"><net_src comp="96" pin="0"/><net_sink comp="396" pin=5"/></net>

<net id="415"><net_src comp="138" pin="2"/><net_sink comp="396" pin=6"/></net>

<net id="416"><net_src comp="98" pin="0"/><net_sink comp="396" pin=7"/></net>

<net id="417"><net_src comp="132" pin="2"/><net_sink comp="396" pin=8"/></net>

<net id="418"><net_src comp="100" pin="0"/><net_sink comp="396" pin=9"/></net>

<net id="419"><net_src comp="336" pin="1"/><net_sink comp="396" pin=10"/></net>

<net id="420"><net_src comp="396" pin="11"/><net_sink comp="218" pin=2"/></net>

<net id="421"><net_src comp="396" pin="11"/><net_sink comp="246" pin=2"/></net>

<net id="422"><net_src comp="396" pin="11"/><net_sink comp="274" pin=2"/></net>

<net id="423"><net_src comp="396" pin="11"/><net_sink comp="302" pin=2"/></net>

<net id="437"><net_src comp="90" pin="0"/><net_sink comp="424" pin=0"/></net>

<net id="438"><net_src comp="92" pin="0"/><net_sink comp="424" pin=1"/></net>

<net id="439"><net_src comp="126" pin="2"/><net_sink comp="424" pin=2"/></net>

<net id="440"><net_src comp="94" pin="0"/><net_sink comp="424" pin=3"/></net>

<net id="441"><net_src comp="120" pin="2"/><net_sink comp="424" pin=4"/></net>

<net id="442"><net_src comp="96" pin="0"/><net_sink comp="424" pin=5"/></net>

<net id="443"><net_src comp="114" pin="2"/><net_sink comp="424" pin=6"/></net>

<net id="444"><net_src comp="98" pin="0"/><net_sink comp="424" pin=7"/></net>

<net id="445"><net_src comp="108" pin="2"/><net_sink comp="424" pin=8"/></net>

<net id="446"><net_src comp="100" pin="0"/><net_sink comp="424" pin=9"/></net>

<net id="447"><net_src comp="336" pin="1"/><net_sink comp="424" pin=10"/></net>

<net id="448"><net_src comp="424" pin="11"/><net_sink comp="225" pin=2"/></net>

<net id="449"><net_src comp="424" pin="11"/><net_sink comp="253" pin=2"/></net>

<net id="450"><net_src comp="424" pin="11"/><net_sink comp="281" pin=2"/></net>

<net id="451"><net_src comp="424" pin="11"/><net_sink comp="309" pin=2"/></net>

<net id="458"><net_src comp="336" pin="1"/><net_sink comp="452" pin=0"/></net>

<net id="459"><net_src comp="92" pin="0"/><net_sink comp="452" pin=1"/></net>

<net id="460"><net_src comp="94" pin="0"/><net_sink comp="452" pin=2"/></net>

<net id="461"><net_src comp="96" pin="0"/><net_sink comp="452" pin=3"/></net>

<net id="466"><net_src comp="330" pin="2"/><net_sink comp="462" pin=0"/></net>

<net id="470"><net_src comp="104" pin="1"/><net_sink comp="467" pin=0"/></net>

<net id="471"><net_src comp="467" pin="1"/><net_sink comp="316" pin=1"/></net>

<net id="472"><net_src comp="467" pin="1"/><net_sink comp="321" pin=0"/></net>

<net id="473"><net_src comp="467" pin="1"/><net_sink comp="462" pin=1"/></net>

</net_list>

</model> 
---------------- Datapath Model END ------------------

* FSMD analyzer results:
  - Output states:
	Port: QT_out_0_0 | {1 }
	Port: QT_out_1_0 | {1 }
	Port: QT_out_2_0 | {1 }
	Port: QT_out_3_0 | {1 }
	Port: QT_out_3_3 | {1 }
	Port: QT_out_3_2 | {1 }
	Port: QT_out_3_1 | {1 }
	Port: QT_out_2_3 | {1 }
	Port: QT_out_2_2 | {1 }
	Port: QT_out_2_1 | {1 }
	Port: QT_out_1_3 | {1 }
	Port: QT_out_1_2 | {1 }
	Port: QT_out_1_1 | {1 }
	Port: QT_out_0_3 | {1 }
	Port: QT_out_0_2 | {1 }
	Port: QT_out_0_1 | {1 }
 - Input state : 
	Port: decompose_qr_Pipeline_VITIS_LOOP_77_10 : QT_out_0_0 | {}
	Port: decompose_qr_Pipeline_VITIS_LOOP_77_10 : QT_out_1_0 | {}
	Port: decompose_qr_Pipeline_VITIS_LOOP_77_10 : QT_out_2_0 | {}
	Port: decompose_qr_Pipeline_VITIS_LOOP_77_10 : QT_out_3_0 | {}
	Port: decompose_qr_Pipeline_VITIS_LOOP_77_10 : QT_out_3_3 | {}
	Port: decompose_qr_Pipeline_VITIS_LOOP_77_10 : QT_out_3_2 | {}
	Port: decompose_qr_Pipeline_VITIS_LOOP_77_10 : QT_out_3_1 | {}
	Port: decompose_qr_Pipeline_VITIS_LOOP_77_10 : QT_out_2_3 | {}
	Port: decompose_qr_Pipeline_VITIS_LOOP_77_10 : QT_out_2_2 | {}
	Port: decompose_qr_Pipeline_VITIS_LOOP_77_10 : QT_out_2_1 | {}
	Port: decompose_qr_Pipeline_VITIS_LOOP_77_10 : QT_out_1_3 | {}
	Port: decompose_qr_Pipeline_VITIS_LOOP_77_10 : QT_out_1_2 | {}
	Port: decompose_qr_Pipeline_VITIS_LOOP_77_10 : QT_out_1_1 | {}
	Port: decompose_qr_Pipeline_VITIS_LOOP_77_10 : QT_out_0_3 | {}
	Port: decompose_qr_Pipeline_VITIS_LOOP_77_10 : QT_out_0_2 | {}
	Port: decompose_qr_Pipeline_VITIS_LOOP_77_10 : QT_out_0_1 | {}
	Port: decompose_qr_Pipeline_VITIS_LOOP_77_10 : local_aug_16_load | {1 }
	Port: decompose_qr_Pipeline_VITIS_LOOP_77_10 : local_aug_17_load | {1 }
	Port: decompose_qr_Pipeline_VITIS_LOOP_77_10 : local_aug_18_load | {1 }
	Port: decompose_qr_Pipeline_VITIS_LOOP_77_10 : local_aug_19_load | {1 }
	Port: decompose_qr_Pipeline_VITIS_LOOP_77_10 : local_aug_20_load | {1 }
	Port: decompose_qr_Pipeline_VITIS_LOOP_77_10 : local_aug_21_load | {1 }
	Port: decompose_qr_Pipeline_VITIS_LOOP_77_10 : local_aug_22_load | {1 }
	Port: decompose_qr_Pipeline_VITIS_LOOP_77_10 : local_aug_23_load | {1 }
	Port: decompose_qr_Pipeline_VITIS_LOOP_77_10 : local_aug_24_load | {1 }
	Port: decompose_qr_Pipeline_VITIS_LOOP_77_10 : local_aug_25_load | {1 }
	Port: decompose_qr_Pipeline_VITIS_LOOP_77_10 : local_aug_26_load | {1 }
	Port: decompose_qr_Pipeline_VITIS_LOOP_77_10 : local_aug_27_load | {1 }
	Port: decompose_qr_Pipeline_VITIS_LOOP_77_10 : local_aug_28_load | {1 }
	Port: decompose_qr_Pipeline_VITIS_LOOP_77_10 : local_aug_29_load | {1 }
	Port: decompose_qr_Pipeline_VITIS_LOOP_77_10 : local_aug_30_load | {1 }
	Port: decompose_qr_Pipeline_VITIS_LOOP_77_10 : local_aug_31_load | {1 }
  - Chain level:
	State 1
		store_ln77 : 1
		r_1 : 1
		icmp_ln77 : 2
		add_ln77 : 2
		br_ln77 : 3
		trunc_ln77 : 2
		tmp_s : 3
		tmp_174 : 3
		tmp_175 : 3
		tmp_176 : 3
		switch_ln79 : 3
		write_ln79 : 4
		write_ln79 : 4
		write_ln79 : 4
		write_ln79 : 4
		write_ln79 : 4
		write_ln79 : 4
		write_ln79 : 4
		write_ln79 : 4
		write_ln79 : 4
		write_ln79 : 4
		write_ln79 : 4
		write_ln79 : 4
		write_ln79 : 4
		write_ln79 : 4
		write_ln79 : 4
		write_ln79 : 4
		store_ln77 : 3


============================================================
+ Verbose Summary: Datapath Resource usage 
============================================================

* Functional unit list:
|----------|------------------------------------|---------|---------|
| Operation|           Functional Unit          |    FF   |   LUT   |
|----------|------------------------------------|---------|---------|
|          |            tmp_s_fu_340            |    0    |    20   |
| sparsemux|           tmp_174_fu_368           |    0    |    20   |
|          |           tmp_175_fu_396           |    0    |    20   |
|          |           tmp_176_fu_424           |    0    |    20   |
|----------|------------------------------------|---------|---------|
|   icmp   |          icmp_ln77_fu_324          |    0    |    11   |
|----------|------------------------------------|---------|---------|
|    add   |           add_ln77_fu_330          |    0    |    11   |
|----------|------------------------------------|---------|---------|
|          | local_aug_31_load_read_read_fu_108 |    0    |    0    |
|          | local_aug_30_load_read_read_fu_114 |    0    |    0    |
|          | local_aug_29_load_read_read_fu_120 |    0    |    0    |
|          | local_aug_28_load_read_read_fu_126 |    0    |    0    |
|          | local_aug_27_load_read_read_fu_132 |    0    |    0    |
|          | local_aug_26_load_read_read_fu_138 |    0    |    0    |
|          | local_aug_25_load_read_read_fu_144 |    0    |    0    |
|   read   | local_aug_24_load_read_read_fu_150 |    0    |    0    |
|          | local_aug_23_load_read_read_fu_156 |    0    |    0    |
|          | local_aug_22_load_read_read_fu_162 |    0    |    0    |
|          | local_aug_21_load_read_read_fu_168 |    0    |    0    |
|          | local_aug_20_load_read_read_fu_174 |    0    |    0    |
|          | local_aug_19_load_read_read_fu_180 |    0    |    0    |
|          | local_aug_18_load_read_read_fu_186 |    0    |    0    |
|          | local_aug_17_load_read_read_fu_192 |    0    |    0    |
|          | local_aug_16_load_read_read_fu_198 |    0    |    0    |
|----------|------------------------------------|---------|---------|
|          |       write_ln79_write_fu_204      |    0    |    0    |
|          |       write_ln79_write_fu_211      |    0    |    0    |
|          |       write_ln79_write_fu_218      |    0    |    0    |
|          |       write_ln79_write_fu_225      |    0    |    0    |
|          |       write_ln79_write_fu_232      |    0    |    0    |
|          |       write_ln79_write_fu_239      |    0    |    0    |
|          |       write_ln79_write_fu_246      |    0    |    0    |
|   write  |       write_ln79_write_fu_253      |    0    |    0    |
|          |       write_ln79_write_fu_260      |    0    |    0    |
|          |       write_ln79_write_fu_267      |    0    |    0    |
|          |       write_ln79_write_fu_274      |    0    |    0    |
|          |       write_ln79_write_fu_281      |    0    |    0    |
|          |       write_ln79_write_fu_288      |    0    |    0    |
|          |       write_ln79_write_fu_295      |    0    |    0    |
|          |       write_ln79_write_fu_302      |    0    |    0    |
|          |       write_ln79_write_fu_309      |    0    |    0    |
|----------|------------------------------------|---------|---------|
|   trunc  |          trunc_ln77_fu_336         |    0    |    0    |
|----------|------------------------------------|---------|---------|
|  switch  |         switch_ln79_fu_452         |    0    |    0    |
|----------|------------------------------------|---------|---------|
|   Total  |                                    |    0    |   102   |
|----------|------------------------------------|---------|---------|

Memories:
N/A

* Register list:
+---------+--------+
|         |   FF   |
+---------+--------+
|r_reg_467|    3   |
+---------+--------+
|  Total  |    3   |
+---------+--------+

* Multiplexer (MUX) list: 
|--------|------|------|------|--------|
|  Comp  |  Pin | Size |  BW  | S x BW |
|--------|------|------|------|--------|
|  Total |      |      |      |    0   |
|--------|------|------|------|--------|



* Summary:
+-----------+--------+--------+
|           |   FF   |   LUT  |
+-----------+--------+--------+
|  Function |    0   |   102  |
|   Memory  |    -   |    -   |
|Multiplexer|    -   |    -   |
|  Register |    3   |    -   |
+-----------+--------+--------+
|   Total   |    3   |   102  |
+-----------+--------+--------+
