

================================================================
== Vitis HLS Report for 'decompose_qr_Pipeline_VITIS_LOOP_63_7'
================================================================
* Date:           Tue Dec 16 20:06:15 2025

* Version:        2025.1 (Build 6135595 on May 21 2025)
* Project:        solve_top
* Solution:       hls (Vivado IP Flow Target)
* Product family: zynq
* Target device:  xc7z020-clg484-1


================================================================
== Performance Estimates
================================================================
+ Timing: 
    * Summary: 
    +--------+----------+----------+------------+
    |  Clock |  Target  | Estimated| Uncertainty|
    +--------+----------+----------+------------+
    |ap_clk  |  10.00 ns|  6.947 ns|     2.00 ns|
    +--------+----------+----------+------------+

+ Latency: 
    * Summary: 
    +---------+---------+----------+----------+-----+-----+------------------------------------------------+
    |  Latency (cycles) |  Latency (absolute) |  Interval |                    Pipeline                    |
    |   min   |   max   |    min   |    max   | min | max |                      Type                      |
    +---------+---------+----------+----------+-----+-----+------------------------------------------------+
    |       10|       10|  0.100 us|  0.100 us|    9|    9|  loop auto-rewind stp (delay=0 clock cycles(s))|
    +---------+---------+----------+----------+-----+-----+------------------------------------------------+

    + Detail: 
        * Instance: 
        N/A

        * Loop: 
        +-------------------+---------+---------+----------+-----------+-----------+------+----------+
        |                   |  Latency (cycles) | Iteration|  Initiation Interval  | Trip |          |
        |     Loop Name     |   min   |   max   |  Latency |  achieved |   target  | Count| Pipelined|
        +-------------------+---------+---------+----------+-----------+-----------+------+----------+
        |- VITIS_LOOP_63_7  |        8|        8|         2|          1|          1|     8|       yes|
        +-------------------+---------+---------+----------+-----------+-----------+------+----------+

============================================================
+ Verbose Summary: Synthesis Manager
============================================================
InlineROM: 1
ExposeGlobal: 0
============================================================
+ Verbose Summary: CDFG Model
============================================================
IsTopModel: 0
ResetActiveHigh: 1
IsCombinational: 0
IsDatapathOnly: 0
HasWiredReturn: 1
HasMFsm: 2
HasVarLatency: 1
IsPipeline: 0
IsRtlPipelined: 0
IsInstanceOverlapped: 0
IsDontTouch: 0
HasImplIP: 0
IsGatedGlobalClock: 0

+ Individual pipeline summary: 
  * Pipeline-0: initiation interval (II) = 1, depth = 2


============================================================
+ Verbose Summary: Schedule
============================================================
* Number of FSM states : 2
* Pipeline : 1
  Pipeline-0 : II = 1, D = 2, States = { 1 2 }
* Dataflow Pipeline: 0

* FSM state transitions: 
1 --> 2 
2 --> 

* FSM state operations: 

State 1 <SV = 0> <Delay = 4.91>
ST_1 : Operation 5 [1/1] (0.00ns)   --->   "%c = alloca i32 1" [C:/ELEC522/sm512/asdf/fpga_hls/qrd.cpp:63]   --->   Operation 5 'alloca' 'c' <Predicate = true> <Delay = 0.00>
ST_1 : Operation 6 [1/1] (0.00ns)   --->   "%local_aug_40 = alloca i32 1"   --->   Operation 6 'alloca' 'local_aug_40' <Predicate = true> <Delay = 0.00>
ST_1 : Operation 7 [1/1] (0.00ns)   --->   "%local_aug_41 = alloca i32 1"   --->   Operation 7 'alloca' 'local_aug_41' <Predicate = true> <Delay = 0.00>
ST_1 : Operation 8 [1/1] (0.00ns)   --->   "%local_aug_42 = alloca i32 1"   --->   Operation 8 'alloca' 'local_aug_42' <Predicate = true> <Delay = 0.00>
ST_1 : Operation 9 [1/1] (0.00ns)   --->   "%local_aug_43 = alloca i32 1"   --->   Operation 9 'alloca' 'local_aug_43' <Predicate = true> <Delay = 0.00>
ST_1 : Operation 10 [1/1] (0.00ns)   --->   "%local_aug_44 = alloca i32 1"   --->   Operation 10 'alloca' 'local_aug_44' <Predicate = true> <Delay = 0.00>
ST_1 : Operation 11 [1/1] (0.00ns)   --->   "%local_aug_45 = alloca i32 1"   --->   Operation 11 'alloca' 'local_aug_45' <Predicate = true> <Delay = 0.00>
ST_1 : Operation 12 [1/1] (0.00ns)   --->   "%local_aug_46 = alloca i32 1"   --->   Operation 12 'alloca' 'local_aug_46' <Predicate = true> <Delay = 0.00>
ST_1 : Operation 13 [1/1] (0.00ns)   --->   "%local_aug_47 = alloca i32 1"   --->   Operation 13 'alloca' 'local_aug_47' <Predicate = true> <Delay = 0.00>
ST_1 : Operation 14 [1/1] (0.00ns)   --->   "%tmp_199_read = read i16 @_ssdm_op_Read.ap_auto.i16, i16 %tmp_199"   --->   Operation 14 'read' 'tmp_199_read' <Predicate = true> <Delay = 0.00>
ST_1 : Operation 15 [1/1] (0.00ns)   --->   "%tmp_200_read = read i16 @_ssdm_op_Read.ap_auto.i16, i16 %tmp_200"   --->   Operation 15 'read' 'tmp_200_read' <Predicate = true> <Delay = 0.00>
ST_1 : Operation 16 [1/1] (0.00ns)   --->   "%tmp_201_read = read i16 @_ssdm_op_Read.ap_auto.i16, i16 %tmp_201"   --->   Operation 16 'read' 'tmp_201_read' <Predicate = true> <Delay = 0.00>
ST_1 : Operation 17 [1/1] (0.00ns)   --->   "%tmp_202_read = read i16 @_ssdm_op_Read.ap_auto.i16, i16 %tmp_202"   --->   Operation 17 'read' 'tmp_202_read' <Predicate = true> <Delay = 0.00>
ST_1 : Operation 18 [1/1] (0.00ns)   --->   "%tmp_214_read = read i16 @_ssdm_op_Read.ap_auto.i16, i16 %tmp_214"   --->   Operation 18 'read' 'tmp_214_read' <Predicate = true> <Delay = 0.00>
ST_1 : Operation 19 [1/1] (0.00ns)   --->   "%tmp_215_read = read i16 @_ssdm_op_Read.ap_auto.i16, i16 %tmp_215"   --->   Operation 19 'read' 'tmp_215_read' <Predicate = true> <Delay = 0.00>
ST_1 : Operation 20 [1/1] (0.00ns)   --->   "%tmp_216_read = read i16 @_ssdm_op_Read.ap_auto.i16, i16 %tmp_216"   --->   Operation 20 'read' 'tmp_216_read' <Predicate = true> <Delay = 0.00>
ST_1 : Operation 21 [1/1] (0.00ns)   --->   "%tmp_217_read = read i16 @_ssdm_op_Read.ap_auto.i16, i16 %tmp_217"   --->   Operation 21 'read' 'tmp_217_read' <Predicate = true> <Delay = 0.00>
ST_1 : Operation 22 [1/1] (1.58ns)   --->   "%store_ln0 = store i16 %tmp_217_read, i16 %local_aug_47"   --->   Operation 22 'store' 'store_ln0' <Predicate = true> <Delay = 1.58>
ST_1 : Operation 23 [1/1] (1.58ns)   --->   "%store_ln0 = store i16 %tmp_216_read, i16 %local_aug_46"   --->   Operation 23 'store' 'store_ln0' <Predicate = true> <Delay = 1.58>
ST_1 : Operation 24 [1/1] (1.58ns)   --->   "%store_ln0 = store i16 %tmp_215_read, i16 %local_aug_45"   --->   Operation 24 'store' 'store_ln0' <Predicate = true> <Delay = 1.58>
ST_1 : Operation 25 [1/1] (1.58ns)   --->   "%store_ln0 = store i16 %tmp_214_read, i16 %local_aug_44"   --->   Operation 25 'store' 'store_ln0' <Predicate = true> <Delay = 1.58>
ST_1 : Operation 26 [1/1] (1.58ns)   --->   "%store_ln0 = store i16 %tmp_202_read, i16 %local_aug_43"   --->   Operation 26 'store' 'store_ln0' <Predicate = true> <Delay = 1.58>
ST_1 : Operation 27 [1/1] (1.58ns)   --->   "%store_ln0 = store i16 %tmp_201_read, i16 %local_aug_42"   --->   Operation 27 'store' 'store_ln0' <Predicate = true> <Delay = 1.58>
ST_1 : Operation 28 [1/1] (1.58ns)   --->   "%store_ln0 = store i16 %tmp_200_read, i16 %local_aug_41"   --->   Operation 28 'store' 'store_ln0' <Predicate = true> <Delay = 1.58>
ST_1 : Operation 29 [1/1] (1.58ns)   --->   "%store_ln0 = store i16 %tmp_199_read, i16 %local_aug_40"   --->   Operation 29 'store' 'store_ln0' <Predicate = true> <Delay = 1.58>
ST_1 : Operation 30 [1/1] (1.58ns)   --->   "%store_ln63 = store i4 0, i4 %c" [C:/ELEC522/sm512/asdf/fpga_hls/qrd.cpp:63]   --->   Operation 30 'store' 'store_ln63' <Predicate = true> <Delay = 1.58>
ST_1 : Operation 31 [1/1] (0.00ns)   --->   "%br_ln0 = br void %for.body115"   --->   Operation 31 'br' 'br_ln0' <Predicate = true> <Delay = 0.00>
ST_1 : Operation 32 [1/1] (0.00ns)   --->   "%c_1 = load i4 %c" [C:/ELEC522/sm512/asdf/fpga_hls/qrd.cpp:63]   --->   Operation 32 'load' 'c_1' <Predicate = true> <Delay = 0.00>
ST_1 : Operation 33 [1/1] (1.73ns)   --->   "%icmp_ln63 = icmp_eq  i4 %c_1, i4 8" [C:/ELEC522/sm512/asdf/fpga_hls/qrd.cpp:63]   --->   Operation 33 'icmp' 'icmp_ln63' <Predicate = true> <Delay = 1.73> <CoreInst = "Cmp">   --->   Core 9 'Cmp' <Latency = 0> <II = 1> <Delay = 1.73> <FuncUnit> <Opcode : 'seteq' 'setne' 'setle' 'setge' 'setlt' 'setgt'> <InPorts = 2> <OutPorts = 1>
ST_1 : Operation 34 [1/1] (1.73ns)   --->   "%add_ln63 = add i4 %c_1, i4 1" [C:/ELEC522/sm512/asdf/fpga_hls/qrd.cpp:63]   --->   Operation 34 'add' 'add_ln63' <Predicate = true> <Delay = 1.73> <CoreInst = "Adder">   --->   Core 1 'Adder' <Latency = 0> <II = 1> <Delay = 1.73> <FuncUnit> <Opcode : 'add' 'sub'> <InPorts = 2> <OutPorts = 1>
ST_1 : Operation 35 [1/1] (0.00ns)   --->   "%br_ln63 = br i1 %icmp_ln63, void %for.body115.split, void %for.inc130.loopexit.exitStub" [C:/ELEC522/sm512/asdf/fpga_hls/qrd.cpp:63]   --->   Operation 35 'br' 'br_ln63' <Predicate = true> <Delay = 0.00>
ST_1 : Operation 36 [1/1] (0.00ns)   --->   "%trunc_ln63 = trunc i4 %c_1" [C:/ELEC522/sm512/asdf/fpga_hls/qrd.cpp:63]   --->   Operation 36 'trunc' 'trunc_ln63' <Predicate = (!icmp_ln63)> <Delay = 0.00>
ST_1 : Operation 37 [1/1] (1.65ns)   --->   "%switch_ln64 = switch i3 %trunc_ln63, void %V32.i.i.i57259.case.7, i3 0, void %V32.i.i.i57259.case.0, i3 1, void %V32.i.i.i57259.case.1, i3 2, void %V32.i.i.i57259.case.2, i3 3, void %V32.i.i.i57259.case.3, i3 4, void %V32.i.i.i57259.case.4, i3 5, void %V32.i.i.i57259.case.5, i3 6, void %for.body115.split.V32.i.i.i57259.exit_crit_edge" [C:/ELEC522/sm512/asdf/fpga_hls/qrd.cpp:64]   --->   Operation 37 'switch' 'switch_ln64' <Predicate = (!icmp_ln63)> <Delay = 1.65>
ST_1 : Operation 38 [1/1] (1.58ns)   --->   "%store_ln63 = store i4 %add_ln63, i4 %c" [C:/ELEC522/sm512/asdf/fpga_hls/qrd.cpp:63]   --->   Operation 38 'store' 'store_ln63' <Predicate = (!icmp_ln63)> <Delay = 1.58>
ST_1 : Operation 39 [1/1] (0.00ns)   --->   "%br_ln63 = br void %for.body115" [C:/ELEC522/sm512/asdf/fpga_hls/qrd.cpp:63]   --->   Operation 39 'br' 'br_ln63' <Predicate = (!icmp_ln63)> <Delay = 0.00>
ST_1 : Operation 78 [1/1] (0.00ns)   --->   "%local_aug_40_load = load i16 %local_aug_40"   --->   Operation 78 'load' 'local_aug_40_load' <Predicate = (icmp_ln63)> <Delay = 0.00>
ST_1 : Operation 79 [1/1] (0.00ns)   --->   "%local_aug_41_load = load i16 %local_aug_41"   --->   Operation 79 'load' 'local_aug_41_load' <Predicate = (icmp_ln63)> <Delay = 0.00>
ST_1 : Operation 80 [1/1] (0.00ns)   --->   "%local_aug_42_load = load i16 %local_aug_42"   --->   Operation 80 'load' 'local_aug_42_load' <Predicate = (icmp_ln63)> <Delay = 0.00>
ST_1 : Operation 81 [1/1] (0.00ns)   --->   "%local_aug_43_load = load i16 %local_aug_43"   --->   Operation 81 'load' 'local_aug_43_load' <Predicate = (icmp_ln63)> <Delay = 0.00>
ST_1 : Operation 82 [1/1] (0.00ns)   --->   "%local_aug_44_load = load i16 %local_aug_44"   --->   Operation 82 'load' 'local_aug_44_load' <Predicate = (icmp_ln63)> <Delay = 0.00>
ST_1 : Operation 83 [1/1] (0.00ns)   --->   "%local_aug_45_load = load i16 %local_aug_45"   --->   Operation 83 'load' 'local_aug_45_load' <Predicate = (icmp_ln63)> <Delay = 0.00>
ST_1 : Operation 84 [1/1] (0.00ns)   --->   "%local_aug_46_load = load i16 %local_aug_46"   --->   Operation 84 'load' 'local_aug_46_load' <Predicate = (icmp_ln63)> <Delay = 0.00>
ST_1 : Operation 85 [1/1] (0.00ns)   --->   "%local_aug_47_load = load i16 %local_aug_47"   --->   Operation 85 'load' 'local_aug_47_load' <Predicate = (icmp_ln63)> <Delay = 0.00>
ST_1 : Operation 86 [1/1] (0.00ns)   --->   "%write_ln0 = write void @_ssdm_op_Write.ap_auto.i16P0A, i16 %local_aug_47_out, i16 %local_aug_47_load"   --->   Operation 86 'write' 'write_ln0' <Predicate = (icmp_ln63)> <Delay = 0.00>
ST_1 : Operation 87 [1/1] (0.00ns)   --->   "%write_ln0 = write void @_ssdm_op_Write.ap_auto.i16P0A, i16 %local_aug_46_out, i16 %local_aug_46_load"   --->   Operation 87 'write' 'write_ln0' <Predicate = (icmp_ln63)> <Delay = 0.00>
ST_1 : Operation 88 [1/1] (0.00ns)   --->   "%write_ln0 = write void @_ssdm_op_Write.ap_auto.i16P0A, i16 %local_aug_45_out, i16 %local_aug_45_load"   --->   Operation 88 'write' 'write_ln0' <Predicate = (icmp_ln63)> <Delay = 0.00>
ST_1 : Operation 89 [1/1] (0.00ns)   --->   "%write_ln0 = write void @_ssdm_op_Write.ap_auto.i16P0A, i16 %local_aug_44_out, i16 %local_aug_44_load"   --->   Operation 89 'write' 'write_ln0' <Predicate = (icmp_ln63)> <Delay = 0.00>
ST_1 : Operation 90 [1/1] (0.00ns)   --->   "%write_ln0 = write void @_ssdm_op_Write.ap_auto.i16P0A, i16 %local_aug_43_out, i16 %local_aug_43_load"   --->   Operation 90 'write' 'write_ln0' <Predicate = (icmp_ln63)> <Delay = 0.00>
ST_1 : Operation 91 [1/1] (0.00ns)   --->   "%write_ln0 = write void @_ssdm_op_Write.ap_auto.i16P0A, i16 %local_aug_42_out, i16 %local_aug_42_load"   --->   Operation 91 'write' 'write_ln0' <Predicate = (icmp_ln63)> <Delay = 0.00>
ST_1 : Operation 92 [1/1] (0.00ns)   --->   "%write_ln0 = write void @_ssdm_op_Write.ap_auto.i16P0A, i16 %local_aug_41_out, i16 %local_aug_41_load"   --->   Operation 92 'write' 'write_ln0' <Predicate = (icmp_ln63)> <Delay = 0.00>
ST_1 : Operation 93 [1/1] (0.00ns)   --->   "%write_ln0 = write void @_ssdm_op_Write.ap_auto.i16P0A, i16 %local_aug_40_out, i16 %local_aug_40_load"   --->   Operation 93 'write' 'write_ln0' <Predicate = (icmp_ln63)> <Delay = 0.00>
ST_1 : Operation 94 [1/1] (1.58ns)   --->   "%ret_ln0 = ret"   --->   Operation 94 'ret' 'ret_ln0' <Predicate = (icmp_ln63)> <Delay = 1.58>

State 2 <SV = 1> <Delay = 6.94>
ST_2 : Operation 40 [1/1] (0.00ns)   --->   "%local_aug_40_load_1 = load i16 %local_aug_40" [C:/ELEC522/sm512/asdf/fpga_hls/qrd.cpp:64]   --->   Operation 40 'load' 'local_aug_40_load_1' <Predicate = (trunc_ln63 == 0)> <Delay = 0.00>
ST_2 : Operation 41 [1/1] (0.00ns)   --->   "%local_aug_41_load_1 = load i16 %local_aug_41" [C:/ELEC522/sm512/asdf/fpga_hls/qrd.cpp:64]   --->   Operation 41 'load' 'local_aug_41_load_1' <Predicate = (trunc_ln63 == 1)> <Delay = 0.00>
ST_2 : Operation 42 [1/1] (0.00ns)   --->   "%local_aug_42_load_1 = load i16 %local_aug_42" [C:/ELEC522/sm512/asdf/fpga_hls/qrd.cpp:64]   --->   Operation 42 'load' 'local_aug_42_load_1' <Predicate = (trunc_ln63 == 2)> <Delay = 0.00>
ST_2 : Operation 43 [1/1] (0.00ns)   --->   "%local_aug_43_load_1 = load i16 %local_aug_43" [C:/ELEC522/sm512/asdf/fpga_hls/qrd.cpp:64]   --->   Operation 43 'load' 'local_aug_43_load_1' <Predicate = (trunc_ln63 == 3)> <Delay = 0.00>
ST_2 : Operation 44 [1/1] (0.00ns)   --->   "%local_aug_44_load_1 = load i16 %local_aug_44" [C:/ELEC522/sm512/asdf/fpga_hls/qrd.cpp:64]   --->   Operation 44 'load' 'local_aug_44_load_1' <Predicate = (trunc_ln63 == 4)> <Delay = 0.00>
ST_2 : Operation 45 [1/1] (0.00ns)   --->   "%local_aug_45_load_1 = load i16 %local_aug_45" [C:/ELEC522/sm512/asdf/fpga_hls/qrd.cpp:64]   --->   Operation 45 'load' 'local_aug_45_load_1' <Predicate = (trunc_ln63 == 5)> <Delay = 0.00>
ST_2 : Operation 46 [1/1] (0.00ns)   --->   "%local_aug_46_load_1 = load i16 %local_aug_46" [C:/ELEC522/sm512/asdf/fpga_hls/qrd.cpp:64]   --->   Operation 46 'load' 'local_aug_46_load_1' <Predicate = (trunc_ln63 == 6)> <Delay = 0.00>
ST_2 : Operation 47 [1/1] (0.00ns)   --->   "%local_aug_47_load_1 = load i16 %local_aug_47" [C:/ELEC522/sm512/asdf/fpga_hls/qrd.cpp:64]   --->   Operation 47 'load' 'local_aug_47_load_1' <Predicate = (trunc_ln63 == 7)> <Delay = 0.00>
ST_2 : Operation 48 [1/1] (0.00ns)   --->   "%specpipeline_ln63 = specpipeline void @_ssdm_op_SpecPipeline, i32 4294967295, i32 0, i32 0, i32 0, void @empty_24" [C:/ELEC522/sm512/asdf/fpga_hls/qrd.cpp:63]   --->   Operation 48 'specpipeline' 'specpipeline_ln63' <Predicate = true> <Delay = 0.00>
ST_2 : Operation 49 [1/1] (0.00ns)   --->   "%speclooptripcount_ln63 = speclooptripcount void @_ssdm_op_SpecLoopTripCount, i64 8, i64 8, i64 8" [C:/ELEC522/sm512/asdf/fpga_hls/qrd.cpp:63]   --->   Operation 49 'speclooptripcount' 'speclooptripcount_ln63' <Predicate = true> <Delay = 0.00>
ST_2 : Operation 50 [1/1] (0.00ns)   --->   "%specloopname_ln63 = specloopname void @_ssdm_op_SpecLoopName, void @empty_11" [C:/ELEC522/sm512/asdf/fpga_hls/qrd.cpp:63]   --->   Operation 50 'specloopname' 'specloopname_ln63' <Predicate = true> <Delay = 0.00>
ST_2 : Operation 51 [1/1] (2.30ns)   --->   "%tmp_s = sparsemux i16 @_ssdm_op_SparseMux.ap_auto.8i16.i16.i3, i3 0, i16 %local_aug_40_load_1, i3 1, i16 %local_aug_41_load_1, i3 2, i16 %local_aug_42_load_1, i3 3, i16 %local_aug_43_load_1, i3 4, i16 %local_aug_44_load_1, i3 5, i16 %local_aug_45_load_1, i3 6, i16 %local_aug_46_load_1, i3 7, i16 %local_aug_47_load_1, i16 0, i3 %trunc_ln63" [C:/ELEC522/sm512/asdf/fpga_hls/qrd.cpp:64]   --->   Operation 51 'sparsemux' 'tmp_s' <Predicate = true> <Delay = 2.30> <CoreInst = "BinarySparseMux_DontCare">   --->   Core 137 'BinarySparseMux_DontCare' <Latency = 0> <II = 1> <Delay = 2.30> <FuncUnit> <Opcode : 'sparsemux'> <InPorts = 2> <OutPorts = 1>
ST_2 : Operation 52 [1/1] (0.00ns)   --->   "%sext_ln64 = sext i16 %tmp_s" [C:/ELEC522/sm512/asdf/fpga_hls/qrd.cpp:64]   --->   Operation 52 'sext' 'sext_ln64' <Predicate = true> <Delay = 0.00>
ST_2 : Operation 53 [1/1] (2.07ns)   --->   "%sub_ln64 = sub i17 0, i17 %sext_ln64" [C:/ELEC522/sm512/asdf/fpga_hls/qrd.cpp:64]   --->   Operation 53 'sub' 'sub_ln64' <Predicate = true> <Delay = 2.07> <CoreInst = "Adder">   --->   Core 1 'Adder' <Latency = 0> <II = 1> <Delay = 2.07> <FuncUnit> <Opcode : 'add' 'sub'> <InPorts = 2> <OutPorts = 1>
ST_2 : Operation 54 [1/1] (0.00ns)   --->   "%tmp = bitselect i1 @_ssdm_op_BitSelect.i1.i17.i32, i17 %sub_ln64, i32 16" [C:/ELEC522/sm512/asdf/fpga_hls/qrd.cpp:64]   --->   Operation 54 'bitselect' 'tmp' <Predicate = true> <Delay = 0.00>
ST_2 : Operation 55 [1/1] (0.00ns) (grouped into LUT with out node select_ln64_1)   --->   "%trunc_ln64 = trunc i17 %sub_ln64" [C:/ELEC522/sm512/asdf/fpga_hls/qrd.cpp:64]   --->   Operation 55 'trunc' 'trunc_ln64' <Predicate = true> <Delay = 0.00>
ST_2 : Operation 56 [1/1] (0.00ns)   --->   "%tmp_229 = bitselect i1 @_ssdm_op_BitSelect.i1.i17.i32, i17 %sub_ln64, i32 15" [C:/ELEC522/sm512/asdf/fpga_hls/qrd.cpp:64]   --->   Operation 56 'bitselect' 'tmp_229' <Predicate = true> <Delay = 0.00>
ST_2 : Operation 57 [1/1] (0.00ns) (grouped into LUT with out node select_ln64_1)   --->   "%xor_ln64 = xor i1 %tmp, i1 1" [C:/ELEC522/sm512/asdf/fpga_hls/qrd.cpp:64]   --->   Operation 57 'xor' 'xor_ln64' <Predicate = true> <Delay = 0.00> <CoreInst = "LogicGate">   --->   Core 74 'LogicGate' <Latency = 0> <II = 1> <Delay = 0.97> <FuncUnit> <Opcode : 'and' 'or' 'xor'> <InPorts = 2> <OutPorts = 1>
ST_2 : Operation 58 [1/1] (0.00ns) (grouped into LUT with out node select_ln64_1)   --->   "%and_ln64 = and i1 %tmp_229, i1 %xor_ln64" [C:/ELEC522/sm512/asdf/fpga_hls/qrd.cpp:64]   --->   Operation 58 'and' 'and_ln64' <Predicate = true> <Delay = 0.00> <CoreInst = "LogicGate">   --->   Core 74 'LogicGate' <Latency = 0> <II = 1> <Delay = 0.97> <FuncUnit> <Opcode : 'and' 'or' 'xor'> <InPorts = 2> <OutPorts = 1>
ST_2 : Operation 59 [1/1] (0.00ns) (grouped into LUT with out node select_ln64_1)   --->   "%xor_ln64_1 = xor i1 %tmp, i1 %tmp_229" [C:/ELEC522/sm512/asdf/fpga_hls/qrd.cpp:64]   --->   Operation 59 'xor' 'xor_ln64_1' <Predicate = true> <Delay = 0.00> <CoreInst = "LogicGate">   --->   Core 74 'LogicGate' <Latency = 0> <II = 1> <Delay = 0.97> <FuncUnit> <Opcode : 'and' 'or' 'xor'> <InPorts = 2> <OutPorts = 1>
ST_2 : Operation 60 [1/1] (0.00ns) (grouped into LUT with out node select_ln64_1)   --->   "%select_ln64 = select i1 %and_ln64, i16 32767, i16 32768" [C:/ELEC522/sm512/asdf/fpga_hls/qrd.cpp:64]   --->   Operation 60 'select' 'select_ln64' <Predicate = true> <Delay = 0.00> <CoreInst = "Sel">   --->   Core 73 'Sel' <Latency = 0> <II = 1> <Delay = 0.80> <FuncUnit> <Opcode : 'select'> <InPorts = 3> <OutPorts = 1>
ST_2 : Operation 61 [1/1] (0.97ns) (out node of the LUT)   --->   "%select_ln64_1 = select i1 %xor_ln64_1, i16 %select_ln64, i16 %trunc_ln64" [C:/ELEC522/sm512/asdf/fpga_hls/qrd.cpp:64]   --->   Operation 61 'select' 'select_ln64_1' <Predicate = true> <Delay = 0.97> <CoreInst = "Sel">   --->   Core 73 'Sel' <Latency = 0> <II = 1> <Delay = 0.80> <FuncUnit> <Opcode : 'select'> <InPorts = 3> <OutPorts = 1>
ST_2 : Operation 62 [1/1] (1.58ns)   --->   "%store_ln64 = store i16 %select_ln64_1, i16 %local_aug_46" [C:/ELEC522/sm512/asdf/fpga_hls/qrd.cpp:64]   --->   Operation 62 'store' 'store_ln64' <Predicate = (trunc_ln63 == 6)> <Delay = 1.58>
ST_2 : Operation 63 [1/1] (0.00ns)   --->   "%br_ln64 = br void %V32.i.i.i57259.exit" [C:/ELEC522/sm512/asdf/fpga_hls/qrd.cpp:64]   --->   Operation 63 'br' 'br_ln64' <Predicate = (trunc_ln63 == 6)> <Delay = 0.00>
ST_2 : Operation 64 [1/1] (1.58ns)   --->   "%store_ln64 = store i16 %select_ln64_1, i16 %local_aug_45" [C:/ELEC522/sm512/asdf/fpga_hls/qrd.cpp:64]   --->   Operation 64 'store' 'store_ln64' <Predicate = (trunc_ln63 == 5)> <Delay = 1.58>
ST_2 : Operation 65 [1/1] (0.00ns)   --->   "%br_ln64 = br void %V32.i.i.i57259.exit" [C:/ELEC522/sm512/asdf/fpga_hls/qrd.cpp:64]   --->   Operation 65 'br' 'br_ln64' <Predicate = (trunc_ln63 == 5)> <Delay = 0.00>
ST_2 : Operation 66 [1/1] (1.58ns)   --->   "%store_ln64 = store i16 %select_ln64_1, i16 %local_aug_44" [C:/ELEC522/sm512/asdf/fpga_hls/qrd.cpp:64]   --->   Operation 66 'store' 'store_ln64' <Predicate = (trunc_ln63 == 4)> <Delay = 1.58>
ST_2 : Operation 67 [1/1] (0.00ns)   --->   "%br_ln64 = br void %V32.i.i.i57259.exit" [C:/ELEC522/sm512/asdf/fpga_hls/qrd.cpp:64]   --->   Operation 67 'br' 'br_ln64' <Predicate = (trunc_ln63 == 4)> <Delay = 0.00>
ST_2 : Operation 68 [1/1] (1.58ns)   --->   "%store_ln64 = store i16 %select_ln64_1, i16 %local_aug_43" [C:/ELEC522/sm512/asdf/fpga_hls/qrd.cpp:64]   --->   Operation 68 'store' 'store_ln64' <Predicate = (trunc_ln63 == 3)> <Delay = 1.58>
ST_2 : Operation 69 [1/1] (0.00ns)   --->   "%br_ln64 = br void %V32.i.i.i57259.exit" [C:/ELEC522/sm512/asdf/fpga_hls/qrd.cpp:64]   --->   Operation 69 'br' 'br_ln64' <Predicate = (trunc_ln63 == 3)> <Delay = 0.00>
ST_2 : Operation 70 [1/1] (1.58ns)   --->   "%store_ln64 = store i16 %select_ln64_1, i16 %local_aug_42" [C:/ELEC522/sm512/asdf/fpga_hls/qrd.cpp:64]   --->   Operation 70 'store' 'store_ln64' <Predicate = (trunc_ln63 == 2)> <Delay = 1.58>
ST_2 : Operation 71 [1/1] (0.00ns)   --->   "%br_ln64 = br void %V32.i.i.i57259.exit" [C:/ELEC522/sm512/asdf/fpga_hls/qrd.cpp:64]   --->   Operation 71 'br' 'br_ln64' <Predicate = (trunc_ln63 == 2)> <Delay = 0.00>
ST_2 : Operation 72 [1/1] (1.58ns)   --->   "%store_ln64 = store i16 %select_ln64_1, i16 %local_aug_41" [C:/ELEC522/sm512/asdf/fpga_hls/qrd.cpp:64]   --->   Operation 72 'store' 'store_ln64' <Predicate = (trunc_ln63 == 1)> <Delay = 1.58>
ST_2 : Operation 73 [1/1] (0.00ns)   --->   "%br_ln64 = br void %V32.i.i.i57259.exit" [C:/ELEC522/sm512/asdf/fpga_hls/qrd.cpp:64]   --->   Operation 73 'br' 'br_ln64' <Predicate = (trunc_ln63 == 1)> <Delay = 0.00>
ST_2 : Operation 74 [1/1] (1.58ns)   --->   "%store_ln64 = store i16 %select_ln64_1, i16 %local_aug_40" [C:/ELEC522/sm512/asdf/fpga_hls/qrd.cpp:64]   --->   Operation 74 'store' 'store_ln64' <Predicate = (trunc_ln63 == 0)> <Delay = 1.58>
ST_2 : Operation 75 [1/1] (0.00ns)   --->   "%br_ln64 = br void %V32.i.i.i57259.exit" [C:/ELEC522/sm512/asdf/fpga_hls/qrd.cpp:64]   --->   Operation 75 'br' 'br_ln64' <Predicate = (trunc_ln63 == 0)> <Delay = 0.00>
ST_2 : Operation 76 [1/1] (1.58ns)   --->   "%store_ln64 = store i16 %select_ln64_1, i16 %local_aug_47" [C:/ELEC522/sm512/asdf/fpga_hls/qrd.cpp:64]   --->   Operation 76 'store' 'store_ln64' <Predicate = (trunc_ln63 == 7)> <Delay = 1.58>
ST_2 : Operation 77 [1/1] (0.00ns)   --->   "%br_ln64 = br void %V32.i.i.i57259.exit" [C:/ELEC522/sm512/asdf/fpga_hls/qrd.cpp:64]   --->   Operation 77 'br' 'br_ln64' <Predicate = (trunc_ln63 == 7)> <Delay = 0.00>


============================================================
+ Verbose Summary: Timing violations
============================================================
Target clock period: 10.000ns, clock uncertainty: 2.000ns.

 <State 1>: 4.911ns
The critical path consists of the following:
	'store' operation 0 bit ('store_ln63', C:/ELEC522/sm512/asdf/fpga_hls/qrd.cpp:63) of constant 0 on local variable 'c', C:/ELEC522/sm512/asdf/fpga_hls/qrd.cpp:63 [42]  (1.588 ns)
	'load' operation 4 bit ('c', C:/ELEC522/sm512/asdf/fpga_hls/qrd.cpp:63) on local variable 'c', C:/ELEC522/sm512/asdf/fpga_hls/qrd.cpp:63 [45]  (0.000 ns)
	'icmp' operation 1 bit ('icmp_ln63', C:/ELEC522/sm512/asdf/fpga_hls/qrd.cpp:63) [46]  (1.735 ns)
	'store' operation 0 bit ('store_ln63', C:/ELEC522/sm512/asdf/fpga_hls/qrd.cpp:63) of variable 'add_ln63', C:/ELEC522/sm512/asdf/fpga_hls/qrd.cpp:63 on local variable 'c', C:/ELEC522/sm512/asdf/fpga_hls/qrd.cpp:63 [99]  (1.588 ns)

 <State 2>: 6.947ns
The critical path consists of the following:
	'load' operation 16 bit ('local_aug_40_load_1', C:/ELEC522/sm512/asdf/fpga_hls/qrd.cpp:64) on local variable 'local_aug_40' [50]  (0.000 ns)
	'sparsemux' operation 16 bit ('tmp_s', C:/ELEC522/sm512/asdf/fpga_hls/qrd.cpp:64) [62]  (2.304 ns)
	'sub' operation 17 bit ('sub_ln64', C:/ELEC522/sm512/asdf/fpga_hls/qrd.cpp:64) [64]  (2.077 ns)
	'select' operation 16 bit ('select_ln64_1', C:/ELEC522/sm512/asdf/fpga_hls/qrd.cpp:64) [72]  (0.978 ns)
	'store' operation 0 bit ('store_ln64', C:/ELEC522/sm512/asdf/fpga_hls/qrd.cpp:64) of variable 'select_ln64_1', C:/ELEC522/sm512/asdf/fpga_hls/qrd.cpp:64 on local variable 'local_aug_46' [75]  (1.588 ns)


============================================================
+ Verbose Summary: Binding
============================================================
N/A
* FSMD analyzer results:
  - Output states:
 - Input state : 
  - Chain level:
	State 1
	State 2


============================================================
+ Verbose Summary: Datapath Resource usage 
============================================================
N/A
