

================================================================
== Vitis HLS Report for 'decompose_qr_Pipeline_VITIS_LOOP_77_10'
================================================================
* Date:           Tue Dec 16 20:06:15 2025

* Version:        2025.1 (Build 6135595 on May 21 2025)
* Project:        solve_top
* Solution:       hls (Vivado IP Flow Target)
* Product family: zynq
* Target device:  xc7z020-clg484-1


================================================================
== Performance Estimates
================================================================
+ Timing: 
    * Summary: 
    +--------+----------+----------+------------+
    |  Clock |  Target  | Estimated| Uncertainty|
    +--------+----------+----------+------------+
    |ap_clk  |  10.00 ns|  4.826 ns|     2.00 ns|
    +--------+----------+----------+------------+

+ Latency: 
    * Summary: 
    +---------+---------+-----------+-----------+-----+-----+------------------------------------------------+
    |  Latency (cycles) |   Latency (absolute)  |  Interval |                    Pipeline                    |
    |   min   |   max   |    min    |    max    | min | max |                      Type                      |
    +---------+---------+-----------+-----------+-----+-----+------------------------------------------------+
    |        6|        6|  60.000 ns|  60.000 ns|    5|    5|  loop auto-rewind stp (delay=0 clock cycles(s))|
    +---------+---------+-----------+-----------+-----+-----+------------------------------------------------+

    + Detail: 
        * Instance: 
        N/A

        * Loop: 
        +--------------------+---------+---------+----------+-----------+-----------+------+----------+
        |                    |  Latency (cycles) | Iteration|  Initiation Interval  | Trip |          |
        |      Loop Name     |   min   |   max   |  Latency |  achieved |   target  | Count| Pipelined|
        +--------------------+---------+---------+----------+-----------+-----------+------+----------+
        |- VITIS_LOOP_77_10  |        4|        4|         1|          1|          1|     4|       yes|
        +--------------------+---------+---------+----------+-----------+-----------+------+----------+

============================================================
+ Verbose Summary: Synthesis Manager
============================================================
InlineROM: 1
ExposeGlobal: 0
============================================================
+ Verbose Summary: CDFG Model
============================================================
IsTopModel: 0
ResetActiveHigh: 1
IsCombinational: 0
IsDatapathOnly: 0
HasWiredReturn: 1
HasMFsm: 2
HasVarLatency: 1
IsPipeline: 0
IsRtlPipelined: 0
IsInstanceOverlapped: 0
IsDontTouch: 0
HasImplIP: 0
IsGatedGlobalClock: 0

+ Individual pipeline summary: 
  * Pipeline-0: initiation interval (II) = 1, depth = 1


============================================================
+ Verbose Summary: Schedule
============================================================
* Number of FSM states : 1
* Pipeline : 1
  Pipeline-0 : II = 1, D = 1, States = { 1 }
* Dataflow Pipeline: 0

* FSM state transitions: 
1 --> 

* FSM state operations: 

State 1 <SV = 0> <Delay = 4.82>
ST_1 : Operation 4 [1/1] (0.00ns)   --->   "%r = alloca i32 1" [C:/ELEC522/sm512/asdf/fpga_hls/qrd.cpp:77]   --->   Operation 4 'alloca' 'r' <Predicate = true> <Delay = 0.00>
ST_1 : Operation 5 [1/1] (0.00ns)   --->   "%local_aug_31_load_read = read i16 @_ssdm_op_Read.ap_auto.i16, i16 %local_aug_31_load"   --->   Operation 5 'read' 'local_aug_31_load_read' <Predicate = true> <Delay = 0.00>
ST_1 : Operation 6 [1/1] (0.00ns)   --->   "%local_aug_30_load_read = read i16 @_ssdm_op_Read.ap_auto.i16, i16 %local_aug_30_load"   --->   Operation 6 'read' 'local_aug_30_load_read' <Predicate = true> <Delay = 0.00>
ST_1 : Operation 7 [1/1] (0.00ns)   --->   "%local_aug_29_load_read = read i16 @_ssdm_op_Read.ap_auto.i16, i16 %local_aug_29_load"   --->   Operation 7 'read' 'local_aug_29_load_read' <Predicate = true> <Delay = 0.00>
ST_1 : Operation 8 [1/1] (0.00ns)   --->   "%local_aug_28_load_read = read i16 @_ssdm_op_Read.ap_auto.i16, i16 %local_aug_28_load"   --->   Operation 8 'read' 'local_aug_28_load_read' <Predicate = true> <Delay = 0.00>
ST_1 : Operation 9 [1/1] (0.00ns)   --->   "%local_aug_27_load_read = read i16 @_ssdm_op_Read.ap_auto.i16, i16 %local_aug_27_load"   --->   Operation 9 'read' 'local_aug_27_load_read' <Predicate = true> <Delay = 0.00>
ST_1 : Operation 10 [1/1] (0.00ns)   --->   "%local_aug_26_load_read = read i16 @_ssdm_op_Read.ap_auto.i16, i16 %local_aug_26_load"   --->   Operation 10 'read' 'local_aug_26_load_read' <Predicate = true> <Delay = 0.00>
ST_1 : Operation 11 [1/1] (0.00ns)   --->   "%local_aug_25_load_read = read i16 @_ssdm_op_Read.ap_auto.i16, i16 %local_aug_25_load"   --->   Operation 11 'read' 'local_aug_25_load_read' <Predicate = true> <Delay = 0.00>
ST_1 : Operation 12 [1/1] (0.00ns)   --->   "%local_aug_24_load_read = read i16 @_ssdm_op_Read.ap_auto.i16, i16 %local_aug_24_load"   --->   Operation 12 'read' 'local_aug_24_load_read' <Predicate = true> <Delay = 0.00>
ST_1 : Operation 13 [1/1] (0.00ns)   --->   "%local_aug_23_load_read = read i16 @_ssdm_op_Read.ap_auto.i16, i16 %local_aug_23_load"   --->   Operation 13 'read' 'local_aug_23_load_read' <Predicate = true> <Delay = 0.00>
ST_1 : Operation 14 [1/1] (0.00ns)   --->   "%local_aug_22_load_read = read i16 @_ssdm_op_Read.ap_auto.i16, i16 %local_aug_22_load"   --->   Operation 14 'read' 'local_aug_22_load_read' <Predicate = true> <Delay = 0.00>
ST_1 : Operation 15 [1/1] (0.00ns)   --->   "%local_aug_21_load_read = read i16 @_ssdm_op_Read.ap_auto.i16, i16 %local_aug_21_load"   --->   Operation 15 'read' 'local_aug_21_load_read' <Predicate = true> <Delay = 0.00>
ST_1 : Operation 16 [1/1] (0.00ns)   --->   "%local_aug_20_load_read = read i16 @_ssdm_op_Read.ap_auto.i16, i16 %local_aug_20_load"   --->   Operation 16 'read' 'local_aug_20_load_read' <Predicate = true> <Delay = 0.00>
ST_1 : Operation 17 [1/1] (0.00ns)   --->   "%local_aug_19_load_read = read i16 @_ssdm_op_Read.ap_auto.i16, i16 %local_aug_19_load"   --->   Operation 17 'read' 'local_aug_19_load_read' <Predicate = true> <Delay = 0.00>
ST_1 : Operation 18 [1/1] (0.00ns)   --->   "%local_aug_18_load_read = read i16 @_ssdm_op_Read.ap_auto.i16, i16 %local_aug_18_load"   --->   Operation 18 'read' 'local_aug_18_load_read' <Predicate = true> <Delay = 0.00>
ST_1 : Operation 19 [1/1] (0.00ns)   --->   "%local_aug_17_load_read = read i16 @_ssdm_op_Read.ap_auto.i16, i16 %local_aug_17_load"   --->   Operation 19 'read' 'local_aug_17_load_read' <Predicate = true> <Delay = 0.00>
ST_1 : Operation 20 [1/1] (0.00ns)   --->   "%local_aug_16_load_read = read i16 @_ssdm_op_Read.ap_auto.i16, i16 %local_aug_16_load"   --->   Operation 20 'read' 'local_aug_16_load_read' <Predicate = true> <Delay = 0.00>
ST_1 : Operation 21 [1/1] (1.58ns)   --->   "%store_ln77 = store i3 0, i3 %r" [C:/ELEC522/sm512/asdf/fpga_hls/qrd.cpp:77]   --->   Operation 21 'store' 'store_ln77' <Predicate = true> <Delay = 1.58>
ST_1 : Operation 22 [1/1] (0.00ns)   --->   "%br_ln0 = br void %VITIS_LOOP_78_11"   --->   Operation 22 'br' 'br_ln0' <Predicate = true> <Delay = 0.00>
ST_1 : Operation 23 [1/1] (0.00ns)   --->   "%r_1 = load i3 %r" [C:/ELEC522/sm512/asdf/fpga_hls/qrd.cpp:77]   --->   Operation 23 'load' 'r_1' <Predicate = true> <Delay = 0.00>
ST_1 : Operation 24 [1/1] (1.65ns)   --->   "%icmp_ln77 = icmp_eq  i3 %r_1, i3 4" [C:/ELEC522/sm512/asdf/fpga_hls/qrd.cpp:77]   --->   Operation 24 'icmp' 'icmp_ln77' <Predicate = true> <Delay = 1.65> <CoreInst = "Cmp">   --->   Core 9 'Cmp' <Latency = 0> <II = 1> <Delay = 1.65> <FuncUnit> <Opcode : 'seteq' 'setne' 'setle' 'setge' 'setlt' 'setgt'> <InPorts = 2> <OutPorts = 1>
ST_1 : Operation 25 [1/1] (1.65ns)   --->   "%add_ln77 = add i3 %r_1, i3 1" [C:/ELEC522/sm512/asdf/fpga_hls/qrd.cpp:77]   --->   Operation 25 'add' 'add_ln77' <Predicate = true> <Delay = 1.65> <CoreInst = "Adder">   --->   Core 1 'Adder' <Latency = 0> <II = 1> <Delay = 1.65> <FuncUnit> <Opcode : 'add' 'sub'> <InPorts = 2> <OutPorts = 1>
ST_1 : Operation 26 [1/1] (0.00ns)   --->   "%br_ln77 = br i1 %icmp_ln77, void %VITIS_LOOP_78_11.split, void %for.end183.exitStub" [C:/ELEC522/sm512/asdf/fpga_hls/qrd.cpp:77]   --->   Operation 26 'br' 'br_ln77' <Predicate = true> <Delay = 0.00>
ST_1 : Operation 27 [1/1] (0.00ns)   --->   "%trunc_ln77 = trunc i3 %r_1" [C:/ELEC522/sm512/asdf/fpga_hls/qrd.cpp:77]   --->   Operation 27 'trunc' 'trunc_ln77' <Predicate = (!icmp_ln77)> <Delay = 0.00>
ST_1 : Operation 28 [1/1] (0.00ns)   --->   "%specpipeline_ln77 = specpipeline void @_ssdm_op_SpecPipeline, i32 4294967295, i32 0, i32 0, i32 0, void @empty_24" [C:/ELEC522/sm512/asdf/fpga_hls/qrd.cpp:77]   --->   Operation 28 'specpipeline' 'specpipeline_ln77' <Predicate = (!icmp_ln77)> <Delay = 0.00>
ST_1 : Operation 29 [1/1] (0.00ns)   --->   "%speclooptripcount_ln77 = speclooptripcount void @_ssdm_op_SpecLoopTripCount, i64 4, i64 4, i64 4" [C:/ELEC522/sm512/asdf/fpga_hls/qrd.cpp:77]   --->   Operation 29 'speclooptripcount' 'speclooptripcount_ln77' <Predicate = (!icmp_ln77)> <Delay = 0.00>
ST_1 : Operation 30 [1/1] (0.00ns)   --->   "%specloopname_ln77 = specloopname void @_ssdm_op_SpecLoopName, void @empty_8" [C:/ELEC522/sm512/asdf/fpga_hls/qrd.cpp:77]   --->   Operation 30 'specloopname' 'specloopname_ln77' <Predicate = (!icmp_ln77)> <Delay = 0.00>
ST_1 : Operation 31 [1/1] (1.82ns)   --->   "%tmp_s = sparsemux i16 @_ssdm_op_SparseMux.ap_auto.4i16.i16.i2, i2 0, i16 %local_aug_16_load_read, i2 1, i16 %local_aug_17_load_read, i2 2, i16 %local_aug_18_load_read, i2 3, i16 %local_aug_19_load_read, i16 0, i2 %trunc_ln77" [C:/ELEC522/sm512/asdf/fpga_hls/qrd.cpp:77]   --->   Operation 31 'sparsemux' 'tmp_s' <Predicate = (!icmp_ln77)> <Delay = 1.82> <CoreInst = "BinarySparseMux_DontCare">   --->   Core 137 'BinarySparseMux_DontCare' <Latency = 0> <II = 1> <Delay = 1.82> <FuncUnit> <Opcode : 'sparsemux'> <InPorts = 2> <OutPorts = 1>
ST_1 : Operation 32 [1/1] (1.82ns)   --->   "%tmp_174 = sparsemux i16 @_ssdm_op_SparseMux.ap_auto.4i16.i16.i2, i2 0, i16 %local_aug_20_load_read, i2 1, i16 %local_aug_21_load_read, i2 2, i16 %local_aug_22_load_read, i2 3, i16 %local_aug_23_load_read, i16 0, i2 %trunc_ln77" [C:/ELEC522/sm512/asdf/fpga_hls/qrd.cpp:77]   --->   Operation 32 'sparsemux' 'tmp_174' <Predicate = (!icmp_ln77)> <Delay = 1.82> <CoreInst = "BinarySparseMux_DontCare">   --->   Core 137 'BinarySparseMux_DontCare' <Latency = 0> <II = 1> <Delay = 1.82> <FuncUnit> <Opcode : 'sparsemux'> <InPorts = 2> <OutPorts = 1>
ST_1 : Operation 33 [1/1] (1.82ns)   --->   "%tmp_175 = sparsemux i16 @_ssdm_op_SparseMux.ap_auto.4i16.i16.i2, i2 0, i16 %local_aug_24_load_read, i2 1, i16 %local_aug_25_load_read, i2 2, i16 %local_aug_26_load_read, i2 3, i16 %local_aug_27_load_read, i16 0, i2 %trunc_ln77" [C:/ELEC522/sm512/asdf/fpga_hls/qrd.cpp:77]   --->   Operation 33 'sparsemux' 'tmp_175' <Predicate = (!icmp_ln77)> <Delay = 1.82> <CoreInst = "BinarySparseMux_DontCare">   --->   Core 137 'BinarySparseMux_DontCare' <Latency = 0> <II = 1> <Delay = 1.82> <FuncUnit> <Opcode : 'sparsemux'> <InPorts = 2> <OutPorts = 1>
ST_1 : Operation 34 [1/1] (1.82ns)   --->   "%tmp_176 = sparsemux i16 @_ssdm_op_SparseMux.ap_auto.4i16.i16.i2, i2 0, i16 %local_aug_28_load_read, i2 1, i16 %local_aug_29_load_read, i2 2, i16 %local_aug_30_load_read, i2 3, i16 %local_aug_31_load_read, i16 0, i2 %trunc_ln77" [C:/ELEC522/sm512/asdf/fpga_hls/qrd.cpp:77]   --->   Operation 34 'sparsemux' 'tmp_176' <Predicate = (!icmp_ln77)> <Delay = 1.82> <CoreInst = "BinarySparseMux_DontCare">   --->   Core 137 'BinarySparseMux_DontCare' <Latency = 0> <II = 1> <Delay = 1.82> <FuncUnit> <Opcode : 'sparsemux'> <InPorts = 2> <OutPorts = 1>
ST_1 : Operation 35 [1/1] (1.56ns)   --->   "%switch_ln79 = switch i2 %trunc_ln77, void %arrayidx17723_3.case.3, i2 0, void %arrayidx17723_3.case.0, i2 1, void %arrayidx17723_3.case.1, i2 2, void %arrayidx17723_3.case.2" [C:/ELEC522/sm512/asdf/fpga_hls/qrd.cpp:79]   --->   Operation 35 'switch' 'switch_ln79' <Predicate = (!icmp_ln77)> <Delay = 1.56>
ST_1 : Operation 36 [1/1] (0.00ns)   --->   "%write_ln79 = write void @_ssdm_op_Write.ap_auto.i16P0A, i16 %QT_out_0_2, i16 %tmp_s" [C:/ELEC522/sm512/asdf/fpga_hls/qrd.cpp:79]   --->   Operation 36 'write' 'write_ln79' <Predicate = (!icmp_ln77 & trunc_ln77 == 2)> <Delay = 0.00>
ST_1 : Operation 37 [1/1] (0.00ns)   --->   "%write_ln79 = write void @_ssdm_op_Write.ap_auto.i16P0A, i16 %QT_out_1_2, i16 %tmp_174" [C:/ELEC522/sm512/asdf/fpga_hls/qrd.cpp:79]   --->   Operation 37 'write' 'write_ln79' <Predicate = (!icmp_ln77 & trunc_ln77 == 2)> <Delay = 0.00>
ST_1 : Operation 38 [1/1] (0.00ns)   --->   "%write_ln79 = write void @_ssdm_op_Write.ap_auto.i16P0A, i16 %QT_out_2_2, i16 %tmp_175" [C:/ELEC522/sm512/asdf/fpga_hls/qrd.cpp:79]   --->   Operation 38 'write' 'write_ln79' <Predicate = (!icmp_ln77 & trunc_ln77 == 2)> <Delay = 0.00>
ST_1 : Operation 39 [1/1] (0.00ns)   --->   "%write_ln79 = write void @_ssdm_op_Write.ap_auto.i16P0A, i16 %QT_out_3_2, i16 %tmp_176" [C:/ELEC522/sm512/asdf/fpga_hls/qrd.cpp:79]   --->   Operation 39 'write' 'write_ln79' <Predicate = (!icmp_ln77 & trunc_ln77 == 2)> <Delay = 0.00>
ST_1 : Operation 40 [1/1] (0.00ns)   --->   "%br_ln79 = br void %arrayidx17723_3.exit" [C:/ELEC522/sm512/asdf/fpga_hls/qrd.cpp:79]   --->   Operation 40 'br' 'br_ln79' <Predicate = (!icmp_ln77 & trunc_ln77 == 2)> <Delay = 0.00>
ST_1 : Operation 41 [1/1] (0.00ns)   --->   "%write_ln79 = write void @_ssdm_op_Write.ap_auto.i16P0A, i16 %QT_out_0_1, i16 %tmp_s" [C:/ELEC522/sm512/asdf/fpga_hls/qrd.cpp:79]   --->   Operation 41 'write' 'write_ln79' <Predicate = (!icmp_ln77 & trunc_ln77 == 1)> <Delay = 0.00>
ST_1 : Operation 42 [1/1] (0.00ns)   --->   "%write_ln79 = write void @_ssdm_op_Write.ap_auto.i16P0A, i16 %QT_out_1_1, i16 %tmp_174" [C:/ELEC522/sm512/asdf/fpga_hls/qrd.cpp:79]   --->   Operation 42 'write' 'write_ln79' <Predicate = (!icmp_ln77 & trunc_ln77 == 1)> <Delay = 0.00>
ST_1 : Operation 43 [1/1] (0.00ns)   --->   "%write_ln79 = write void @_ssdm_op_Write.ap_auto.i16P0A, i16 %QT_out_2_1, i16 %tmp_175" [C:/ELEC522/sm512/asdf/fpga_hls/qrd.cpp:79]   --->   Operation 43 'write' 'write_ln79' <Predicate = (!icmp_ln77 & trunc_ln77 == 1)> <Delay = 0.00>
ST_1 : Operation 44 [1/1] (0.00ns)   --->   "%write_ln79 = write void @_ssdm_op_Write.ap_auto.i16P0A, i16 %QT_out_3_1, i16 %tmp_176" [C:/ELEC522/sm512/asdf/fpga_hls/qrd.cpp:79]   --->   Operation 44 'write' 'write_ln79' <Predicate = (!icmp_ln77 & trunc_ln77 == 1)> <Delay = 0.00>
ST_1 : Operation 45 [1/1] (0.00ns)   --->   "%br_ln79 = br void %arrayidx17723_3.exit" [C:/ELEC522/sm512/asdf/fpga_hls/qrd.cpp:79]   --->   Operation 45 'br' 'br_ln79' <Predicate = (!icmp_ln77 & trunc_ln77 == 1)> <Delay = 0.00>
ST_1 : Operation 46 [1/1] (0.00ns)   --->   "%write_ln79 = write void @_ssdm_op_Write.ap_auto.i16P0A, i16 %QT_out_0_0, i16 %tmp_s" [C:/ELEC522/sm512/asdf/fpga_hls/qrd.cpp:79]   --->   Operation 46 'write' 'write_ln79' <Predicate = (!icmp_ln77 & trunc_ln77 == 0)> <Delay = 0.00>
ST_1 : Operation 47 [1/1] (0.00ns)   --->   "%write_ln79 = write void @_ssdm_op_Write.ap_auto.i16P0A, i16 %QT_out_1_0, i16 %tmp_174" [C:/ELEC522/sm512/asdf/fpga_hls/qrd.cpp:79]   --->   Operation 47 'write' 'write_ln79' <Predicate = (!icmp_ln77 & trunc_ln77 == 0)> <Delay = 0.00>
ST_1 : Operation 48 [1/1] (0.00ns)   --->   "%write_ln79 = write void @_ssdm_op_Write.ap_auto.i16P0A, i16 %QT_out_2_0, i16 %tmp_175" [C:/ELEC522/sm512/asdf/fpga_hls/qrd.cpp:79]   --->   Operation 48 'write' 'write_ln79' <Predicate = (!icmp_ln77 & trunc_ln77 == 0)> <Delay = 0.00>
ST_1 : Operation 49 [1/1] (0.00ns)   --->   "%write_ln79 = write void @_ssdm_op_Write.ap_auto.i16P0A, i16 %QT_out_3_0, i16 %tmp_176" [C:/ELEC522/sm512/asdf/fpga_hls/qrd.cpp:79]   --->   Operation 49 'write' 'write_ln79' <Predicate = (!icmp_ln77 & trunc_ln77 == 0)> <Delay = 0.00>
ST_1 : Operation 50 [1/1] (0.00ns)   --->   "%br_ln79 = br void %arrayidx17723_3.exit" [C:/ELEC522/sm512/asdf/fpga_hls/qrd.cpp:79]   --->   Operation 50 'br' 'br_ln79' <Predicate = (!icmp_ln77 & trunc_ln77 == 0)> <Delay = 0.00>
ST_1 : Operation 51 [1/1] (0.00ns)   --->   "%write_ln79 = write void @_ssdm_op_Write.ap_auto.i16P0A, i16 %QT_out_0_3, i16 %tmp_s" [C:/ELEC522/sm512/asdf/fpga_hls/qrd.cpp:79]   --->   Operation 51 'write' 'write_ln79' <Predicate = (!icmp_ln77 & trunc_ln77 == 3)> <Delay = 0.00>
ST_1 : Operation 52 [1/1] (0.00ns)   --->   "%write_ln79 = write void @_ssdm_op_Write.ap_auto.i16P0A, i16 %QT_out_1_3, i16 %tmp_174" [C:/ELEC522/sm512/asdf/fpga_hls/qrd.cpp:79]   --->   Operation 52 'write' 'write_ln79' <Predicate = (!icmp_ln77 & trunc_ln77 == 3)> <Delay = 0.00>
ST_1 : Operation 53 [1/1] (0.00ns)   --->   "%write_ln79 = write void @_ssdm_op_Write.ap_auto.i16P0A, i16 %QT_out_2_3, i16 %tmp_175" [C:/ELEC522/sm512/asdf/fpga_hls/qrd.cpp:79]   --->   Operation 53 'write' 'write_ln79' <Predicate = (!icmp_ln77 & trunc_ln77 == 3)> <Delay = 0.00>
ST_1 : Operation 54 [1/1] (0.00ns)   --->   "%write_ln79 = write void @_ssdm_op_Write.ap_auto.i16P0A, i16 %QT_out_3_3, i16 %tmp_176" [C:/ELEC522/sm512/asdf/fpga_hls/qrd.cpp:79]   --->   Operation 54 'write' 'write_ln79' <Predicate = (!icmp_ln77 & trunc_ln77 == 3)> <Delay = 0.00>
ST_1 : Operation 55 [1/1] (0.00ns)   --->   "%br_ln79 = br void %arrayidx17723_3.exit" [C:/ELEC522/sm512/asdf/fpga_hls/qrd.cpp:79]   --->   Operation 55 'br' 'br_ln79' <Predicate = (!icmp_ln77 & trunc_ln77 == 3)> <Delay = 0.00>
ST_1 : Operation 56 [1/1] (1.58ns)   --->   "%store_ln77 = store i3 %add_ln77, i3 %r" [C:/ELEC522/sm512/asdf/fpga_hls/qrd.cpp:77]   --->   Operation 56 'store' 'store_ln77' <Predicate = (!icmp_ln77)> <Delay = 1.58>
ST_1 : Operation 57 [1/1] (0.00ns)   --->   "%br_ln77 = br void %VITIS_LOOP_78_11" [C:/ELEC522/sm512/asdf/fpga_hls/qrd.cpp:77]   --->   Operation 57 'br' 'br_ln77' <Predicate = (!icmp_ln77)> <Delay = 0.00>
ST_1 : Operation 58 [1/1] (1.58ns)   --->   "%ret_ln0 = ret"   --->   Operation 58 'ret' 'ret_ln0' <Predicate = (icmp_ln77)> <Delay = 1.58>


============================================================
+ Verbose Summary: Timing violations
============================================================
Target clock period: 10.000ns, clock uncertainty: 2.000ns.

 <State 1>: 4.826ns
The critical path consists of the following:
	'store' operation 0 bit ('store_ln77', C:/ELEC522/sm512/asdf/fpga_hls/qrd.cpp:77) of constant 0 on local variable 'r', C:/ELEC522/sm512/asdf/fpga_hls/qrd.cpp:77 [50]  (1.588 ns)
	'load' operation 3 bit ('r', C:/ELEC522/sm512/asdf/fpga_hls/qrd.cpp:77) on local variable 'r', C:/ELEC522/sm512/asdf/fpga_hls/qrd.cpp:77 [53]  (0.000 ns)
	'add' operation 3 bit ('add_ln77', C:/ELEC522/sm512/asdf/fpga_hls/qrd.cpp:77) [55]  (1.650 ns)
	'store' operation 0 bit ('store_ln77', C:/ELEC522/sm512/asdf/fpga_hls/qrd.cpp:77) of variable 'add_ln77', C:/ELEC522/sm512/asdf/fpga_hls/qrd.cpp:77 on local variable 'r', C:/ELEC522/sm512/asdf/fpga_hls/qrd.cpp:77 [92]  (1.588 ns)


============================================================
+ Verbose Summary: Binding
============================================================
N/A
* FSMD analyzer results:
  - Output states:
 - Input state : 
  - Chain level:
	State 1


============================================================
+ Verbose Summary: Datapath Resource usage 
============================================================
N/A
