

================================================================
== Vitis HLS Report for 'decompose_qr_Pipeline_VITIS_LOOP_63_7'
================================================================
* Date:           Tue Dec 16 20:06:27 2025

* Version:        2025.1 (Build 6135595 on May 21 2025)
* Project:        solve_top
* Solution:       hls (Vivado IP Flow Target)
* Product family: zynq
* Target device:  xc7z020-clg484-1


================================================================
== Performance Estimates
================================================================
+ Timing: 
    * Summary: 
    +--------+----------+----------+------------+
    |  Clock |  Target  | Estimated| Uncertainty|
    +--------+----------+----------+------------+
    |ap_clk  |  10.00 ns|  6.947 ns|     2.00 ns|
    +--------+----------+----------+------------+

+ Latency: 
    * Summary: 
    +---------+---------+----------+----------+-----+-----+------------------------------------------------+
    |  Latency (cycles) |  Latency (absolute) |  Interval |                    Pipeline                    |
    |   min   |   max   |    min   |    max   | min | max |                      Type                      |
    +---------+---------+----------+----------+-----+-----+------------------------------------------------+
    |       10|       10|  0.100 us|  0.100 us|    9|    9|  loop auto-rewind stp (delay=0 clock cycles(s))|
    +---------+---------+----------+----------+-----+-----+------------------------------------------------+

    + Detail: 
        * Instance: 
        N/A

        * Loop: 
        +-------------------+---------+---------+----------+-----------+-----------+------+----------+
        |                   |  Latency (cycles) | Iteration|  Initiation Interval  | Trip |          |
        |     Loop Name     |   min   |   max   |  Latency |  achieved |   target  | Count| Pipelined|
        +-------------------+---------+---------+----------+-----------+-----------+------+----------+
        |- VITIS_LOOP_63_7  |        8|        8|         2|          1|          1|     8|       yes|
        +-------------------+---------+---------+----------+-----------+-----------+------+----------+



================================================================
== Utilization Estimates
================================================================
* Summary: 
+-----------------+---------+-----+--------+-------+-----+
|       Name      | BRAM_18K| DSP |   FF   |  LUT  | URAM|
+-----------------+---------+-----+--------+-------+-----+
|DSP              |        -|    -|       -|      -|    -|
|Expression       |        -|    -|       0|     91|    -|
|FIFO             |        -|    -|       -|      -|    -|
|Instance         |        -|    -|       0|     42|    -|
|Memory           |        -|    -|       -|      -|    -|
|Multiplexer      |        -|    -|       0|    108|    -|
|Register         |        -|    -|     138|      -|    -|
+-----------------+---------+-----+--------+-------+-----+
|Total            |        0|    0|     138|    241|    0|
+-----------------+---------+-----+--------+-------+-----+
|Available        |      280|  220|  106400|  53200|    0|
+-----------------+---------+-----+--------+-------+-----+
|Utilization (%)  |        0|    0|      ~0|     ~0|    0|
+-----------------+---------+-----+--------+-------+-----+

+ Detail: 
    * Instance: 
    +----------------------------+-----------------------+---------+----+---+----+-----+
    |          Instance          |         Module        | BRAM_18K| DSP| FF| LUT| URAM|
    +----------------------------+-----------------------+---------+----+---+----+-----+
    |sparsemux_17_3_16_1_1_U159  |sparsemux_17_3_16_1_1  |        0|   0|  0|  42|    0|
    +----------------------------+-----------------------+---------+----+---+----+-----+
    |Total                       |                       |        0|   0|  0|  42|    0|
    +----------------------------+-----------------------+---------+----+---+----+-----+

    * DSP: 
    N/A

    * Memory: 
    N/A

    * FIFO: 
    N/A

    * Expression: 
    +-------------------------+----------+----+---+----+------------+------------+
    |      Variable Name      | Operation| DSP| FF| LUT| Bitwidth P0| Bitwidth P1|
    +-------------------------+----------+----+---+----+------------+------------+
    |add_ln63_fu_288_p2       |         +|   0|  0|  13|           4|           1|
    |sub_ln64_fu_388_p2       |         -|   0|  0|  24|           1|          17|
    |and_ln64_fu_420_p2       |       and|   0|  0|   2|           1|           1|
    |icmp_ln63_fu_282_p2      |      icmp|   0|  0|  13|           4|           5|
    |select_ln64_1_fu_440_p3  |    select|   0|  0|  16|           1|          16|
    |select_ln64_fu_432_p3    |    select|   0|  0|  17|           1|          15|
    |ap_enable_pp0            |       xor|   0|  0|   2|           1|           2|
    |xor_ln64_1_fu_426_p2     |       xor|   0|  0|   2|           1|           1|
    |xor_ln64_fu_414_p2       |       xor|   0|  0|   2|           1|           2|
    +-------------------------+----------+----+---+----+------------+------------+
    |Total                    |          |   0|  0|  91|          15|          60|
    +-------------------------+----------+----+---+----+------------+------------+

    * Multiplexer: 
    +-------------------------+----+-----------+-----+-----------+
    |           Name          | LUT| Input Size| Bits| Total Bits|
    +-------------------------+----+-----------+-----+-----------+
    |ap_done_int              |   9|          2|    1|          2|
    |ap_enable_reg_pp0_iter1  |   9|          2|    1|          2|
    |ap_sig_allocacmp_c_1     |   9|          2|    4|          8|
    |c_fu_94                  |   9|          2|    4|          8|
    |local_aug_40_fu_98       |   9|          2|   16|         32|
    |local_aug_41_fu_102      |   9|          2|   16|         32|
    |local_aug_42_fu_106      |   9|          2|   16|         32|
    |local_aug_43_fu_110      |   9|          2|   16|         32|
    |local_aug_44_fu_114      |   9|          2|   16|         32|
    |local_aug_45_fu_118      |   9|          2|   16|         32|
    |local_aug_46_fu_122      |   9|          2|   16|         32|
    |local_aug_47_fu_126      |   9|          2|   16|         32|
    +-------------------------+----+-----------+-----+-----------+
    |Total                    | 108|         24|  138|        276|
    +-------------------------+----+-----------+-----+-----------+

    * Register: 
    +-------------------------+----+----+-----+-----------+
    |           Name          | FF | LUT| Bits| Const Bits|
    +-------------------------+----+----+-----+-----------+
    |ap_CS_fsm                |   1|   0|    1|          0|
    |ap_done_reg              |   1|   0|    1|          0|
    |ap_enable_reg_pp0_iter1  |   1|   0|    1|          0|
    |c_fu_94                  |   4|   0|    4|          0|
    |local_aug_40_fu_98       |  16|   0|   16|          0|
    |local_aug_41_fu_102      |  16|   0|   16|          0|
    |local_aug_42_fu_106      |  16|   0|   16|          0|
    |local_aug_43_fu_110      |  16|   0|   16|          0|
    |local_aug_44_fu_114      |  16|   0|   16|          0|
    |local_aug_45_fu_118      |  16|   0|   16|          0|
    |local_aug_46_fu_122      |  16|   0|   16|          0|
    |local_aug_47_fu_126      |  16|   0|   16|          0|
    |trunc_ln63_reg_594       |   3|   0|    3|          0|
    +-------------------------+----+----+-----+-----------+
    |Total                    | 138|   0|  138|          0|
    +-------------------------+----+----+-----+-----------+



================================================================
== Interface
================================================================
* Summary: 
+-------------------------+-----+-----+------------+---------------------------------------+--------------+
|        RTL Ports        | Dir | Bits|  Protocol  |             Source Object             |    C Type    |
+-------------------------+-----+-----+------------+---------------------------------------+--------------+
|ap_clk                   |   in|    1|  ap_ctrl_hs|  decompose_qr_Pipeline_VITIS_LOOP_63_7|  return value|
|ap_rst                   |   in|    1|  ap_ctrl_hs|  decompose_qr_Pipeline_VITIS_LOOP_63_7|  return value|
|ap_start                 |   in|    1|  ap_ctrl_hs|  decompose_qr_Pipeline_VITIS_LOOP_63_7|  return value|
|ap_done                  |  out|    1|  ap_ctrl_hs|  decompose_qr_Pipeline_VITIS_LOOP_63_7|  return value|
|ap_idle                  |  out|    1|  ap_ctrl_hs|  decompose_qr_Pipeline_VITIS_LOOP_63_7|  return value|
|ap_ready                 |  out|    1|  ap_ctrl_hs|  decompose_qr_Pipeline_VITIS_LOOP_63_7|  return value|
|tmp_217                  |   in|   16|     ap_none|                                tmp_217|        scalar|
|tmp_216                  |   in|   16|     ap_none|                                tmp_216|        scalar|
|tmp_215                  |   in|   16|     ap_none|                                tmp_215|        scalar|
|tmp_214                  |   in|   16|     ap_none|                                tmp_214|        scalar|
|tmp_202                  |   in|   16|     ap_none|                                tmp_202|        scalar|
|tmp_201                  |   in|   16|     ap_none|                                tmp_201|        scalar|
|tmp_200                  |   in|   16|     ap_none|                                tmp_200|        scalar|
|tmp_199                  |   in|   16|     ap_none|                                tmp_199|        scalar|
|local_aug_47_out         |  out|   16|      ap_vld|                       local_aug_47_out|       pointer|
|local_aug_47_out_ap_vld  |  out|    1|      ap_vld|                       local_aug_47_out|       pointer|
|local_aug_46_out         |  out|   16|      ap_vld|                       local_aug_46_out|       pointer|
|local_aug_46_out_ap_vld  |  out|    1|      ap_vld|                       local_aug_46_out|       pointer|
|local_aug_45_out         |  out|   16|      ap_vld|                       local_aug_45_out|       pointer|
|local_aug_45_out_ap_vld  |  out|    1|      ap_vld|                       local_aug_45_out|       pointer|
|local_aug_44_out         |  out|   16|      ap_vld|                       local_aug_44_out|       pointer|
|local_aug_44_out_ap_vld  |  out|    1|      ap_vld|                       local_aug_44_out|       pointer|
|local_aug_43_out         |  out|   16|      ap_vld|                       local_aug_43_out|       pointer|
|local_aug_43_out_ap_vld  |  out|    1|      ap_vld|                       local_aug_43_out|       pointer|
|local_aug_42_out         |  out|   16|      ap_vld|                       local_aug_42_out|       pointer|
|local_aug_42_out_ap_vld  |  out|    1|      ap_vld|                       local_aug_42_out|       pointer|
|local_aug_41_out         |  out|   16|      ap_vld|                       local_aug_41_out|       pointer|
|local_aug_41_out_ap_vld  |  out|    1|      ap_vld|                       local_aug_41_out|       pointer|
|local_aug_40_out         |  out|   16|      ap_vld|                       local_aug_40_out|       pointer|
|local_aug_40_out_ap_vld  |  out|    1|      ap_vld|                       local_aug_40_out|       pointer|
+-------------------------+-----+-----+------------+---------------------------------------+--------------+

============================================================
+ Verbose Summary: Synthesis Manager
============================================================
InlineROM: 1
ExposeGlobal: 0
============================================================
+ Verbose Summary: CDFG Model
============================================================
IsTopModel: 0
ResetActiveHigh: 1
IsCombinational: 2
IsDatapathOnly: 2
HasWiredReturn: 1
HasMFsm: 2
HasVarLatency: 1
IsPipeline: 0
IsRtlPipelined: 0
IsInstanceOverlapped: 0
IsDontTouch: 0
HasImplIP: 0
IsGatedGlobalClock: 0

+ Individual pipeline summary: 
  * Pipeline-0: initiation interval (II) = 1, depth = 2


============================================================
+ Verbose Summary: Schedule
============================================================
* Number of FSM states : 2
* Pipeline : 1
  Pipeline-0 : II = 1, D = 2, States = { 1 2 }
* Dataflow Pipeline: 0

* FSM state transitions: 
1 --> 2 
2 --> 

* FSM state operations: 

State 1 <SV = 0> <Delay = 4.91>
ST_1 : Operation 5 [1/1] (0.00ns)   --->   "%c = alloca i32 1" [C:/ELEC522/sm512/asdf/fpga_hls/qrd.cpp:63]   --->   Operation 5 'alloca' 'c' <Predicate = true> <Delay = 0.00>
ST_1 : Operation 6 [1/1] (0.00ns)   --->   "%local_aug_40 = alloca i32 1"   --->   Operation 6 'alloca' 'local_aug_40' <Predicate = true> <Delay = 0.00>
ST_1 : Operation 7 [1/1] (0.00ns)   --->   "%local_aug_41 = alloca i32 1"   --->   Operation 7 'alloca' 'local_aug_41' <Predicate = true> <Delay = 0.00>
ST_1 : Operation 8 [1/1] (0.00ns)   --->   "%local_aug_42 = alloca i32 1"   --->   Operation 8 'alloca' 'local_aug_42' <Predicate = true> <Delay = 0.00>
ST_1 : Operation 9 [1/1] (0.00ns)   --->   "%local_aug_43 = alloca i32 1"   --->   Operation 9 'alloca' 'local_aug_43' <Predicate = true> <Delay = 0.00>
ST_1 : Operation 10 [1/1] (0.00ns)   --->   "%local_aug_44 = alloca i32 1"   --->   Operation 10 'alloca' 'local_aug_44' <Predicate = true> <Delay = 0.00>
ST_1 : Operation 11 [1/1] (0.00ns)   --->   "%local_aug_45 = alloca i32 1"   --->   Operation 11 'alloca' 'local_aug_45' <Predicate = true> <Delay = 0.00>
ST_1 : Operation 12 [1/1] (0.00ns)   --->   "%local_aug_46 = alloca i32 1"   --->   Operation 12 'alloca' 'local_aug_46' <Predicate = true> <Delay = 0.00>
ST_1 : Operation 13 [1/1] (0.00ns)   --->   "%local_aug_47 = alloca i32 1"   --->   Operation 13 'alloca' 'local_aug_47' <Predicate = true> <Delay = 0.00>
ST_1 : Operation 14 [1/1] (0.00ns)   --->   "%tmp_199_read = read i16 @_ssdm_op_Read.ap_auto.i16, i16 %tmp_199"   --->   Operation 14 'read' 'tmp_199_read' <Predicate = true> <Delay = 0.00>
ST_1 : Operation 15 [1/1] (0.00ns)   --->   "%tmp_200_read = read i16 @_ssdm_op_Read.ap_auto.i16, i16 %tmp_200"   --->   Operation 15 'read' 'tmp_200_read' <Predicate = true> <Delay = 0.00>
ST_1 : Operation 16 [1/1] (0.00ns)   --->   "%tmp_201_read = read i16 @_ssdm_op_Read.ap_auto.i16, i16 %tmp_201"   --->   Operation 16 'read' 'tmp_201_read' <Predicate = true> <Delay = 0.00>
ST_1 : Operation 17 [1/1] (0.00ns)   --->   "%tmp_202_read = read i16 @_ssdm_op_Read.ap_auto.i16, i16 %tmp_202"   --->   Operation 17 'read' 'tmp_202_read' <Predicate = true> <Delay = 0.00>
ST_1 : Operation 18 [1/1] (0.00ns)   --->   "%tmp_214_read = read i16 @_ssdm_op_Read.ap_auto.i16, i16 %tmp_214"   --->   Operation 18 'read' 'tmp_214_read' <Predicate = true> <Delay = 0.00>
ST_1 : Operation 19 [1/1] (0.00ns)   --->   "%tmp_215_read = read i16 @_ssdm_op_Read.ap_auto.i16, i16 %tmp_215"   --->   Operation 19 'read' 'tmp_215_read' <Predicate = true> <Delay = 0.00>
ST_1 : Operation 20 [1/1] (0.00ns)   --->   "%tmp_216_read = read i16 @_ssdm_op_Read.ap_auto.i16, i16 %tmp_216"   --->   Operation 20 'read' 'tmp_216_read' <Predicate = true> <Delay = 0.00>
ST_1 : Operation 21 [1/1] (0.00ns)   --->   "%tmp_217_read = read i16 @_ssdm_op_Read.ap_auto.i16, i16 %tmp_217"   --->   Operation 21 'read' 'tmp_217_read' <Predicate = true> <Delay = 0.00>
ST_1 : Operation 22 [1/1] (1.58ns)   --->   "%store_ln0 = store i16 %tmp_217_read, i16 %local_aug_47"   --->   Operation 22 'store' 'store_ln0' <Predicate = true> <Delay = 1.58>
ST_1 : Operation 23 [1/1] (1.58ns)   --->   "%store_ln0 = store i16 %tmp_216_read, i16 %local_aug_46"   --->   Operation 23 'store' 'store_ln0' <Predicate = true> <Delay = 1.58>
ST_1 : Operation 24 [1/1] (1.58ns)   --->   "%store_ln0 = store i16 %tmp_215_read, i16 %local_aug_45"   --->   Operation 24 'store' 'store_ln0' <Predicate = true> <Delay = 1.58>
ST_1 : Operation 25 [1/1] (1.58ns)   --->   "%store_ln0 = store i16 %tmp_214_read, i16 %local_aug_44"   --->   Operation 25 'store' 'store_ln0' <Predicate = true> <Delay = 1.58>
ST_1 : Operation 26 [1/1] (1.58ns)   --->   "%store_ln0 = store i16 %tmp_202_read, i16 %local_aug_43"   --->   Operation 26 'store' 'store_ln0' <Predicate = true> <Delay = 1.58>
ST_1 : Operation 27 [1/1] (1.58ns)   --->   "%store_ln0 = store i16 %tmp_201_read, i16 %local_aug_42"   --->   Operation 27 'store' 'store_ln0' <Predicate = true> <Delay = 1.58>
ST_1 : Operation 28 [1/1] (1.58ns)   --->   "%store_ln0 = store i16 %tmp_200_read, i16 %local_aug_41"   --->   Operation 28 'store' 'store_ln0' <Predicate = true> <Delay = 1.58>
ST_1 : Operation 29 [1/1] (1.58ns)   --->   "%store_ln0 = store i16 %tmp_199_read, i16 %local_aug_40"   --->   Operation 29 'store' 'store_ln0' <Predicate = true> <Delay = 1.58>
ST_1 : Operation 30 [1/1] (1.58ns)   --->   "%store_ln63 = store i4 0, i4 %c" [C:/ELEC522/sm512/asdf/fpga_hls/qrd.cpp:63]   --->   Operation 30 'store' 'store_ln63' <Predicate = true> <Delay = 1.58>
ST_1 : Operation 31 [1/1] (0.00ns)   --->   "%br_ln0 = br void %for.body115"   --->   Operation 31 'br' 'br_ln0' <Predicate = true> <Delay = 0.00>
ST_1 : Operation 32 [1/1] (0.00ns)   --->   "%c_1 = load i4 %c" [C:/ELEC522/sm512/asdf/fpga_hls/qrd.cpp:63]   --->   Operation 32 'load' 'c_1' <Predicate = true> <Delay = 0.00>
ST_1 : Operation 33 [1/1] (1.73ns)   --->   "%icmp_ln63 = icmp_eq  i4 %c_1, i4 8" [C:/ELEC522/sm512/asdf/fpga_hls/qrd.cpp:63]   --->   Operation 33 'icmp' 'icmp_ln63' <Predicate = true> <Delay = 1.73> <CoreInst = "Cmp">   --->   Core 9 'Cmp' <Latency = 0> <II = 1> <Delay = 1.78> <FuncUnit> <Opcode : 'seteq' 'setne' 'setle' 'setge' 'setlt' 'setgt'> <InPorts = 2> <OutPorts = 1>
ST_1 : Operation 34 [1/1] (1.73ns)   --->   "%add_ln63 = add i4 %c_1, i4 1" [C:/ELEC522/sm512/asdf/fpga_hls/qrd.cpp:63]   --->   Operation 34 'add' 'add_ln63' <Predicate = true> <Delay = 1.73> <CoreInst = "Adder">   --->   Core 1 'Adder' <Latency = 0> <II = 1> <Delay = 1.73> <FuncUnit> <Opcode : 'add' 'sub'> <InPorts = 2> <OutPorts = 1>
ST_1 : Operation 35 [1/1] (0.00ns)   --->   "%br_ln63 = br i1 %icmp_ln63, void %for.body115.split, void %for.inc130.loopexit.exitStub" [C:/ELEC522/sm512/asdf/fpga_hls/qrd.cpp:63]   --->   Operation 35 'br' 'br_ln63' <Predicate = true> <Delay = 0.00>
ST_1 : Operation 36 [1/1] (0.00ns)   --->   "%trunc_ln63 = trunc i4 %c_1" [C:/ELEC522/sm512/asdf/fpga_hls/qrd.cpp:63]   --->   Operation 36 'trunc' 'trunc_ln63' <Predicate = (!icmp_ln63)> <Delay = 0.00>
ST_1 : Operation 37 [1/1] (1.65ns)   --->   "%switch_ln64 = switch i3 %trunc_ln63, void %V32.i.i.i57259.case.7, i3 0, void %V32.i.i.i57259.case.0, i3 1, void %V32.i.i.i57259.case.1, i3 2, void %V32.i.i.i57259.case.2, i3 3, void %V32.i.i.i57259.case.3, i3 4, void %V32.i.i.i57259.case.4, i3 5, void %V32.i.i.i57259.case.5, i3 6, void %for.body115.split.V32.i.i.i57259.exit_crit_edge" [C:/ELEC522/sm512/asdf/fpga_hls/qrd.cpp:64]   --->   Operation 37 'switch' 'switch_ln64' <Predicate = (!icmp_ln63)> <Delay = 1.65>
ST_1 : Operation 38 [1/1] (1.58ns)   --->   "%store_ln63 = store i4 %add_ln63, i4 %c" [C:/ELEC522/sm512/asdf/fpga_hls/qrd.cpp:63]   --->   Operation 38 'store' 'store_ln63' <Predicate = (!icmp_ln63)> <Delay = 1.58>
ST_1 : Operation 39 [1/1] (0.00ns)   --->   "%br_ln63 = br void %for.body115" [C:/ELEC522/sm512/asdf/fpga_hls/qrd.cpp:63]   --->   Operation 39 'br' 'br_ln63' <Predicate = (!icmp_ln63)> <Delay = 0.00>
ST_1 : Operation 78 [1/1] (0.00ns)   --->   "%local_aug_40_load = load i16 %local_aug_40"   --->   Operation 78 'load' 'local_aug_40_load' <Predicate = (icmp_ln63)> <Delay = 0.00>
ST_1 : Operation 79 [1/1] (0.00ns)   --->   "%local_aug_41_load = load i16 %local_aug_41"   --->   Operation 79 'load' 'local_aug_41_load' <Predicate = (icmp_ln63)> <Delay = 0.00>
ST_1 : Operation 80 [1/1] (0.00ns)   --->   "%local_aug_42_load = load i16 %local_aug_42"   --->   Operation 80 'load' 'local_aug_42_load' <Predicate = (icmp_ln63)> <Delay = 0.00>
ST_1 : Operation 81 [1/1] (0.00ns)   --->   "%local_aug_43_load = load i16 %local_aug_43"   --->   Operation 81 'load' 'local_aug_43_load' <Predicate = (icmp_ln63)> <Delay = 0.00>
ST_1 : Operation 82 [1/1] (0.00ns)   --->   "%local_aug_44_load = load i16 %local_aug_44"   --->   Operation 82 'load' 'local_aug_44_load' <Predicate = (icmp_ln63)> <Delay = 0.00>
ST_1 : Operation 83 [1/1] (0.00ns)   --->   "%local_aug_45_load = load i16 %local_aug_45"   --->   Operation 83 'load' 'local_aug_45_load' <Predicate = (icmp_ln63)> <Delay = 0.00>
ST_1 : Operation 84 [1/1] (0.00ns)   --->   "%local_aug_46_load = load i16 %local_aug_46"   --->   Operation 84 'load' 'local_aug_46_load' <Predicate = (icmp_ln63)> <Delay = 0.00>
ST_1 : Operation 85 [1/1] (0.00ns)   --->   "%local_aug_47_load = load i16 %local_aug_47"   --->   Operation 85 'load' 'local_aug_47_load' <Predicate = (icmp_ln63)> <Delay = 0.00>
ST_1 : Operation 86 [1/1] (0.00ns)   --->   "%write_ln0 = write void @_ssdm_op_Write.ap_auto.i16P0A, i16 %local_aug_47_out, i16 %local_aug_47_load"   --->   Operation 86 'write' 'write_ln0' <Predicate = (icmp_ln63)> <Delay = 0.00>
ST_1 : Operation 87 [1/1] (0.00ns)   --->   "%write_ln0 = write void @_ssdm_op_Write.ap_auto.i16P0A, i16 %local_aug_46_out, i16 %local_aug_46_load"   --->   Operation 87 'write' 'write_ln0' <Predicate = (icmp_ln63)> <Delay = 0.00>
ST_1 : Operation 88 [1/1] (0.00ns)   --->   "%write_ln0 = write void @_ssdm_op_Write.ap_auto.i16P0A, i16 %local_aug_45_out, i16 %local_aug_45_load"   --->   Operation 88 'write' 'write_ln0' <Predicate = (icmp_ln63)> <Delay = 0.00>
ST_1 : Operation 89 [1/1] (0.00ns)   --->   "%write_ln0 = write void @_ssdm_op_Write.ap_auto.i16P0A, i16 %local_aug_44_out, i16 %local_aug_44_load"   --->   Operation 89 'write' 'write_ln0' <Predicate = (icmp_ln63)> <Delay = 0.00>
ST_1 : Operation 90 [1/1] (0.00ns)   --->   "%write_ln0 = write void @_ssdm_op_Write.ap_auto.i16P0A, i16 %local_aug_43_out, i16 %local_aug_43_load"   --->   Operation 90 'write' 'write_ln0' <Predicate = (icmp_ln63)> <Delay = 0.00>
ST_1 : Operation 91 [1/1] (0.00ns)   --->   "%write_ln0 = write void @_ssdm_op_Write.ap_auto.i16P0A, i16 %local_aug_42_out, i16 %local_aug_42_load"   --->   Operation 91 'write' 'write_ln0' <Predicate = (icmp_ln63)> <Delay = 0.00>
ST_1 : Operation 92 [1/1] (0.00ns)   --->   "%write_ln0 = write void @_ssdm_op_Write.ap_auto.i16P0A, i16 %local_aug_41_out, i16 %local_aug_41_load"   --->   Operation 92 'write' 'write_ln0' <Predicate = (icmp_ln63)> <Delay = 0.00>
ST_1 : Operation 93 [1/1] (0.00ns)   --->   "%write_ln0 = write void @_ssdm_op_Write.ap_auto.i16P0A, i16 %local_aug_40_out, i16 %local_aug_40_load"   --->   Operation 93 'write' 'write_ln0' <Predicate = (icmp_ln63)> <Delay = 0.00>
ST_1 : Operation 94 [1/1] (1.58ns)   --->   "%ret_ln0 = ret"   --->   Operation 94 'ret' 'ret_ln0' <Predicate = (icmp_ln63)> <Delay = 1.58>

State 2 <SV = 1> <Delay = 6.94>
ST_2 : Operation 40 [1/1] (0.00ns)   --->   "%local_aug_40_load_1 = load i16 %local_aug_40" [C:/ELEC522/sm512/asdf/fpga_hls/qrd.cpp:64]   --->   Operation 40 'load' 'local_aug_40_load_1' <Predicate = (trunc_ln63 == 0)> <Delay = 0.00>
ST_2 : Operation 41 [1/1] (0.00ns)   --->   "%local_aug_41_load_1 = load i16 %local_aug_41" [C:/ELEC522/sm512/asdf/fpga_hls/qrd.cpp:64]   --->   Operation 41 'load' 'local_aug_41_load_1' <Predicate = (trunc_ln63 == 1)> <Delay = 0.00>
ST_2 : Operation 42 [1/1] (0.00ns)   --->   "%local_aug_42_load_1 = load i16 %local_aug_42" [C:/ELEC522/sm512/asdf/fpga_hls/qrd.cpp:64]   --->   Operation 42 'load' 'local_aug_42_load_1' <Predicate = (trunc_ln63 == 2)> <Delay = 0.00>
ST_2 : Operation 43 [1/1] (0.00ns)   --->   "%local_aug_43_load_1 = load i16 %local_aug_43" [C:/ELEC522/sm512/asdf/fpga_hls/qrd.cpp:64]   --->   Operation 43 'load' 'local_aug_43_load_1' <Predicate = (trunc_ln63 == 3)> <Delay = 0.00>
ST_2 : Operation 44 [1/1] (0.00ns)   --->   "%local_aug_44_load_1 = load i16 %local_aug_44" [C:/ELEC522/sm512/asdf/fpga_hls/qrd.cpp:64]   --->   Operation 44 'load' 'local_aug_44_load_1' <Predicate = (trunc_ln63 == 4)> <Delay = 0.00>
ST_2 : Operation 45 [1/1] (0.00ns)   --->   "%local_aug_45_load_1 = load i16 %local_aug_45" [C:/ELEC522/sm512/asdf/fpga_hls/qrd.cpp:64]   --->   Operation 45 'load' 'local_aug_45_load_1' <Predicate = (trunc_ln63 == 5)> <Delay = 0.00>
ST_2 : Operation 46 [1/1] (0.00ns)   --->   "%local_aug_46_load_1 = load i16 %local_aug_46" [C:/ELEC522/sm512/asdf/fpga_hls/qrd.cpp:64]   --->   Operation 46 'load' 'local_aug_46_load_1' <Predicate = (trunc_ln63 == 6)> <Delay = 0.00>
ST_2 : Operation 47 [1/1] (0.00ns)   --->   "%local_aug_47_load_1 = load i16 %local_aug_47" [C:/ELEC522/sm512/asdf/fpga_hls/qrd.cpp:64]   --->   Operation 47 'load' 'local_aug_47_load_1' <Predicate = (trunc_ln63 == 7)> <Delay = 0.00>
ST_2 : Operation 48 [1/1] (0.00ns)   --->   "%specpipeline_ln63 = specpipeline void @_ssdm_op_SpecPipeline, i32 4294967295, i32 0, i32 0, i32 0, void @empty_24" [C:/ELEC522/sm512/asdf/fpga_hls/qrd.cpp:63]   --->   Operation 48 'specpipeline' 'specpipeline_ln63' <Predicate = true> <Delay = 0.00>
ST_2 : Operation 49 [1/1] (0.00ns)   --->   "%speclooptripcount_ln63 = speclooptripcount void @_ssdm_op_SpecLoopTripCount, i64 8, i64 8, i64 8" [C:/ELEC522/sm512/asdf/fpga_hls/qrd.cpp:63]   --->   Operation 49 'speclooptripcount' 'speclooptripcount_ln63' <Predicate = true> <Delay = 0.00>
ST_2 : Operation 50 [1/1] (0.00ns)   --->   "%specloopname_ln63 = specloopname void @_ssdm_op_SpecLoopName, void @empty_11" [C:/ELEC522/sm512/asdf/fpga_hls/qrd.cpp:63]   --->   Operation 50 'specloopname' 'specloopname_ln63' <Predicate = true> <Delay = 0.00>
ST_2 : Operation 51 [1/1] (2.30ns)   --->   "%tmp_s = sparsemux i16 @_ssdm_op_SparseMux.ap_auto.8i16.i16.i3, i3 0, i16 %local_aug_40_load_1, i3 1, i16 %local_aug_41_load_1, i3 2, i16 %local_aug_42_load_1, i3 3, i16 %local_aug_43_load_1, i3 4, i16 %local_aug_44_load_1, i3 5, i16 %local_aug_45_load_1, i3 6, i16 %local_aug_46_load_1, i3 7, i16 %local_aug_47_load_1, i16 0, i3 %trunc_ln63" [C:/ELEC522/sm512/asdf/fpga_hls/qrd.cpp:64]   --->   Operation 51 'sparsemux' 'tmp_s' <Predicate = true> <Delay = 2.30> <CoreInst = "BinarySparseMux_DontCare">   --->   Core 137 'BinarySparseMux_DontCare' <Latency = 0> <II = 1> <Delay = 2.30> <FuncUnit> <Opcode : 'sparsemux'> <InPorts = 2> <OutPorts = 1>
ST_2 : Operation 52 [1/1] (0.00ns)   --->   "%sext_ln64 = sext i16 %tmp_s" [C:/ELEC522/sm512/asdf/fpga_hls/qrd.cpp:64]   --->   Operation 52 'sext' 'sext_ln64' <Predicate = true> <Delay = 0.00>
ST_2 : Operation 53 [1/1] (2.07ns)   --->   "%sub_ln64 = sub i17 0, i17 %sext_ln64" [C:/ELEC522/sm512/asdf/fpga_hls/qrd.cpp:64]   --->   Operation 53 'sub' 'sub_ln64' <Predicate = true> <Delay = 2.07> <CoreInst = "Adder">   --->   Core 1 'Adder' <Latency = 0> <II = 1> <Delay = 2.10> <FuncUnit> <Opcode : 'add' 'sub'> <InPorts = 2> <OutPorts = 1>
ST_2 : Operation 54 [1/1] (0.00ns)   --->   "%tmp = bitselect i1 @_ssdm_op_BitSelect.i1.i17.i32, i17 %sub_ln64, i32 16" [C:/ELEC522/sm512/asdf/fpga_hls/qrd.cpp:64]   --->   Operation 54 'bitselect' 'tmp' <Predicate = true> <Delay = 0.00>
ST_2 : Operation 55 [1/1] (0.00ns) (grouped into LUT with out node select_ln64_1)   --->   "%trunc_ln64 = trunc i17 %sub_ln64" [C:/ELEC522/sm512/asdf/fpga_hls/qrd.cpp:64]   --->   Operation 55 'trunc' 'trunc_ln64' <Predicate = true> <Delay = 0.00>
ST_2 : Operation 56 [1/1] (0.00ns)   --->   "%tmp_229 = bitselect i1 @_ssdm_op_BitSelect.i1.i17.i32, i17 %sub_ln64, i32 15" [C:/ELEC522/sm512/asdf/fpga_hls/qrd.cpp:64]   --->   Operation 56 'bitselect' 'tmp_229' <Predicate = true> <Delay = 0.00>
ST_2 : Operation 57 [1/1] (0.00ns) (grouped into LUT with out node select_ln64_1)   --->   "%xor_ln64 = xor i1 %tmp, i1 1" [C:/ELEC522/sm512/asdf/fpga_hls/qrd.cpp:64]   --->   Operation 57 'xor' 'xor_ln64' <Predicate = true> <Delay = 0.00> <CoreInst = "LogicGate">   --->   Core 74 'LogicGate' <Latency = 0> <II = 1> <Delay = 0.97> <FuncUnit> <Opcode : 'and' 'or' 'xor'> <InPorts = 2> <OutPorts = 1>
ST_2 : Operation 58 [1/1] (0.00ns) (grouped into LUT with out node select_ln64_1)   --->   "%and_ln64 = and i1 %tmp_229, i1 %xor_ln64" [C:/ELEC522/sm512/asdf/fpga_hls/qrd.cpp:64]   --->   Operation 58 'and' 'and_ln64' <Predicate = true> <Delay = 0.00> <CoreInst = "LogicGate">   --->   Core 74 'LogicGate' <Latency = 0> <II = 1> <Delay = 0.97> <FuncUnit> <Opcode : 'and' 'or' 'xor'> <InPorts = 2> <OutPorts = 1>
ST_2 : Operation 59 [1/1] (0.00ns) (grouped into LUT with out node select_ln64_1)   --->   "%xor_ln64_1 = xor i1 %tmp, i1 %tmp_229" [C:/ELEC522/sm512/asdf/fpga_hls/qrd.cpp:64]   --->   Operation 59 'xor' 'xor_ln64_1' <Predicate = true> <Delay = 0.00> <CoreInst = "LogicGate">   --->   Core 74 'LogicGate' <Latency = 0> <II = 1> <Delay = 0.97> <FuncUnit> <Opcode : 'and' 'or' 'xor'> <InPorts = 2> <OutPorts = 1>
ST_2 : Operation 60 [1/1] (0.00ns) (grouped into LUT with out node select_ln64_1)   --->   "%select_ln64 = select i1 %and_ln64, i16 32767, i16 32768" [C:/ELEC522/sm512/asdf/fpga_hls/qrd.cpp:64]   --->   Operation 60 'select' 'select_ln64' <Predicate = true> <Delay = 0.00> <CoreInst = "Sel">   --->   Core 73 'Sel' <Latency = 0> <II = 1> <Delay = 0.78> <FuncUnit> <Opcode : 'select'> <InPorts = 3> <OutPorts = 1>
ST_2 : Operation 61 [1/1] (0.97ns) (out node of the LUT)   --->   "%select_ln64_1 = select i1 %xor_ln64_1, i16 %select_ln64, i16 %trunc_ln64" [C:/ELEC522/sm512/asdf/fpga_hls/qrd.cpp:64]   --->   Operation 61 'select' 'select_ln64_1' <Predicate = true> <Delay = 0.97> <CoreInst = "Sel">   --->   Core 73 'Sel' <Latency = 0> <II = 1> <Delay = 0.80> <FuncUnit> <Opcode : 'select'> <InPorts = 3> <OutPorts = 1>
ST_2 : Operation 62 [1/1] (1.58ns)   --->   "%store_ln64 = store i16 %select_ln64_1, i16 %local_aug_46" [C:/ELEC522/sm512/asdf/fpga_hls/qrd.cpp:64]   --->   Operation 62 'store' 'store_ln64' <Predicate = (trunc_ln63 == 6)> <Delay = 1.58>
ST_2 : Operation 63 [1/1] (0.00ns)   --->   "%br_ln64 = br void %V32.i.i.i57259.exit" [C:/ELEC522/sm512/asdf/fpga_hls/qrd.cpp:64]   --->   Operation 63 'br' 'br_ln64' <Predicate = (trunc_ln63 == 6)> <Delay = 0.00>
ST_2 : Operation 64 [1/1] (1.58ns)   --->   "%store_ln64 = store i16 %select_ln64_1, i16 %local_aug_45" [C:/ELEC522/sm512/asdf/fpga_hls/qrd.cpp:64]   --->   Operation 64 'store' 'store_ln64' <Predicate = (trunc_ln63 == 5)> <Delay = 1.58>
ST_2 : Operation 65 [1/1] (0.00ns)   --->   "%br_ln64 = br void %V32.i.i.i57259.exit" [C:/ELEC522/sm512/asdf/fpga_hls/qrd.cpp:64]   --->   Operation 65 'br' 'br_ln64' <Predicate = (trunc_ln63 == 5)> <Delay = 0.00>
ST_2 : Operation 66 [1/1] (1.58ns)   --->   "%store_ln64 = store i16 %select_ln64_1, i16 %local_aug_44" [C:/ELEC522/sm512/asdf/fpga_hls/qrd.cpp:64]   --->   Operation 66 'store' 'store_ln64' <Predicate = (trunc_ln63 == 4)> <Delay = 1.58>
ST_2 : Operation 67 [1/1] (0.00ns)   --->   "%br_ln64 = br void %V32.i.i.i57259.exit" [C:/ELEC522/sm512/asdf/fpga_hls/qrd.cpp:64]   --->   Operation 67 'br' 'br_ln64' <Predicate = (trunc_ln63 == 4)> <Delay = 0.00>
ST_2 : Operation 68 [1/1] (1.58ns)   --->   "%store_ln64 = store i16 %select_ln64_1, i16 %local_aug_43" [C:/ELEC522/sm512/asdf/fpga_hls/qrd.cpp:64]   --->   Operation 68 'store' 'store_ln64' <Predicate = (trunc_ln63 == 3)> <Delay = 1.58>
ST_2 : Operation 69 [1/1] (0.00ns)   --->   "%br_ln64 = br void %V32.i.i.i57259.exit" [C:/ELEC522/sm512/asdf/fpga_hls/qrd.cpp:64]   --->   Operation 69 'br' 'br_ln64' <Predicate = (trunc_ln63 == 3)> <Delay = 0.00>
ST_2 : Operation 70 [1/1] (1.58ns)   --->   "%store_ln64 = store i16 %select_ln64_1, i16 %local_aug_42" [C:/ELEC522/sm512/asdf/fpga_hls/qrd.cpp:64]   --->   Operation 70 'store' 'store_ln64' <Predicate = (trunc_ln63 == 2)> <Delay = 1.58>
ST_2 : Operation 71 [1/1] (0.00ns)   --->   "%br_ln64 = br void %V32.i.i.i57259.exit" [C:/ELEC522/sm512/asdf/fpga_hls/qrd.cpp:64]   --->   Operation 71 'br' 'br_ln64' <Predicate = (trunc_ln63 == 2)> <Delay = 0.00>
ST_2 : Operation 72 [1/1] (1.58ns)   --->   "%store_ln64 = store i16 %select_ln64_1, i16 %local_aug_41" [C:/ELEC522/sm512/asdf/fpga_hls/qrd.cpp:64]   --->   Operation 72 'store' 'store_ln64' <Predicate = (trunc_ln63 == 1)> <Delay = 1.58>
ST_2 : Operation 73 [1/1] (0.00ns)   --->   "%br_ln64 = br void %V32.i.i.i57259.exit" [C:/ELEC522/sm512/asdf/fpga_hls/qrd.cpp:64]   --->   Operation 73 'br' 'br_ln64' <Predicate = (trunc_ln63 == 1)> <Delay = 0.00>
ST_2 : Operation 74 [1/1] (1.58ns)   --->   "%store_ln64 = store i16 %select_ln64_1, i16 %local_aug_40" [C:/ELEC522/sm512/asdf/fpga_hls/qrd.cpp:64]   --->   Operation 74 'store' 'store_ln64' <Predicate = (trunc_ln63 == 0)> <Delay = 1.58>
ST_2 : Operation 75 [1/1] (0.00ns)   --->   "%br_ln64 = br void %V32.i.i.i57259.exit" [C:/ELEC522/sm512/asdf/fpga_hls/qrd.cpp:64]   --->   Operation 75 'br' 'br_ln64' <Predicate = (trunc_ln63 == 0)> <Delay = 0.00>
ST_2 : Operation 76 [1/1] (1.58ns)   --->   "%store_ln64 = store i16 %select_ln64_1, i16 %local_aug_47" [C:/ELEC522/sm512/asdf/fpga_hls/qrd.cpp:64]   --->   Operation 76 'store' 'store_ln64' <Predicate = (trunc_ln63 == 7)> <Delay = 1.58>
ST_2 : Operation 77 [1/1] (0.00ns)   --->   "%br_ln64 = br void %V32.i.i.i57259.exit" [C:/ELEC522/sm512/asdf/fpga_hls/qrd.cpp:64]   --->   Operation 77 'br' 'br_ln64' <Predicate = (trunc_ln63 == 7)> <Delay = 0.00>


============================================================
+ Verbose Summary: Binding
============================================================
STG Binding: 
---------------- STG Properties BEGIN ----------------
- Is combinational: 0
- Is one-state seq: 0
- Is datapath-only: 0
- Is pipelined: 0
- Is top level: 0
Port [ Return ] is wired: 1; IO mode=ap_ctrl_hs:ce=0
Port [ tmp_217]:  wired=1; compound=0; hidden=0; nouse=0; global=0; static=0; extern=0; dir=0; type=0; pingpong=0; private_global=0; IO mode=ap_none:ce=0
Port [ tmp_216]:  wired=1; compound=0; hidden=0; nouse=0; global=0; static=0; extern=0; dir=0; type=0; pingpong=0; private_global=0; IO mode=ap_none:ce=0
Port [ tmp_215]:  wired=1; compound=0; hidden=0; nouse=0; global=0; static=0; extern=0; dir=0; type=0; pingpong=0; private_global=0; IO mode=ap_none:ce=0
Port [ tmp_214]:  wired=1; compound=0; hidden=0; nouse=0; global=0; static=0; extern=0; dir=0; type=0; pingpong=0; private_global=0; IO mode=ap_none:ce=0
Port [ tmp_202]:  wired=1; compound=0; hidden=0; nouse=0; global=0; static=0; extern=0; dir=0; type=0; pingpong=0; private_global=0; IO mode=ap_none:ce=0
Port [ tmp_201]:  wired=1; compound=0; hidden=0; nouse=0; global=0; static=0; extern=0; dir=0; type=0; pingpong=0; private_global=0; IO mode=ap_none:ce=0
Port [ tmp_200]:  wired=1; compound=0; hidden=0; nouse=0; global=0; static=0; extern=0; dir=0; type=0; pingpong=0; private_global=0; IO mode=ap_none:ce=0
Port [ tmp_199]:  wired=1; compound=0; hidden=0; nouse=0; global=0; static=0; extern=0; dir=0; type=0; pingpong=0; private_global=0; IO mode=ap_none:ce=0
Port [ local_aug_47_out]:  wired=1; compound=0; hidden=0; nouse=0; global=0; static=0; extern=0; dir=1; type=0; pingpong=0; private_global=0; IO mode=ap_vld:ce=0
Port [ local_aug_46_out]:  wired=1; compound=0; hidden=0; nouse=0; global=0; static=0; extern=0; dir=1; type=0; pingpong=0; private_global=0; IO mode=ap_vld:ce=0
Port [ local_aug_45_out]:  wired=1; compound=0; hidden=0; nouse=0; global=0; static=0; extern=0; dir=1; type=0; pingpong=0; private_global=0; IO mode=ap_vld:ce=0
Port [ local_aug_44_out]:  wired=1; compound=0; hidden=0; nouse=0; global=0; static=0; extern=0; dir=1; type=0; pingpong=0; private_global=0; IO mode=ap_vld:ce=0
Port [ local_aug_43_out]:  wired=1; compound=0; hidden=0; nouse=0; global=0; static=0; extern=0; dir=1; type=0; pingpong=0; private_global=0; IO mode=ap_vld:ce=0
Port [ local_aug_42_out]:  wired=1; compound=0; hidden=0; nouse=0; global=0; static=0; extern=0; dir=1; type=0; pingpong=0; private_global=0; IO mode=ap_vld:ce=0
Port [ local_aug_41_out]:  wired=1; compound=0; hidden=0; nouse=0; global=0; static=0; extern=0; dir=1; type=0; pingpong=0; private_global=0; IO mode=ap_vld:ce=0
Port [ local_aug_40_out]:  wired=1; compound=0; hidden=0; nouse=0; global=0; static=0; extern=0; dir=1; type=0; pingpong=0; private_global=0; IO mode=ap_vld:ce=0
---------------- STG Properties END ------------------

---------------- Datapath Model BEGIN ----------------

<LifeTime>
<method=bitvector/>
c                      (alloca           ) [ 010]
local_aug_40           (alloca           ) [ 011]
local_aug_41           (alloca           ) [ 011]
local_aug_42           (alloca           ) [ 011]
local_aug_43           (alloca           ) [ 011]
local_aug_44           (alloca           ) [ 011]
local_aug_45           (alloca           ) [ 011]
local_aug_46           (alloca           ) [ 011]
local_aug_47           (alloca           ) [ 011]
tmp_199_read           (read             ) [ 000]
tmp_200_read           (read             ) [ 000]
tmp_201_read           (read             ) [ 000]
tmp_202_read           (read             ) [ 000]
tmp_214_read           (read             ) [ 000]
tmp_215_read           (read             ) [ 000]
tmp_216_read           (read             ) [ 000]
tmp_217_read           (read             ) [ 000]
store_ln0              (store            ) [ 000]
store_ln0              (store            ) [ 000]
store_ln0              (store            ) [ 000]
store_ln0              (store            ) [ 000]
store_ln0              (store            ) [ 000]
store_ln0              (store            ) [ 000]
store_ln0              (store            ) [ 000]
store_ln0              (store            ) [ 000]
store_ln63             (store            ) [ 000]
br_ln0                 (br               ) [ 000]
c_1                    (load             ) [ 000]
icmp_ln63              (icmp             ) [ 010]
add_ln63               (add              ) [ 000]
br_ln63                (br               ) [ 000]
trunc_ln63             (trunc            ) [ 011]
switch_ln64            (switch           ) [ 000]
store_ln63             (store            ) [ 000]
br_ln63                (br               ) [ 000]
local_aug_40_load_1    (load             ) [ 000]
local_aug_41_load_1    (load             ) [ 000]
local_aug_42_load_1    (load             ) [ 000]
local_aug_43_load_1    (load             ) [ 000]
local_aug_44_load_1    (load             ) [ 000]
local_aug_45_load_1    (load             ) [ 000]
local_aug_46_load_1    (load             ) [ 000]
local_aug_47_load_1    (load             ) [ 000]
specpipeline_ln63      (specpipeline     ) [ 000]
speclooptripcount_ln63 (speclooptripcount) [ 000]
specloopname_ln63      (specloopname     ) [ 000]
tmp_s                  (sparsemux        ) [ 000]
sext_ln64              (sext             ) [ 000]
sub_ln64               (sub              ) [ 000]
tmp                    (bitselect        ) [ 000]
trunc_ln64             (trunc            ) [ 000]
tmp_229                (bitselect        ) [ 000]
xor_ln64               (xor              ) [ 000]
and_ln64               (and              ) [ 000]
xor_ln64_1             (xor              ) [ 000]
select_ln64            (select           ) [ 000]
select_ln64_1          (select           ) [ 000]
store_ln64             (store            ) [ 000]
br_ln64                (br               ) [ 000]
store_ln64             (store            ) [ 000]
br_ln64                (br               ) [ 000]
store_ln64             (store            ) [ 000]
br_ln64                (br               ) [ 000]
store_ln64             (store            ) [ 000]
br_ln64                (br               ) [ 000]
store_ln64             (store            ) [ 000]
br_ln64                (br               ) [ 000]
store_ln64             (store            ) [ 000]
br_ln64                (br               ) [ 000]
store_ln64             (store            ) [ 000]
br_ln64                (br               ) [ 000]
store_ln64             (store            ) [ 000]
br_ln64                (br               ) [ 000]
local_aug_40_load      (load             ) [ 000]
local_aug_41_load      (load             ) [ 000]
local_aug_42_load      (load             ) [ 000]
local_aug_43_load      (load             ) [ 000]
local_aug_44_load      (load             ) [ 000]
local_aug_45_load      (load             ) [ 000]
local_aug_46_load      (load             ) [ 000]
local_aug_47_load      (load             ) [ 000]
write_ln0              (write            ) [ 000]
write_ln0              (write            ) [ 000]
write_ln0              (write            ) [ 000]
write_ln0              (write            ) [ 000]
write_ln0              (write            ) [ 000]
write_ln0              (write            ) [ 000]
write_ln0              (write            ) [ 000]
write_ln0              (write            ) [ 000]
ret_ln0                (ret              ) [ 000]
</LifeTime>

<model>

<comp_list>
<comp id="0" class="1000" name="tmp_217">
<pin_list>
<pin id="1" dir="1" index="0" bw="1" slack="0"/>
</pin_list>
<bind>
<StgValue><ssdm name="tmp_217"/></StgValue>
</bind>
</comp>

<comp id="2" class="1000" name="tmp_216">
<pin_list>
<pin id="3" dir="1" index="0" bw="1" slack="0"/>
</pin_list>
<bind>
<StgValue><ssdm name="tmp_216"/></StgValue>
</bind>
</comp>

<comp id="4" class="1000" name="tmp_215">
<pin_list>
<pin id="5" dir="1" index="0" bw="1" slack="0"/>
</pin_list>
<bind>
<StgValue><ssdm name="tmp_215"/></StgValue>
</bind>
</comp>

<comp id="6" class="1000" name="tmp_214">
<pin_list>
<pin id="7" dir="1" index="0" bw="1" slack="0"/>
</pin_list>
<bind>
<StgValue><ssdm name="tmp_214"/></StgValue>
</bind>
</comp>

<comp id="8" class="1000" name="tmp_202">
<pin_list>
<pin id="9" dir="1" index="0" bw="1" slack="0"/>
</pin_list>
<bind>
<StgValue><ssdm name="tmp_202"/></StgValue>
</bind>
</comp>

<comp id="10" class="1000" name="tmp_201">
<pin_list>
<pin id="11" dir="1" index="0" bw="1" slack="0"/>
</pin_list>
<bind>
<StgValue><ssdm name="tmp_201"/></StgValue>
</bind>
</comp>

<comp id="12" class="1000" name="tmp_200">
<pin_list>
<pin id="13" dir="1" index="0" bw="1" slack="0"/>
</pin_list>
<bind>
<StgValue><ssdm name="tmp_200"/></StgValue>
</bind>
</comp>

<comp id="14" class="1000" name="tmp_199">
<pin_list>
<pin id="15" dir="1" index="0" bw="1" slack="0"/>
</pin_list>
<bind>
<StgValue><ssdm name="tmp_199"/></StgValue>
</bind>
</comp>

<comp id="16" class="1000" name="local_aug_47_out">
<pin_list>
<pin id="17" dir="1" index="0" bw="1" slack="0"/>
</pin_list>
<bind>
<StgValue><ssdm name="local_aug_47_out"/></StgValue>
</bind>
</comp>

<comp id="18" class="1000" name="local_aug_46_out">
<pin_list>
<pin id="19" dir="1" index="0" bw="1" slack="0"/>
</pin_list>
<bind>
<StgValue><ssdm name="local_aug_46_out"/></StgValue>
</bind>
</comp>

<comp id="20" class="1000" name="local_aug_45_out">
<pin_list>
<pin id="21" dir="1" index="0" bw="1" slack="0"/>
</pin_list>
<bind>
<StgValue><ssdm name="local_aug_45_out"/></StgValue>
</bind>
</comp>

<comp id="22" class="1000" name="local_aug_44_out">
<pin_list>
<pin id="23" dir="1" index="0" bw="1" slack="0"/>
</pin_list>
<bind>
<StgValue><ssdm name="local_aug_44_out"/></StgValue>
</bind>
</comp>

<comp id="24" class="1000" name="local_aug_43_out">
<pin_list>
<pin id="25" dir="1" index="0" bw="1" slack="0"/>
</pin_list>
<bind>
<StgValue><ssdm name="local_aug_43_out"/></StgValue>
</bind>
</comp>

<comp id="26" class="1000" name="local_aug_42_out">
<pin_list>
<pin id="27" dir="1" index="0" bw="1" slack="0"/>
</pin_list>
<bind>
<StgValue><ssdm name="local_aug_42_out"/></StgValue>
</bind>
</comp>

<comp id="28" class="1000" name="local_aug_41_out">
<pin_list>
<pin id="29" dir="1" index="0" bw="1" slack="0"/>
</pin_list>
<bind>
<StgValue><ssdm name="local_aug_41_out"/></StgValue>
</bind>
</comp>

<comp id="30" class="1000" name="local_aug_40_out">
<pin_list>
<pin id="31" dir="1" index="0" bw="1" slack="0"/>
</pin_list>
<bind>
<StgValue><ssdm name="local_aug_40_out"/></StgValue>
</bind>
</comp>

<comp id="32" class="1001" name="const_32">
<pin_list>
<pin id="33" dir="1" index="0" bw="1" slack="0"/>
</pin_list>
<bind>
<StgValue><ssdm name=""/></StgValue>
</bind>
</comp>

<comp id="34" class="1001" name="const_34">
<pin_list>
<pin id="35" dir="1" index="0" bw="1" slack="0"/>
</pin_list>
<bind>
<StgValue><ssdm name="_ssdm_op_Read.ap_auto.i16"/></StgValue>
</bind>
</comp>

<comp id="36" class="1001" name="const_36">
<pin_list>
<pin id="37" dir="1" index="0" bw="1" slack="0"/>
</pin_list>
<bind>
<StgValue><ssdm name=""/></StgValue>
</bind>
</comp>

<comp id="38" class="1001" name="const_38">
<pin_list>
<pin id="39" dir="1" index="0" bw="1" slack="0"/>
</pin_list>
<bind>
<StgValue><ssdm name=""/></StgValue>
</bind>
</comp>

<comp id="40" class="1001" name="const_40">
<pin_list>
<pin id="41" dir="1" index="0" bw="1" slack="0"/>
</pin_list>
<bind>
<StgValue><ssdm name=""/></StgValue>
</bind>
</comp>

<comp id="42" class="1001" name="const_42">
<pin_list>
<pin id="43" dir="1" index="0" bw="1" slack="0"/>
</pin_list>
<bind>
<StgValue><ssdm name=""/></StgValue>
</bind>
</comp>

<comp id="44" class="1001" name="const_44">
<pin_list>
<pin id="45" dir="1" index="0" bw="1" slack="0"/>
</pin_list>
<bind>
<StgValue><ssdm name=""/></StgValue>
</bind>
</comp>

<comp id="46" class="1001" name="const_46">
<pin_list>
<pin id="47" dir="1" index="0" bw="1" slack="0"/>
</pin_list>
<bind>
<StgValue><ssdm name=""/></StgValue>
</bind>
</comp>

<comp id="48" class="1001" name="const_48">
<pin_list>
<pin id="49" dir="1" index="0" bw="1" slack="0"/>
</pin_list>
<bind>
<StgValue><ssdm name=""/></StgValue>
</bind>
</comp>

<comp id="50" class="1001" name="const_50">
<pin_list>
<pin id="51" dir="1" index="0" bw="1" slack="0"/>
</pin_list>
<bind>
<StgValue><ssdm name=""/></StgValue>
</bind>
</comp>

<comp id="52" class="1001" name="const_52">
<pin_list>
<pin id="53" dir="1" index="0" bw="1" slack="0"/>
</pin_list>
<bind>
<StgValue><ssdm name=""/></StgValue>
</bind>
</comp>

<comp id="54" class="1001" name="const_54">
<pin_list>
<pin id="55" dir="1" index="0" bw="1" slack="0"/>
</pin_list>
<bind>
<StgValue><ssdm name=""/></StgValue>
</bind>
</comp>

<comp id="56" class="1001" name="const_56">
<pin_list>
<pin id="57" dir="1" index="0" bw="1" slack="2147483647"/>
</pin_list>
<bind>
<StgValue><ssdm name="_ssdm_op_SpecPipeline"/></StgValue>
</bind>
</comp>

<comp id="58" class="1001" name="const_58">
<pin_list>
<pin id="59" dir="1" index="0" bw="1" slack="2147483647"/>
</pin_list>
<bind>
<StgValue><ssdm name=""/></StgValue>
</bind>
</comp>

<comp id="60" class="1001" name="const_60">
<pin_list>
<pin id="61" dir="1" index="0" bw="1" slack="2147483647"/>
</pin_list>
<bind>
<StgValue><ssdm name=""/></StgValue>
</bind>
</comp>

<comp id="62" class="1001" name="const_62">
<pin_list>
<pin id="63" dir="1" index="0" bw="1" slack="2147483647"/>
</pin_list>
<bind>
<StgValue><ssdm name="empty_24"/></StgValue>
</bind>
</comp>

<comp id="64" class="1001" name="const_64">
<pin_list>
<pin id="65" dir="1" index="0" bw="1" slack="2147483647"/>
</pin_list>
<bind>
<StgValue><ssdm name="_ssdm_op_SpecLoopTripCount"/></StgValue>
</bind>
</comp>

<comp id="66" class="1001" name="const_66">
<pin_list>
<pin id="67" dir="1" index="0" bw="1" slack="2147483647"/>
</pin_list>
<bind>
<StgValue><ssdm name=""/></StgValue>
</bind>
</comp>

<comp id="68" class="1001" name="const_68">
<pin_list>
<pin id="69" dir="1" index="0" bw="1" slack="2147483647"/>
</pin_list>
<bind>
<StgValue><ssdm name="_ssdm_op_SpecLoopName"/></StgValue>
</bind>
</comp>

<comp id="70" class="1001" name="const_70">
<pin_list>
<pin id="71" dir="1" index="0" bw="1" slack="2147483647"/>
</pin_list>
<bind>
<StgValue><ssdm name="empty_11"/></StgValue>
</bind>
</comp>

<comp id="72" class="1001" name="const_72">
<pin_list>
<pin id="73" dir="1" index="0" bw="1" slack="0"/>
</pin_list>
<bind>
<StgValue><ssdm name="_ssdm_op_SparseMux.ap_auto.8i16.i16.i3"/></StgValue>
</bind>
</comp>

<comp id="74" class="1001" name="const_74">
<pin_list>
<pin id="75" dir="1" index="0" bw="1" slack="0"/>
</pin_list>
<bind>
<StgValue><ssdm name=""/></StgValue>
</bind>
</comp>

<comp id="76" class="1001" name="const_76">
<pin_list>
<pin id="77" dir="1" index="0" bw="1" slack="0"/>
</pin_list>
<bind>
<StgValue><ssdm name=""/></StgValue>
</bind>
</comp>

<comp id="78" class="1001" name="const_78">
<pin_list>
<pin id="79" dir="1" index="0" bw="1" slack="0"/>
</pin_list>
<bind>
<StgValue><ssdm name=""/></StgValue>
</bind>
</comp>

<comp id="80" class="1001" name="const_80">
<pin_list>
<pin id="81" dir="1" index="0" bw="1" slack="0"/>
</pin_list>
<bind>
<StgValue><ssdm name="_ssdm_op_BitSelect.i1.i17.i32"/></StgValue>
</bind>
</comp>

<comp id="82" class="1001" name="const_82">
<pin_list>
<pin id="83" dir="1" index="0" bw="1" slack="0"/>
</pin_list>
<bind>
<StgValue><ssdm name=""/></StgValue>
</bind>
</comp>

<comp id="84" class="1001" name="const_84">
<pin_list>
<pin id="85" dir="1" index="0" bw="1" slack="0"/>
</pin_list>
<bind>
<StgValue><ssdm name=""/></StgValue>
</bind>
</comp>

<comp id="86" class="1001" name="const_86">
<pin_list>
<pin id="87" dir="1" index="0" bw="1" slack="0"/>
</pin_list>
<bind>
<StgValue><ssdm name=""/></StgValue>
</bind>
</comp>

<comp id="88" class="1001" name="const_88">
<pin_list>
<pin id="89" dir="1" index="0" bw="1" slack="0"/>
</pin_list>
<bind>
<StgValue><ssdm name=""/></StgValue>
</bind>
</comp>

<comp id="90" class="1001" name="const_90">
<pin_list>
<pin id="91" dir="1" index="0" bw="1" slack="0"/>
</pin_list>
<bind>
<StgValue><ssdm name=""/></StgValue>
</bind>
</comp>

<comp id="92" class="1001" name="const_92">
<pin_list>
<pin id="93" dir="1" index="0" bw="1" slack="0"/>
</pin_list>
<bind>
<StgValue><ssdm name="_ssdm_op_Write.ap_auto.i16P0A"/></StgValue>
</bind>
</comp>

<comp id="94" class="1004" name="c_fu_94">
<pin_list>
<pin id="95" dir="0" index="0" bw="1" slack="0"/>
<pin id="96" dir="1" index="1" bw="4" slack="0"/>
</pin_list>
<bind>
<opcode="alloca(26) " fcode="alloca"/>
<opset="c/1 "/>
</bind>
</comp>

<comp id="98" class="1004" name="local_aug_40_fu_98">
<pin_list>
<pin id="99" dir="0" index="0" bw="1" slack="0"/>
<pin id="100" dir="1" index="1" bw="16" slack="0"/>
</pin_list>
<bind>
<opcode="alloca(26) " fcode="alloca"/>
<opset="local_aug_40/1 "/>
</bind>
</comp>

<comp id="102" class="1004" name="local_aug_41_fu_102">
<pin_list>
<pin id="103" dir="0" index="0" bw="1" slack="0"/>
<pin id="104" dir="1" index="1" bw="16" slack="0"/>
</pin_list>
<bind>
<opcode="alloca(26) " fcode="alloca"/>
<opset="local_aug_41/1 "/>
</bind>
</comp>

<comp id="106" class="1004" name="local_aug_42_fu_106">
<pin_list>
<pin id="107" dir="0" index="0" bw="1" slack="0"/>
<pin id="108" dir="1" index="1" bw="16" slack="0"/>
</pin_list>
<bind>
<opcode="alloca(26) " fcode="alloca"/>
<opset="local_aug_42/1 "/>
</bind>
</comp>

<comp id="110" class="1004" name="local_aug_43_fu_110">
<pin_list>
<pin id="111" dir="0" index="0" bw="1" slack="0"/>
<pin id="112" dir="1" index="1" bw="16" slack="0"/>
</pin_list>
<bind>
<opcode="alloca(26) " fcode="alloca"/>
<opset="local_aug_43/1 "/>
</bind>
</comp>

<comp id="114" class="1004" name="local_aug_44_fu_114">
<pin_list>
<pin id="115" dir="0" index="0" bw="1" slack="0"/>
<pin id="116" dir="1" index="1" bw="16" slack="0"/>
</pin_list>
<bind>
<opcode="alloca(26) " fcode="alloca"/>
<opset="local_aug_44/1 "/>
</bind>
</comp>

<comp id="118" class="1004" name="local_aug_45_fu_118">
<pin_list>
<pin id="119" dir="0" index="0" bw="1" slack="0"/>
<pin id="120" dir="1" index="1" bw="16" slack="0"/>
</pin_list>
<bind>
<opcode="alloca(26) " fcode="alloca"/>
<opset="local_aug_45/1 "/>
</bind>
</comp>

<comp id="122" class="1004" name="local_aug_46_fu_122">
<pin_list>
<pin id="123" dir="0" index="0" bw="1" slack="0"/>
<pin id="124" dir="1" index="1" bw="16" slack="0"/>
</pin_list>
<bind>
<opcode="alloca(26) " fcode="alloca"/>
<opset="local_aug_46/1 "/>
</bind>
</comp>

<comp id="126" class="1004" name="local_aug_47_fu_126">
<pin_list>
<pin id="127" dir="0" index="0" bw="1" slack="0"/>
<pin id="128" dir="1" index="1" bw="16" slack="0"/>
</pin_list>
<bind>
<opcode="alloca(26) " fcode="alloca"/>
<opset="local_aug_47/1 "/>
</bind>
</comp>

<comp id="130" class="1004" name="tmp_199_read_read_fu_130">
<pin_list>
<pin id="131" dir="0" index="0" bw="16" slack="0"/>
<pin id="132" dir="0" index="1" bw="16" slack="0"/>
<pin id="133" dir="1" index="2" bw="16" slack="0"/>
</pin_list>
<bind>
<opcode="read(1150) " fcode="read"/>
<opset="tmp_199_read/1 "/>
</bind>
</comp>

<comp id="136" class="1004" name="tmp_200_read_read_fu_136">
<pin_list>
<pin id="137" dir="0" index="0" bw="16" slack="0"/>
<pin id="138" dir="0" index="1" bw="16" slack="0"/>
<pin id="139" dir="1" index="2" bw="16" slack="0"/>
</pin_list>
<bind>
<opcode="read(1150) " fcode="read"/>
<opset="tmp_200_read/1 "/>
</bind>
</comp>

<comp id="142" class="1004" name="tmp_201_read_read_fu_142">
<pin_list>
<pin id="143" dir="0" index="0" bw="16" slack="0"/>
<pin id="144" dir="0" index="1" bw="16" slack="0"/>
<pin id="145" dir="1" index="2" bw="16" slack="0"/>
</pin_list>
<bind>
<opcode="read(1150) " fcode="read"/>
<opset="tmp_201_read/1 "/>
</bind>
</comp>

<comp id="148" class="1004" name="tmp_202_read_read_fu_148">
<pin_list>
<pin id="149" dir="0" index="0" bw="16" slack="0"/>
<pin id="150" dir="0" index="1" bw="16" slack="0"/>
<pin id="151" dir="1" index="2" bw="16" slack="0"/>
</pin_list>
<bind>
<opcode="read(1150) " fcode="read"/>
<opset="tmp_202_read/1 "/>
</bind>
</comp>

<comp id="154" class="1004" name="tmp_214_read_read_fu_154">
<pin_list>
<pin id="155" dir="0" index="0" bw="16" slack="0"/>
<pin id="156" dir="0" index="1" bw="16" slack="0"/>
<pin id="157" dir="1" index="2" bw="16" slack="0"/>
</pin_list>
<bind>
<opcode="read(1150) " fcode="read"/>
<opset="tmp_214_read/1 "/>
</bind>
</comp>

<comp id="160" class="1004" name="tmp_215_read_read_fu_160">
<pin_list>
<pin id="161" dir="0" index="0" bw="16" slack="0"/>
<pin id="162" dir="0" index="1" bw="16" slack="0"/>
<pin id="163" dir="1" index="2" bw="16" slack="0"/>
</pin_list>
<bind>
<opcode="read(1150) " fcode="read"/>
<opset="tmp_215_read/1 "/>
</bind>
</comp>

<comp id="166" class="1004" name="tmp_216_read_read_fu_166">
<pin_list>
<pin id="167" dir="0" index="0" bw="16" slack="0"/>
<pin id="168" dir="0" index="1" bw="16" slack="0"/>
<pin id="169" dir="1" index="2" bw="16" slack="0"/>
</pin_list>
<bind>
<opcode="read(1150) " fcode="read"/>
<opset="tmp_216_read/1 "/>
</bind>
</comp>

<comp id="172" class="1004" name="tmp_217_read_read_fu_172">
<pin_list>
<pin id="173" dir="0" index="0" bw="16" slack="0"/>
<pin id="174" dir="0" index="1" bw="16" slack="0"/>
<pin id="175" dir="1" index="2" bw="16" slack="0"/>
</pin_list>
<bind>
<opcode="read(1150) " fcode="read"/>
<opset="tmp_217_read/1 "/>
</bind>
</comp>

<comp id="178" class="1004" name="write_ln0_write_fu_178">
<pin_list>
<pin id="179" dir="0" index="0" bw="0" slack="0"/>
<pin id="180" dir="0" index="1" bw="16" slack="0"/>
<pin id="181" dir="0" index="2" bw="16" slack="0"/>
<pin id="182" dir="1" index="3" bw="0" slack="2147483647"/>
</pin_list>
<bind>
<opcode="write(1151) " fcode="write"/>
<opset="write_ln0/1 "/>
</bind>
</comp>

<comp id="185" class="1004" name="write_ln0_write_fu_185">
<pin_list>
<pin id="186" dir="0" index="0" bw="0" slack="0"/>
<pin id="187" dir="0" index="1" bw="16" slack="0"/>
<pin id="188" dir="0" index="2" bw="16" slack="0"/>
<pin id="189" dir="1" index="3" bw="0" slack="2147483647"/>
</pin_list>
<bind>
<opcode="write(1151) " fcode="write"/>
<opset="write_ln0/1 "/>
</bind>
</comp>

<comp id="192" class="1004" name="write_ln0_write_fu_192">
<pin_list>
<pin id="193" dir="0" index="0" bw="0" slack="0"/>
<pin id="194" dir="0" index="1" bw="16" slack="0"/>
<pin id="195" dir="0" index="2" bw="16" slack="0"/>
<pin id="196" dir="1" index="3" bw="0" slack="2147483647"/>
</pin_list>
<bind>
<opcode="write(1151) " fcode="write"/>
<opset="write_ln0/1 "/>
</bind>
</comp>

<comp id="199" class="1004" name="write_ln0_write_fu_199">
<pin_list>
<pin id="200" dir="0" index="0" bw="0" slack="0"/>
<pin id="201" dir="0" index="1" bw="16" slack="0"/>
<pin id="202" dir="0" index="2" bw="16" slack="0"/>
<pin id="203" dir="1" index="3" bw="0" slack="2147483647"/>
</pin_list>
<bind>
<opcode="write(1151) " fcode="write"/>
<opset="write_ln0/1 "/>
</bind>
</comp>

<comp id="206" class="1004" name="write_ln0_write_fu_206">
<pin_list>
<pin id="207" dir="0" index="0" bw="0" slack="0"/>
<pin id="208" dir="0" index="1" bw="16" slack="0"/>
<pin id="209" dir="0" index="2" bw="16" slack="0"/>
<pin id="210" dir="1" index="3" bw="0" slack="2147483647"/>
</pin_list>
<bind>
<opcode="write(1151) " fcode="write"/>
<opset="write_ln0/1 "/>
</bind>
</comp>

<comp id="213" class="1004" name="write_ln0_write_fu_213">
<pin_list>
<pin id="214" dir="0" index="0" bw="0" slack="0"/>
<pin id="215" dir="0" index="1" bw="16" slack="0"/>
<pin id="216" dir="0" index="2" bw="16" slack="0"/>
<pin id="217" dir="1" index="3" bw="0" slack="2147483647"/>
</pin_list>
<bind>
<opcode="write(1151) " fcode="write"/>
<opset="write_ln0/1 "/>
</bind>
</comp>

<comp id="220" class="1004" name="write_ln0_write_fu_220">
<pin_list>
<pin id="221" dir="0" index="0" bw="0" slack="0"/>
<pin id="222" dir="0" index="1" bw="16" slack="0"/>
<pin id="223" dir="0" index="2" bw="16" slack="0"/>
<pin id="224" dir="1" index="3" bw="0" slack="2147483647"/>
</pin_list>
<bind>
<opcode="write(1151) " fcode="write"/>
<opset="write_ln0/1 "/>
</bind>
</comp>

<comp id="227" class="1004" name="write_ln0_write_fu_227">
<pin_list>
<pin id="228" dir="0" index="0" bw="0" slack="0"/>
<pin id="229" dir="0" index="1" bw="16" slack="0"/>
<pin id="230" dir="0" index="2" bw="16" slack="0"/>
<pin id="231" dir="1" index="3" bw="0" slack="2147483647"/>
</pin_list>
<bind>
<opcode="write(1151) " fcode="write"/>
<opset="write_ln0/1 "/>
</bind>
</comp>

<comp id="234" class="1004" name="store_ln0_store_fu_234">
<pin_list>
<pin id="235" dir="0" index="0" bw="16" slack="0"/>
<pin id="236" dir="0" index="1" bw="16" slack="0"/>
<pin id="237" dir="1" index="2" bw="0" slack="2147483647"/>
</pin_list>
<bind>
<opcode="store(28) " fcode="store"/>
<opset="store_ln0/1 "/>
</bind>
</comp>

<comp id="239" class="1004" name="store_ln0_store_fu_239">
<pin_list>
<pin id="240" dir="0" index="0" bw="16" slack="0"/>
<pin id="241" dir="0" index="1" bw="16" slack="0"/>
<pin id="242" dir="1" index="2" bw="0" slack="2147483647"/>
</pin_list>
<bind>
<opcode="store(28) " fcode="store"/>
<opset="store_ln0/1 "/>
</bind>
</comp>

<comp id="244" class="1004" name="store_ln0_store_fu_244">
<pin_list>
<pin id="245" dir="0" index="0" bw="16" slack="0"/>
<pin id="246" dir="0" index="1" bw="16" slack="0"/>
<pin id="247" dir="1" index="2" bw="0" slack="2147483647"/>
</pin_list>
<bind>
<opcode="store(28) " fcode="store"/>
<opset="store_ln0/1 "/>
</bind>
</comp>

<comp id="249" class="1004" name="store_ln0_store_fu_249">
<pin_list>
<pin id="250" dir="0" index="0" bw="16" slack="0"/>
<pin id="251" dir="0" index="1" bw="16" slack="0"/>
<pin id="252" dir="1" index="2" bw="0" slack="2147483647"/>
</pin_list>
<bind>
<opcode="store(28) " fcode="store"/>
<opset="store_ln0/1 "/>
</bind>
</comp>

<comp id="254" class="1004" name="store_ln0_store_fu_254">
<pin_list>
<pin id="255" dir="0" index="0" bw="16" slack="0"/>
<pin id="256" dir="0" index="1" bw="16" slack="0"/>
<pin id="257" dir="1" index="2" bw="0" slack="2147483647"/>
</pin_list>
<bind>
<opcode="store(28) " fcode="store"/>
<opset="store_ln0/1 "/>
</bind>
</comp>

<comp id="259" class="1004" name="store_ln0_store_fu_259">
<pin_list>
<pin id="260" dir="0" index="0" bw="16" slack="0"/>
<pin id="261" dir="0" index="1" bw="16" slack="0"/>
<pin id="262" dir="1" index="2" bw="0" slack="2147483647"/>
</pin_list>
<bind>
<opcode="store(28) " fcode="store"/>
<opset="store_ln0/1 "/>
</bind>
</comp>

<comp id="264" class="1004" name="store_ln0_store_fu_264">
<pin_list>
<pin id="265" dir="0" index="0" bw="16" slack="0"/>
<pin id="266" dir="0" index="1" bw="16" slack="0"/>
<pin id="267" dir="1" index="2" bw="0" slack="2147483647"/>
</pin_list>
<bind>
<opcode="store(28) " fcode="store"/>
<opset="store_ln0/1 "/>
</bind>
</comp>

<comp id="269" class="1004" name="store_ln0_store_fu_269">
<pin_list>
<pin id="270" dir="0" index="0" bw="16" slack="0"/>
<pin id="271" dir="0" index="1" bw="16" slack="0"/>
<pin id="272" dir="1" index="2" bw="0" slack="2147483647"/>
</pin_list>
<bind>
<opcode="store(28) " fcode="store"/>
<opset="store_ln0/1 "/>
</bind>
</comp>

<comp id="274" class="1004" name="store_ln63_store_fu_274">
<pin_list>
<pin id="275" dir="0" index="0" bw="1" slack="0"/>
<pin id="276" dir="0" index="1" bw="4" slack="0"/>
<pin id="277" dir="1" index="2" bw="0" slack="2147483647"/>
</pin_list>
<bind>
<opcode="store(28) " fcode="store"/>
<opset="store_ln63/1 "/>
</bind>
</comp>

<comp id="279" class="1004" name="c_1_load_fu_279">
<pin_list>
<pin id="280" dir="0" index="0" bw="4" slack="0"/>
<pin id="281" dir="1" index="1" bw="4" slack="0"/>
</pin_list>
<bind>
<opcode="load(27) " fcode="load"/>
<opset="c_1/1 "/>
</bind>
</comp>

<comp id="282" class="1004" name="icmp_ln63_fu_282">
<pin_list>
<pin id="283" dir="0" index="0" bw="4" slack="0"/>
<pin id="284" dir="0" index="1" bw="4" slack="0"/>
<pin id="285" dir="1" index="2" bw="1" slack="2147483647"/>
</pin_list>
<bind>
<opcode="icmp(45) " fcode="icmp"/>
<opset="icmp_ln63/1 "/>
</bind>
</comp>

<comp id="288" class="1004" name="add_ln63_fu_288">
<pin_list>
<pin id="289" dir="0" index="0" bw="4" slack="0"/>
<pin id="290" dir="0" index="1" bw="1" slack="0"/>
<pin id="291" dir="1" index="2" bw="4" slack="0"/>
</pin_list>
<bind>
<opcode="add(8) " fcode="add"/>
<opset="add_ln63/1 "/>
</bind>
</comp>

<comp id="294" class="1004" name="trunc_ln63_fu_294">
<pin_list>
<pin id="295" dir="0" index="0" bw="4" slack="0"/>
<pin id="296" dir="1" index="1" bw="3" slack="0"/>
</pin_list>
<bind>
<opcode="trunc(33) " fcode="trunc"/>
<opset="trunc_ln63/1 "/>
</bind>
</comp>

<comp id="298" class="1004" name="switch_ln64_fu_298">
<pin_list>
<pin id="299" dir="0" index="0" bw="3" slack="0"/>
<pin id="300" dir="0" index="1" bw="1" slack="0"/>
<pin id="301" dir="0" index="2" bw="1" slack="0"/>
<pin id="302" dir="0" index="3" bw="3" slack="0"/>
<pin id="303" dir="0" index="4" bw="3" slack="0"/>
<pin id="304" dir="0" index="5" bw="3" slack="0"/>
<pin id="305" dir="0" index="6" bw="3" slack="0"/>
<pin id="306" dir="0" index="7" bw="2" slack="0"/>
<pin id="307" dir="1" index="8" bw="0" slack="2147483647"/>
</pin_list>
<bind>
<opcode="switch(3) " fcode="switch"/>
<opset="switch_ln64/1 "/>
</bind>
</comp>

<comp id="316" class="1004" name="store_ln63_store_fu_316">
<pin_list>
<pin id="317" dir="0" index="0" bw="4" slack="0"/>
<pin id="318" dir="0" index="1" bw="4" slack="0"/>
<pin id="319" dir="1" index="2" bw="0" slack="2147483647"/>
</pin_list>
<bind>
<opcode="store(28) " fcode="store"/>
<opset="store_ln63/1 "/>
</bind>
</comp>

<comp id="321" class="1004" name="local_aug_40_load_1_load_fu_321">
<pin_list>
<pin id="322" dir="0" index="0" bw="16" slack="1"/>
<pin id="323" dir="1" index="1" bw="16" slack="0"/>
</pin_list>
<bind>
<opcode="load(27) " fcode="load"/>
<opset="local_aug_40_load_1/2 "/>
</bind>
</comp>

<comp id="324" class="1004" name="local_aug_41_load_1_load_fu_324">
<pin_list>
<pin id="325" dir="0" index="0" bw="16" slack="1"/>
<pin id="326" dir="1" index="1" bw="16" slack="0"/>
</pin_list>
<bind>
<opcode="load(27) " fcode="load"/>
<opset="local_aug_41_load_1/2 "/>
</bind>
</comp>

<comp id="327" class="1004" name="local_aug_42_load_1_load_fu_327">
<pin_list>
<pin id="328" dir="0" index="0" bw="16" slack="1"/>
<pin id="329" dir="1" index="1" bw="16" slack="0"/>
</pin_list>
<bind>
<opcode="load(27) " fcode="load"/>
<opset="local_aug_42_load_1/2 "/>
</bind>
</comp>

<comp id="330" class="1004" name="local_aug_43_load_1_load_fu_330">
<pin_list>
<pin id="331" dir="0" index="0" bw="16" slack="1"/>
<pin id="332" dir="1" index="1" bw="16" slack="0"/>
</pin_list>
<bind>
<opcode="load(27) " fcode="load"/>
<opset="local_aug_43_load_1/2 "/>
</bind>
</comp>

<comp id="333" class="1004" name="local_aug_44_load_1_load_fu_333">
<pin_list>
<pin id="334" dir="0" index="0" bw="16" slack="1"/>
<pin id="335" dir="1" index="1" bw="16" slack="0"/>
</pin_list>
<bind>
<opcode="load(27) " fcode="load"/>
<opset="local_aug_44_load_1/2 "/>
</bind>
</comp>

<comp id="336" class="1004" name="local_aug_45_load_1_load_fu_336">
<pin_list>
<pin id="337" dir="0" index="0" bw="16" slack="1"/>
<pin id="338" dir="1" index="1" bw="16" slack="0"/>
</pin_list>
<bind>
<opcode="load(27) " fcode="load"/>
<opset="local_aug_45_load_1/2 "/>
</bind>
</comp>

<comp id="339" class="1004" name="local_aug_46_load_1_load_fu_339">
<pin_list>
<pin id="340" dir="0" index="0" bw="16" slack="1"/>
<pin id="341" dir="1" index="1" bw="16" slack="0"/>
</pin_list>
<bind>
<opcode="load(27) " fcode="load"/>
<opset="local_aug_46_load_1/2 "/>
</bind>
</comp>

<comp id="342" class="1004" name="local_aug_47_load_1_load_fu_342">
<pin_list>
<pin id="343" dir="0" index="0" bw="16" slack="1"/>
<pin id="344" dir="1" index="1" bw="16" slack="0"/>
</pin_list>
<bind>
<opcode="load(27) " fcode="load"/>
<opset="local_aug_47_load_1/2 "/>
</bind>
</comp>

<comp id="345" class="1004" name="tmp_s_fu_345">
<pin_list>
<pin id="346" dir="0" index="0" bw="16" slack="0"/>
<pin id="347" dir="0" index="1" bw="3" slack="0"/>
<pin id="348" dir="0" index="2" bw="16" slack="0"/>
<pin id="349" dir="0" index="3" bw="3" slack="0"/>
<pin id="350" dir="0" index="4" bw="16" slack="0"/>
<pin id="351" dir="0" index="5" bw="3" slack="0"/>
<pin id="352" dir="0" index="6" bw="16" slack="0"/>
<pin id="353" dir="0" index="7" bw="3" slack="0"/>
<pin id="354" dir="0" index="8" bw="16" slack="0"/>
<pin id="355" dir="0" index="9" bw="3" slack="0"/>
<pin id="356" dir="0" index="10" bw="16" slack="0"/>
<pin id="357" dir="0" index="11" bw="3" slack="0"/>
<pin id="358" dir="0" index="12" bw="16" slack="0"/>
<pin id="359" dir="0" index="13" bw="3" slack="0"/>
<pin id="360" dir="0" index="14" bw="16" slack="0"/>
<pin id="361" dir="0" index="15" bw="3" slack="0"/>
<pin id="362" dir="0" index="16" bw="16" slack="0"/>
<pin id="363" dir="0" index="17" bw="16" slack="0"/>
<pin id="364" dir="0" index="18" bw="3" slack="1"/>
<pin id="365" dir="1" index="19" bw="16" slack="0"/>
</pin_list>
<bind>
<opcode="sparsemux(1197) " fcode="sparsemux"/>
<opset="tmp_s/2 "/>
</bind>
</comp>

<comp id="384" class="1004" name="sext_ln64_fu_384">
<pin_list>
<pin id="385" dir="0" index="0" bw="16" slack="0"/>
<pin id="386" dir="1" index="1" bw="17" slack="0"/>
</pin_list>
<bind>
<opcode="sext(35) " fcode="sext"/>
<opset="sext_ln64/2 "/>
</bind>
</comp>

<comp id="388" class="1004" name="sub_ln64_fu_388">
<pin_list>
<pin id="389" dir="0" index="0" bw="1" slack="0"/>
<pin id="390" dir="0" index="1" bw="16" slack="0"/>
<pin id="391" dir="1" index="2" bw="17" slack="0"/>
</pin_list>
<bind>
<opcode="sub(10) " fcode="sub"/>
<opset="sub_ln64/2 "/>
</bind>
</comp>

<comp id="394" class="1004" name="tmp_fu_394">
<pin_list>
<pin id="395" dir="0" index="0" bw="1" slack="0"/>
<pin id="396" dir="0" index="1" bw="17" slack="0"/>
<pin id="397" dir="0" index="2" bw="6" slack="0"/>
<pin id="398" dir="1" index="3" bw="1" slack="0"/>
</pin_list>
<bind>
<opcode="bitselect(1000) " fcode="bitselect"/>
<opset="tmp/2 "/>
</bind>
</comp>

<comp id="402" class="1004" name="trunc_ln64_fu_402">
<pin_list>
<pin id="403" dir="0" index="0" bw="17" slack="0"/>
<pin id="404" dir="1" index="1" bw="16" slack="0"/>
</pin_list>
<bind>
<opcode="trunc(33) " fcode="trunc"/>
<opset="trunc_ln64/2 "/>
</bind>
</comp>

<comp id="406" class="1004" name="tmp_229_fu_406">
<pin_list>
<pin id="407" dir="0" index="0" bw="1" slack="0"/>
<pin id="408" dir="0" index="1" bw="17" slack="0"/>
<pin id="409" dir="0" index="2" bw="5" slack="0"/>
<pin id="410" dir="1" index="3" bw="1" slack="0"/>
</pin_list>
<bind>
<opcode="bitselect(1000) " fcode="bitselect"/>
<opset="tmp_229/2 "/>
</bind>
</comp>

<comp id="414" class="1004" name="xor_ln64_fu_414">
<pin_list>
<pin id="415" dir="0" index="0" bw="1" slack="0"/>
<pin id="416" dir="0" index="1" bw="1" slack="0"/>
<pin id="417" dir="1" index="2" bw="1" slack="0"/>
</pin_list>
<bind>
<opcode="xor(25) " fcode="xor"/>
<opset="xor_ln64/2 "/>
</bind>
</comp>

<comp id="420" class="1004" name="and_ln64_fu_420">
<pin_list>
<pin id="421" dir="0" index="0" bw="1" slack="0"/>
<pin id="422" dir="0" index="1" bw="1" slack="0"/>
<pin id="423" dir="1" index="2" bw="1" slack="0"/>
</pin_list>
<bind>
<opcode="and(23) " fcode="and"/>
<opset="and_ln64/2 "/>
</bind>
</comp>

<comp id="426" class="1004" name="xor_ln64_1_fu_426">
<pin_list>
<pin id="427" dir="0" index="0" bw="1" slack="0"/>
<pin id="428" dir="0" index="1" bw="1" slack="0"/>
<pin id="429" dir="1" index="2" bw="1" slack="0"/>
</pin_list>
<bind>
<opcode="xor(25) " fcode="xor"/>
<opset="xor_ln64_1/2 "/>
</bind>
</comp>

<comp id="432" class="1004" name="select_ln64_fu_432">
<pin_list>
<pin id="433" dir="0" index="0" bw="1" slack="0"/>
<pin id="434" dir="0" index="1" bw="16" slack="0"/>
<pin id="435" dir="0" index="2" bw="16" slack="0"/>
<pin id="436" dir="1" index="3" bw="16" slack="0"/>
</pin_list>
<bind>
<opcode="select(49) " fcode="select"/>
<opset="select_ln64/2 "/>
</bind>
</comp>

<comp id="440" class="1004" name="select_ln64_1_fu_440">
<pin_list>
<pin id="441" dir="0" index="0" bw="1" slack="0"/>
<pin id="442" dir="0" index="1" bw="16" slack="0"/>
<pin id="443" dir="0" index="2" bw="16" slack="0"/>
<pin id="444" dir="1" index="3" bw="16" slack="0"/>
</pin_list>
<bind>
<opcode="select(49) " fcode="select"/>
<opset="select_ln64_1/2 "/>
</bind>
</comp>

<comp id="448" class="1004" name="store_ln64_store_fu_448">
<pin_list>
<pin id="449" dir="0" index="0" bw="16" slack="0"/>
<pin id="450" dir="0" index="1" bw="16" slack="1"/>
<pin id="451" dir="1" index="2" bw="0" slack="2147483647"/>
</pin_list>
<bind>
<opcode="store(28) " fcode="store"/>
<opset="store_ln64/2 "/>
</bind>
</comp>

<comp id="453" class="1004" name="store_ln64_store_fu_453">
<pin_list>
<pin id="454" dir="0" index="0" bw="16" slack="0"/>
<pin id="455" dir="0" index="1" bw="16" slack="1"/>
<pin id="456" dir="1" index="2" bw="0" slack="2147483647"/>
</pin_list>
<bind>
<opcode="store(28) " fcode="store"/>
<opset="store_ln64/2 "/>
</bind>
</comp>

<comp id="458" class="1004" name="store_ln64_store_fu_458">
<pin_list>
<pin id="459" dir="0" index="0" bw="16" slack="0"/>
<pin id="460" dir="0" index="1" bw="16" slack="1"/>
<pin id="461" dir="1" index="2" bw="0" slack="2147483647"/>
</pin_list>
<bind>
<opcode="store(28) " fcode="store"/>
<opset="store_ln64/2 "/>
</bind>
</comp>

<comp id="463" class="1004" name="store_ln64_store_fu_463">
<pin_list>
<pin id="464" dir="0" index="0" bw="16" slack="0"/>
<pin id="465" dir="0" index="1" bw="16" slack="1"/>
<pin id="466" dir="1" index="2" bw="0" slack="2147483647"/>
</pin_list>
<bind>
<opcode="store(28) " fcode="store"/>
<opset="store_ln64/2 "/>
</bind>
</comp>

<comp id="468" class="1004" name="store_ln64_store_fu_468">
<pin_list>
<pin id="469" dir="0" index="0" bw="16" slack="0"/>
<pin id="470" dir="0" index="1" bw="16" slack="1"/>
<pin id="471" dir="1" index="2" bw="0" slack="2147483647"/>
</pin_list>
<bind>
<opcode="store(28) " fcode="store"/>
<opset="store_ln64/2 "/>
</bind>
</comp>

<comp id="473" class="1004" name="store_ln64_store_fu_473">
<pin_list>
<pin id="474" dir="0" index="0" bw="16" slack="0"/>
<pin id="475" dir="0" index="1" bw="16" slack="1"/>
<pin id="476" dir="1" index="2" bw="0" slack="2147483647"/>
</pin_list>
<bind>
<opcode="store(28) " fcode="store"/>
<opset="store_ln64/2 "/>
</bind>
</comp>

<comp id="478" class="1004" name="store_ln64_store_fu_478">
<pin_list>
<pin id="479" dir="0" index="0" bw="16" slack="0"/>
<pin id="480" dir="0" index="1" bw="16" slack="1"/>
<pin id="481" dir="1" index="2" bw="0" slack="2147483647"/>
</pin_list>
<bind>
<opcode="store(28) " fcode="store"/>
<opset="store_ln64/2 "/>
</bind>
</comp>

<comp id="483" class="1004" name="store_ln64_store_fu_483">
<pin_list>
<pin id="484" dir="0" index="0" bw="16" slack="0"/>
<pin id="485" dir="0" index="1" bw="16" slack="1"/>
<pin id="486" dir="1" index="2" bw="0" slack="2147483647"/>
</pin_list>
<bind>
<opcode="store(28) " fcode="store"/>
<opset="store_ln64/2 "/>
</bind>
</comp>

<comp id="488" class="1004" name="local_aug_40_load_load_fu_488">
<pin_list>
<pin id="489" dir="0" index="0" bw="16" slack="0"/>
<pin id="490" dir="1" index="1" bw="16" slack="0"/>
</pin_list>
<bind>
<opcode="load(27) " fcode="load"/>
<opset="local_aug_40_load/1 "/>
</bind>
</comp>

<comp id="492" class="1004" name="local_aug_41_load_load_fu_492">
<pin_list>
<pin id="493" dir="0" index="0" bw="16" slack="0"/>
<pin id="494" dir="1" index="1" bw="16" slack="0"/>
</pin_list>
<bind>
<opcode="load(27) " fcode="load"/>
<opset="local_aug_41_load/1 "/>
</bind>
</comp>

<comp id="496" class="1004" name="local_aug_42_load_load_fu_496">
<pin_list>
<pin id="497" dir="0" index="0" bw="16" slack="0"/>
<pin id="498" dir="1" index="1" bw="16" slack="0"/>
</pin_list>
<bind>
<opcode="load(27) " fcode="load"/>
<opset="local_aug_42_load/1 "/>
</bind>
</comp>

<comp id="500" class="1004" name="local_aug_43_load_load_fu_500">
<pin_list>
<pin id="501" dir="0" index="0" bw="16" slack="0"/>
<pin id="502" dir="1" index="1" bw="16" slack="0"/>
</pin_list>
<bind>
<opcode="load(27) " fcode="load"/>
<opset="local_aug_43_load/1 "/>
</bind>
</comp>

<comp id="504" class="1004" name="local_aug_44_load_load_fu_504">
<pin_list>
<pin id="505" dir="0" index="0" bw="16" slack="0"/>
<pin id="506" dir="1" index="1" bw="16" slack="0"/>
</pin_list>
<bind>
<opcode="load(27) " fcode="load"/>
<opset="local_aug_44_load/1 "/>
</bind>
</comp>

<comp id="508" class="1004" name="local_aug_45_load_load_fu_508">
<pin_list>
<pin id="509" dir="0" index="0" bw="16" slack="0"/>
<pin id="510" dir="1" index="1" bw="16" slack="0"/>
</pin_list>
<bind>
<opcode="load(27) " fcode="load"/>
<opset="local_aug_45_load/1 "/>
</bind>
</comp>

<comp id="512" class="1004" name="local_aug_46_load_load_fu_512">
<pin_list>
<pin id="513" dir="0" index="0" bw="16" slack="0"/>
<pin id="514" dir="1" index="1" bw="16" slack="0"/>
</pin_list>
<bind>
<opcode="load(27) " fcode="load"/>
<opset="local_aug_46_load/1 "/>
</bind>
</comp>

<comp id="516" class="1004" name="local_aug_47_load_load_fu_516">
<pin_list>
<pin id="517" dir="0" index="0" bw="16" slack="0"/>
<pin id="518" dir="1" index="1" bw="16" slack="0"/>
</pin_list>
<bind>
<opcode="load(27) " fcode="load"/>
<opset="local_aug_47_load/1 "/>
</bind>
</comp>

<comp id="520" class="1005" name="c_reg_520">
<pin_list>
<pin id="521" dir="0" index="0" bw="4" slack="0"/>
<pin id="522" dir="1" index="1" bw="4" slack="0"/>
</pin_list>
<bind>
<opset="c "/>
</bind>
</comp>

<comp id="527" class="1005" name="local_aug_40_reg_527">
<pin_list>
<pin id="528" dir="0" index="0" bw="16" slack="0"/>
<pin id="529" dir="1" index="1" bw="16" slack="0"/>
</pin_list>
<bind>
<opset="local_aug_40 "/>
</bind>
</comp>

<comp id="535" class="1005" name="local_aug_41_reg_535">
<pin_list>
<pin id="536" dir="0" index="0" bw="16" slack="0"/>
<pin id="537" dir="1" index="1" bw="16" slack="0"/>
</pin_list>
<bind>
<opset="local_aug_41 "/>
</bind>
</comp>

<comp id="543" class="1005" name="local_aug_42_reg_543">
<pin_list>
<pin id="544" dir="0" index="0" bw="16" slack="0"/>
<pin id="545" dir="1" index="1" bw="16" slack="0"/>
</pin_list>
<bind>
<opset="local_aug_42 "/>
</bind>
</comp>

<comp id="551" class="1005" name="local_aug_43_reg_551">
<pin_list>
<pin id="552" dir="0" index="0" bw="16" slack="0"/>
<pin id="553" dir="1" index="1" bw="16" slack="0"/>
</pin_list>
<bind>
<opset="local_aug_43 "/>
</bind>
</comp>

<comp id="559" class="1005" name="local_aug_44_reg_559">
<pin_list>
<pin id="560" dir="0" index="0" bw="16" slack="0"/>
<pin id="561" dir="1" index="1" bw="16" slack="0"/>
</pin_list>
<bind>
<opset="local_aug_44 "/>
</bind>
</comp>

<comp id="567" class="1005" name="local_aug_45_reg_567">
<pin_list>
<pin id="568" dir="0" index="0" bw="16" slack="0"/>
<pin id="569" dir="1" index="1" bw="16" slack="0"/>
</pin_list>
<bind>
<opset="local_aug_45 "/>
</bind>
</comp>

<comp id="575" class="1005" name="local_aug_46_reg_575">
<pin_list>
<pin id="576" dir="0" index="0" bw="16" slack="0"/>
<pin id="577" dir="1" index="1" bw="16" slack="0"/>
</pin_list>
<bind>
<opset="local_aug_46 "/>
</bind>
</comp>

<comp id="583" class="1005" name="local_aug_47_reg_583">
<pin_list>
<pin id="584" dir="0" index="0" bw="16" slack="0"/>
<pin id="585" dir="1" index="1" bw="16" slack="0"/>
</pin_list>
<bind>
<opset="local_aug_47 "/>
</bind>
</comp>

<comp id="594" class="1005" name="trunc_ln63_reg_594">
<pin_list>
<pin id="595" dir="0" index="0" bw="3" slack="1"/>
<pin id="596" dir="1" index="1" bw="3" slack="1"/>
</pin_list>
<bind>
<opset="trunc_ln63 "/>
</bind>
</comp>

</comp_list>

<net_list>
<net id="97"><net_src comp="32" pin="0"/><net_sink comp="94" pin=0"/></net>

<net id="101"><net_src comp="32" pin="0"/><net_sink comp="98" pin=0"/></net>

<net id="105"><net_src comp="32" pin="0"/><net_sink comp="102" pin=0"/></net>

<net id="109"><net_src comp="32" pin="0"/><net_sink comp="106" pin=0"/></net>

<net id="113"><net_src comp="32" pin="0"/><net_sink comp="110" pin=0"/></net>

<net id="117"><net_src comp="32" pin="0"/><net_sink comp="114" pin=0"/></net>

<net id="121"><net_src comp="32" pin="0"/><net_sink comp="118" pin=0"/></net>

<net id="125"><net_src comp="32" pin="0"/><net_sink comp="122" pin=0"/></net>

<net id="129"><net_src comp="32" pin="0"/><net_sink comp="126" pin=0"/></net>

<net id="134"><net_src comp="34" pin="0"/><net_sink comp="130" pin=0"/></net>

<net id="135"><net_src comp="14" pin="0"/><net_sink comp="130" pin=1"/></net>

<net id="140"><net_src comp="34" pin="0"/><net_sink comp="136" pin=0"/></net>

<net id="141"><net_src comp="12" pin="0"/><net_sink comp="136" pin=1"/></net>

<net id="146"><net_src comp="34" pin="0"/><net_sink comp="142" pin=0"/></net>

<net id="147"><net_src comp="10" pin="0"/><net_sink comp="142" pin=1"/></net>

<net id="152"><net_src comp="34" pin="0"/><net_sink comp="148" pin=0"/></net>

<net id="153"><net_src comp="8" pin="0"/><net_sink comp="148" pin=1"/></net>

<net id="158"><net_src comp="34" pin="0"/><net_sink comp="154" pin=0"/></net>

<net id="159"><net_src comp="6" pin="0"/><net_sink comp="154" pin=1"/></net>

<net id="164"><net_src comp="34" pin="0"/><net_sink comp="160" pin=0"/></net>

<net id="165"><net_src comp="4" pin="0"/><net_sink comp="160" pin=1"/></net>

<net id="170"><net_src comp="34" pin="0"/><net_sink comp="166" pin=0"/></net>

<net id="171"><net_src comp="2" pin="0"/><net_sink comp="166" pin=1"/></net>

<net id="176"><net_src comp="34" pin="0"/><net_sink comp="172" pin=0"/></net>

<net id="177"><net_src comp="0" pin="0"/><net_sink comp="172" pin=1"/></net>

<net id="183"><net_src comp="92" pin="0"/><net_sink comp="178" pin=0"/></net>

<net id="184"><net_src comp="16" pin="0"/><net_sink comp="178" pin=1"/></net>

<net id="190"><net_src comp="92" pin="0"/><net_sink comp="185" pin=0"/></net>

<net id="191"><net_src comp="18" pin="0"/><net_sink comp="185" pin=1"/></net>

<net id="197"><net_src comp="92" pin="0"/><net_sink comp="192" pin=0"/></net>

<net id="198"><net_src comp="20" pin="0"/><net_sink comp="192" pin=1"/></net>

<net id="204"><net_src comp="92" pin="0"/><net_sink comp="199" pin=0"/></net>

<net id="205"><net_src comp="22" pin="0"/><net_sink comp="199" pin=1"/></net>

<net id="211"><net_src comp="92" pin="0"/><net_sink comp="206" pin=0"/></net>

<net id="212"><net_src comp="24" pin="0"/><net_sink comp="206" pin=1"/></net>

<net id="218"><net_src comp="92" pin="0"/><net_sink comp="213" pin=0"/></net>

<net id="219"><net_src comp="26" pin="0"/><net_sink comp="213" pin=1"/></net>

<net id="225"><net_src comp="92" pin="0"/><net_sink comp="220" pin=0"/></net>

<net id="226"><net_src comp="28" pin="0"/><net_sink comp="220" pin=1"/></net>

<net id="232"><net_src comp="92" pin="0"/><net_sink comp="227" pin=0"/></net>

<net id="233"><net_src comp="30" pin="0"/><net_sink comp="227" pin=1"/></net>

<net id="238"><net_src comp="172" pin="2"/><net_sink comp="234" pin=0"/></net>

<net id="243"><net_src comp="166" pin="2"/><net_sink comp="239" pin=0"/></net>

<net id="248"><net_src comp="160" pin="2"/><net_sink comp="244" pin=0"/></net>

<net id="253"><net_src comp="154" pin="2"/><net_sink comp="249" pin=0"/></net>

<net id="258"><net_src comp="148" pin="2"/><net_sink comp="254" pin=0"/></net>

<net id="263"><net_src comp="142" pin="2"/><net_sink comp="259" pin=0"/></net>

<net id="268"><net_src comp="136" pin="2"/><net_sink comp="264" pin=0"/></net>

<net id="273"><net_src comp="130" pin="2"/><net_sink comp="269" pin=0"/></net>

<net id="278"><net_src comp="36" pin="0"/><net_sink comp="274" pin=0"/></net>

<net id="286"><net_src comp="279" pin="1"/><net_sink comp="282" pin=0"/></net>

<net id="287"><net_src comp="38" pin="0"/><net_sink comp="282" pin=1"/></net>

<net id="292"><net_src comp="279" pin="1"/><net_sink comp="288" pin=0"/></net>

<net id="293"><net_src comp="40" pin="0"/><net_sink comp="288" pin=1"/></net>

<net id="297"><net_src comp="279" pin="1"/><net_sink comp="294" pin=0"/></net>

<net id="308"><net_src comp="294" pin="1"/><net_sink comp="298" pin=0"/></net>

<net id="309"><net_src comp="42" pin="0"/><net_sink comp="298" pin=1"/></net>

<net id="310"><net_src comp="44" pin="0"/><net_sink comp="298" pin=2"/></net>

<net id="311"><net_src comp="46" pin="0"/><net_sink comp="298" pin=3"/></net>

<net id="312"><net_src comp="48" pin="0"/><net_sink comp="298" pin=4"/></net>

<net id="313"><net_src comp="50" pin="0"/><net_sink comp="298" pin=5"/></net>

<net id="314"><net_src comp="52" pin="0"/><net_sink comp="298" pin=6"/></net>

<net id="315"><net_src comp="54" pin="0"/><net_sink comp="298" pin=7"/></net>

<net id="320"><net_src comp="288" pin="2"/><net_sink comp="316" pin=0"/></net>

<net id="366"><net_src comp="72" pin="0"/><net_sink comp="345" pin=0"/></net>

<net id="367"><net_src comp="42" pin="0"/><net_sink comp="345" pin=1"/></net>

<net id="368"><net_src comp="321" pin="1"/><net_sink comp="345" pin=2"/></net>

<net id="369"><net_src comp="44" pin="0"/><net_sink comp="345" pin=3"/></net>

<net id="370"><net_src comp="324" pin="1"/><net_sink comp="345" pin=4"/></net>

<net id="371"><net_src comp="46" pin="0"/><net_sink comp="345" pin=5"/></net>

<net id="372"><net_src comp="327" pin="1"/><net_sink comp="345" pin=6"/></net>

<net id="373"><net_src comp="48" pin="0"/><net_sink comp="345" pin=7"/></net>

<net id="374"><net_src comp="330" pin="1"/><net_sink comp="345" pin=8"/></net>

<net id="375"><net_src comp="50" pin="0"/><net_sink comp="345" pin=9"/></net>

<net id="376"><net_src comp="333" pin="1"/><net_sink comp="345" pin=10"/></net>

<net id="377"><net_src comp="52" pin="0"/><net_sink comp="345" pin=11"/></net>

<net id="378"><net_src comp="336" pin="1"/><net_sink comp="345" pin=12"/></net>

<net id="379"><net_src comp="54" pin="0"/><net_sink comp="345" pin=13"/></net>

<net id="380"><net_src comp="339" pin="1"/><net_sink comp="345" pin=14"/></net>

<net id="381"><net_src comp="74" pin="0"/><net_sink comp="345" pin=15"/></net>

<net id="382"><net_src comp="342" pin="1"/><net_sink comp="345" pin=16"/></net>

<net id="383"><net_src comp="76" pin="0"/><net_sink comp="345" pin=17"/></net>

<net id="387"><net_src comp="345" pin="19"/><net_sink comp="384" pin=0"/></net>

<net id="392"><net_src comp="78" pin="0"/><net_sink comp="388" pin=0"/></net>

<net id="393"><net_src comp="384" pin="1"/><net_sink comp="388" pin=1"/></net>

<net id="399"><net_src comp="80" pin="0"/><net_sink comp="394" pin=0"/></net>

<net id="400"><net_src comp="388" pin="2"/><net_sink comp="394" pin=1"/></net>

<net id="401"><net_src comp="82" pin="0"/><net_sink comp="394" pin=2"/></net>

<net id="405"><net_src comp="388" pin="2"/><net_sink comp="402" pin=0"/></net>

<net id="411"><net_src comp="80" pin="0"/><net_sink comp="406" pin=0"/></net>

<net id="412"><net_src comp="388" pin="2"/><net_sink comp="406" pin=1"/></net>

<net id="413"><net_src comp="84" pin="0"/><net_sink comp="406" pin=2"/></net>

<net id="418"><net_src comp="394" pin="3"/><net_sink comp="414" pin=0"/></net>

<net id="419"><net_src comp="86" pin="0"/><net_sink comp="414" pin=1"/></net>

<net id="424"><net_src comp="406" pin="3"/><net_sink comp="420" pin=0"/></net>

<net id="425"><net_src comp="414" pin="2"/><net_sink comp="420" pin=1"/></net>

<net id="430"><net_src comp="394" pin="3"/><net_sink comp="426" pin=0"/></net>

<net id="431"><net_src comp="406" pin="3"/><net_sink comp="426" pin=1"/></net>

<net id="437"><net_src comp="420" pin="2"/><net_sink comp="432" pin=0"/></net>

<net id="438"><net_src comp="88" pin="0"/><net_sink comp="432" pin=1"/></net>

<net id="439"><net_src comp="90" pin="0"/><net_sink comp="432" pin=2"/></net>

<net id="445"><net_src comp="426" pin="2"/><net_sink comp="440" pin=0"/></net>

<net id="446"><net_src comp="432" pin="3"/><net_sink comp="440" pin=1"/></net>

<net id="447"><net_src comp="402" pin="1"/><net_sink comp="440" pin=2"/></net>

<net id="452"><net_src comp="440" pin="3"/><net_sink comp="448" pin=0"/></net>

<net id="457"><net_src comp="440" pin="3"/><net_sink comp="453" pin=0"/></net>

<net id="462"><net_src comp="440" pin="3"/><net_sink comp="458" pin=0"/></net>

<net id="467"><net_src comp="440" pin="3"/><net_sink comp="463" pin=0"/></net>

<net id="472"><net_src comp="440" pin="3"/><net_sink comp="468" pin=0"/></net>

<net id="477"><net_src comp="440" pin="3"/><net_sink comp="473" pin=0"/></net>

<net id="482"><net_src comp="440" pin="3"/><net_sink comp="478" pin=0"/></net>

<net id="487"><net_src comp="440" pin="3"/><net_sink comp="483" pin=0"/></net>

<net id="491"><net_src comp="488" pin="1"/><net_sink comp="227" pin=2"/></net>

<net id="495"><net_src comp="492" pin="1"/><net_sink comp="220" pin=2"/></net>

<net id="499"><net_src comp="496" pin="1"/><net_sink comp="213" pin=2"/></net>

<net id="503"><net_src comp="500" pin="1"/><net_sink comp="206" pin=2"/></net>

<net id="507"><net_src comp="504" pin="1"/><net_sink comp="199" pin=2"/></net>

<net id="511"><net_src comp="508" pin="1"/><net_sink comp="192" pin=2"/></net>

<net id="515"><net_src comp="512" pin="1"/><net_sink comp="185" pin=2"/></net>

<net id="519"><net_src comp="516" pin="1"/><net_sink comp="178" pin=2"/></net>

<net id="523"><net_src comp="94" pin="1"/><net_sink comp="520" pin=0"/></net>

<net id="524"><net_src comp="520" pin="1"/><net_sink comp="274" pin=1"/></net>

<net id="525"><net_src comp="520" pin="1"/><net_sink comp="279" pin=0"/></net>

<net id="526"><net_src comp="520" pin="1"/><net_sink comp="316" pin=1"/></net>

<net id="530"><net_src comp="98" pin="1"/><net_sink comp="527" pin=0"/></net>

<net id="531"><net_src comp="527" pin="1"/><net_sink comp="269" pin=1"/></net>

<net id="532"><net_src comp="527" pin="1"/><net_sink comp="321" pin=0"/></net>

<net id="533"><net_src comp="527" pin="1"/><net_sink comp="478" pin=1"/></net>

<net id="534"><net_src comp="527" pin="1"/><net_sink comp="488" pin=0"/></net>

<net id="538"><net_src comp="102" pin="1"/><net_sink comp="535" pin=0"/></net>

<net id="539"><net_src comp="535" pin="1"/><net_sink comp="264" pin=1"/></net>

<net id="540"><net_src comp="535" pin="1"/><net_sink comp="324" pin=0"/></net>

<net id="541"><net_src comp="535" pin="1"/><net_sink comp="473" pin=1"/></net>

<net id="542"><net_src comp="535" pin="1"/><net_sink comp="492" pin=0"/></net>

<net id="546"><net_src comp="106" pin="1"/><net_sink comp="543" pin=0"/></net>

<net id="547"><net_src comp="543" pin="1"/><net_sink comp="259" pin=1"/></net>

<net id="548"><net_src comp="543" pin="1"/><net_sink comp="327" pin=0"/></net>

<net id="549"><net_src comp="543" pin="1"/><net_sink comp="468" pin=1"/></net>

<net id="550"><net_src comp="543" pin="1"/><net_sink comp="496" pin=0"/></net>

<net id="554"><net_src comp="110" pin="1"/><net_sink comp="551" pin=0"/></net>

<net id="555"><net_src comp="551" pin="1"/><net_sink comp="254" pin=1"/></net>

<net id="556"><net_src comp="551" pin="1"/><net_sink comp="330" pin=0"/></net>

<net id="557"><net_src comp="551" pin="1"/><net_sink comp="463" pin=1"/></net>

<net id="558"><net_src comp="551" pin="1"/><net_sink comp="500" pin=0"/></net>

<net id="562"><net_src comp="114" pin="1"/><net_sink comp="559" pin=0"/></net>

<net id="563"><net_src comp="559" pin="1"/><net_sink comp="249" pin=1"/></net>

<net id="564"><net_src comp="559" pin="1"/><net_sink comp="333" pin=0"/></net>

<net id="565"><net_src comp="559" pin="1"/><net_sink comp="458" pin=1"/></net>

<net id="566"><net_src comp="559" pin="1"/><net_sink comp="504" pin=0"/></net>

<net id="570"><net_src comp="118" pin="1"/><net_sink comp="567" pin=0"/></net>

<net id="571"><net_src comp="567" pin="1"/><net_sink comp="244" pin=1"/></net>

<net id="572"><net_src comp="567" pin="1"/><net_sink comp="336" pin=0"/></net>

<net id="573"><net_src comp="567" pin="1"/><net_sink comp="453" pin=1"/></net>

<net id="574"><net_src comp="567" pin="1"/><net_sink comp="508" pin=0"/></net>

<net id="578"><net_src comp="122" pin="1"/><net_sink comp="575" pin=0"/></net>

<net id="579"><net_src comp="575" pin="1"/><net_sink comp="239" pin=1"/></net>

<net id="580"><net_src comp="575" pin="1"/><net_sink comp="339" pin=0"/></net>

<net id="581"><net_src comp="575" pin="1"/><net_sink comp="448" pin=1"/></net>

<net id="582"><net_src comp="575" pin="1"/><net_sink comp="512" pin=0"/></net>

<net id="586"><net_src comp="126" pin="1"/><net_sink comp="583" pin=0"/></net>

<net id="587"><net_src comp="583" pin="1"/><net_sink comp="234" pin=1"/></net>

<net id="588"><net_src comp="583" pin="1"/><net_sink comp="342" pin=0"/></net>

<net id="589"><net_src comp="583" pin="1"/><net_sink comp="483" pin=1"/></net>

<net id="590"><net_src comp="583" pin="1"/><net_sink comp="516" pin=0"/></net>

<net id="597"><net_src comp="294" pin="1"/><net_sink comp="594" pin=0"/></net>

<net id="598"><net_src comp="594" pin="1"/><net_sink comp="345" pin=18"/></net>

</net_list>

</model> 
---------------- Datapath Model END ------------------

* FSMD analyzer results:
  - Output states:
	Port: local_aug_47_out | {1 }
	Port: local_aug_46_out | {1 }
	Port: local_aug_45_out | {1 }
	Port: local_aug_44_out | {1 }
	Port: local_aug_43_out | {1 }
	Port: local_aug_42_out | {1 }
	Port: local_aug_41_out | {1 }
	Port: local_aug_40_out | {1 }
 - Input state : 
	Port: decompose_qr_Pipeline_VITIS_LOOP_63_7 : tmp_217 | {1 }
	Port: decompose_qr_Pipeline_VITIS_LOOP_63_7 : tmp_216 | {1 }
	Port: decompose_qr_Pipeline_VITIS_LOOP_63_7 : tmp_215 | {1 }
	Port: decompose_qr_Pipeline_VITIS_LOOP_63_7 : tmp_214 | {1 }
	Port: decompose_qr_Pipeline_VITIS_LOOP_63_7 : tmp_202 | {1 }
	Port: decompose_qr_Pipeline_VITIS_LOOP_63_7 : tmp_201 | {1 }
	Port: decompose_qr_Pipeline_VITIS_LOOP_63_7 : tmp_200 | {1 }
	Port: decompose_qr_Pipeline_VITIS_LOOP_63_7 : tmp_199 | {1 }
  - Chain level:
	State 1
		store_ln63 : 1
		c_1 : 1
		icmp_ln63 : 2
		add_ln63 : 2
		br_ln63 : 3
		trunc_ln63 : 2
		switch_ln64 : 3
		store_ln63 : 3
		local_aug_40_load : 1
		local_aug_41_load : 1
		local_aug_42_load : 1
		local_aug_43_load : 1
		local_aug_44_load : 1
		local_aug_45_load : 1
		local_aug_46_load : 1
		local_aug_47_load : 1
		write_ln0 : 2
		write_ln0 : 2
		write_ln0 : 2
		write_ln0 : 2
		write_ln0 : 2
		write_ln0 : 2
		write_ln0 : 2
		write_ln0 : 2
	State 2
		tmp_s : 1
		sext_ln64 : 2
		sub_ln64 : 3
		tmp : 4
		trunc_ln64 : 4
		tmp_229 : 4
		xor_ln64 : 5
		and_ln64 : 5
		xor_ln64_1 : 5
		select_ln64 : 5
		select_ln64_1 : 6
		store_ln64 : 7
		store_ln64 : 7
		store_ln64 : 7
		store_ln64 : 7
		store_ln64 : 7
		store_ln64 : 7
		store_ln64 : 7
		store_ln64 : 7


============================================================
+ Verbose Summary: Datapath Resource usage 
============================================================

* Functional unit list:
|----------|--------------------------|---------|---------|
| Operation|      Functional Unit     |    FF   |   LUT   |
|----------|--------------------------|---------|---------|
| sparsemux|       tmp_s_fu_345       |    0    |    42   |
|----------|--------------------------|---------|---------|
|  select  |    select_ln64_fu_432    |    0    |    16   |
|          |   select_ln64_1_fu_440   |    0    |    16   |
|----------|--------------------------|---------|---------|
|    sub   |      sub_ln64_fu_388     |    0    |    23   |
|----------|--------------------------|---------|---------|
|   icmp   |     icmp_ln63_fu_282     |    0    |    13   |
|----------|--------------------------|---------|---------|
|    add   |      add_ln63_fu_288     |    0    |    13   |
|----------|--------------------------|---------|---------|
|    xor   |      xor_ln64_fu_414     |    0    |    2    |
|          |     xor_ln64_1_fu_426    |    0    |    2    |
|----------|--------------------------|---------|---------|
|    and   |      and_ln64_fu_420     |    0    |    2    |
|----------|--------------------------|---------|---------|
|          | tmp_199_read_read_fu_130 |    0    |    0    |
|          | tmp_200_read_read_fu_136 |    0    |    0    |
|          | tmp_201_read_read_fu_142 |    0    |    0    |
|   read   | tmp_202_read_read_fu_148 |    0    |    0    |
|          | tmp_214_read_read_fu_154 |    0    |    0    |
|          | tmp_215_read_read_fu_160 |    0    |    0    |
|          | tmp_216_read_read_fu_166 |    0    |    0    |
|          | tmp_217_read_read_fu_172 |    0    |    0    |
|----------|--------------------------|---------|---------|
|          |  write_ln0_write_fu_178  |    0    |    0    |
|          |  write_ln0_write_fu_185  |    0    |    0    |
|          |  write_ln0_write_fu_192  |    0    |    0    |
|   write  |  write_ln0_write_fu_199  |    0    |    0    |
|          |  write_ln0_write_fu_206  |    0    |    0    |
|          |  write_ln0_write_fu_213  |    0    |    0    |
|          |  write_ln0_write_fu_220  |    0    |    0    |
|          |  write_ln0_write_fu_227  |    0    |    0    |
|----------|--------------------------|---------|---------|
|   trunc  |     trunc_ln63_fu_294    |    0    |    0    |
|          |     trunc_ln64_fu_402    |    0    |    0    |
|----------|--------------------------|---------|---------|
|  switch  |    switch_ln64_fu_298    |    0    |    0    |
|----------|--------------------------|---------|---------|
|   sext   |     sext_ln64_fu_384     |    0    |    0    |
|----------|--------------------------|---------|---------|
| bitselect|        tmp_fu_394        |    0    |    0    |
|          |      tmp_229_fu_406      |    0    |    0    |
|----------|--------------------------|---------|---------|
|   Total  |                          |    0    |   129   |
|----------|--------------------------|---------|---------|

Memories:
N/A

* Register list:
+--------------------+--------+
|                    |   FF   |
+--------------------+--------+
|      c_reg_520     |    4   |
|local_aug_40_reg_527|   16   |
|local_aug_41_reg_535|   16   |
|local_aug_42_reg_543|   16   |
|local_aug_43_reg_551|   16   |
|local_aug_44_reg_559|   16   |
|local_aug_45_reg_567|   16   |
|local_aug_46_reg_575|   16   |
|local_aug_47_reg_583|   16   |
| trunc_ln63_reg_594 |    3   |
+--------------------+--------+
|        Total       |   135  |
+--------------------+--------+

* Multiplexer (MUX) list: 
|--------|------|------|------|--------|
|  Comp  |  Pin | Size |  BW  | S x BW |
|--------|------|------|------|--------|
|  Total |      |      |      |    0   |
|--------|------|------|------|--------|



* Summary:
+-----------+--------+--------+
|           |   FF   |   LUT  |
+-----------+--------+--------+
|  Function |    0   |   129  |
|   Memory  |    -   |    -   |
|Multiplexer|    -   |    -   |
|  Register |   135  |    -   |
+-----------+--------+--------+
|   Total   |   135  |   129  |
+-----------+--------+--------+
