

================================================================
== Vitis HLS Report for 'decompose_qr_Pipeline_VITIS_LOOP_18_1'
================================================================
* Date:           Tue Dec 16 20:06:13 2025

* Version:        2025.1 (Build 6135595 on May 21 2025)
* Project:        solve_top
* Solution:       hls (Vivado IP Flow Target)
* Product family: zynq
* Target device:  xc7z020-clg484-1


================================================================
== Performance Estimates
================================================================
+ Timing: 
    * Summary: 
    +--------+----------+----------+------------+
    |  Clock |  Target  | Estimated| Uncertainty|
    +--------+----------+----------+------------+
    |ap_clk  |  10.00 ns|  4.826 ns|     2.00 ns|
    +--------+----------+----------+------------+

+ Latency: 
    * Summary: 
    +---------+---------+-----------+-----------+-----+-----+------------------------------------------------+
    |  Latency (cycles) |   Latency (absolute)  |  Interval |                    Pipeline                    |
    |   min   |   max   |    min    |    max    | min | max |                      Type                      |
    +---------+---------+-----------+-----------+-----+-----+------------------------------------------------+
    |        6|        6|  60.000 ns|  60.000 ns|    5|    5|  loop auto-rewind stp (delay=0 clock cycles(s))|
    +---------+---------+-----------+-----------+-----+-----+------------------------------------------------+

    + Detail: 
        * Instance: 
        N/A

        * Loop: 
        +-------------------+---------+---------+----------+-----------+-----------+------+----------+
        |                   |  Latency (cycles) | Iteration|  Initiation Interval  | Trip |          |
        |     Loop Name     |   min   |   max   |  Latency |  achieved |   target  | Count| Pipelined|
        +-------------------+---------+---------+----------+-----------+-----------+------+----------+
        |- VITIS_LOOP_18_1  |        4|        4|         1|          1|          1|     4|       yes|
        +-------------------+---------+---------+----------+-----------+-----------+------+----------+

============================================================
+ Verbose Summary: Synthesis Manager
============================================================
InlineROM: 1
ExposeGlobal: 0
============================================================
+ Verbose Summary: CDFG Model
============================================================
IsTopModel: 0
ResetActiveHigh: 1
IsCombinational: 0
IsDatapathOnly: 0
HasWiredReturn: 1
HasMFsm: 2
HasVarLatency: 1
IsPipeline: 0
IsRtlPipelined: 0
IsInstanceOverlapped: 0
IsDontTouch: 0
HasImplIP: 0
IsGatedGlobalClock: 0

+ Individual pipeline summary: 
  * Pipeline-0: initiation interval (II) = 1, depth = 1


============================================================
+ Verbose Summary: Schedule
============================================================
* Number of FSM states : 1
* Pipeline : 1
  Pipeline-0 : II = 1, D = 1, States = { 1 }
* Dataflow Pipeline: 0

* FSM state transitions: 
1 --> 

* FSM state operations: 

State 1 <SV = 0> <Delay = 4.82>
ST_1 : Operation 4 [1/1] (0.00ns)   --->   "%r = alloca i32 1" [C:/ELEC522/sm512/asdf/fpga_hls/qrd.cpp:18]   --->   Operation 4 'alloca' 'r' <Predicate = true> <Delay = 0.00>
ST_1 : Operation 5 [1/1] (0.00ns)   --->   "%p_read_34 = read i16 @_ssdm_op_Read.ap_auto.i16, i16 %p_read15"   --->   Operation 5 'read' 'p_read_34' <Predicate = true> <Delay = 0.00>
ST_1 : Operation 6 [1/1] (0.00ns)   --->   "%p_read_35 = read i16 @_ssdm_op_Read.ap_auto.i16, i16 %p_read14"   --->   Operation 6 'read' 'p_read_35' <Predicate = true> <Delay = 0.00>
ST_1 : Operation 7 [1/1] (0.00ns)   --->   "%p_read_36 = read i16 @_ssdm_op_Read.ap_auto.i16, i16 %p_read13"   --->   Operation 7 'read' 'p_read_36' <Predicate = true> <Delay = 0.00>
ST_1 : Operation 8 [1/1] (0.00ns)   --->   "%p_read_37 = read i16 @_ssdm_op_Read.ap_auto.i16, i16 %p_read12"   --->   Operation 8 'read' 'p_read_37' <Predicate = true> <Delay = 0.00>
ST_1 : Operation 9 [1/1] (0.00ns)   --->   "%p_read_38 = read i16 @_ssdm_op_Read.ap_auto.i16, i16 %p_read11"   --->   Operation 9 'read' 'p_read_38' <Predicate = true> <Delay = 0.00>
ST_1 : Operation 10 [1/1] (0.00ns)   --->   "%p_read1026 = read i16 @_ssdm_op_Read.ap_auto.i16, i16 %p_read10"   --->   Operation 10 'read' 'p_read1026' <Predicate = true> <Delay = 0.00>
ST_1 : Operation 11 [1/1] (0.00ns)   --->   "%p_read925 = read i16 @_ssdm_op_Read.ap_auto.i16, i16 %p_read9"   --->   Operation 11 'read' 'p_read925' <Predicate = true> <Delay = 0.00>
ST_1 : Operation 12 [1/1] (0.00ns)   --->   "%p_read824 = read i16 @_ssdm_op_Read.ap_auto.i16, i16 %p_read8"   --->   Operation 12 'read' 'p_read824' <Predicate = true> <Delay = 0.00>
ST_1 : Operation 13 [1/1] (0.00ns)   --->   "%p_read723 = read i16 @_ssdm_op_Read.ap_auto.i16, i16 %p_read7"   --->   Operation 13 'read' 'p_read723' <Predicate = true> <Delay = 0.00>
ST_1 : Operation 14 [1/1] (0.00ns)   --->   "%p_read622 = read i16 @_ssdm_op_Read.ap_auto.i16, i16 %p_read6"   --->   Operation 14 'read' 'p_read622' <Predicate = true> <Delay = 0.00>
ST_1 : Operation 15 [1/1] (0.00ns)   --->   "%p_read521 = read i16 @_ssdm_op_Read.ap_auto.i16, i16 %p_read5"   --->   Operation 15 'read' 'p_read521' <Predicate = true> <Delay = 0.00>
ST_1 : Operation 16 [1/1] (0.00ns)   --->   "%p_read420 = read i16 @_ssdm_op_Read.ap_auto.i16, i16 %p_read4"   --->   Operation 16 'read' 'p_read420' <Predicate = true> <Delay = 0.00>
ST_1 : Operation 17 [1/1] (0.00ns)   --->   "%p_read319 = read i16 @_ssdm_op_Read.ap_auto.i16, i16 %p_read3"   --->   Operation 17 'read' 'p_read319' <Predicate = true> <Delay = 0.00>
ST_1 : Operation 18 [1/1] (0.00ns)   --->   "%p_read218 = read i16 @_ssdm_op_Read.ap_auto.i16, i16 %p_read2"   --->   Operation 18 'read' 'p_read218' <Predicate = true> <Delay = 0.00>
ST_1 : Operation 19 [1/1] (0.00ns)   --->   "%p_read117 = read i16 @_ssdm_op_Read.ap_auto.i16, i16 %p_read1"   --->   Operation 19 'read' 'p_read117' <Predicate = true> <Delay = 0.00>
ST_1 : Operation 20 [1/1] (0.00ns)   --->   "%p_read16 = read i16 @_ssdm_op_Read.ap_auto.i16, i16 %p_read"   --->   Operation 20 'read' 'p_read16' <Predicate = true> <Delay = 0.00>
ST_1 : Operation 21 [1/1] (1.58ns)   --->   "%store_ln18 = store i3 0, i3 %r" [C:/ELEC522/sm512/asdf/fpga_hls/qrd.cpp:18]   --->   Operation 21 'store' 'store_ln18' <Predicate = true> <Delay = 1.58>
ST_1 : Operation 22 [1/1] (0.00ns)   --->   "%br_ln0 = br void %VITIS_LOOP_19_2"   --->   Operation 22 'br' 'br_ln0' <Predicate = true> <Delay = 0.00>
ST_1 : Operation 23 [1/1] (0.00ns)   --->   "%r_2 = load i3 %r" [C:/ELEC522/sm512/asdf/fpga_hls/qrd.cpp:18]   --->   Operation 23 'load' 'r_2' <Predicate = true> <Delay = 0.00>
ST_1 : Operation 24 [1/1] (1.65ns)   --->   "%icmp_ln18 = icmp_eq  i3 %r_2, i3 4" [C:/ELEC522/sm512/asdf/fpga_hls/qrd.cpp:18]   --->   Operation 24 'icmp' 'icmp_ln18' <Predicate = true> <Delay = 1.65> <CoreInst = "Cmp">   --->   Core 9 'Cmp' <Latency = 0> <II = 1> <Delay = 1.65> <FuncUnit> <Opcode : 'seteq' 'setne' 'setle' 'setge' 'setlt' 'setgt'> <InPorts = 2> <OutPorts = 1>
ST_1 : Operation 25 [1/1] (1.65ns)   --->   "%add_ln18 = add i3 %r_2, i3 1" [C:/ELEC522/sm512/asdf/fpga_hls/qrd.cpp:18]   --->   Operation 25 'add' 'add_ln18' <Predicate = true> <Delay = 1.65> <CoreInst = "Adder">   --->   Core 1 'Adder' <Latency = 0> <II = 1> <Delay = 1.65> <FuncUnit> <Opcode : 'add' 'sub'> <InPorts = 2> <OutPorts = 1>
ST_1 : Operation 26 [1/1] (0.00ns)   --->   "%br_ln18 = br i1 %icmp_ln18, void %VITIS_LOOP_19_2.split, void %VITIS_LOOP_26_4.preheader.exitStub" [C:/ELEC522/sm512/asdf/fpga_hls/qrd.cpp:18]   --->   Operation 26 'br' 'br_ln18' <Predicate = true> <Delay = 0.00>
ST_1 : Operation 27 [1/1] (0.00ns)   --->   "%trunc_ln18 = trunc i3 %r_2" [C:/ELEC522/sm512/asdf/fpga_hls/qrd.cpp:18]   --->   Operation 27 'trunc' 'trunc_ln18' <Predicate = (!icmp_ln18)> <Delay = 0.00>
ST_1 : Operation 28 [1/1] (0.00ns)   --->   "%specpipeline_ln18 = specpipeline void @_ssdm_op_SpecPipeline, i32 4294967295, i32 0, i32 0, i32 0, void @empty_24" [C:/ELEC522/sm512/asdf/fpga_hls/qrd.cpp:18]   --->   Operation 28 'specpipeline' 'specpipeline_ln18' <Predicate = (!icmp_ln18)> <Delay = 0.00>
ST_1 : Operation 29 [1/1] (0.00ns)   --->   "%speclooptripcount_ln18 = speclooptripcount void @_ssdm_op_SpecLoopTripCount, i64 4, i64 4, i64 4" [C:/ELEC522/sm512/asdf/fpga_hls/qrd.cpp:18]   --->   Operation 29 'speclooptripcount' 'speclooptripcount_ln18' <Predicate = (!icmp_ln18)> <Delay = 0.00>
ST_1 : Operation 30 [1/1] (0.00ns)   --->   "%specloopname_ln18 = specloopname void @_ssdm_op_SpecLoopName, void @empty_13" [C:/ELEC522/sm512/asdf/fpga_hls/qrd.cpp:18]   --->   Operation 30 'specloopname' 'specloopname_ln18' <Predicate = (!icmp_ln18)> <Delay = 0.00>
ST_1 : Operation 31 [1/1] (1.82ns)   --->   "%local_aug_35 = sparsemux i16 @_ssdm_op_SparseMux.ap_auto.4i16.i16.i2, i2 0, i16 %p_read16, i2 1, i16 %p_read117, i2 2, i16 %p_read218, i2 3, i16 %p_read319, i16 0, i2 %trunc_ln18" [C:/ELEC522/sm512/asdf/fpga_hls/qrd.cpp:18]   --->   Operation 31 'sparsemux' 'local_aug_35' <Predicate = (!icmp_ln18)> <Delay = 1.82> <CoreInst = "BinarySparseMux_DontCare">   --->   Core 137 'BinarySparseMux_DontCare' <Latency = 0> <II = 1> <Delay = 1.82> <FuncUnit> <Opcode : 'sparsemux'> <InPorts = 2> <OutPorts = 1>
ST_1 : Operation 32 [1/1] (1.82ns)   --->   "%local_aug_32 = sparsemux i16 @_ssdm_op_SparseMux.ap_auto.4i16.i16.i2, i2 0, i16 %p_read420, i2 1, i16 %p_read521, i2 2, i16 %p_read622, i2 3, i16 %p_read723, i16 0, i2 %trunc_ln18" [C:/ELEC522/sm512/asdf/fpga_hls/qrd.cpp:18]   --->   Operation 32 'sparsemux' 'local_aug_32' <Predicate = (!icmp_ln18)> <Delay = 1.82> <CoreInst = "BinarySparseMux_DontCare">   --->   Core 137 'BinarySparseMux_DontCare' <Latency = 0> <II = 1> <Delay = 1.82> <FuncUnit> <Opcode : 'sparsemux'> <InPorts = 2> <OutPorts = 1>
ST_1 : Operation 33 [1/1] (1.82ns)   --->   "%local_aug_33 = sparsemux i16 @_ssdm_op_SparseMux.ap_auto.4i16.i16.i2, i2 0, i16 %p_read824, i2 1, i16 %p_read925, i2 2, i16 %p_read1026, i2 3, i16 %p_read_38, i16 0, i2 %trunc_ln18" [C:/ELEC522/sm512/asdf/fpga_hls/qrd.cpp:18]   --->   Operation 33 'sparsemux' 'local_aug_33' <Predicate = (!icmp_ln18)> <Delay = 1.82> <CoreInst = "BinarySparseMux_DontCare">   --->   Core 137 'BinarySparseMux_DontCare' <Latency = 0> <II = 1> <Delay = 1.82> <FuncUnit> <Opcode : 'sparsemux'> <InPorts = 2> <OutPorts = 1>
ST_1 : Operation 34 [1/1] (1.82ns)   --->   "%local_aug_34 = sparsemux i16 @_ssdm_op_SparseMux.ap_auto.4i16.i16.i2, i2 0, i16 %p_read_37, i2 1, i16 %p_read_36, i2 2, i16 %p_read_35, i2 3, i16 %p_read_34, i16 0, i2 %trunc_ln18" [C:/ELEC522/sm512/asdf/fpga_hls/qrd.cpp:18]   --->   Operation 34 'sparsemux' 'local_aug_34' <Predicate = (!icmp_ln18)> <Delay = 1.82> <CoreInst = "BinarySparseMux_DontCare">   --->   Core 137 'BinarySparseMux_DontCare' <Latency = 0> <II = 1> <Delay = 1.82> <FuncUnit> <Opcode : 'sparsemux'> <InPorts = 2> <OutPorts = 1>
ST_1 : Operation 35 [1/1] (1.82ns)   --->   "%local_aug_36 = sparsemux i12 @_ssdm_op_SparseMux.ap_auto.4i12.i12.i2, i2 0, i12 2048, i2 1, i12 0, i2 2, i12 0, i2 3, i12 0, i12 0, i2 %trunc_ln18" [C:/ELEC522/sm512/asdf/fpga_hls/qrd.cpp:18]   --->   Operation 35 'sparsemux' 'local_aug_36' <Predicate = (!icmp_ln18)> <Delay = 1.82> <CoreInst = "BinarySparseMux_DontCare">   --->   Core 137 'BinarySparseMux_DontCare' <Latency = 0> <II = 1> <Delay = 1.82> <FuncUnit> <Opcode : 'sparsemux'> <InPorts = 2> <OutPorts = 1>
ST_1 : Operation 36 [1/1] (0.00ns)   --->   "%local_aug_37_cast_cast = zext i12 %local_aug_36" [C:/ELEC522/sm512/asdf/fpga_hls/qrd.cpp:18]   --->   Operation 36 'zext' 'local_aug_37_cast_cast' <Predicate = (!icmp_ln18)> <Delay = 0.00>
ST_1 : Operation 37 [1/1] (1.82ns)   --->   "%local_aug_37 = sparsemux i12 @_ssdm_op_SparseMux.ap_auto.4i12.i12.i2, i2 0, i12 0, i2 1, i12 2048, i2 2, i12 0, i2 3, i12 0, i12 0, i2 %trunc_ln18" [C:/ELEC522/sm512/asdf/fpga_hls/qrd.cpp:18]   --->   Operation 37 'sparsemux' 'local_aug_37' <Predicate = (!icmp_ln18)> <Delay = 1.82> <CoreInst = "BinarySparseMux_DontCare">   --->   Core 137 'BinarySparseMux_DontCare' <Latency = 0> <II = 1> <Delay = 1.82> <FuncUnit> <Opcode : 'sparsemux'> <InPorts = 2> <OutPorts = 1>
ST_1 : Operation 38 [1/1] (0.00ns)   --->   "%local_aug_39_cast_cast = zext i12 %local_aug_37" [C:/ELEC522/sm512/asdf/fpga_hls/qrd.cpp:18]   --->   Operation 38 'zext' 'local_aug_39_cast_cast' <Predicate = (!icmp_ln18)> <Delay = 0.00>
ST_1 : Operation 39 [1/1] (1.82ns)   --->   "%local_aug_38 = sparsemux i12 @_ssdm_op_SparseMux.ap_auto.4i12.i12.i2, i2 0, i12 0, i2 1, i12 0, i2 2, i12 2048, i2 3, i12 0, i12 0, i2 %trunc_ln18" [C:/ELEC522/sm512/asdf/fpga_hls/qrd.cpp:18]   --->   Operation 39 'sparsemux' 'local_aug_38' <Predicate = (!icmp_ln18)> <Delay = 1.82> <CoreInst = "BinarySparseMux_DontCare">   --->   Core 137 'BinarySparseMux_DontCare' <Latency = 0> <II = 1> <Delay = 1.82> <FuncUnit> <Opcode : 'sparsemux'> <InPorts = 2> <OutPorts = 1>
ST_1 : Operation 40 [1/1] (0.00ns)   --->   "%local_aug_49_cast_cast = zext i12 %local_aug_38" [C:/ELEC522/sm512/asdf/fpga_hls/qrd.cpp:18]   --->   Operation 40 'zext' 'local_aug_49_cast_cast' <Predicate = (!icmp_ln18)> <Delay = 0.00>
ST_1 : Operation 41 [1/1] (1.82ns)   --->   "%local_aug_39 = sparsemux i12 @_ssdm_op_SparseMux.ap_auto.4i12.i12.i2, i2 0, i12 0, i2 1, i12 0, i2 2, i12 0, i2 3, i12 2048, i12 0, i2 %trunc_ln18" [C:/ELEC522/sm512/asdf/fpga_hls/qrd.cpp:20]   --->   Operation 41 'sparsemux' 'local_aug_39' <Predicate = (!icmp_ln18)> <Delay = 1.82> <CoreInst = "BinarySparseMux_DontCare">   --->   Core 137 'BinarySparseMux_DontCare' <Latency = 0> <II = 1> <Delay = 1.82> <FuncUnit> <Opcode : 'sparsemux'> <InPorts = 2> <OutPorts = 1>
ST_1 : Operation 42 [1/1] (0.00ns)   --->   "%zext_ln20 = zext i12 %local_aug_39" [C:/ELEC522/sm512/asdf/fpga_hls/qrd.cpp:20]   --->   Operation 42 'zext' 'zext_ln20' <Predicate = (!icmp_ln18)> <Delay = 0.00>
ST_1 : Operation 43 [1/1] (1.56ns)   --->   "%switch_ln20 = switch i2 %trunc_ln18, void %arrayidx1020_7.case.3, i2 0, void %arrayidx1020_7.case.0, i2 1, void %arrayidx1020_7.case.1, i2 2, void %arrayidx1020_7.case.2" [C:/ELEC522/sm512/asdf/fpga_hls/qrd.cpp:20]   --->   Operation 43 'switch' 'switch_ln20' <Predicate = (!icmp_ln18)> <Delay = 1.56>
ST_1 : Operation 44 [1/1] (0.00ns)   --->   "%write_ln20 = write void @_ssdm_op_Write.ap_auto.i16P0A, i16 %local_aug_2, i16 %local_aug_35" [C:/ELEC522/sm512/asdf/fpga_hls/qrd.cpp:20]   --->   Operation 44 'write' 'write_ln20' <Predicate = (!icmp_ln18 & trunc_ln18 == 2)> <Delay = 0.00>
ST_1 : Operation 45 [1/1] (0.00ns)   --->   "%write_ln20 = write void @_ssdm_op_Write.ap_auto.i16P0A, i16 %local_aug_6, i16 %local_aug_32" [C:/ELEC522/sm512/asdf/fpga_hls/qrd.cpp:20]   --->   Operation 45 'write' 'write_ln20' <Predicate = (!icmp_ln18 & trunc_ln18 == 2)> <Delay = 0.00>
ST_1 : Operation 46 [1/1] (0.00ns)   --->   "%write_ln20 = write void @_ssdm_op_Write.ap_auto.i16P0A, i16 %local_aug_10, i16 %local_aug_33" [C:/ELEC522/sm512/asdf/fpga_hls/qrd.cpp:20]   --->   Operation 46 'write' 'write_ln20' <Predicate = (!icmp_ln18 & trunc_ln18 == 2)> <Delay = 0.00>
ST_1 : Operation 47 [1/1] (0.00ns)   --->   "%write_ln20 = write void @_ssdm_op_Write.ap_auto.i16P0A, i16 %local_aug_14, i16 %local_aug_34" [C:/ELEC522/sm512/asdf/fpga_hls/qrd.cpp:20]   --->   Operation 47 'write' 'write_ln20' <Predicate = (!icmp_ln18 & trunc_ln18 == 2)> <Delay = 0.00>
ST_1 : Operation 48 [1/1] (0.00ns)   --->   "%write_ln20 = write void @_ssdm_op_Write.ap_auto.i16P0A, i16 %local_aug_18, i16 %local_aug_37_cast_cast" [C:/ELEC522/sm512/asdf/fpga_hls/qrd.cpp:20]   --->   Operation 48 'write' 'write_ln20' <Predicate = (!icmp_ln18 & trunc_ln18 == 2)> <Delay = 0.00>
ST_1 : Operation 49 [1/1] (0.00ns)   --->   "%write_ln20 = write void @_ssdm_op_Write.ap_auto.i16P0A, i16 %local_aug_22, i16 %local_aug_39_cast_cast" [C:/ELEC522/sm512/asdf/fpga_hls/qrd.cpp:20]   --->   Operation 49 'write' 'write_ln20' <Predicate = (!icmp_ln18 & trunc_ln18 == 2)> <Delay = 0.00>
ST_1 : Operation 50 [1/1] (0.00ns)   --->   "%write_ln20 = write void @_ssdm_op_Write.ap_auto.i16P0A, i16 %local_aug_26, i16 %local_aug_49_cast_cast" [C:/ELEC522/sm512/asdf/fpga_hls/qrd.cpp:20]   --->   Operation 50 'write' 'write_ln20' <Predicate = (!icmp_ln18 & trunc_ln18 == 2)> <Delay = 0.00>
ST_1 : Operation 51 [1/1] (0.00ns)   --->   "%write_ln20 = write void @_ssdm_op_Write.ap_auto.i16P0A, i16 %local_aug_30, i16 %zext_ln20" [C:/ELEC522/sm512/asdf/fpga_hls/qrd.cpp:20]   --->   Operation 51 'write' 'write_ln20' <Predicate = (!icmp_ln18 & trunc_ln18 == 2)> <Delay = 0.00>
ST_1 : Operation 52 [1/1] (0.00ns)   --->   "%br_ln20 = br void %arrayidx1020_7.exit" [C:/ELEC522/sm512/asdf/fpga_hls/qrd.cpp:20]   --->   Operation 52 'br' 'br_ln20' <Predicate = (!icmp_ln18 & trunc_ln18 == 2)> <Delay = 0.00>
ST_1 : Operation 53 [1/1] (0.00ns)   --->   "%write_ln20 = write void @_ssdm_op_Write.ap_auto.i16P0A, i16 %local_aug_1, i16 %local_aug_35" [C:/ELEC522/sm512/asdf/fpga_hls/qrd.cpp:20]   --->   Operation 53 'write' 'write_ln20' <Predicate = (!icmp_ln18 & trunc_ln18 == 1)> <Delay = 0.00>
ST_1 : Operation 54 [1/1] (0.00ns)   --->   "%write_ln20 = write void @_ssdm_op_Write.ap_auto.i16P0A, i16 %local_aug_5, i16 %local_aug_32" [C:/ELEC522/sm512/asdf/fpga_hls/qrd.cpp:20]   --->   Operation 54 'write' 'write_ln20' <Predicate = (!icmp_ln18 & trunc_ln18 == 1)> <Delay = 0.00>
ST_1 : Operation 55 [1/1] (0.00ns)   --->   "%write_ln20 = write void @_ssdm_op_Write.ap_auto.i16P0A, i16 %local_aug_9, i16 %local_aug_33" [C:/ELEC522/sm512/asdf/fpga_hls/qrd.cpp:20]   --->   Operation 55 'write' 'write_ln20' <Predicate = (!icmp_ln18 & trunc_ln18 == 1)> <Delay = 0.00>
ST_1 : Operation 56 [1/1] (0.00ns)   --->   "%write_ln20 = write void @_ssdm_op_Write.ap_auto.i16P0A, i16 %local_aug_13, i16 %local_aug_34" [C:/ELEC522/sm512/asdf/fpga_hls/qrd.cpp:20]   --->   Operation 56 'write' 'write_ln20' <Predicate = (!icmp_ln18 & trunc_ln18 == 1)> <Delay = 0.00>
ST_1 : Operation 57 [1/1] (0.00ns)   --->   "%write_ln20 = write void @_ssdm_op_Write.ap_auto.i16P0A, i16 %local_aug_17, i16 %local_aug_37_cast_cast" [C:/ELEC522/sm512/asdf/fpga_hls/qrd.cpp:20]   --->   Operation 57 'write' 'write_ln20' <Predicate = (!icmp_ln18 & trunc_ln18 == 1)> <Delay = 0.00>
ST_1 : Operation 58 [1/1] (0.00ns)   --->   "%write_ln20 = write void @_ssdm_op_Write.ap_auto.i16P0A, i16 %local_aug_21, i16 %local_aug_39_cast_cast" [C:/ELEC522/sm512/asdf/fpga_hls/qrd.cpp:20]   --->   Operation 58 'write' 'write_ln20' <Predicate = (!icmp_ln18 & trunc_ln18 == 1)> <Delay = 0.00>
ST_1 : Operation 59 [1/1] (0.00ns)   --->   "%write_ln20 = write void @_ssdm_op_Write.ap_auto.i16P0A, i16 %local_aug_25, i16 %local_aug_49_cast_cast" [C:/ELEC522/sm512/asdf/fpga_hls/qrd.cpp:20]   --->   Operation 59 'write' 'write_ln20' <Predicate = (!icmp_ln18 & trunc_ln18 == 1)> <Delay = 0.00>
ST_1 : Operation 60 [1/1] (0.00ns)   --->   "%write_ln20 = write void @_ssdm_op_Write.ap_auto.i16P0A, i16 %local_aug_29, i16 %zext_ln20" [C:/ELEC522/sm512/asdf/fpga_hls/qrd.cpp:20]   --->   Operation 60 'write' 'write_ln20' <Predicate = (!icmp_ln18 & trunc_ln18 == 1)> <Delay = 0.00>
ST_1 : Operation 61 [1/1] (0.00ns)   --->   "%br_ln20 = br void %arrayidx1020_7.exit" [C:/ELEC522/sm512/asdf/fpga_hls/qrd.cpp:20]   --->   Operation 61 'br' 'br_ln20' <Predicate = (!icmp_ln18 & trunc_ln18 == 1)> <Delay = 0.00>
ST_1 : Operation 62 [1/1] (0.00ns)   --->   "%write_ln20 = write void @_ssdm_op_Write.ap_auto.i16P0A, i16 %local_aug, i16 %local_aug_35" [C:/ELEC522/sm512/asdf/fpga_hls/qrd.cpp:20]   --->   Operation 62 'write' 'write_ln20' <Predicate = (!icmp_ln18 & trunc_ln18 == 0)> <Delay = 0.00>
ST_1 : Operation 63 [1/1] (0.00ns)   --->   "%write_ln20 = write void @_ssdm_op_Write.ap_auto.i16P0A, i16 %local_aug_4, i16 %local_aug_32" [C:/ELEC522/sm512/asdf/fpga_hls/qrd.cpp:20]   --->   Operation 63 'write' 'write_ln20' <Predicate = (!icmp_ln18 & trunc_ln18 == 0)> <Delay = 0.00>
ST_1 : Operation 64 [1/1] (0.00ns)   --->   "%write_ln20 = write void @_ssdm_op_Write.ap_auto.i16P0A, i16 %local_aug_8, i16 %local_aug_33" [C:/ELEC522/sm512/asdf/fpga_hls/qrd.cpp:20]   --->   Operation 64 'write' 'write_ln20' <Predicate = (!icmp_ln18 & trunc_ln18 == 0)> <Delay = 0.00>
ST_1 : Operation 65 [1/1] (0.00ns)   --->   "%write_ln20 = write void @_ssdm_op_Write.ap_auto.i16P0A, i16 %local_aug_12, i16 %local_aug_34" [C:/ELEC522/sm512/asdf/fpga_hls/qrd.cpp:20]   --->   Operation 65 'write' 'write_ln20' <Predicate = (!icmp_ln18 & trunc_ln18 == 0)> <Delay = 0.00>
ST_1 : Operation 66 [1/1] (0.00ns)   --->   "%write_ln20 = write void @_ssdm_op_Write.ap_auto.i16P0A, i16 %local_aug_16, i16 %local_aug_37_cast_cast" [C:/ELEC522/sm512/asdf/fpga_hls/qrd.cpp:20]   --->   Operation 66 'write' 'write_ln20' <Predicate = (!icmp_ln18 & trunc_ln18 == 0)> <Delay = 0.00>
ST_1 : Operation 67 [1/1] (0.00ns)   --->   "%write_ln20 = write void @_ssdm_op_Write.ap_auto.i16P0A, i16 %local_aug_20, i16 %local_aug_39_cast_cast" [C:/ELEC522/sm512/asdf/fpga_hls/qrd.cpp:20]   --->   Operation 67 'write' 'write_ln20' <Predicate = (!icmp_ln18 & trunc_ln18 == 0)> <Delay = 0.00>
ST_1 : Operation 68 [1/1] (0.00ns)   --->   "%write_ln20 = write void @_ssdm_op_Write.ap_auto.i16P0A, i16 %local_aug_24, i16 %local_aug_49_cast_cast" [C:/ELEC522/sm512/asdf/fpga_hls/qrd.cpp:20]   --->   Operation 68 'write' 'write_ln20' <Predicate = (!icmp_ln18 & trunc_ln18 == 0)> <Delay = 0.00>
ST_1 : Operation 69 [1/1] (0.00ns)   --->   "%write_ln20 = write void @_ssdm_op_Write.ap_auto.i16P0A, i16 %local_aug_28, i16 %zext_ln20" [C:/ELEC522/sm512/asdf/fpga_hls/qrd.cpp:20]   --->   Operation 69 'write' 'write_ln20' <Predicate = (!icmp_ln18 & trunc_ln18 == 0)> <Delay = 0.00>
ST_1 : Operation 70 [1/1] (0.00ns)   --->   "%br_ln20 = br void %arrayidx1020_7.exit" [C:/ELEC522/sm512/asdf/fpga_hls/qrd.cpp:20]   --->   Operation 70 'br' 'br_ln20' <Predicate = (!icmp_ln18 & trunc_ln18 == 0)> <Delay = 0.00>
ST_1 : Operation 71 [1/1] (0.00ns)   --->   "%write_ln20 = write void @_ssdm_op_Write.ap_auto.i16P0A, i16 %local_aug_3, i16 %local_aug_35" [C:/ELEC522/sm512/asdf/fpga_hls/qrd.cpp:20]   --->   Operation 71 'write' 'write_ln20' <Predicate = (!icmp_ln18 & trunc_ln18 == 3)> <Delay = 0.00>
ST_1 : Operation 72 [1/1] (0.00ns)   --->   "%write_ln20 = write void @_ssdm_op_Write.ap_auto.i16P0A, i16 %local_aug_7, i16 %local_aug_32" [C:/ELEC522/sm512/asdf/fpga_hls/qrd.cpp:20]   --->   Operation 72 'write' 'write_ln20' <Predicate = (!icmp_ln18 & trunc_ln18 == 3)> <Delay = 0.00>
ST_1 : Operation 73 [1/1] (0.00ns)   --->   "%write_ln20 = write void @_ssdm_op_Write.ap_auto.i16P0A, i16 %local_aug_11, i16 %local_aug_33" [C:/ELEC522/sm512/asdf/fpga_hls/qrd.cpp:20]   --->   Operation 73 'write' 'write_ln20' <Predicate = (!icmp_ln18 & trunc_ln18 == 3)> <Delay = 0.00>
ST_1 : Operation 74 [1/1] (0.00ns)   --->   "%write_ln20 = write void @_ssdm_op_Write.ap_auto.i16P0A, i16 %local_aug_15, i16 %local_aug_34" [C:/ELEC522/sm512/asdf/fpga_hls/qrd.cpp:20]   --->   Operation 74 'write' 'write_ln20' <Predicate = (!icmp_ln18 & trunc_ln18 == 3)> <Delay = 0.00>
ST_1 : Operation 75 [1/1] (0.00ns)   --->   "%write_ln20 = write void @_ssdm_op_Write.ap_auto.i16P0A, i16 %local_aug_19, i16 %local_aug_37_cast_cast" [C:/ELEC522/sm512/asdf/fpga_hls/qrd.cpp:20]   --->   Operation 75 'write' 'write_ln20' <Predicate = (!icmp_ln18 & trunc_ln18 == 3)> <Delay = 0.00>
ST_1 : Operation 76 [1/1] (0.00ns)   --->   "%write_ln20 = write void @_ssdm_op_Write.ap_auto.i16P0A, i16 %local_aug_23, i16 %local_aug_39_cast_cast" [C:/ELEC522/sm512/asdf/fpga_hls/qrd.cpp:20]   --->   Operation 76 'write' 'write_ln20' <Predicate = (!icmp_ln18 & trunc_ln18 == 3)> <Delay = 0.00>
ST_1 : Operation 77 [1/1] (0.00ns)   --->   "%write_ln20 = write void @_ssdm_op_Write.ap_auto.i16P0A, i16 %local_aug_27, i16 %local_aug_49_cast_cast" [C:/ELEC522/sm512/asdf/fpga_hls/qrd.cpp:20]   --->   Operation 77 'write' 'write_ln20' <Predicate = (!icmp_ln18 & trunc_ln18 == 3)> <Delay = 0.00>
ST_1 : Operation 78 [1/1] (0.00ns)   --->   "%write_ln20 = write void @_ssdm_op_Write.ap_auto.i16P0A, i16 %local_aug_31, i16 %zext_ln20" [C:/ELEC522/sm512/asdf/fpga_hls/qrd.cpp:20]   --->   Operation 78 'write' 'write_ln20' <Predicate = (!icmp_ln18 & trunc_ln18 == 3)> <Delay = 0.00>
ST_1 : Operation 79 [1/1] (0.00ns)   --->   "%br_ln20 = br void %arrayidx1020_7.exit" [C:/ELEC522/sm512/asdf/fpga_hls/qrd.cpp:20]   --->   Operation 79 'br' 'br_ln20' <Predicate = (!icmp_ln18 & trunc_ln18 == 3)> <Delay = 0.00>
ST_1 : Operation 80 [1/1] (1.58ns)   --->   "%store_ln18 = store i3 %add_ln18, i3 %r" [C:/ELEC522/sm512/asdf/fpga_hls/qrd.cpp:18]   --->   Operation 80 'store' 'store_ln18' <Predicate = (!icmp_ln18)> <Delay = 1.58>
ST_1 : Operation 81 [1/1] (0.00ns)   --->   "%br_ln18 = br void %VITIS_LOOP_19_2" [C:/ELEC522/sm512/asdf/fpga_hls/qrd.cpp:18]   --->   Operation 81 'br' 'br_ln18' <Predicate = (!icmp_ln18)> <Delay = 0.00>
ST_1 : Operation 82 [1/1] (1.58ns)   --->   "%ret_ln0 = ret"   --->   Operation 82 'ret' 'ret_ln0' <Predicate = (icmp_ln18)> <Delay = 1.58>


============================================================
+ Verbose Summary: Timing violations
============================================================
Target clock period: 10.000ns, clock uncertainty: 2.000ns.

 <State 1>: 4.826ns
The critical path consists of the following:
	'store' operation 0 bit ('store_ln18', C:/ELEC522/sm512/asdf/fpga_hls/qrd.cpp:18) of constant 0 on local variable 'r', C:/ELEC522/sm512/asdf/fpga_hls/qrd.cpp:18 [66]  (1.588 ns)
	'load' operation 3 bit ('r', C:/ELEC522/sm512/asdf/fpga_hls/qrd.cpp:18) on local variable 'r', C:/ELEC522/sm512/asdf/fpga_hls/qrd.cpp:18 [69]  (0.000 ns)
	'add' operation 3 bit ('add_ln18', C:/ELEC522/sm512/asdf/fpga_hls/qrd.cpp:18) [71]  (1.650 ns)
	'store' operation 0 bit ('store_ln18', C:/ELEC522/sm512/asdf/fpga_hls/qrd.cpp:18) of variable 'add_ln18', C:/ELEC522/sm512/asdf/fpga_hls/qrd.cpp:18 on local variable 'r', C:/ELEC522/sm512/asdf/fpga_hls/qrd.cpp:18 [132]  (1.588 ns)


============================================================
+ Verbose Summary: Binding
============================================================
N/A
* FSMD analyzer results:
  - Output states:
 - Input state : 
  - Chain level:
	State 1


============================================================
+ Verbose Summary: Datapath Resource usage 
============================================================
N/A
