C:\ELEC522\sm512\asdf\Vitis_HLS\hls_component\solve_top\hls\.autopilot\db\linearsolver.pp.0.cpp:2273:5: warning: Added loop label VITIS_LOOP_676_1:   [xilinx-label-all-loops]
    for (unsigned i = low; i != high+1; ++i) {
    ^~~
    VITIS_LOOP_676_1: 
C:\ELEC522\sm512\asdf\Vitis_HLS\hls_component\solve_top\hls\.autopilot\db\linearsolver.pp.0.cpp:2273:5: note: FIX-IT applied suggested code changes
C:\ELEC522\sm512\asdf\Vitis_HLS\hls_component\solve_top\hls\.autopilot\db\linearsolver.pp.0.cpp:2287:5: warning: Added loop label VITIS_LOOP_690_1:   [xilinx-label-all-loops]
    for (unsigned i = low; i != high+1; ++i) {
    ^~~
    VITIS_LOOP_690_1: 
C:\ELEC522\sm512\asdf\Vitis_HLS\hls_component\solve_top\hls\.autopilot\db\linearsolver.pp.0.cpp:2287:5: note: FIX-IT applied suggested code changes
C:\ELEC522\sm512\asdf\Vitis_HLS\hls_component\solve_top\hls\.autopilot\db\linearsolver.pp.0.cpp:2301:5: warning: Added loop label VITIS_LOOP_704_1:   [xilinx-label-all-loops]
    for (unsigned i = low; i != high+1; ++i) {
    ^~~
    VITIS_LOOP_704_1: 
C:\ELEC522\sm512\asdf\Vitis_HLS\hls_component\solve_top\hls\.autopilot\db\linearsolver.pp.0.cpp:2301:5: note: FIX-IT applied suggested code changes
C:\ELEC522\sm512\asdf\Vitis_HLS\hls_component\solve_top\hls\.autopilot\db\linearsolver.pp.0.cpp:4257:7: warning: Added loop label VITIS_LOOP_1248_1:   [xilinx-label-all-loops]
      for (i = 0; i < __N - 1; ++i) {
      ^~~
      VITIS_LOOP_1248_1: 
C:\ELEC522\sm512\asdf\Vitis_HLS\hls_component\solve_top\hls\.autopilot\db\linearsolver.pp.0.cpp:4257:7: note: FIX-IT applied suggested code changes
C:\ELEC522\sm512\asdf\Vitis_HLS\hls_component\solve_top\hls\.autopilot\db\linearsolver.pp.0.cpp:6271:9: warning: Added loop label VITIS_LOOP_81_1:   [xilinx-label-all-loops]
        for (int i = 0; i < 13; i++) {
        ^~~
        VITIS_LOOP_81_1: 
C:\ELEC522\sm512\asdf\Vitis_HLS\hls_component\solve_top\hls\.autopilot\db\linearsolver.pp.0.cpp:6271:9: note: FIX-IT applied suggested code changes
C:\ELEC522\sm512\asdf\Vitis_HLS\hls_component\solve_top\hls\.autopilot\db\linearsolver.pp.0.cpp:6297:9: warning: Added loop label VITIS_LOOP_107_1:   [xilinx-label-all-loops]
        for (int i = 0; i < 13; i++) {
        ^~~
        VITIS_LOOP_107_1: 
C:\ELEC522\sm512\asdf\Vitis_HLS\hls_component\solve_top\hls\.autopilot\db\linearsolver.pp.0.cpp:6297:9: note: FIX-IT applied suggested code changes
C:\ELEC522\sm512\asdf\Vitis_HLS\hls_component\solve_top\hls\.autopilot\db\linearsolver.pp.0.cpp:6381:2: warning: Added loop label VITIS_LOOP_39_1:   [xilinx-label-all-loops]
 for (int r = 0; r < 4; ++r) {
 ^~~
 VITIS_LOOP_39_1: 
C:\ELEC522\sm512\asdf\Vitis_HLS\hls_component\solve_top\hls\.autopilot\db\linearsolver.pp.0.cpp:6381:2: note: FIX-IT applied suggested code changes
C:\ELEC522\sm512\asdf\Vitis_HLS\hls_component\solve_top\hls\.autopilot\db\linearsolver.pp.0.cpp:6383:2: warning: Added loop label VITIS_LOOP_41_2:   [xilinx-label-all-loops]
 for (int c = 0; c < 8; ++c) {
 ^~~
 VITIS_LOOP_41_2: 
C:\ELEC522\sm512\asdf\Vitis_HLS\hls_component\solve_top\hls\.autopilot\db\linearsolver.pp.0.cpp:6383:2: note: FIX-IT applied suggested code changes
C:\ELEC522\sm512\asdf\Vitis_HLS\hls_component\solve_top\hls\.autopilot\db\linearsolver.pp.0.cpp:6394:5: warning: Added loop label VITIS_LOOP_52_3:   [xilinx-label-all-loops]
    for (int i = 0; i < 4; ++i) {
    ^~~
    VITIS_LOOP_52_3: 
C:\ELEC522\sm512\asdf\Vitis_HLS\hls_component\solve_top\hls\.autopilot\db\linearsolver.pp.0.cpp:6394:5: note: FIX-IT applied suggested code changes
C:\ELEC522\sm512\asdf\Vitis_HLS\hls_component\solve_top\hls\.autopilot\db\linearsolver.pp.0.cpp:6411:5: warning: Added loop label VITIS_LOOP_69_4:   [xilinx-label-all-loops]
    for (int i = 0; i < 4; ++i) {
    ^~~
    VITIS_LOOP_69_4: 
C:\ELEC522\sm512\asdf\Vitis_HLS\hls_component\solve_top\hls\.autopilot\db\linearsolver.pp.0.cpp:6411:5: note: FIX-IT applied suggested code changes
