

================================================================
== Vitis HLS Report for 'mat_vec_mul_Pipeline_VITIS_LOOP_29_3'
================================================================
* Date:           Tue Dec 16 20:06:17 2025

* Version:        2025.1 (Build 6135595 on May 21 2025)
* Project:        solve_top
* Solution:       hls (Vivado IP Flow Target)
* Product family: zynq
* Target device:  xc7z020-clg484-1


================================================================
== Performance Estimates
================================================================
+ Timing: 
    * Summary: 
    +--------+----------+----------+------------+
    |  Clock |  Target  | Estimated| Uncertainty|
    +--------+----------+----------+------------+
    |ap_clk  |  10.00 ns|  4.826 ns|     2.00 ns|
    +--------+----------+----------+------------+

+ Latency: 
    * Summary: 
    +---------+---------+-----------+-----------+-----+-----+------------------------------------------------+
    |  Latency (cycles) |   Latency (absolute)  |  Interval |                    Pipeline                    |
    |   min   |   max   |    min    |    max    | min | max |                      Type                      |
    +---------+---------+-----------+-----------+-----+-----+------------------------------------------------+
    |        6|        6|  60.000 ns|  60.000 ns|    5|    5|  loop auto-rewind stp (delay=0 clock cycles(s))|
    +---------+---------+-----------+-----------+-----+-----+------------------------------------------------+

    + Detail: 
        * Instance: 
        N/A

        * Loop: 
        +-------------------+---------+---------+----------+-----------+-----------+------+----------+
        |                   |  Latency (cycles) | Iteration|  Initiation Interval  | Trip |          |
        |     Loop Name     |   min   |   max   |  Latency |  achieved |   target  | Count| Pipelined|
        +-------------------+---------+---------+----------+-----------+-----------+------+----------+
        |- VITIS_LOOP_29_3  |        4|        4|         1|          1|          1|     4|       yes|
        +-------------------+---------+---------+----------+-----------+-----------+------+----------+

============================================================
+ Verbose Summary: Synthesis Manager
============================================================
InlineROM: 1
ExposeGlobal: 0
============================================================
+ Verbose Summary: CDFG Model
============================================================
IsTopModel: 0
ResetActiveHigh: 1
IsCombinational: 0
IsDatapathOnly: 0
HasWiredReturn: 1
HasMFsm: 2
HasVarLatency: 1
IsPipeline: 0
IsRtlPipelined: 0
IsInstanceOverlapped: 0
IsDontTouch: 0
HasImplIP: 0
IsGatedGlobalClock: 0

+ Individual pipeline summary: 
  * Pipeline-0: initiation interval (II) = 1, depth = 1


============================================================
+ Verbose Summary: Schedule
============================================================
* Number of FSM states : 1
* Pipeline : 1
  Pipeline-0 : II = 1, D = 1, States = { 1 }
* Dataflow Pipeline: 0

* FSM state transitions: 
1 --> 

* FSM state operations: 

State 1 <SV = 0> <Delay = 4.82>
ST_1 : Operation 4 [1/1] (0.00ns)   --->   "%k = alloca i32 1" [C:/ELEC522/sm512/asdf/fpga_hls/matrixmult.cpp:29]   --->   Operation 4 'alloca' 'k' <Predicate = true> <Delay = 0.00>
ST_1 : Operation 5 [1/1] (0.00ns)   --->   "%empty = alloca i32 1"   --->   Operation 5 'alloca' 'empty' <Predicate = true> <Delay = 0.00>
ST_1 : Operation 6 [1/1] (0.00ns)   --->   "%empty_53 = alloca i32 1"   --->   Operation 6 'alloca' 'empty_53' <Predicate = true> <Delay = 0.00>
ST_1 : Operation 7 [1/1] (0.00ns)   --->   "%empty_54 = alloca i32 1"   --->   Operation 7 'alloca' 'empty_54' <Predicate = true> <Delay = 0.00>
ST_1 : Operation 8 [1/1] (0.00ns)   --->   "%empty_55 = alloca i32 1"   --->   Operation 8 'alloca' 'empty_55' <Predicate = true> <Delay = 0.00>
ST_1 : Operation 9 [1/1] (0.00ns)   --->   "%vec_3_val_read = read i16 @_ssdm_op_Read.ap_auto.i16, i16 %vec_3_val"   --->   Operation 9 'read' 'vec_3_val_read' <Predicate = true> <Delay = 0.00>
ST_1 : Operation 10 [1/1] (0.00ns)   --->   "%vec_2_val_read = read i16 @_ssdm_op_Read.ap_auto.i16, i16 %vec_2_val"   --->   Operation 10 'read' 'vec_2_val_read' <Predicate = true> <Delay = 0.00>
ST_1 : Operation 11 [1/1] (0.00ns)   --->   "%vec_1_val_read = read i16 @_ssdm_op_Read.ap_auto.i16, i16 %vec_1_val"   --->   Operation 11 'read' 'vec_1_val_read' <Predicate = true> <Delay = 0.00>
ST_1 : Operation 12 [1/1] (0.00ns)   --->   "%vec_0_val_read = read i16 @_ssdm_op_Read.ap_auto.i16, i16 %vec_0_val"   --->   Operation 12 'read' 'vec_0_val_read' <Predicate = true> <Delay = 0.00>
ST_1 : Operation 13 [1/1] (1.58ns)   --->   "%store_ln29 = store i3 0, i3 %k" [C:/ELEC522/sm512/asdf/fpga_hls/matrixmult.cpp:29]   --->   Operation 13 'store' 'store_ln29' <Predicate = true> <Delay = 1.58>
ST_1 : Operation 14 [1/1] (0.00ns)   --->   "%br_ln0 = br void %for.inc22"   --->   Operation 14 'br' 'br_ln0' <Predicate = true> <Delay = 0.00>
ST_1 : Operation 15 [1/1] (0.00ns)   --->   "%k_1 = load i3 %k" [C:/ELEC522/sm512/asdf/fpga_hls/matrixmult.cpp:29]   --->   Operation 15 'load' 'k_1' <Predicate = true> <Delay = 0.00>
ST_1 : Operation 16 [1/1] (1.65ns)   --->   "%icmp_ln29 = icmp_eq  i3 %k_1, i3 4" [C:/ELEC522/sm512/asdf/fpga_hls/matrixmult.cpp:29]   --->   Operation 16 'icmp' 'icmp_ln29' <Predicate = true> <Delay = 1.65> <CoreInst = "Cmp">   --->   Core 9 'Cmp' <Latency = 0> <II = 1> <Delay = 1.65> <FuncUnit> <Opcode : 'seteq' 'setne' 'setle' 'setge' 'setlt' 'setgt'> <InPorts = 2> <OutPorts = 1>
ST_1 : Operation 17 [1/1] (1.65ns)   --->   "%add_ln29 = add i3 %k_1, i3 1" [C:/ELEC522/sm512/asdf/fpga_hls/matrixmult.cpp:29]   --->   Operation 17 'add' 'add_ln29' <Predicate = true> <Delay = 1.65> <CoreInst = "Adder">   --->   Core 1 'Adder' <Latency = 0> <II = 1> <Delay = 1.65> <FuncUnit> <Opcode : 'add' 'sub'> <InPorts = 2> <OutPorts = 1>
ST_1 : Operation 18 [1/1] (0.00ns)   --->   "%br_ln29 = br i1 %icmp_ln29, void %for.inc22.split, void %VITIS_LOOP_40_5.exitStub" [C:/ELEC522/sm512/asdf/fpga_hls/matrixmult.cpp:29]   --->   Operation 18 'br' 'br_ln29' <Predicate = true> <Delay = 0.00>
ST_1 : Operation 19 [1/1] (0.00ns)   --->   "%trunc_ln29 = trunc i3 %k_1" [C:/ELEC522/sm512/asdf/fpga_hls/matrixmult.cpp:29]   --->   Operation 19 'trunc' 'trunc_ln29' <Predicate = (!icmp_ln29)> <Delay = 0.00>
ST_1 : Operation 20 [1/1] (0.00ns)   --->   "%specpipeline_ln29 = specpipeline void @_ssdm_op_SpecPipeline, i32 4294967295, i32 0, i32 0, i32 0, void @empty_24" [C:/ELEC522/sm512/asdf/fpga_hls/matrixmult.cpp:29]   --->   Operation 20 'specpipeline' 'specpipeline_ln29' <Predicate = (!icmp_ln29)> <Delay = 0.00>
ST_1 : Operation 21 [1/1] (0.00ns)   --->   "%speclooptripcount_ln29 = speclooptripcount void @_ssdm_op_SpecLoopTripCount, i64 4, i64 4, i64 4" [C:/ELEC522/sm512/asdf/fpga_hls/matrixmult.cpp:29]   --->   Operation 21 'speclooptripcount' 'speclooptripcount_ln29' <Predicate = (!icmp_ln29)> <Delay = 0.00>
ST_1 : Operation 22 [1/1] (0.00ns)   --->   "%specloopname_ln29 = specloopname void @_ssdm_op_SpecLoopName, void @empty_16" [C:/ELEC522/sm512/asdf/fpga_hls/matrixmult.cpp:29]   --->   Operation 22 'specloopname' 'specloopname_ln29' <Predicate = (!icmp_ln29)> <Delay = 0.00>
ST_1 : Operation 23 [1/1] (1.82ns)   --->   "%vec_local = sparsemux i16 @_ssdm_op_SparseMux.ap_auto.4i16.i16.i2, i2 0, i16 %vec_0_val_read, i2 1, i16 %vec_1_val_read, i2 2, i16 %vec_2_val_read, i2 3, i16 %vec_3_val_read, i16 0, i2 %trunc_ln29" [C:/ELEC522/sm512/asdf/fpga_hls/matrixmult.cpp:30]   --->   Operation 23 'sparsemux' 'vec_local' <Predicate = (!icmp_ln29)> <Delay = 1.82> <CoreInst = "BinarySparseMux_DontCare">   --->   Core 137 'BinarySparseMux_DontCare' <Latency = 0> <II = 1> <Delay = 1.82> <FuncUnit> <Opcode : 'sparsemux'> <InPorts = 2> <OutPorts = 1>
ST_1 : Operation 24 [1/1] (1.56ns)   --->   "%switch_ln30 = switch i2 %trunc_ln29, void %arrayidx21.case.3, i2 0, void %for.inc22.split.arrayidx21.exit_crit_edge, i2 1, void %arrayidx21.case.1, i2 2, void %arrayidx21.case.2" [C:/ELEC522/sm512/asdf/fpga_hls/matrixmult.cpp:30]   --->   Operation 24 'switch' 'switch_ln30' <Predicate = (!icmp_ln29)> <Delay = 1.56>
ST_1 : Operation 25 [1/1] (0.00ns)   --->   "%store_ln30 = store i16 %vec_local, i16 %empty_54" [C:/ELEC522/sm512/asdf/fpga_hls/matrixmult.cpp:30]   --->   Operation 25 'store' 'store_ln30' <Predicate = (!icmp_ln29 & trunc_ln29 == 2)> <Delay = 0.00>
ST_1 : Operation 26 [1/1] (0.00ns)   --->   "%br_ln30 = br void %arrayidx21.exit" [C:/ELEC522/sm512/asdf/fpga_hls/matrixmult.cpp:30]   --->   Operation 26 'br' 'br_ln30' <Predicate = (!icmp_ln29 & trunc_ln29 == 2)> <Delay = 0.00>
ST_1 : Operation 27 [1/1] (0.00ns)   --->   "%store_ln30 = store i16 %vec_local, i16 %empty_53" [C:/ELEC522/sm512/asdf/fpga_hls/matrixmult.cpp:30]   --->   Operation 27 'store' 'store_ln30' <Predicate = (!icmp_ln29 & trunc_ln29 == 1)> <Delay = 0.00>
ST_1 : Operation 28 [1/1] (0.00ns)   --->   "%br_ln30 = br void %arrayidx21.exit" [C:/ELEC522/sm512/asdf/fpga_hls/matrixmult.cpp:30]   --->   Operation 28 'br' 'br_ln30' <Predicate = (!icmp_ln29 & trunc_ln29 == 1)> <Delay = 0.00>
ST_1 : Operation 29 [1/1] (0.00ns)   --->   "%store_ln30 = store i16 %vec_local, i16 %empty" [C:/ELEC522/sm512/asdf/fpga_hls/matrixmult.cpp:30]   --->   Operation 29 'store' 'store_ln30' <Predicate = (!icmp_ln29 & trunc_ln29 == 0)> <Delay = 0.00>
ST_1 : Operation 30 [1/1] (0.00ns)   --->   "%br_ln30 = br void %arrayidx21.exit" [C:/ELEC522/sm512/asdf/fpga_hls/matrixmult.cpp:30]   --->   Operation 30 'br' 'br_ln30' <Predicate = (!icmp_ln29 & trunc_ln29 == 0)> <Delay = 0.00>
ST_1 : Operation 31 [1/1] (0.00ns)   --->   "%store_ln30 = store i16 %vec_local, i16 %empty_55" [C:/ELEC522/sm512/asdf/fpga_hls/matrixmult.cpp:30]   --->   Operation 31 'store' 'store_ln30' <Predicate = (!icmp_ln29 & trunc_ln29 == 3)> <Delay = 0.00>
ST_1 : Operation 32 [1/1] (0.00ns)   --->   "%br_ln30 = br void %arrayidx21.exit" [C:/ELEC522/sm512/asdf/fpga_hls/matrixmult.cpp:30]   --->   Operation 32 'br' 'br_ln30' <Predicate = (!icmp_ln29 & trunc_ln29 == 3)> <Delay = 0.00>
ST_1 : Operation 33 [1/1] (1.58ns)   --->   "%store_ln29 = store i3 %add_ln29, i3 %k" [C:/ELEC522/sm512/asdf/fpga_hls/matrixmult.cpp:29]   --->   Operation 33 'store' 'store_ln29' <Predicate = (!icmp_ln29)> <Delay = 1.58>
ST_1 : Operation 34 [1/1] (0.00ns)   --->   "%br_ln29 = br void %for.inc22" [C:/ELEC522/sm512/asdf/fpga_hls/matrixmult.cpp:29]   --->   Operation 34 'br' 'br_ln29' <Predicate = (!icmp_ln29)> <Delay = 0.00>
ST_1 : Operation 35 [1/1] (0.00ns)   --->   "%p_load11 = load i16 %empty"   --->   Operation 35 'load' 'p_load11' <Predicate = (icmp_ln29)> <Delay = 0.00>
ST_1 : Operation 36 [1/1] (0.00ns)   --->   "%p_load10 = load i16 %empty_53"   --->   Operation 36 'load' 'p_load10' <Predicate = (icmp_ln29)> <Delay = 0.00>
ST_1 : Operation 37 [1/1] (0.00ns)   --->   "%p_load9 = load i16 %empty_54"   --->   Operation 37 'load' 'p_load9' <Predicate = (icmp_ln29)> <Delay = 0.00>
ST_1 : Operation 38 [1/1] (0.00ns)   --->   "%p_load = load i16 %empty_55"   --->   Operation 38 'load' 'p_load' <Predicate = (icmp_ln29)> <Delay = 0.00>
ST_1 : Operation 39 [1/1] (0.00ns)   --->   "%write_ln0 = write void @_ssdm_op_Write.ap_auto.i16P0A, i16 %p_out, i16 %p_load"   --->   Operation 39 'write' 'write_ln0' <Predicate = (icmp_ln29)> <Delay = 0.00>
ST_1 : Operation 40 [1/1] (0.00ns)   --->   "%write_ln0 = write void @_ssdm_op_Write.ap_auto.i16P0A, i16 %p_out1, i16 %p_load9"   --->   Operation 40 'write' 'write_ln0' <Predicate = (icmp_ln29)> <Delay = 0.00>
ST_1 : Operation 41 [1/1] (0.00ns)   --->   "%write_ln0 = write void @_ssdm_op_Write.ap_auto.i16P0A, i16 %p_out2, i16 %p_load10"   --->   Operation 41 'write' 'write_ln0' <Predicate = (icmp_ln29)> <Delay = 0.00>
ST_1 : Operation 42 [1/1] (0.00ns)   --->   "%write_ln0 = write void @_ssdm_op_Write.ap_auto.i16P0A, i16 %p_out3, i16 %p_load11"   --->   Operation 42 'write' 'write_ln0' <Predicate = (icmp_ln29)> <Delay = 0.00>
ST_1 : Operation 43 [1/1] (1.58ns)   --->   "%ret_ln0 = ret"   --->   Operation 43 'ret' 'ret_ln0' <Predicate = (icmp_ln29)> <Delay = 1.58>


============================================================
+ Verbose Summary: Timing violations
============================================================
Target clock period: 10.000ns, clock uncertainty: 2.000ns.

 <State 1>: 4.826ns
The critical path consists of the following:
	'store' operation 0 bit ('store_ln29', C:/ELEC522/sm512/asdf/fpga_hls/matrixmult.cpp:29) of constant 0 on local variable 'k', C:/ELEC522/sm512/asdf/fpga_hls/matrixmult.cpp:29 [18]  (1.588 ns)
	'load' operation 3 bit ('k', C:/ELEC522/sm512/asdf/fpga_hls/matrixmult.cpp:29) on local variable 'k', C:/ELEC522/sm512/asdf/fpga_hls/matrixmult.cpp:29 [21]  (0.000 ns)
	'icmp' operation 1 bit ('icmp_ln29', C:/ELEC522/sm512/asdf/fpga_hls/matrixmult.cpp:29) [22]  (1.650 ns)
	'store' operation 0 bit ('store_ln29', C:/ELEC522/sm512/asdf/fpga_hls/matrixmult.cpp:29) of variable 'add_ln29', C:/ELEC522/sm512/asdf/fpga_hls/matrixmult.cpp:29 on local variable 'k', C:/ELEC522/sm512/asdf/fpga_hls/matrixmult.cpp:29 [45]  (1.588 ns)


============================================================
+ Verbose Summary: Binding
============================================================
N/A
* FSMD analyzer results:
  - Output states:
 - Input state : 
  - Chain level:
	State 1


============================================================
+ Verbose Summary: Datapath Resource usage 
============================================================
N/A
