

================================================================
== Vitis HLS Report for 'mat_vec_mul_Pipeline_VITIS_LOOP_24_1'
================================================================
* Date:           Tue Dec 16 20:06:17 2025

* Version:        2025.1 (Build 6135595 on May 21 2025)
* Project:        solve_top
* Solution:       hls (Vivado IP Flow Target)
* Product family: zynq
* Target device:  xc7z020-clg484-1


================================================================
== Performance Estimates
================================================================
+ Timing: 
    * Summary: 
    +--------+----------+----------+------------+
    |  Clock |  Target  | Estimated| Uncertainty|
    +--------+----------+----------+------------+
    |ap_clk  |  10.00 ns|  4.826 ns|     2.00 ns|
    +--------+----------+----------+------------+

+ Latency: 
    * Summary: 
    +---------+---------+-----------+-----------+-----+-----+------------------------------------------------+
    |  Latency (cycles) |   Latency (absolute)  |  Interval |                    Pipeline                    |
    |   min   |   max   |    min    |    max    | min | max |                      Type                      |
    +---------+---------+-----------+-----------+-----+-----+------------------------------------------------+
    |        6|        6|  60.000 ns|  60.000 ns|    5|    5|  loop auto-rewind stp (delay=0 clock cycles(s))|
    +---------+---------+-----------+-----------+-----+-----+------------------------------------------------+

    + Detail: 
        * Instance: 
        N/A

        * Loop: 
        +-------------------+---------+---------+----------+-----------+-----------+------+----------+
        |                   |  Latency (cycles) | Iteration|  Initiation Interval  | Trip |          |
        |     Loop Name     |   min   |   max   |  Latency |  achieved |   target  | Count| Pipelined|
        +-------------------+---------+---------+----------+-----------+-----------+------+----------+
        |- VITIS_LOOP_24_1  |        4|        4|         1|          1|          1|     4|       yes|
        +-------------------+---------+---------+----------+-----------+-----------+------+----------+

============================================================
+ Verbose Summary: Synthesis Manager
============================================================
InlineROM: 1
ExposeGlobal: 0
============================================================
+ Verbose Summary: CDFG Model
============================================================
IsTopModel: 0
ResetActiveHigh: 1
IsCombinational: 0
IsDatapathOnly: 0
HasWiredReturn: 1
HasMFsm: 2
HasVarLatency: 1
IsPipeline: 0
IsRtlPipelined: 0
IsInstanceOverlapped: 0
IsDontTouch: 0
HasImplIP: 0
IsGatedGlobalClock: 0

+ Individual pipeline summary: 
  * Pipeline-0: initiation interval (II) = 1, depth = 1


============================================================
+ Verbose Summary: Schedule
============================================================
* Number of FSM states : 1
* Pipeline : 1
  Pipeline-0 : II = 1, D = 1, States = { 1 }
* Dataflow Pipeline: 0

* FSM state transitions: 
1 --> 

* FSM state operations: 

State 1 <SV = 0> <Delay = 4.82>
ST_1 : Operation 4 [1/1] (0.00ns)   --->   "%i = alloca i32 1" [C:/ELEC522/sm512/asdf/fpga_hls/matrixmult.cpp:24]   --->   Operation 4 'alloca' 'i' <Predicate = true> <Delay = 0.00>
ST_1 : Operation 5 [1/1] (0.00ns)   --->   "%p_read_24 = read i16 @_ssdm_op_Read.ap_auto.i16, i16 %p_read15"   --->   Operation 5 'read' 'p_read_24' <Predicate = true> <Delay = 0.00>
ST_1 : Operation 6 [1/1] (0.00ns)   --->   "%p_read_25 = read i16 @_ssdm_op_Read.ap_auto.i16, i16 %p_read14"   --->   Operation 6 'read' 'p_read_25' <Predicate = true> <Delay = 0.00>
ST_1 : Operation 7 [1/1] (0.00ns)   --->   "%p_read_26 = read i16 @_ssdm_op_Read.ap_auto.i16, i16 %p_read13"   --->   Operation 7 'read' 'p_read_26' <Predicate = true> <Delay = 0.00>
ST_1 : Operation 8 [1/1] (0.00ns)   --->   "%p_read_27 = read i16 @_ssdm_op_Read.ap_auto.i16, i16 %p_read12"   --->   Operation 8 'read' 'p_read_27' <Predicate = true> <Delay = 0.00>
ST_1 : Operation 9 [1/1] (0.00ns)   --->   "%p_read_28 = read i16 @_ssdm_op_Read.ap_auto.i16, i16 %p_read11"   --->   Operation 9 'read' 'p_read_28' <Predicate = true> <Delay = 0.00>
ST_1 : Operation 10 [1/1] (0.00ns)   --->   "%p_read1026 = read i16 @_ssdm_op_Read.ap_auto.i16, i16 %p_read10"   --->   Operation 10 'read' 'p_read1026' <Predicate = true> <Delay = 0.00>
ST_1 : Operation 11 [1/1] (0.00ns)   --->   "%p_read925 = read i16 @_ssdm_op_Read.ap_auto.i16, i16 %p_read9"   --->   Operation 11 'read' 'p_read925' <Predicate = true> <Delay = 0.00>
ST_1 : Operation 12 [1/1] (0.00ns)   --->   "%p_read824 = read i16 @_ssdm_op_Read.ap_auto.i16, i16 %p_read8"   --->   Operation 12 'read' 'p_read824' <Predicate = true> <Delay = 0.00>
ST_1 : Operation 13 [1/1] (0.00ns)   --->   "%p_read723 = read i16 @_ssdm_op_Read.ap_auto.i16, i16 %p_read7"   --->   Operation 13 'read' 'p_read723' <Predicate = true> <Delay = 0.00>
ST_1 : Operation 14 [1/1] (0.00ns)   --->   "%p_read622 = read i16 @_ssdm_op_Read.ap_auto.i16, i16 %p_read6"   --->   Operation 14 'read' 'p_read622' <Predicate = true> <Delay = 0.00>
ST_1 : Operation 15 [1/1] (0.00ns)   --->   "%p_read521 = read i16 @_ssdm_op_Read.ap_auto.i16, i16 %p_read5"   --->   Operation 15 'read' 'p_read521' <Predicate = true> <Delay = 0.00>
ST_1 : Operation 16 [1/1] (0.00ns)   --->   "%p_read420 = read i16 @_ssdm_op_Read.ap_auto.i16, i16 %p_read4"   --->   Operation 16 'read' 'p_read420' <Predicate = true> <Delay = 0.00>
ST_1 : Operation 17 [1/1] (0.00ns)   --->   "%p_read319 = read i16 @_ssdm_op_Read.ap_auto.i16, i16 %p_read3"   --->   Operation 17 'read' 'p_read319' <Predicate = true> <Delay = 0.00>
ST_1 : Operation 18 [1/1] (0.00ns)   --->   "%p_read218 = read i16 @_ssdm_op_Read.ap_auto.i16, i16 %p_read2"   --->   Operation 18 'read' 'p_read218' <Predicate = true> <Delay = 0.00>
ST_1 : Operation 19 [1/1] (0.00ns)   --->   "%p_read117 = read i16 @_ssdm_op_Read.ap_auto.i16, i16 %p_read1"   --->   Operation 19 'read' 'p_read117' <Predicate = true> <Delay = 0.00>
ST_1 : Operation 20 [1/1] (0.00ns)   --->   "%p_read16 = read i16 @_ssdm_op_Read.ap_auto.i16, i16 %p_read"   --->   Operation 20 'read' 'p_read16' <Predicate = true> <Delay = 0.00>
ST_1 : Operation 21 [1/1] (0.00ns)   --->   "%mat_local_15 = alloca i64 1" [C:/ELEC522/sm512/asdf/fpga_hls/matrixmult.cpp:15]   --->   Operation 21 'alloca' 'mat_local_15' <Predicate = true> <Delay = 0.00>
ST_1 : Operation 22 [1/1] (0.00ns)   --->   "%mat_local_14 = alloca i64 1" [C:/ELEC522/sm512/asdf/fpga_hls/matrixmult.cpp:15]   --->   Operation 22 'alloca' 'mat_local_14' <Predicate = true> <Delay = 0.00>
ST_1 : Operation 23 [1/1] (0.00ns)   --->   "%mat_local_13 = alloca i64 1" [C:/ELEC522/sm512/asdf/fpga_hls/matrixmult.cpp:15]   --->   Operation 23 'alloca' 'mat_local_13' <Predicate = true> <Delay = 0.00>
ST_1 : Operation 24 [1/1] (0.00ns)   --->   "%mat_local_12 = alloca i64 1" [C:/ELEC522/sm512/asdf/fpga_hls/matrixmult.cpp:15]   --->   Operation 24 'alloca' 'mat_local_12' <Predicate = true> <Delay = 0.00>
ST_1 : Operation 25 [1/1] (0.00ns)   --->   "%mat_local_11 = alloca i64 1" [C:/ELEC522/sm512/asdf/fpga_hls/matrixmult.cpp:15]   --->   Operation 25 'alloca' 'mat_local_11' <Predicate = true> <Delay = 0.00>
ST_1 : Operation 26 [1/1] (0.00ns)   --->   "%mat_local_10 = alloca i64 1" [C:/ELEC522/sm512/asdf/fpga_hls/matrixmult.cpp:15]   --->   Operation 26 'alloca' 'mat_local_10' <Predicate = true> <Delay = 0.00>
ST_1 : Operation 27 [1/1] (0.00ns)   --->   "%mat_local_9 = alloca i64 1" [C:/ELEC522/sm512/asdf/fpga_hls/matrixmult.cpp:15]   --->   Operation 27 'alloca' 'mat_local_9' <Predicate = true> <Delay = 0.00>
ST_1 : Operation 28 [1/1] (0.00ns)   --->   "%mat_local_8 = alloca i64 1" [C:/ELEC522/sm512/asdf/fpga_hls/matrixmult.cpp:15]   --->   Operation 28 'alloca' 'mat_local_8' <Predicate = true> <Delay = 0.00>
ST_1 : Operation 29 [1/1] (0.00ns)   --->   "%mat_local_7 = alloca i64 1" [C:/ELEC522/sm512/asdf/fpga_hls/matrixmult.cpp:15]   --->   Operation 29 'alloca' 'mat_local_7' <Predicate = true> <Delay = 0.00>
ST_1 : Operation 30 [1/1] (0.00ns)   --->   "%mat_local_6 = alloca i64 1" [C:/ELEC522/sm512/asdf/fpga_hls/matrixmult.cpp:15]   --->   Operation 30 'alloca' 'mat_local_6' <Predicate = true> <Delay = 0.00>
ST_1 : Operation 31 [1/1] (0.00ns)   --->   "%mat_local_5 = alloca i64 1" [C:/ELEC522/sm512/asdf/fpga_hls/matrixmult.cpp:15]   --->   Operation 31 'alloca' 'mat_local_5' <Predicate = true> <Delay = 0.00>
ST_1 : Operation 32 [1/1] (0.00ns)   --->   "%mat_local_4 = alloca i64 1" [C:/ELEC522/sm512/asdf/fpga_hls/matrixmult.cpp:15]   --->   Operation 32 'alloca' 'mat_local_4' <Predicate = true> <Delay = 0.00>
ST_1 : Operation 33 [1/1] (0.00ns)   --->   "%mat_local_3 = alloca i64 1" [C:/ELEC522/sm512/asdf/fpga_hls/matrixmult.cpp:15]   --->   Operation 33 'alloca' 'mat_local_3' <Predicate = true> <Delay = 0.00>
ST_1 : Operation 34 [1/1] (0.00ns)   --->   "%mat_local_2 = alloca i64 1" [C:/ELEC522/sm512/asdf/fpga_hls/matrixmult.cpp:15]   --->   Operation 34 'alloca' 'mat_local_2' <Predicate = true> <Delay = 0.00>
ST_1 : Operation 35 [1/1] (0.00ns)   --->   "%mat_local_1 = alloca i64 1" [C:/ELEC522/sm512/asdf/fpga_hls/matrixmult.cpp:15]   --->   Operation 35 'alloca' 'mat_local_1' <Predicate = true> <Delay = 0.00>
ST_1 : Operation 36 [1/1] (0.00ns)   --->   "%mat_local = alloca i64 1" [C:/ELEC522/sm512/asdf/fpga_hls/matrixmult.cpp:15]   --->   Operation 36 'alloca' 'mat_local' <Predicate = true> <Delay = 0.00>
ST_1 : Operation 37 [1/1] (1.58ns)   --->   "%store_ln24 = store i3 0, i3 %i" [C:/ELEC522/sm512/asdf/fpga_hls/matrixmult.cpp:24]   --->   Operation 37 'store' 'store_ln24' <Predicate = true> <Delay = 1.58>
ST_1 : Operation 38 [1/1] (0.00ns)   --->   "%br_ln24 = br void %VITIS_LOOP_25_2" [C:/ELEC522/sm512/asdf/fpga_hls/matrixmult.cpp:24]   --->   Operation 38 'br' 'br_ln24' <Predicate = true> <Delay = 0.00>
ST_1 : Operation 39 [1/1] (0.00ns)   --->   "%i_4 = load i3 %i" [C:/ELEC522/sm512/asdf/fpga_hls/matrixmult.cpp:24]   --->   Operation 39 'load' 'i_4' <Predicate = true> <Delay = 0.00>
ST_1 : Operation 40 [1/1] (1.65ns)   --->   "%icmp_ln24 = icmp_eq  i3 %i_4, i3 4" [C:/ELEC522/sm512/asdf/fpga_hls/matrixmult.cpp:24]   --->   Operation 40 'icmp' 'icmp_ln24' <Predicate = true> <Delay = 1.65> <CoreInst = "Cmp">   --->   Core 9 'Cmp' <Latency = 0> <II = 1> <Delay = 1.65> <FuncUnit> <Opcode : 'seteq' 'setne' 'setle' 'setge' 'setlt' 'setgt'> <InPorts = 2> <OutPorts = 1>
ST_1 : Operation 41 [1/1] (1.65ns)   --->   "%add_ln24 = add i3 %i_4, i3 1" [C:/ELEC522/sm512/asdf/fpga_hls/matrixmult.cpp:24]   --->   Operation 41 'add' 'add_ln24' <Predicate = true> <Delay = 1.65> <CoreInst = "Adder">   --->   Core 1 'Adder' <Latency = 0> <II = 1> <Delay = 1.65> <FuncUnit> <Opcode : 'add' 'sub'> <InPorts = 2> <OutPorts = 1>
ST_1 : Operation 42 [1/1] (0.00ns)   --->   "%br_ln24 = br i1 %icmp_ln24, void %VITIS_LOOP_25_2.split, void %for.inc22.preheader" [C:/ELEC522/sm512/asdf/fpga_hls/matrixmult.cpp:24]   --->   Operation 42 'br' 'br_ln24' <Predicate = true> <Delay = 0.00>
ST_1 : Operation 43 [1/1] (0.00ns)   --->   "%trunc_ln24 = trunc i3 %i_4" [C:/ELEC522/sm512/asdf/fpga_hls/matrixmult.cpp:24]   --->   Operation 43 'trunc' 'trunc_ln24' <Predicate = (!icmp_ln24)> <Delay = 0.00>
ST_1 : Operation 44 [1/1] (0.00ns)   --->   "%specpipeline_ln24 = specpipeline void @_ssdm_op_SpecPipeline, i32 4294967295, i32 0, i32 0, i32 0, void @empty_24" [C:/ELEC522/sm512/asdf/fpga_hls/matrixmult.cpp:24]   --->   Operation 44 'specpipeline' 'specpipeline_ln24' <Predicate = (!icmp_ln24)> <Delay = 0.00>
ST_1 : Operation 45 [1/1] (0.00ns)   --->   "%speclooptripcount_ln24 = speclooptripcount void @_ssdm_op_SpecLoopTripCount, i64 4, i64 4, i64 4" [C:/ELEC522/sm512/asdf/fpga_hls/matrixmult.cpp:24]   --->   Operation 45 'speclooptripcount' 'speclooptripcount_ln24' <Predicate = (!icmp_ln24)> <Delay = 0.00>
ST_1 : Operation 46 [1/1] (0.00ns)   --->   "%specloopname_ln24 = specloopname void @_ssdm_op_SpecLoopName, void @empty_17" [C:/ELEC522/sm512/asdf/fpga_hls/matrixmult.cpp:24]   --->   Operation 46 'specloopname' 'specloopname_ln24' <Predicate = (!icmp_ln24)> <Delay = 0.00>
ST_1 : Operation 47 [1/1] (1.82ns)   --->   "%mat_local_19 = sparsemux i16 @_ssdm_op_SparseMux.ap_auto.4i16.i16.i2, i2 0, i16 %p_read16, i2 1, i16 %p_read117, i2 2, i16 %p_read218, i2 3, i16 %p_read319, i16 0, i2 %trunc_ln24" [C:/ELEC522/sm512/asdf/fpga_hls/matrixmult.cpp:24]   --->   Operation 47 'sparsemux' 'mat_local_19' <Predicate = (!icmp_ln24)> <Delay = 1.82> <CoreInst = "BinarySparseMux_DontCare">   --->   Core 137 'BinarySparseMux_DontCare' <Latency = 0> <II = 1> <Delay = 1.82> <FuncUnit> <Opcode : 'sparsemux'> <InPorts = 2> <OutPorts = 1>
ST_1 : Operation 48 [1/1] (1.82ns)   --->   "%mat_local_16 = sparsemux i16 @_ssdm_op_SparseMux.ap_auto.4i16.i16.i2, i2 0, i16 %p_read420, i2 1, i16 %p_read521, i2 2, i16 %p_read622, i2 3, i16 %p_read723, i16 0, i2 %trunc_ln24" [C:/ELEC522/sm512/asdf/fpga_hls/matrixmult.cpp:24]   --->   Operation 48 'sparsemux' 'mat_local_16' <Predicate = (!icmp_ln24)> <Delay = 1.82> <CoreInst = "BinarySparseMux_DontCare">   --->   Core 137 'BinarySparseMux_DontCare' <Latency = 0> <II = 1> <Delay = 1.82> <FuncUnit> <Opcode : 'sparsemux'> <InPorts = 2> <OutPorts = 1>
ST_1 : Operation 49 [1/1] (1.82ns)   --->   "%mat_local_17 = sparsemux i16 @_ssdm_op_SparseMux.ap_auto.4i16.i16.i2, i2 0, i16 %p_read824, i2 1, i16 %p_read925, i2 2, i16 %p_read1026, i2 3, i16 %p_read_28, i16 0, i2 %trunc_ln24" [C:/ELEC522/sm512/asdf/fpga_hls/matrixmult.cpp:24]   --->   Operation 49 'sparsemux' 'mat_local_17' <Predicate = (!icmp_ln24)> <Delay = 1.82> <CoreInst = "BinarySparseMux_DontCare">   --->   Core 137 'BinarySparseMux_DontCare' <Latency = 0> <II = 1> <Delay = 1.82> <FuncUnit> <Opcode : 'sparsemux'> <InPorts = 2> <OutPorts = 1>
ST_1 : Operation 50 [1/1] (1.82ns)   --->   "%mat_local_18 = sparsemux i16 @_ssdm_op_SparseMux.ap_auto.4i16.i16.i2, i2 0, i16 %p_read_27, i2 1, i16 %p_read_26, i2 2, i16 %p_read_25, i2 3, i16 %p_read_24, i16 0, i2 %trunc_ln24" [C:/ELEC522/sm512/asdf/fpga_hls/matrixmult.cpp:24]   --->   Operation 50 'sparsemux' 'mat_local_18' <Predicate = (!icmp_ln24)> <Delay = 1.82> <CoreInst = "BinarySparseMux_DontCare">   --->   Core 137 'BinarySparseMux_DontCare' <Latency = 0> <II = 1> <Delay = 1.82> <FuncUnit> <Opcode : 'sparsemux'> <InPorts = 2> <OutPorts = 1>
ST_1 : Operation 51 [1/1] (1.56ns)   --->   "%switch_ln26 = switch i2 %trunc_ln24, void %arrayidx103_3.case.3, i2 0, void %arrayidx103_3.case.0, i2 1, void %arrayidx103_3.case.1, i2 2, void %arrayidx103_3.case.2" [C:/ELEC522/sm512/asdf/fpga_hls/matrixmult.cpp:26]   --->   Operation 51 'switch' 'switch_ln26' <Predicate = (!icmp_ln24)> <Delay = 1.56>
ST_1 : Operation 52 [1/1] (0.00ns)   --->   "%store_ln26 = store i16 %mat_local_19, i16 %mat_local_2" [C:/ELEC522/sm512/asdf/fpga_hls/matrixmult.cpp:26]   --->   Operation 52 'store' 'store_ln26' <Predicate = (!icmp_ln24 & trunc_ln24 == 2)> <Delay = 0.00>
ST_1 : Operation 53 [1/1] (0.00ns)   --->   "%store_ln26 = store i16 %mat_local_16, i16 %mat_local_6" [C:/ELEC522/sm512/asdf/fpga_hls/matrixmult.cpp:26]   --->   Operation 53 'store' 'store_ln26' <Predicate = (!icmp_ln24 & trunc_ln24 == 2)> <Delay = 0.00>
ST_1 : Operation 54 [1/1] (0.00ns)   --->   "%store_ln26 = store i16 %mat_local_17, i16 %mat_local_10" [C:/ELEC522/sm512/asdf/fpga_hls/matrixmult.cpp:26]   --->   Operation 54 'store' 'store_ln26' <Predicate = (!icmp_ln24 & trunc_ln24 == 2)> <Delay = 0.00>
ST_1 : Operation 55 [1/1] (0.00ns)   --->   "%store_ln26 = store i16 %mat_local_18, i16 %mat_local_14" [C:/ELEC522/sm512/asdf/fpga_hls/matrixmult.cpp:26]   --->   Operation 55 'store' 'store_ln26' <Predicate = (!icmp_ln24 & trunc_ln24 == 2)> <Delay = 0.00>
ST_1 : Operation 56 [1/1] (0.00ns)   --->   "%br_ln26 = br void %arrayidx103_3.exit" [C:/ELEC522/sm512/asdf/fpga_hls/matrixmult.cpp:26]   --->   Operation 56 'br' 'br_ln26' <Predicate = (!icmp_ln24 & trunc_ln24 == 2)> <Delay = 0.00>
ST_1 : Operation 57 [1/1] (0.00ns)   --->   "%store_ln26 = store i16 %mat_local_19, i16 %mat_local_1" [C:/ELEC522/sm512/asdf/fpga_hls/matrixmult.cpp:26]   --->   Operation 57 'store' 'store_ln26' <Predicate = (!icmp_ln24 & trunc_ln24 == 1)> <Delay = 0.00>
ST_1 : Operation 58 [1/1] (0.00ns)   --->   "%store_ln26 = store i16 %mat_local_16, i16 %mat_local_5" [C:/ELEC522/sm512/asdf/fpga_hls/matrixmult.cpp:26]   --->   Operation 58 'store' 'store_ln26' <Predicate = (!icmp_ln24 & trunc_ln24 == 1)> <Delay = 0.00>
ST_1 : Operation 59 [1/1] (0.00ns)   --->   "%store_ln26 = store i16 %mat_local_17, i16 %mat_local_9" [C:/ELEC522/sm512/asdf/fpga_hls/matrixmult.cpp:26]   --->   Operation 59 'store' 'store_ln26' <Predicate = (!icmp_ln24 & trunc_ln24 == 1)> <Delay = 0.00>
ST_1 : Operation 60 [1/1] (0.00ns)   --->   "%store_ln26 = store i16 %mat_local_18, i16 %mat_local_13" [C:/ELEC522/sm512/asdf/fpga_hls/matrixmult.cpp:26]   --->   Operation 60 'store' 'store_ln26' <Predicate = (!icmp_ln24 & trunc_ln24 == 1)> <Delay = 0.00>
ST_1 : Operation 61 [1/1] (0.00ns)   --->   "%br_ln26 = br void %arrayidx103_3.exit" [C:/ELEC522/sm512/asdf/fpga_hls/matrixmult.cpp:26]   --->   Operation 61 'br' 'br_ln26' <Predicate = (!icmp_ln24 & trunc_ln24 == 1)> <Delay = 0.00>
ST_1 : Operation 62 [1/1] (0.00ns)   --->   "%store_ln26 = store i16 %mat_local_19, i16 %mat_local" [C:/ELEC522/sm512/asdf/fpga_hls/matrixmult.cpp:26]   --->   Operation 62 'store' 'store_ln26' <Predicate = (!icmp_ln24 & trunc_ln24 == 0)> <Delay = 0.00>
ST_1 : Operation 63 [1/1] (0.00ns)   --->   "%store_ln26 = store i16 %mat_local_16, i16 %mat_local_4" [C:/ELEC522/sm512/asdf/fpga_hls/matrixmult.cpp:26]   --->   Operation 63 'store' 'store_ln26' <Predicate = (!icmp_ln24 & trunc_ln24 == 0)> <Delay = 0.00>
ST_1 : Operation 64 [1/1] (0.00ns)   --->   "%store_ln26 = store i16 %mat_local_17, i16 %mat_local_8" [C:/ELEC522/sm512/asdf/fpga_hls/matrixmult.cpp:26]   --->   Operation 64 'store' 'store_ln26' <Predicate = (!icmp_ln24 & trunc_ln24 == 0)> <Delay = 0.00>
ST_1 : Operation 65 [1/1] (0.00ns)   --->   "%store_ln26 = store i16 %mat_local_18, i16 %mat_local_12" [C:/ELEC522/sm512/asdf/fpga_hls/matrixmult.cpp:26]   --->   Operation 65 'store' 'store_ln26' <Predicate = (!icmp_ln24 & trunc_ln24 == 0)> <Delay = 0.00>
ST_1 : Operation 66 [1/1] (0.00ns)   --->   "%br_ln26 = br void %arrayidx103_3.exit" [C:/ELEC522/sm512/asdf/fpga_hls/matrixmult.cpp:26]   --->   Operation 66 'br' 'br_ln26' <Predicate = (!icmp_ln24 & trunc_ln24 == 0)> <Delay = 0.00>
ST_1 : Operation 67 [1/1] (0.00ns)   --->   "%store_ln26 = store i16 %mat_local_19, i16 %mat_local_3" [C:/ELEC522/sm512/asdf/fpga_hls/matrixmult.cpp:26]   --->   Operation 67 'store' 'store_ln26' <Predicate = (!icmp_ln24 & trunc_ln24 == 3)> <Delay = 0.00>
ST_1 : Operation 68 [1/1] (0.00ns)   --->   "%store_ln26 = store i16 %mat_local_16, i16 %mat_local_7" [C:/ELEC522/sm512/asdf/fpga_hls/matrixmult.cpp:26]   --->   Operation 68 'store' 'store_ln26' <Predicate = (!icmp_ln24 & trunc_ln24 == 3)> <Delay = 0.00>
ST_1 : Operation 69 [1/1] (0.00ns)   --->   "%store_ln26 = store i16 %mat_local_17, i16 %mat_local_11" [C:/ELEC522/sm512/asdf/fpga_hls/matrixmult.cpp:26]   --->   Operation 69 'store' 'store_ln26' <Predicate = (!icmp_ln24 & trunc_ln24 == 3)> <Delay = 0.00>
ST_1 : Operation 70 [1/1] (0.00ns)   --->   "%store_ln26 = store i16 %mat_local_18, i16 %mat_local_15" [C:/ELEC522/sm512/asdf/fpga_hls/matrixmult.cpp:26]   --->   Operation 70 'store' 'store_ln26' <Predicate = (!icmp_ln24 & trunc_ln24 == 3)> <Delay = 0.00>
ST_1 : Operation 71 [1/1] (0.00ns)   --->   "%br_ln26 = br void %arrayidx103_3.exit" [C:/ELEC522/sm512/asdf/fpga_hls/matrixmult.cpp:26]   --->   Operation 71 'br' 'br_ln26' <Predicate = (!icmp_ln24 & trunc_ln24 == 3)> <Delay = 0.00>
ST_1 : Operation 72 [1/1] (1.58ns)   --->   "%store_ln24 = store i3 %add_ln24, i3 %i" [C:/ELEC522/sm512/asdf/fpga_hls/matrixmult.cpp:24]   --->   Operation 72 'store' 'store_ln24' <Predicate = (!icmp_ln24)> <Delay = 1.58>
ST_1 : Operation 73 [1/1] (0.00ns)   --->   "%br_ln24 = br void %VITIS_LOOP_25_2" [C:/ELEC522/sm512/asdf/fpga_hls/matrixmult.cpp:24]   --->   Operation 73 'br' 'br_ln24' <Predicate = (!icmp_ln24)> <Delay = 0.00>
ST_1 : Operation 74 [1/1] (0.00ns)   --->   "%mat_local_load = load i16 %mat_local"   --->   Operation 74 'load' 'mat_local_load' <Predicate = (icmp_ln24)> <Delay = 0.00>
ST_1 : Operation 75 [1/1] (0.00ns)   --->   "%mat_local_1_load = load i16 %mat_local_1"   --->   Operation 75 'load' 'mat_local_1_load' <Predicate = (icmp_ln24)> <Delay = 0.00>
ST_1 : Operation 76 [1/1] (0.00ns)   --->   "%mat_local_2_load = load i16 %mat_local_2"   --->   Operation 76 'load' 'mat_local_2_load' <Predicate = (icmp_ln24)> <Delay = 0.00>
ST_1 : Operation 77 [1/1] (0.00ns)   --->   "%mat_local_3_load = load i16 %mat_local_3"   --->   Operation 77 'load' 'mat_local_3_load' <Predicate = (icmp_ln24)> <Delay = 0.00>
ST_1 : Operation 78 [1/1] (0.00ns)   --->   "%mat_local_4_load = load i16 %mat_local_4"   --->   Operation 78 'load' 'mat_local_4_load' <Predicate = (icmp_ln24)> <Delay = 0.00>
ST_1 : Operation 79 [1/1] (0.00ns)   --->   "%mat_local_5_load = load i16 %mat_local_5"   --->   Operation 79 'load' 'mat_local_5_load' <Predicate = (icmp_ln24)> <Delay = 0.00>
ST_1 : Operation 80 [1/1] (0.00ns)   --->   "%mat_local_6_load = load i16 %mat_local_6"   --->   Operation 80 'load' 'mat_local_6_load' <Predicate = (icmp_ln24)> <Delay = 0.00>
ST_1 : Operation 81 [1/1] (0.00ns)   --->   "%mat_local_7_load = load i16 %mat_local_7"   --->   Operation 81 'load' 'mat_local_7_load' <Predicate = (icmp_ln24)> <Delay = 0.00>
ST_1 : Operation 82 [1/1] (0.00ns)   --->   "%mat_local_8_load = load i16 %mat_local_8"   --->   Operation 82 'load' 'mat_local_8_load' <Predicate = (icmp_ln24)> <Delay = 0.00>
ST_1 : Operation 83 [1/1] (0.00ns)   --->   "%mat_local_9_load = load i16 %mat_local_9"   --->   Operation 83 'load' 'mat_local_9_load' <Predicate = (icmp_ln24)> <Delay = 0.00>
ST_1 : Operation 84 [1/1] (0.00ns)   --->   "%mat_local_10_load = load i16 %mat_local_10"   --->   Operation 84 'load' 'mat_local_10_load' <Predicate = (icmp_ln24)> <Delay = 0.00>
ST_1 : Operation 85 [1/1] (0.00ns)   --->   "%mat_local_11_load = load i16 %mat_local_11"   --->   Operation 85 'load' 'mat_local_11_load' <Predicate = (icmp_ln24)> <Delay = 0.00>
ST_1 : Operation 86 [1/1] (0.00ns)   --->   "%mat_local_12_load = load i16 %mat_local_12"   --->   Operation 86 'load' 'mat_local_12_load' <Predicate = (icmp_ln24)> <Delay = 0.00>
ST_1 : Operation 87 [1/1] (0.00ns)   --->   "%mat_local_13_load = load i16 %mat_local_13"   --->   Operation 87 'load' 'mat_local_13_load' <Predicate = (icmp_ln24)> <Delay = 0.00>
ST_1 : Operation 88 [1/1] (0.00ns)   --->   "%mat_local_14_load = load i16 %mat_local_14"   --->   Operation 88 'load' 'mat_local_14_load' <Predicate = (icmp_ln24)> <Delay = 0.00>
ST_1 : Operation 89 [1/1] (0.00ns)   --->   "%mat_local_15_load = load i16 %mat_local_15"   --->   Operation 89 'load' 'mat_local_15_load' <Predicate = (icmp_ln24)> <Delay = 0.00>
ST_1 : Operation 90 [1/1] (0.00ns)   --->   "%write_ln0 = write void @_ssdm_op_Write.ap_auto.i16P0A, i16 %mat_local_load_out, i16 %mat_local_load"   --->   Operation 90 'write' 'write_ln0' <Predicate = (icmp_ln24)> <Delay = 0.00>
ST_1 : Operation 91 [1/1] (0.00ns)   --->   "%write_ln0 = write void @_ssdm_op_Write.ap_auto.i16P0A, i16 %mat_local_1_load_out, i16 %mat_local_1_load"   --->   Operation 91 'write' 'write_ln0' <Predicate = (icmp_ln24)> <Delay = 0.00>
ST_1 : Operation 92 [1/1] (0.00ns)   --->   "%write_ln0 = write void @_ssdm_op_Write.ap_auto.i16P0A, i16 %mat_local_2_load_out, i16 %mat_local_2_load"   --->   Operation 92 'write' 'write_ln0' <Predicate = (icmp_ln24)> <Delay = 0.00>
ST_1 : Operation 93 [1/1] (0.00ns)   --->   "%write_ln0 = write void @_ssdm_op_Write.ap_auto.i16P0A, i16 %mat_local_3_load_out, i16 %mat_local_3_load"   --->   Operation 93 'write' 'write_ln0' <Predicate = (icmp_ln24)> <Delay = 0.00>
ST_1 : Operation 94 [1/1] (0.00ns)   --->   "%write_ln0 = write void @_ssdm_op_Write.ap_auto.i16P0A, i16 %mat_local_4_load_out, i16 %mat_local_4_load"   --->   Operation 94 'write' 'write_ln0' <Predicate = (icmp_ln24)> <Delay = 0.00>
ST_1 : Operation 95 [1/1] (0.00ns)   --->   "%write_ln0 = write void @_ssdm_op_Write.ap_auto.i16P0A, i16 %mat_local_5_load_out, i16 %mat_local_5_load"   --->   Operation 95 'write' 'write_ln0' <Predicate = (icmp_ln24)> <Delay = 0.00>
ST_1 : Operation 96 [1/1] (0.00ns)   --->   "%write_ln0 = write void @_ssdm_op_Write.ap_auto.i16P0A, i16 %mat_local_6_load_out, i16 %mat_local_6_load"   --->   Operation 96 'write' 'write_ln0' <Predicate = (icmp_ln24)> <Delay = 0.00>
ST_1 : Operation 97 [1/1] (0.00ns)   --->   "%write_ln0 = write void @_ssdm_op_Write.ap_auto.i16P0A, i16 %mat_local_7_load_out, i16 %mat_local_7_load"   --->   Operation 97 'write' 'write_ln0' <Predicate = (icmp_ln24)> <Delay = 0.00>
ST_1 : Operation 98 [1/1] (0.00ns)   --->   "%write_ln0 = write void @_ssdm_op_Write.ap_auto.i16P0A, i16 %mat_local_8_load_out, i16 %mat_local_8_load"   --->   Operation 98 'write' 'write_ln0' <Predicate = (icmp_ln24)> <Delay = 0.00>
ST_1 : Operation 99 [1/1] (0.00ns)   --->   "%write_ln0 = write void @_ssdm_op_Write.ap_auto.i16P0A, i16 %mat_local_9_load_out, i16 %mat_local_9_load"   --->   Operation 99 'write' 'write_ln0' <Predicate = (icmp_ln24)> <Delay = 0.00>
ST_1 : Operation 100 [1/1] (0.00ns)   --->   "%write_ln0 = write void @_ssdm_op_Write.ap_auto.i16P0A, i16 %mat_local_10_load_out, i16 %mat_local_10_load"   --->   Operation 100 'write' 'write_ln0' <Predicate = (icmp_ln24)> <Delay = 0.00>
ST_1 : Operation 101 [1/1] (0.00ns)   --->   "%write_ln0 = write void @_ssdm_op_Write.ap_auto.i16P0A, i16 %mat_local_11_load_out, i16 %mat_local_11_load"   --->   Operation 101 'write' 'write_ln0' <Predicate = (icmp_ln24)> <Delay = 0.00>
ST_1 : Operation 102 [1/1] (0.00ns)   --->   "%write_ln0 = write void @_ssdm_op_Write.ap_auto.i16P0A, i16 %mat_local_12_load_out, i16 %mat_local_12_load"   --->   Operation 102 'write' 'write_ln0' <Predicate = (icmp_ln24)> <Delay = 0.00>
ST_1 : Operation 103 [1/1] (0.00ns)   --->   "%write_ln0 = write void @_ssdm_op_Write.ap_auto.i16P0A, i16 %mat_local_13_load_out, i16 %mat_local_13_load"   --->   Operation 103 'write' 'write_ln0' <Predicate = (icmp_ln24)> <Delay = 0.00>
ST_1 : Operation 104 [1/1] (0.00ns)   --->   "%write_ln0 = write void @_ssdm_op_Write.ap_auto.i16P0A, i16 %mat_local_14_load_out, i16 %mat_local_14_load"   --->   Operation 104 'write' 'write_ln0' <Predicate = (icmp_ln24)> <Delay = 0.00>
ST_1 : Operation 105 [1/1] (0.00ns)   --->   "%write_ln0 = write void @_ssdm_op_Write.ap_auto.i16P0A, i16 %mat_local_15_load_out, i16 %mat_local_15_load"   --->   Operation 105 'write' 'write_ln0' <Predicate = (icmp_ln24)> <Delay = 0.00>
ST_1 : Operation 106 [1/1] (1.58ns)   --->   "%ret_ln0 = ret"   --->   Operation 106 'ret' 'ret_ln0' <Predicate = (icmp_ln24)> <Delay = 1.58>


============================================================
+ Verbose Summary: Timing violations
============================================================
Target clock period: 10.000ns, clock uncertainty: 2.000ns.

 <State 1>: 4.826ns
The critical path consists of the following:
	'store' operation 0 bit ('store_ln24', C:/ELEC522/sm512/asdf/fpga_hls/matrixmult.cpp:24) of constant 0 on local variable 'i', C:/ELEC522/sm512/asdf/fpga_hls/matrixmult.cpp:24 [66]  (1.588 ns)
	'load' operation 3 bit ('i', C:/ELEC522/sm512/asdf/fpga_hls/matrixmult.cpp:24) on local variable 'i', C:/ELEC522/sm512/asdf/fpga_hls/matrixmult.cpp:24 [69]  (0.000 ns)
	'icmp' operation 1 bit ('icmp_ln24', C:/ELEC522/sm512/asdf/fpga_hls/matrixmult.cpp:24) [70]  (1.650 ns)
	'store' operation 0 bit ('store_ln24', C:/ELEC522/sm512/asdf/fpga_hls/matrixmult.cpp:24) of variable 'add_ln24', C:/ELEC522/sm512/asdf/fpga_hls/matrixmult.cpp:24 on local variable 'i', C:/ELEC522/sm512/asdf/fpga_hls/matrixmult.cpp:24 [108]  (1.588 ns)


============================================================
+ Verbose Summary: Binding
============================================================
N/A
* FSMD analyzer results:
  - Output states:
 - Input state : 
  - Chain level:
	State 1


============================================================
+ Verbose Summary: Datapath Resource usage 
============================================================
N/A
