

================================================================
== Vitis HLS Report for 'mat_vec_mul_Pipeline_VITIS_LOOP_50_7'
================================================================
* Date:           Tue Dec 16 20:06:29 2025

* Version:        2025.1 (Build 6135595 on May 21 2025)
* Project:        solve_top
* Solution:       hls (Vivado IP Flow Target)
* Product family: zynq
* Target device:  xc7z020-clg484-1


================================================================
== Performance Estimates
================================================================
+ Timing: 
    * Summary: 
    +--------+----------+----------+------------+
    |  Clock |  Target  | Estimated| Uncertainty|
    +--------+----------+----------+------------+
    |ap_clk  |  10.00 ns|  4.826 ns|     2.00 ns|
    +--------+----------+----------+------------+

+ Latency: 
    * Summary: 
    +---------+---------+-----------+-----------+-----+-----+------------------------------------------------+
    |  Latency (cycles) |   Latency (absolute)  |  Interval |                    Pipeline                    |
    |   min   |   max   |    min    |    max    | min | max |                      Type                      |
    +---------+---------+-----------+-----------+-----+-----+------------------------------------------------+
    |        6|        6|  60.000 ns|  60.000 ns|    5|    5|  loop auto-rewind stp (delay=0 clock cycles(s))|
    +---------+---------+-----------+-----------+-----+-----+------------------------------------------------+

    + Detail: 
        * Instance: 
        N/A

        * Loop: 
        +-------------------+---------+---------+----------+-----------+-----------+------+----------+
        |                   |  Latency (cycles) | Iteration|  Initiation Interval  | Trip |          |
        |     Loop Name     |   min   |   max   |  Latency |  achieved |   target  | Count| Pipelined|
        +-------------------+---------+---------+----------+-----------+-----------+------+----------+
        |- VITIS_LOOP_50_7  |        4|        4|         1|          1|          1|     4|       yes|
        +-------------------+---------+---------+----------+-----------+-----------+------+----------+



================================================================
== Utilization Estimates
================================================================
* Summary: 
+-----------------+---------+-----+--------+-------+-----+
|       Name      | BRAM_18K| DSP |   FF   |  LUT  | URAM|
+-----------------+---------+-----+--------+-------+-----+
|DSP              |        -|    -|       -|      -|    -|
|Expression       |        -|    -|       0|     24|    -|
|FIFO             |        -|    -|       -|      -|    -|
|Instance         |        -|    -|       0|     20|    -|
|Memory           |        -|    -|       -|      -|    -|
|Multiplexer      |        -|    -|       0|     27|    -|
|Register         |        -|    -|       5|      -|    -|
+-----------------+---------+-----+--------+-------+-----+
|Total            |        0|    0|       5|     71|    0|
+-----------------+---------+-----+--------+-------+-----+
|Available        |      280|  220|  106400|  53200|    0|
+-----------------+---------+-----+--------+-------+-----+
|Utilization (%)  |        0|    0|      ~0|     ~0|    0|
+-----------------+---------+-----+--------+-------+-----+

+ Detail: 
    * Instance: 
    +---------------------------+----------------------+---------+----+---+----+-----+
    |          Instance         |        Module        | BRAM_18K| DSP| FF| LUT| URAM|
    +---------------------------+----------------------+---------+----+---+----+-----+
    |sparsemux_9_2_16_1_1_U399  |sparsemux_9_2_16_1_1  |        0|   0|  0|  20|    0|
    +---------------------------+----------------------+---------+----+---+----+-----+
    |Total                      |                      |        0|   0|  0|  20|    0|
    +---------------------------+----------------------+---------+----+---+----+-----+

    * DSP: 
    N/A

    * Memory: 
    N/A

    * FIFO: 
    N/A

    * Expression: 
    +---------------------+----------+----+---+----+------------+------------+
    |    Variable Name    | Operation| DSP| FF| LUT| Bitwidth P0| Bitwidth P1|
    +---------------------+----------+----+---+----+------------+------------+
    |add_ln50_fu_124_p2   |         +|   0|  0|  11|           3|           1|
    |icmp_ln50_fu_118_p2  |      icmp|   0|  0|  13|           3|           4|
    +---------------------+----------+----+---+----+------------+------------+
    |Total                |          |   0|  0|  24|           6|           5|
    +---------------------+----------+----+---+----+------------+------------+

    * Multiplexer: 
    +----------------------+----+-----------+-----+-----------+
    |         Name         | LUT| Input Size| Bits| Total Bits|
    +----------------------+----+-----------+-----+-----------+
    |ap_done_int           |   9|          2|    1|          2|
    |ap_sig_allocacmp_i_3  |   9|          2|    3|          6|
    |i_fu_54               |   9|          2|    3|          6|
    +----------------------+----+-----------+-----+-----------+
    |Total                 |  27|          6|    7|         14|
    +----------------------+----+-----------+-----+-----------+

    * Register: 
    +-------------+---+----+-----+-----------+
    |     Name    | FF| LUT| Bits| Const Bits|
    +-------------+---+----+-----+-----------+
    |ap_CS_fsm    |  1|   0|    1|          0|
    |ap_done_reg  |  1|   0|    1|          0|
    |i_fu_54      |  3|   0|    3|          0|
    +-------------+---+----+-----+-----------+
    |Total        |  5|   0|    5|          0|
    +-------------+---+----+-----+-----------+



================================================================
== Interface
================================================================
* Summary: 
+--------------------+-----+-----+------------+--------------------------------------+--------------+
|      RTL Ports     | Dir | Bits|  Protocol  |             Source Object            |    C Type    |
+--------------------+-----+-----+------------+--------------------------------------+--------------+
|ap_clk              |   in|    1|  ap_ctrl_hs|  mat_vec_mul_Pipeline_VITIS_LOOP_50_7|  return value|
|ap_rst              |   in|    1|  ap_ctrl_hs|  mat_vec_mul_Pipeline_VITIS_LOOP_50_7|  return value|
|ap_start            |   in|    1|  ap_ctrl_hs|  mat_vec_mul_Pipeline_VITIS_LOOP_50_7|  return value|
|ap_done             |  out|    1|  ap_ctrl_hs|  mat_vec_mul_Pipeline_VITIS_LOOP_50_7|  return value|
|ap_idle             |  out|    1|  ap_ctrl_hs|  mat_vec_mul_Pipeline_VITIS_LOOP_50_7|  return value|
|ap_ready            |  out|    1|  ap_ctrl_hs|  mat_vec_mul_Pipeline_VITIS_LOOP_50_7|  return value|
|res_0               |  out|   16|      ap_vld|                                 res_0|       pointer|
|res_0_ap_vld        |  out|    1|      ap_vld|                                 res_0|       pointer|
|res_3               |  out|   16|      ap_vld|                                 res_3|       pointer|
|res_3_ap_vld        |  out|    1|      ap_vld|                                 res_3|       pointer|
|res_2               |  out|   16|      ap_vld|                                 res_2|       pointer|
|res_2_ap_vld        |  out|    1|      ap_vld|                                 res_2|       pointer|
|res_1               |  out|   16|      ap_vld|                                 res_1|       pointer|
|res_1_ap_vld        |  out|    1|      ap_vld|                                 res_1|       pointer|
|res_local_reload    |   in|   16|     ap_none|                      res_local_reload|        scalar|
|res_local_1_reload  |   in|   16|     ap_none|                    res_local_1_reload|        scalar|
|res_local_2_reload  |   in|   16|     ap_none|                    res_local_2_reload|        scalar|
|res_local_3_reload  |   in|   16|     ap_none|                    res_local_3_reload|        scalar|
+--------------------+-----+-----+------------+--------------------------------------+--------------+

============================================================
+ Verbose Summary: Synthesis Manager
============================================================
InlineROM: 1
ExposeGlobal: 0
============================================================
+ Verbose Summary: CDFG Model
============================================================
IsTopModel: 0
ResetActiveHigh: 1
IsCombinational: 2
IsDatapathOnly: 2
HasWiredReturn: 1
HasMFsm: 2
HasVarLatency: 1
IsPipeline: 0
IsRtlPipelined: 0
IsInstanceOverlapped: 0
IsDontTouch: 0
HasImplIP: 0
IsGatedGlobalClock: 0

+ Individual pipeline summary: 
  * Pipeline-0: initiation interval (II) = 1, depth = 1


============================================================
+ Verbose Summary: Schedule
============================================================
* Number of FSM states : 1
* Pipeline : 1
  Pipeline-0 : II = 1, D = 1, States = { 1 }
* Dataflow Pipeline: 0

* FSM state transitions: 
1 --> 

* FSM state operations: 

State 1 <SV = 0> <Delay = 4.82>
ST_1 : Operation 4 [1/1] (0.00ns)   --->   "%i = alloca i32 1" [C:/ELEC522/sm512/asdf/fpga_hls/matrixmult.cpp:50]   --->   Operation 4 'alloca' 'i' <Predicate = true> <Delay = 0.00>
ST_1 : Operation 5 [1/1] (0.00ns)   --->   "%res_local_3_reload_read = read i16 @_ssdm_op_Read.ap_auto.i16, i16 %res_local_3_reload"   --->   Operation 5 'read' 'res_local_3_reload_read' <Predicate = true> <Delay = 0.00>
ST_1 : Operation 6 [1/1] (0.00ns)   --->   "%res_local_2_reload_read = read i16 @_ssdm_op_Read.ap_auto.i16, i16 %res_local_2_reload"   --->   Operation 6 'read' 'res_local_2_reload_read' <Predicate = true> <Delay = 0.00>
ST_1 : Operation 7 [1/1] (0.00ns)   --->   "%res_local_1_reload_read = read i16 @_ssdm_op_Read.ap_auto.i16, i16 %res_local_1_reload"   --->   Operation 7 'read' 'res_local_1_reload_read' <Predicate = true> <Delay = 0.00>
ST_1 : Operation 8 [1/1] (0.00ns)   --->   "%res_local_reload_read = read i16 @_ssdm_op_Read.ap_auto.i16, i16 %res_local_reload"   --->   Operation 8 'read' 'res_local_reload_read' <Predicate = true> <Delay = 0.00>
ST_1 : Operation 9 [1/1] (1.58ns)   --->   "%store_ln50 = store i3 0, i3 %i" [C:/ELEC522/sm512/asdf/fpga_hls/matrixmult.cpp:50]   --->   Operation 9 'store' 'store_ln50' <Predicate = true> <Delay = 1.58>
ST_1 : Operation 10 [1/1] (0.00ns)   --->   "%br_ln0 = br void %for.inc69"   --->   Operation 10 'br' 'br_ln0' <Predicate = true> <Delay = 0.00>
ST_1 : Operation 11 [1/1] (0.00ns)   --->   "%i_3 = load i3 %i" [C:/ELEC522/sm512/asdf/fpga_hls/matrixmult.cpp:50]   --->   Operation 11 'load' 'i_3' <Predicate = true> <Delay = 0.00>
ST_1 : Operation 12 [1/1] (1.65ns)   --->   "%icmp_ln50 = icmp_eq  i3 %i_3, i3 4" [C:/ELEC522/sm512/asdf/fpga_hls/matrixmult.cpp:50]   --->   Operation 12 'icmp' 'icmp_ln50' <Predicate = true> <Delay = 1.65> <CoreInst = "Cmp">   --->   Core 9 'Cmp' <Latency = 0> <II = 1> <Delay = 1.73> <FuncUnit> <Opcode : 'seteq' 'setne' 'setle' 'setge' 'setlt' 'setgt'> <InPorts = 2> <OutPorts = 1>
ST_1 : Operation 13 [1/1] (1.65ns)   --->   "%add_ln50 = add i3 %i_3, i3 1" [C:/ELEC522/sm512/asdf/fpga_hls/matrixmult.cpp:50]   --->   Operation 13 'add' 'add_ln50' <Predicate = true> <Delay = 1.65> <CoreInst = "Adder">   --->   Core 1 'Adder' <Latency = 0> <II = 1> <Delay = 1.65> <FuncUnit> <Opcode : 'add' 'sub'> <InPorts = 2> <OutPorts = 1>
ST_1 : Operation 14 [1/1] (0.00ns)   --->   "%br_ln50 = br i1 %icmp_ln50, void %for.inc69.split, void %for.end71.exitStub" [C:/ELEC522/sm512/asdf/fpga_hls/matrixmult.cpp:50]   --->   Operation 14 'br' 'br_ln50' <Predicate = true> <Delay = 0.00>
ST_1 : Operation 15 [1/1] (0.00ns)   --->   "%trunc_ln50 = trunc i3 %i_3" [C:/ELEC522/sm512/asdf/fpga_hls/matrixmult.cpp:50]   --->   Operation 15 'trunc' 'trunc_ln50' <Predicate = (!icmp_ln50)> <Delay = 0.00>
ST_1 : Operation 16 [1/1] (0.00ns)   --->   "%specpipeline_ln51 = specpipeline void @_ssdm_op_SpecPipeline, i32 1, i32 0, i32 0, i32 0, void @empty_24" [C:/ELEC522/sm512/asdf/fpga_hls/matrixmult.cpp:51]   --->   Operation 16 'specpipeline' 'specpipeline_ln51' <Predicate = (!icmp_ln50)> <Delay = 0.00>
ST_1 : Operation 17 [1/1] (0.00ns)   --->   "%speclooptripcount_ln50 = speclooptripcount void @_ssdm_op_SpecLoopTripCount, i64 4, i64 4, i64 4" [C:/ELEC522/sm512/asdf/fpga_hls/matrixmult.cpp:50]   --->   Operation 17 'speclooptripcount' 'speclooptripcount_ln50' <Predicate = (!icmp_ln50)> <Delay = 0.00>
ST_1 : Operation 18 [1/1] (0.00ns)   --->   "%specloopname_ln50 = specloopname void @_ssdm_op_SpecLoopName, void @empty_14" [C:/ELEC522/sm512/asdf/fpga_hls/matrixmult.cpp:50]   --->   Operation 18 'specloopname' 'specloopname_ln50' <Predicate = (!icmp_ln50)> <Delay = 0.00>
ST_1 : Operation 19 [1/1] (1.82ns)   --->   "%tmp_s = sparsemux i16 @_ssdm_op_SparseMux.ap_auto.4i16.i16.i2, i2 0, i16 %res_local_reload_read, i2 1, i16 %res_local_1_reload_read, i2 2, i16 %res_local_2_reload_read, i2 3, i16 %res_local_3_reload_read, i16 0, i2 %trunc_ln50" [C:/ELEC522/sm512/asdf/fpga_hls/matrixmult.cpp:52]   --->   Operation 19 'sparsemux' 'tmp_s' <Predicate = (!icmp_ln50)> <Delay = 1.82> <CoreInst = "BinarySparseMux_DontCare">   --->   Core 137 'BinarySparseMux_DontCare' <Latency = 0> <II = 1> <Delay = 1.82> <FuncUnit> <Opcode : 'sparsemux'> <InPorts = 2> <OutPorts = 1>
ST_1 : Operation 20 [1/1] (1.56ns)   --->   "%switch_ln52 = switch i2 %trunc_ln50, void %arrayidx683.case.3, i2 0, void %arrayidx683.case.0, i2 1, void %arrayidx683.case.1, i2 2, void %arrayidx683.case.2" [C:/ELEC522/sm512/asdf/fpga_hls/matrixmult.cpp:52]   --->   Operation 20 'switch' 'switch_ln52' <Predicate = (!icmp_ln50)> <Delay = 1.56>
ST_1 : Operation 21 [1/1] (0.00ns)   --->   "%write_ln52 = write void @_ssdm_op_Write.ap_auto.i16P0A, i16 %res_2, i16 %tmp_s" [C:/ELEC522/sm512/asdf/fpga_hls/matrixmult.cpp:52]   --->   Operation 21 'write' 'write_ln52' <Predicate = (!icmp_ln50 & trunc_ln50 == 2)> <Delay = 0.00>
ST_1 : Operation 22 [1/1] (0.00ns)   --->   "%br_ln52 = br void %arrayidx683.exit" [C:/ELEC522/sm512/asdf/fpga_hls/matrixmult.cpp:52]   --->   Operation 22 'br' 'br_ln52' <Predicate = (!icmp_ln50 & trunc_ln50 == 2)> <Delay = 0.00>
ST_1 : Operation 23 [1/1] (0.00ns)   --->   "%write_ln52 = write void @_ssdm_op_Write.ap_auto.i16P0A, i16 %res_1, i16 %tmp_s" [C:/ELEC522/sm512/asdf/fpga_hls/matrixmult.cpp:52]   --->   Operation 23 'write' 'write_ln52' <Predicate = (!icmp_ln50 & trunc_ln50 == 1)> <Delay = 0.00>
ST_1 : Operation 24 [1/1] (0.00ns)   --->   "%br_ln52 = br void %arrayidx683.exit" [C:/ELEC522/sm512/asdf/fpga_hls/matrixmult.cpp:52]   --->   Operation 24 'br' 'br_ln52' <Predicate = (!icmp_ln50 & trunc_ln50 == 1)> <Delay = 0.00>
ST_1 : Operation 25 [1/1] (0.00ns)   --->   "%write_ln52 = write void @_ssdm_op_Write.ap_auto.i16P0A, i16 %res_0, i16 %tmp_s" [C:/ELEC522/sm512/asdf/fpga_hls/matrixmult.cpp:52]   --->   Operation 25 'write' 'write_ln52' <Predicate = (!icmp_ln50 & trunc_ln50 == 0)> <Delay = 0.00>
ST_1 : Operation 26 [1/1] (0.00ns)   --->   "%br_ln52 = br void %arrayidx683.exit" [C:/ELEC522/sm512/asdf/fpga_hls/matrixmult.cpp:52]   --->   Operation 26 'br' 'br_ln52' <Predicate = (!icmp_ln50 & trunc_ln50 == 0)> <Delay = 0.00>
ST_1 : Operation 27 [1/1] (0.00ns)   --->   "%write_ln52 = write void @_ssdm_op_Write.ap_auto.i16P0A, i16 %res_3, i16 %tmp_s" [C:/ELEC522/sm512/asdf/fpga_hls/matrixmult.cpp:52]   --->   Operation 27 'write' 'write_ln52' <Predicate = (!icmp_ln50 & trunc_ln50 == 3)> <Delay = 0.00>
ST_1 : Operation 28 [1/1] (0.00ns)   --->   "%br_ln52 = br void %arrayidx683.exit" [C:/ELEC522/sm512/asdf/fpga_hls/matrixmult.cpp:52]   --->   Operation 28 'br' 'br_ln52' <Predicate = (!icmp_ln50 & trunc_ln50 == 3)> <Delay = 0.00>
ST_1 : Operation 29 [1/1] (1.58ns)   --->   "%store_ln50 = store i3 %add_ln50, i3 %i" [C:/ELEC522/sm512/asdf/fpga_hls/matrixmult.cpp:50]   --->   Operation 29 'store' 'store_ln50' <Predicate = (!icmp_ln50)> <Delay = 1.58>
ST_1 : Operation 30 [1/1] (0.00ns)   --->   "%br_ln50 = br void %for.inc69" [C:/ELEC522/sm512/asdf/fpga_hls/matrixmult.cpp:50]   --->   Operation 30 'br' 'br_ln50' <Predicate = (!icmp_ln50)> <Delay = 0.00>
ST_1 : Operation 31 [1/1] (1.58ns)   --->   "%ret_ln0 = ret"   --->   Operation 31 'ret' 'ret_ln0' <Predicate = (icmp_ln50)> <Delay = 1.58>


============================================================
+ Verbose Summary: Binding
============================================================
STG Binding: 
---------------- STG Properties BEGIN ----------------
- Is combinational: 0
- Is one-state seq: 0
- Is datapath-only: 0
- Is pipelined: 0
- Is top level: 0
Port [ Return ] is wired: 1; IO mode=ap_ctrl_hs:ce=0
Port [ res_0]:  wired=1; compound=0; hidden=0; nouse=0; global=0; static=0; extern=0; dir=1; type=0; pingpong=0; private_global=0; IO mode=ap_vld:ce=0
Port [ res_3]:  wired=1; compound=0; hidden=0; nouse=0; global=0; static=0; extern=0; dir=1; type=0; pingpong=0; private_global=0; IO mode=ap_vld:ce=0
Port [ res_2]:  wired=1; compound=0; hidden=0; nouse=0; global=0; static=0; extern=0; dir=1; type=0; pingpong=0; private_global=0; IO mode=ap_vld:ce=0
Port [ res_1]:  wired=1; compound=0; hidden=0; nouse=0; global=0; static=0; extern=0; dir=1; type=0; pingpong=0; private_global=0; IO mode=ap_vld:ce=0
Port [ res_local_reload]:  wired=1; compound=0; hidden=0; nouse=0; global=0; static=0; extern=0; dir=0; type=0; pingpong=0; private_global=0; IO mode=ap_none:ce=0
Port [ res_local_1_reload]:  wired=1; compound=0; hidden=0; nouse=0; global=0; static=0; extern=0; dir=0; type=0; pingpong=0; private_global=0; IO mode=ap_none:ce=0
Port [ res_local_2_reload]:  wired=1; compound=0; hidden=0; nouse=0; global=0; static=0; extern=0; dir=0; type=0; pingpong=0; private_global=0; IO mode=ap_none:ce=0
Port [ res_local_3_reload]:  wired=1; compound=0; hidden=0; nouse=0; global=0; static=0; extern=0; dir=0; type=0; pingpong=0; private_global=0; IO mode=ap_none:ce=0
---------------- STG Properties END ------------------

---------------- Datapath Model BEGIN ----------------

<LifeTime>
<method=bitvector/>
i                       (alloca           ) [ 01]
res_local_3_reload_read (read             ) [ 00]
res_local_2_reload_read (read             ) [ 00]
res_local_1_reload_read (read             ) [ 00]
res_local_reload_read   (read             ) [ 00]
store_ln50              (store            ) [ 00]
br_ln0                  (br               ) [ 00]
i_3                     (load             ) [ 00]
icmp_ln50               (icmp             ) [ 01]
add_ln50                (add              ) [ 00]
br_ln50                 (br               ) [ 00]
trunc_ln50              (trunc            ) [ 01]
specpipeline_ln51       (specpipeline     ) [ 00]
speclooptripcount_ln50  (speclooptripcount) [ 00]
specloopname_ln50       (specloopname     ) [ 00]
tmp_s                   (sparsemux        ) [ 00]
switch_ln52             (switch           ) [ 00]
write_ln52              (write            ) [ 00]
br_ln52                 (br               ) [ 00]
write_ln52              (write            ) [ 00]
br_ln52                 (br               ) [ 00]
write_ln52              (write            ) [ 00]
br_ln52                 (br               ) [ 00]
write_ln52              (write            ) [ 00]
br_ln52                 (br               ) [ 00]
store_ln50              (store            ) [ 00]
br_ln50                 (br               ) [ 00]
ret_ln0                 (ret              ) [ 00]
</LifeTime>

<model>

<comp_list>
<comp id="0" class="1000" name="res_0">
<pin_list>
<pin id="1" dir="1" index="0" bw="1" slack="0"/>
</pin_list>
<bind>
<StgValue><ssdm name="res_0"/></StgValue>
</bind>
</comp>

<comp id="2" class="1000" name="res_3">
<pin_list>
<pin id="3" dir="1" index="0" bw="1" slack="0"/>
</pin_list>
<bind>
<StgValue><ssdm name="res_3"/></StgValue>
</bind>
</comp>

<comp id="4" class="1000" name="res_2">
<pin_list>
<pin id="5" dir="1" index="0" bw="1" slack="0"/>
</pin_list>
<bind>
<StgValue><ssdm name="res_2"/></StgValue>
</bind>
</comp>

<comp id="6" class="1000" name="res_1">
<pin_list>
<pin id="7" dir="1" index="0" bw="1" slack="0"/>
</pin_list>
<bind>
<StgValue><ssdm name="res_1"/></StgValue>
</bind>
</comp>

<comp id="8" class="1000" name="res_local_reload">
<pin_list>
<pin id="9" dir="1" index="0" bw="1" slack="0"/>
</pin_list>
<bind>
<StgValue><ssdm name="res_local_reload"/></StgValue>
</bind>
</comp>

<comp id="10" class="1000" name="res_local_1_reload">
<pin_list>
<pin id="11" dir="1" index="0" bw="1" slack="0"/>
</pin_list>
<bind>
<StgValue><ssdm name="res_local_1_reload"/></StgValue>
</bind>
</comp>

<comp id="12" class="1000" name="res_local_2_reload">
<pin_list>
<pin id="13" dir="1" index="0" bw="1" slack="0"/>
</pin_list>
<bind>
<StgValue><ssdm name="res_local_2_reload"/></StgValue>
</bind>
</comp>

<comp id="14" class="1000" name="res_local_3_reload">
<pin_list>
<pin id="15" dir="1" index="0" bw="1" slack="0"/>
</pin_list>
<bind>
<StgValue><ssdm name="res_local_3_reload"/></StgValue>
</bind>
</comp>

<comp id="16" class="1001" name="const_16">
<pin_list>
<pin id="17" dir="1" index="0" bw="1" slack="0"/>
</pin_list>
<bind>
<StgValue><ssdm name=""/></StgValue>
</bind>
</comp>

<comp id="18" class="1001" name="const_18">
<pin_list>
<pin id="19" dir="1" index="0" bw="1" slack="0"/>
</pin_list>
<bind>
<StgValue><ssdm name="_ssdm_op_Read.ap_auto.i16"/></StgValue>
</bind>
</comp>

<comp id="20" class="1001" name="const_20">
<pin_list>
<pin id="21" dir="1" index="0" bw="1" slack="0"/>
</pin_list>
<bind>
<StgValue><ssdm name=""/></StgValue>
</bind>
</comp>

<comp id="22" class="1001" name="const_22">
<pin_list>
<pin id="23" dir="1" index="0" bw="1" slack="0"/>
</pin_list>
<bind>
<StgValue><ssdm name=""/></StgValue>
</bind>
</comp>

<comp id="24" class="1001" name="const_24">
<pin_list>
<pin id="25" dir="1" index="0" bw="1" slack="0"/>
</pin_list>
<bind>
<StgValue><ssdm name=""/></StgValue>
</bind>
</comp>

<comp id="26" class="1001" name="const_26">
<pin_list>
<pin id="27" dir="1" index="0" bw="1" slack="2147483647"/>
</pin_list>
<bind>
<StgValue><ssdm name="_ssdm_op_SpecPipeline"/></StgValue>
</bind>
</comp>

<comp id="28" class="1001" name="const_28">
<pin_list>
<pin id="29" dir="1" index="0" bw="1" slack="2147483647"/>
</pin_list>
<bind>
<StgValue><ssdm name=""/></StgValue>
</bind>
</comp>

<comp id="30" class="1001" name="const_30">
<pin_list>
<pin id="31" dir="1" index="0" bw="1" slack="2147483647"/>
</pin_list>
<bind>
<StgValue><ssdm name="empty_24"/></StgValue>
</bind>
</comp>

<comp id="32" class="1001" name="const_32">
<pin_list>
<pin id="33" dir="1" index="0" bw="1" slack="2147483647"/>
</pin_list>
<bind>
<StgValue><ssdm name="_ssdm_op_SpecLoopTripCount"/></StgValue>
</bind>
</comp>

<comp id="34" class="1001" name="const_34">
<pin_list>
<pin id="35" dir="1" index="0" bw="1" slack="2147483647"/>
</pin_list>
<bind>
<StgValue><ssdm name=""/></StgValue>
</bind>
</comp>

<comp id="36" class="1001" name="const_36">
<pin_list>
<pin id="37" dir="1" index="0" bw="1" slack="2147483647"/>
</pin_list>
<bind>
<StgValue><ssdm name="_ssdm_op_SpecLoopName"/></StgValue>
</bind>
</comp>

<comp id="38" class="1001" name="const_38">
<pin_list>
<pin id="39" dir="1" index="0" bw="1" slack="2147483647"/>
</pin_list>
<bind>
<StgValue><ssdm name="empty_14"/></StgValue>
</bind>
</comp>

<comp id="40" class="1001" name="const_40">
<pin_list>
<pin id="41" dir="1" index="0" bw="1" slack="0"/>
</pin_list>
<bind>
<StgValue><ssdm name="_ssdm_op_SparseMux.ap_auto.4i16.i16.i2"/></StgValue>
</bind>
</comp>

<comp id="42" class="1001" name="const_42">
<pin_list>
<pin id="43" dir="1" index="0" bw="1" slack="0"/>
</pin_list>
<bind>
<StgValue><ssdm name=""/></StgValue>
</bind>
</comp>

<comp id="44" class="1001" name="const_44">
<pin_list>
<pin id="45" dir="1" index="0" bw="1" slack="0"/>
</pin_list>
<bind>
<StgValue><ssdm name=""/></StgValue>
</bind>
</comp>

<comp id="46" class="1001" name="const_46">
<pin_list>
<pin id="47" dir="1" index="0" bw="1" slack="0"/>
</pin_list>
<bind>
<StgValue><ssdm name=""/></StgValue>
</bind>
</comp>

<comp id="48" class="1001" name="const_48">
<pin_list>
<pin id="49" dir="1" index="0" bw="1" slack="0"/>
</pin_list>
<bind>
<StgValue><ssdm name=""/></StgValue>
</bind>
</comp>

<comp id="50" class="1001" name="const_50">
<pin_list>
<pin id="51" dir="1" index="0" bw="1" slack="0"/>
</pin_list>
<bind>
<StgValue><ssdm name=""/></StgValue>
</bind>
</comp>

<comp id="52" class="1001" name="const_52">
<pin_list>
<pin id="53" dir="1" index="0" bw="1" slack="0"/>
</pin_list>
<bind>
<StgValue><ssdm name="_ssdm_op_Write.ap_auto.i16P0A"/></StgValue>
</bind>
</comp>

<comp id="54" class="1004" name="i_fu_54">
<pin_list>
<pin id="55" dir="0" index="0" bw="1" slack="0"/>
<pin id="56" dir="1" index="1" bw="3" slack="0"/>
</pin_list>
<bind>
<opcode="alloca(26) " fcode="alloca"/>
<opset="i/1 "/>
</bind>
</comp>

<comp id="58" class="1004" name="res_local_3_reload_read_read_fu_58">
<pin_list>
<pin id="59" dir="0" index="0" bw="16" slack="0"/>
<pin id="60" dir="0" index="1" bw="16" slack="0"/>
<pin id="61" dir="1" index="2" bw="16" slack="0"/>
</pin_list>
<bind>
<opcode="read(1150) " fcode="read"/>
<opset="res_local_3_reload_read/1 "/>
</bind>
</comp>

<comp id="64" class="1004" name="res_local_2_reload_read_read_fu_64">
<pin_list>
<pin id="65" dir="0" index="0" bw="16" slack="0"/>
<pin id="66" dir="0" index="1" bw="16" slack="0"/>
<pin id="67" dir="1" index="2" bw="16" slack="0"/>
</pin_list>
<bind>
<opcode="read(1150) " fcode="read"/>
<opset="res_local_2_reload_read/1 "/>
</bind>
</comp>

<comp id="70" class="1004" name="res_local_1_reload_read_read_fu_70">
<pin_list>
<pin id="71" dir="0" index="0" bw="16" slack="0"/>
<pin id="72" dir="0" index="1" bw="16" slack="0"/>
<pin id="73" dir="1" index="2" bw="16" slack="0"/>
</pin_list>
<bind>
<opcode="read(1150) " fcode="read"/>
<opset="res_local_1_reload_read/1 "/>
</bind>
</comp>

<comp id="76" class="1004" name="res_local_reload_read_read_fu_76">
<pin_list>
<pin id="77" dir="0" index="0" bw="16" slack="0"/>
<pin id="78" dir="0" index="1" bw="16" slack="0"/>
<pin id="79" dir="1" index="2" bw="16" slack="0"/>
</pin_list>
<bind>
<opcode="read(1150) " fcode="read"/>
<opset="res_local_reload_read/1 "/>
</bind>
</comp>

<comp id="82" class="1004" name="write_ln52_write_fu_82">
<pin_list>
<pin id="83" dir="0" index="0" bw="0" slack="0"/>
<pin id="84" dir="0" index="1" bw="16" slack="0"/>
<pin id="85" dir="0" index="2" bw="16" slack="0"/>
<pin id="86" dir="1" index="3" bw="0" slack="2147483647"/>
</pin_list>
<bind>
<opcode="write(1151) " fcode="write"/>
<opset="write_ln52/1 "/>
</bind>
</comp>

<comp id="89" class="1004" name="write_ln52_write_fu_89">
<pin_list>
<pin id="90" dir="0" index="0" bw="0" slack="0"/>
<pin id="91" dir="0" index="1" bw="16" slack="0"/>
<pin id="92" dir="0" index="2" bw="16" slack="0"/>
<pin id="93" dir="1" index="3" bw="0" slack="2147483647"/>
</pin_list>
<bind>
<opcode="write(1151) " fcode="write"/>
<opset="write_ln52/1 "/>
</bind>
</comp>

<comp id="96" class="1004" name="write_ln52_write_fu_96">
<pin_list>
<pin id="97" dir="0" index="0" bw="0" slack="0"/>
<pin id="98" dir="0" index="1" bw="16" slack="0"/>
<pin id="99" dir="0" index="2" bw="16" slack="0"/>
<pin id="100" dir="1" index="3" bw="0" slack="2147483647"/>
</pin_list>
<bind>
<opcode="write(1151) " fcode="write"/>
<opset="write_ln52/1 "/>
</bind>
</comp>

<comp id="103" class="1004" name="write_ln52_write_fu_103">
<pin_list>
<pin id="104" dir="0" index="0" bw="0" slack="0"/>
<pin id="105" dir="0" index="1" bw="16" slack="0"/>
<pin id="106" dir="0" index="2" bw="16" slack="0"/>
<pin id="107" dir="1" index="3" bw="0" slack="2147483647"/>
</pin_list>
<bind>
<opcode="write(1151) " fcode="write"/>
<opset="write_ln52/1 "/>
</bind>
</comp>

<comp id="110" class="1004" name="store_ln50_store_fu_110">
<pin_list>
<pin id="111" dir="0" index="0" bw="1" slack="0"/>
<pin id="112" dir="0" index="1" bw="3" slack="0"/>
<pin id="113" dir="1" index="2" bw="0" slack="2147483647"/>
</pin_list>
<bind>
<opcode="store(28) " fcode="store"/>
<opset="store_ln50/1 "/>
</bind>
</comp>

<comp id="115" class="1004" name="i_3_load_fu_115">
<pin_list>
<pin id="116" dir="0" index="0" bw="3" slack="0"/>
<pin id="117" dir="1" index="1" bw="3" slack="0"/>
</pin_list>
<bind>
<opcode="load(27) " fcode="load"/>
<opset="i_3/1 "/>
</bind>
</comp>

<comp id="118" class="1004" name="icmp_ln50_fu_118">
<pin_list>
<pin id="119" dir="0" index="0" bw="3" slack="0"/>
<pin id="120" dir="0" index="1" bw="3" slack="0"/>
<pin id="121" dir="1" index="2" bw="1" slack="2147483647"/>
</pin_list>
<bind>
<opcode="icmp(45) " fcode="icmp"/>
<opset="icmp_ln50/1 "/>
</bind>
</comp>

<comp id="124" class="1004" name="add_ln50_fu_124">
<pin_list>
<pin id="125" dir="0" index="0" bw="3" slack="0"/>
<pin id="126" dir="0" index="1" bw="1" slack="0"/>
<pin id="127" dir="1" index="2" bw="3" slack="0"/>
</pin_list>
<bind>
<opcode="add(8) " fcode="add"/>
<opset="add_ln50/1 "/>
</bind>
</comp>

<comp id="130" class="1004" name="trunc_ln50_fu_130">
<pin_list>
<pin id="131" dir="0" index="0" bw="3" slack="0"/>
<pin id="132" dir="1" index="1" bw="2" slack="0"/>
</pin_list>
<bind>
<opcode="trunc(33) " fcode="trunc"/>
<opset="trunc_ln50/1 "/>
</bind>
</comp>

<comp id="134" class="1004" name="tmp_s_fu_134">
<pin_list>
<pin id="135" dir="0" index="0" bw="16" slack="0"/>
<pin id="136" dir="0" index="1" bw="2" slack="0"/>
<pin id="137" dir="0" index="2" bw="16" slack="0"/>
<pin id="138" dir="0" index="3" bw="2" slack="0"/>
<pin id="139" dir="0" index="4" bw="16" slack="0"/>
<pin id="140" dir="0" index="5" bw="2" slack="0"/>
<pin id="141" dir="0" index="6" bw="16" slack="0"/>
<pin id="142" dir="0" index="7" bw="2" slack="0"/>
<pin id="143" dir="0" index="8" bw="16" slack="0"/>
<pin id="144" dir="0" index="9" bw="16" slack="0"/>
<pin id="145" dir="0" index="10" bw="2" slack="0"/>
<pin id="146" dir="1" index="11" bw="16" slack="0"/>
</pin_list>
<bind>
<opcode="sparsemux(1197) " fcode="sparsemux"/>
<opset="tmp_s/1 "/>
</bind>
</comp>

<comp id="162" class="1004" name="switch_ln52_fu_162">
<pin_list>
<pin id="163" dir="0" index="0" bw="2" slack="0"/>
<pin id="164" dir="0" index="1" bw="1" slack="0"/>
<pin id="165" dir="0" index="2" bw="1" slack="0"/>
<pin id="166" dir="0" index="3" bw="2" slack="0"/>
<pin id="167" dir="1" index="4" bw="0" slack="2147483647"/>
</pin_list>
<bind>
<opcode="switch(3) " fcode="switch"/>
<opset="switch_ln52/1 "/>
</bind>
</comp>

<comp id="172" class="1004" name="store_ln50_store_fu_172">
<pin_list>
<pin id="173" dir="0" index="0" bw="3" slack="0"/>
<pin id="174" dir="0" index="1" bw="3" slack="0"/>
<pin id="175" dir="1" index="2" bw="0" slack="2147483647"/>
</pin_list>
<bind>
<opcode="store(28) " fcode="store"/>
<opset="store_ln50/1 "/>
</bind>
</comp>

<comp id="177" class="1005" name="i_reg_177">
<pin_list>
<pin id="178" dir="0" index="0" bw="3" slack="0"/>
<pin id="179" dir="1" index="1" bw="3" slack="0"/>
</pin_list>
<bind>
<opset="i "/>
</bind>
</comp>

</comp_list>

<net_list>
<net id="57"><net_src comp="16" pin="0"/><net_sink comp="54" pin=0"/></net>

<net id="62"><net_src comp="18" pin="0"/><net_sink comp="58" pin=0"/></net>

<net id="63"><net_src comp="14" pin="0"/><net_sink comp="58" pin=1"/></net>

<net id="68"><net_src comp="18" pin="0"/><net_sink comp="64" pin=0"/></net>

<net id="69"><net_src comp="12" pin="0"/><net_sink comp="64" pin=1"/></net>

<net id="74"><net_src comp="18" pin="0"/><net_sink comp="70" pin=0"/></net>

<net id="75"><net_src comp="10" pin="0"/><net_sink comp="70" pin=1"/></net>

<net id="80"><net_src comp="18" pin="0"/><net_sink comp="76" pin=0"/></net>

<net id="81"><net_src comp="8" pin="0"/><net_sink comp="76" pin=1"/></net>

<net id="87"><net_src comp="52" pin="0"/><net_sink comp="82" pin=0"/></net>

<net id="88"><net_src comp="4" pin="0"/><net_sink comp="82" pin=1"/></net>

<net id="94"><net_src comp="52" pin="0"/><net_sink comp="89" pin=0"/></net>

<net id="95"><net_src comp="6" pin="0"/><net_sink comp="89" pin=1"/></net>

<net id="101"><net_src comp="52" pin="0"/><net_sink comp="96" pin=0"/></net>

<net id="102"><net_src comp="0" pin="0"/><net_sink comp="96" pin=1"/></net>

<net id="108"><net_src comp="52" pin="0"/><net_sink comp="103" pin=0"/></net>

<net id="109"><net_src comp="2" pin="0"/><net_sink comp="103" pin=1"/></net>

<net id="114"><net_src comp="20" pin="0"/><net_sink comp="110" pin=0"/></net>

<net id="122"><net_src comp="115" pin="1"/><net_sink comp="118" pin=0"/></net>

<net id="123"><net_src comp="22" pin="0"/><net_sink comp="118" pin=1"/></net>

<net id="128"><net_src comp="115" pin="1"/><net_sink comp="124" pin=0"/></net>

<net id="129"><net_src comp="24" pin="0"/><net_sink comp="124" pin=1"/></net>

<net id="133"><net_src comp="115" pin="1"/><net_sink comp="130" pin=0"/></net>

<net id="147"><net_src comp="40" pin="0"/><net_sink comp="134" pin=0"/></net>

<net id="148"><net_src comp="42" pin="0"/><net_sink comp="134" pin=1"/></net>

<net id="149"><net_src comp="76" pin="2"/><net_sink comp="134" pin=2"/></net>

<net id="150"><net_src comp="44" pin="0"/><net_sink comp="134" pin=3"/></net>

<net id="151"><net_src comp="70" pin="2"/><net_sink comp="134" pin=4"/></net>

<net id="152"><net_src comp="46" pin="0"/><net_sink comp="134" pin=5"/></net>

<net id="153"><net_src comp="64" pin="2"/><net_sink comp="134" pin=6"/></net>

<net id="154"><net_src comp="48" pin="0"/><net_sink comp="134" pin=7"/></net>

<net id="155"><net_src comp="58" pin="2"/><net_sink comp="134" pin=8"/></net>

<net id="156"><net_src comp="50" pin="0"/><net_sink comp="134" pin=9"/></net>

<net id="157"><net_src comp="130" pin="1"/><net_sink comp="134" pin=10"/></net>

<net id="158"><net_src comp="134" pin="11"/><net_sink comp="82" pin=2"/></net>

<net id="159"><net_src comp="134" pin="11"/><net_sink comp="89" pin=2"/></net>

<net id="160"><net_src comp="134" pin="11"/><net_sink comp="96" pin=2"/></net>

<net id="161"><net_src comp="134" pin="11"/><net_sink comp="103" pin=2"/></net>

<net id="168"><net_src comp="130" pin="1"/><net_sink comp="162" pin=0"/></net>

<net id="169"><net_src comp="42" pin="0"/><net_sink comp="162" pin=1"/></net>

<net id="170"><net_src comp="44" pin="0"/><net_sink comp="162" pin=2"/></net>

<net id="171"><net_src comp="46" pin="0"/><net_sink comp="162" pin=3"/></net>

<net id="176"><net_src comp="124" pin="2"/><net_sink comp="172" pin=0"/></net>

<net id="180"><net_src comp="54" pin="1"/><net_sink comp="177" pin=0"/></net>

<net id="181"><net_src comp="177" pin="1"/><net_sink comp="110" pin=1"/></net>

<net id="182"><net_src comp="177" pin="1"/><net_sink comp="115" pin=0"/></net>

<net id="183"><net_src comp="177" pin="1"/><net_sink comp="172" pin=1"/></net>

</net_list>

</model> 
---------------- Datapath Model END ------------------

* FSMD analyzer results:
  - Output states:
	Port: res_0 | {1 }
	Port: res_3 | {1 }
	Port: res_2 | {1 }
	Port: res_1 | {1 }
 - Input state : 
	Port: mat_vec_mul_Pipeline_VITIS_LOOP_50_7 : res_0 | {}
	Port: mat_vec_mul_Pipeline_VITIS_LOOP_50_7 : res_3 | {}
	Port: mat_vec_mul_Pipeline_VITIS_LOOP_50_7 : res_2 | {}
	Port: mat_vec_mul_Pipeline_VITIS_LOOP_50_7 : res_1 | {}
	Port: mat_vec_mul_Pipeline_VITIS_LOOP_50_7 : res_local_reload | {1 }
	Port: mat_vec_mul_Pipeline_VITIS_LOOP_50_7 : res_local_1_reload | {1 }
	Port: mat_vec_mul_Pipeline_VITIS_LOOP_50_7 : res_local_2_reload | {1 }
	Port: mat_vec_mul_Pipeline_VITIS_LOOP_50_7 : res_local_3_reload | {1 }
  - Chain level:
	State 1
		store_ln50 : 1
		i_3 : 1
		icmp_ln50 : 2
		add_ln50 : 2
		br_ln50 : 3
		trunc_ln50 : 2
		tmp_s : 3
		switch_ln52 : 3
		write_ln52 : 4
		write_ln52 : 4
		write_ln52 : 4
		write_ln52 : 4
		store_ln50 : 3


============================================================
+ Verbose Summary: Datapath Resource usage 
============================================================

* Functional unit list:
|----------|------------------------------------|---------|---------|
| Operation|           Functional Unit          |    FF   |   LUT   |
|----------|------------------------------------|---------|---------|
| sparsemux|            tmp_s_fu_134            |    0    |    20   |
|----------|------------------------------------|---------|---------|
|   icmp   |          icmp_ln50_fu_118          |    0    |    11   |
|----------|------------------------------------|---------|---------|
|    add   |           add_ln50_fu_124          |    0    |    11   |
|----------|------------------------------------|---------|---------|
|          | res_local_3_reload_read_read_fu_58 |    0    |    0    |
|   read   | res_local_2_reload_read_read_fu_64 |    0    |    0    |
|          | res_local_1_reload_read_read_fu_70 |    0    |    0    |
|          |  res_local_reload_read_read_fu_76  |    0    |    0    |
|----------|------------------------------------|---------|---------|
|          |       write_ln52_write_fu_82       |    0    |    0    |
|   write  |       write_ln52_write_fu_89       |    0    |    0    |
|          |       write_ln52_write_fu_96       |    0    |    0    |
|          |       write_ln52_write_fu_103      |    0    |    0    |
|----------|------------------------------------|---------|---------|
|   trunc  |          trunc_ln50_fu_130         |    0    |    0    |
|----------|------------------------------------|---------|---------|
|  switch  |         switch_ln52_fu_162         |    0    |    0    |
|----------|------------------------------------|---------|---------|
|   Total  |                                    |    0    |    42   |
|----------|------------------------------------|---------|---------|

Memories:
N/A

* Register list:
+---------+--------+
|         |   FF   |
+---------+--------+
|i_reg_177|    3   |
+---------+--------+
|  Total  |    3   |
+---------+--------+

* Multiplexer (MUX) list: 
|--------|------|------|------|--------|
|  Comp  |  Pin | Size |  BW  | S x BW |
|--------|------|------|------|--------|
|  Total |      |      |      |    0   |
|--------|------|------|------|--------|



* Summary:
+-----------+--------+--------+
|           |   FF   |   LUT  |
+-----------+--------+--------+
|  Function |    0   |   42   |
|   Memory  |    -   |    -   |
|Multiplexer|    -   |    -   |
|  Register |    3   |    -   |
+-----------+--------+--------+
|   Total   |    3   |   42   |
+-----------+--------+--------+
