

================================================================
== Vitis HLS Report for 'mat_vec_mul_Pipeline_VITIS_LOOP_29_3'
================================================================
* Date:           Tue Dec 16 20:06:29 2025

* Version:        2025.1 (Build 6135595 on May 21 2025)
* Project:        solve_top
* Solution:       hls (Vivado IP Flow Target)
* Product family: zynq
* Target device:  xc7z020-clg484-1


================================================================
== Performance Estimates
================================================================
+ Timing: 
    * Summary: 
    +--------+----------+----------+------------+
    |  Clock |  Target  | Estimated| Uncertainty|
    +--------+----------+----------+------------+
    |ap_clk  |  10.00 ns|  4.826 ns|     2.00 ns|
    +--------+----------+----------+------------+

+ Latency: 
    * Summary: 
    +---------+---------+-----------+-----------+-----+-----+------------------------------------------------+
    |  Latency (cycles) |   Latency (absolute)  |  Interval |                    Pipeline                    |
    |   min   |   max   |    min    |    max    | min | max |                      Type                      |
    +---------+---------+-----------+-----------+-----+-----+------------------------------------------------+
    |        6|        6|  60.000 ns|  60.000 ns|    5|    5|  loop auto-rewind stp (delay=0 clock cycles(s))|
    +---------+---------+-----------+-----------+-----+-----+------------------------------------------------+

    + Detail: 
        * Instance: 
        N/A

        * Loop: 
        +-------------------+---------+---------+----------+-----------+-----------+------+----------+
        |                   |  Latency (cycles) | Iteration|  Initiation Interval  | Trip |          |
        |     Loop Name     |   min   |   max   |  Latency |  achieved |   target  | Count| Pipelined|
        +-------------------+---------+---------+----------+-----------+-----------+------+----------+
        |- VITIS_LOOP_29_3  |        4|        4|         1|          1|          1|     4|       yes|
        +-------------------+---------+---------+----------+-----------+-----------+------+----------+



================================================================
== Utilization Estimates
================================================================
* Summary: 
+-----------------+---------+-----+--------+-------+-----+
|       Name      | BRAM_18K| DSP |   FF   |  LUT  | URAM|
+-----------------+---------+-----+--------+-------+-----+
|DSP              |        -|    -|       -|      -|    -|
|Expression       |        -|    -|       0|     24|    -|
|FIFO             |        -|    -|       -|      -|    -|
|Instance         |        -|    -|       0|     20|    -|
|Memory           |        -|    -|       -|      -|    -|
|Multiplexer      |        -|    -|       0|     27|    -|
|Register         |        -|    -|      69|      -|    -|
+-----------------+---------+-----+--------+-------+-----+
|Total            |        0|    0|      69|     71|    0|
+-----------------+---------+-----+--------+-------+-----+
|Available        |      280|  220|  106400|  53200|    0|
+-----------------+---------+-----+--------+-------+-----+
|Utilization (%)  |        0|    0|      ~0|     ~0|    0|
+-----------------+---------+-----+--------+-------+-----+

+ Detail: 
    * Instance: 
    +---------------------------+----------------------+---------+----+---+----+-----+
    |          Instance         |        Module        | BRAM_18K| DSP| FF| LUT| URAM|
    +---------------------------+----------------------+---------+----+---+----+-----+
    |sparsemux_9_2_16_1_1_U357  |sparsemux_9_2_16_1_1  |        0|   0|  0|  20|    0|
    +---------------------------+----------------------+---------+----+---+----+-----+
    |Total                      |                      |        0|   0|  0|  20|    0|
    +---------------------------+----------------------+---------+----+---+----+-----+

    * DSP: 
    N/A

    * Memory: 
    N/A

    * FIFO: 
    N/A

    * Expression: 
    +---------------------+----------+----+---+----+------------+------------+
    |    Variable Name    | Operation| DSP| FF| LUT| Bitwidth P0| Bitwidth P1|
    +---------------------+----------+----+---+----+------------+------------+
    |add_ln29_fu_142_p2   |         +|   0|  0|  11|           3|           1|
    |icmp_ln29_fu_136_p2  |      icmp|   0|  0|  13|           3|           4|
    +---------------------+----------+----+---+----+------------+------------+
    |Total                |          |   0|  0|  24|           6|           5|
    +---------------------+----------+----+---+----+------------+------------+

    * Multiplexer: 
    +----------------------+----+-----------+-----+-----------+
    |         Name         | LUT| Input Size| Bits| Total Bits|
    +----------------------+----+-----------+-----+-----------+
    |ap_done_int           |   9|          2|    1|          2|
    |ap_sig_allocacmp_k_1  |   9|          2|    3|          6|
    |k_fu_56               |   9|          2|    3|          6|
    +----------------------+----+-----------+-----+-----------+
    |Total                 |  27|          6|    7|         14|
    +----------------------+----+-----------+-----+-----------+

    * Register: 
    +----------------+----+----+-----+-----------+
    |      Name      | FF | LUT| Bits| Const Bits|
    +----------------+----+----+-----+-----------+
    |ap_CS_fsm       |   1|   0|    1|          0|
    |ap_done_reg     |   1|   0|    1|          0|
    |empty_53_fu_64  |  16|   0|   16|          0|
    |empty_54_fu_68  |  16|   0|   16|          0|
    |empty_55_fu_72  |  16|   0|   16|          0|
    |empty_fu_60     |  16|   0|   16|          0|
    |k_fu_56         |   3|   0|    3|          0|
    +----------------+----+----+-----+-----------+
    |Total           |  69|   0|   69|          0|
    +----------------+----+----+-----+-----------+



================================================================
== Interface
================================================================
* Summary: 
+---------------+-----+-----+------------+--------------------------------------+--------------+
|   RTL Ports   | Dir | Bits|  Protocol  |             Source Object            |    C Type    |
+---------------+-----+-----+------------+--------------------------------------+--------------+
|ap_clk         |   in|    1|  ap_ctrl_hs|  mat_vec_mul_Pipeline_VITIS_LOOP_29_3|  return value|
|ap_rst         |   in|    1|  ap_ctrl_hs|  mat_vec_mul_Pipeline_VITIS_LOOP_29_3|  return value|
|ap_start       |   in|    1|  ap_ctrl_hs|  mat_vec_mul_Pipeline_VITIS_LOOP_29_3|  return value|
|ap_done        |  out|    1|  ap_ctrl_hs|  mat_vec_mul_Pipeline_VITIS_LOOP_29_3|  return value|
|ap_idle        |  out|    1|  ap_ctrl_hs|  mat_vec_mul_Pipeline_VITIS_LOOP_29_3|  return value|
|ap_ready       |  out|    1|  ap_ctrl_hs|  mat_vec_mul_Pipeline_VITIS_LOOP_29_3|  return value|
|vec_0_val      |   in|   16|     ap_none|                             vec_0_val|        scalar|
|vec_1_val      |   in|   16|     ap_none|                             vec_1_val|        scalar|
|vec_2_val      |   in|   16|     ap_none|                             vec_2_val|        scalar|
|vec_3_val      |   in|   16|     ap_none|                             vec_3_val|        scalar|
|p_out          |  out|   16|      ap_vld|                                 p_out|       pointer|
|p_out_ap_vld   |  out|    1|      ap_vld|                                 p_out|       pointer|
|p_out1         |  out|   16|      ap_vld|                                p_out1|       pointer|
|p_out1_ap_vld  |  out|    1|      ap_vld|                                p_out1|       pointer|
|p_out2         |  out|   16|      ap_vld|                                p_out2|       pointer|
|p_out2_ap_vld  |  out|    1|      ap_vld|                                p_out2|       pointer|
|p_out3         |  out|   16|      ap_vld|                                p_out3|       pointer|
|p_out3_ap_vld  |  out|    1|      ap_vld|                                p_out3|       pointer|
+---------------+-----+-----+------------+--------------------------------------+--------------+

============================================================
+ Verbose Summary: Synthesis Manager
============================================================
InlineROM: 1
ExposeGlobal: 0
============================================================
+ Verbose Summary: CDFG Model
============================================================
IsTopModel: 0
ResetActiveHigh: 1
IsCombinational: 2
IsDatapathOnly: 2
HasWiredReturn: 1
HasMFsm: 2
HasVarLatency: 1
IsPipeline: 0
IsRtlPipelined: 0
IsInstanceOverlapped: 0
IsDontTouch: 0
HasImplIP: 0
IsGatedGlobalClock: 0

+ Individual pipeline summary: 
  * Pipeline-0: initiation interval (II) = 1, depth = 1


============================================================
+ Verbose Summary: Schedule
============================================================
* Number of FSM states : 1
* Pipeline : 1
  Pipeline-0 : II = 1, D = 1, States = { 1 }
* Dataflow Pipeline: 0

* FSM state transitions: 
1 --> 

* FSM state operations: 

State 1 <SV = 0> <Delay = 4.82>
ST_1 : Operation 4 [1/1] (0.00ns)   --->   "%k = alloca i32 1" [C:/ELEC522/sm512/asdf/fpga_hls/matrixmult.cpp:29]   --->   Operation 4 'alloca' 'k' <Predicate = true> <Delay = 0.00>
ST_1 : Operation 5 [1/1] (0.00ns)   --->   "%empty = alloca i32 1"   --->   Operation 5 'alloca' 'empty' <Predicate = true> <Delay = 0.00>
ST_1 : Operation 6 [1/1] (0.00ns)   --->   "%empty_53 = alloca i32 1"   --->   Operation 6 'alloca' 'empty_53' <Predicate = true> <Delay = 0.00>
ST_1 : Operation 7 [1/1] (0.00ns)   --->   "%empty_54 = alloca i32 1"   --->   Operation 7 'alloca' 'empty_54' <Predicate = true> <Delay = 0.00>
ST_1 : Operation 8 [1/1] (0.00ns)   --->   "%empty_55 = alloca i32 1"   --->   Operation 8 'alloca' 'empty_55' <Predicate = true> <Delay = 0.00>
ST_1 : Operation 9 [1/1] (0.00ns)   --->   "%vec_3_val_read = read i16 @_ssdm_op_Read.ap_auto.i16, i16 %vec_3_val"   --->   Operation 9 'read' 'vec_3_val_read' <Predicate = true> <Delay = 0.00>
ST_1 : Operation 10 [1/1] (0.00ns)   --->   "%vec_2_val_read = read i16 @_ssdm_op_Read.ap_auto.i16, i16 %vec_2_val"   --->   Operation 10 'read' 'vec_2_val_read' <Predicate = true> <Delay = 0.00>
ST_1 : Operation 11 [1/1] (0.00ns)   --->   "%vec_1_val_read = read i16 @_ssdm_op_Read.ap_auto.i16, i16 %vec_1_val"   --->   Operation 11 'read' 'vec_1_val_read' <Predicate = true> <Delay = 0.00>
ST_1 : Operation 12 [1/1] (0.00ns)   --->   "%vec_0_val_read = read i16 @_ssdm_op_Read.ap_auto.i16, i16 %vec_0_val"   --->   Operation 12 'read' 'vec_0_val_read' <Predicate = true> <Delay = 0.00>
ST_1 : Operation 13 [1/1] (1.58ns)   --->   "%store_ln29 = store i3 0, i3 %k" [C:/ELEC522/sm512/asdf/fpga_hls/matrixmult.cpp:29]   --->   Operation 13 'store' 'store_ln29' <Predicate = true> <Delay = 1.58>
ST_1 : Operation 14 [1/1] (0.00ns)   --->   "%br_ln0 = br void %for.inc22"   --->   Operation 14 'br' 'br_ln0' <Predicate = true> <Delay = 0.00>
ST_1 : Operation 15 [1/1] (0.00ns)   --->   "%k_1 = load i3 %k" [C:/ELEC522/sm512/asdf/fpga_hls/matrixmult.cpp:29]   --->   Operation 15 'load' 'k_1' <Predicate = true> <Delay = 0.00>
ST_1 : Operation 16 [1/1] (1.65ns)   --->   "%icmp_ln29 = icmp_eq  i3 %k_1, i3 4" [C:/ELEC522/sm512/asdf/fpga_hls/matrixmult.cpp:29]   --->   Operation 16 'icmp' 'icmp_ln29' <Predicate = true> <Delay = 1.65> <CoreInst = "Cmp">   --->   Core 9 'Cmp' <Latency = 0> <II = 1> <Delay = 1.73> <FuncUnit> <Opcode : 'seteq' 'setne' 'setle' 'setge' 'setlt' 'setgt'> <InPorts = 2> <OutPorts = 1>
ST_1 : Operation 17 [1/1] (1.65ns)   --->   "%add_ln29 = add i3 %k_1, i3 1" [C:/ELEC522/sm512/asdf/fpga_hls/matrixmult.cpp:29]   --->   Operation 17 'add' 'add_ln29' <Predicate = true> <Delay = 1.65> <CoreInst = "Adder">   --->   Core 1 'Adder' <Latency = 0> <II = 1> <Delay = 1.65> <FuncUnit> <Opcode : 'add' 'sub'> <InPorts = 2> <OutPorts = 1>
ST_1 : Operation 18 [1/1] (0.00ns)   --->   "%br_ln29 = br i1 %icmp_ln29, void %for.inc22.split, void %VITIS_LOOP_40_5.exitStub" [C:/ELEC522/sm512/asdf/fpga_hls/matrixmult.cpp:29]   --->   Operation 18 'br' 'br_ln29' <Predicate = true> <Delay = 0.00>
ST_1 : Operation 19 [1/1] (0.00ns)   --->   "%trunc_ln29 = trunc i3 %k_1" [C:/ELEC522/sm512/asdf/fpga_hls/matrixmult.cpp:29]   --->   Operation 19 'trunc' 'trunc_ln29' <Predicate = (!icmp_ln29)> <Delay = 0.00>
ST_1 : Operation 20 [1/1] (0.00ns)   --->   "%specpipeline_ln29 = specpipeline void @_ssdm_op_SpecPipeline, i32 4294967295, i32 0, i32 0, i32 0, void @empty_24" [C:/ELEC522/sm512/asdf/fpga_hls/matrixmult.cpp:29]   --->   Operation 20 'specpipeline' 'specpipeline_ln29' <Predicate = (!icmp_ln29)> <Delay = 0.00>
ST_1 : Operation 21 [1/1] (0.00ns)   --->   "%speclooptripcount_ln29 = speclooptripcount void @_ssdm_op_SpecLoopTripCount, i64 4, i64 4, i64 4" [C:/ELEC522/sm512/asdf/fpga_hls/matrixmult.cpp:29]   --->   Operation 21 'speclooptripcount' 'speclooptripcount_ln29' <Predicate = (!icmp_ln29)> <Delay = 0.00>
ST_1 : Operation 22 [1/1] (0.00ns)   --->   "%specloopname_ln29 = specloopname void @_ssdm_op_SpecLoopName, void @empty_16" [C:/ELEC522/sm512/asdf/fpga_hls/matrixmult.cpp:29]   --->   Operation 22 'specloopname' 'specloopname_ln29' <Predicate = (!icmp_ln29)> <Delay = 0.00>
ST_1 : Operation 23 [1/1] (1.82ns)   --->   "%vec_local = sparsemux i16 @_ssdm_op_SparseMux.ap_auto.4i16.i16.i2, i2 0, i16 %vec_0_val_read, i2 1, i16 %vec_1_val_read, i2 2, i16 %vec_2_val_read, i2 3, i16 %vec_3_val_read, i16 0, i2 %trunc_ln29" [C:/ELEC522/sm512/asdf/fpga_hls/matrixmult.cpp:30]   --->   Operation 23 'sparsemux' 'vec_local' <Predicate = (!icmp_ln29)> <Delay = 1.82> <CoreInst = "BinarySparseMux_DontCare">   --->   Core 137 'BinarySparseMux_DontCare' <Latency = 0> <II = 1> <Delay = 1.82> <FuncUnit> <Opcode : 'sparsemux'> <InPorts = 2> <OutPorts = 1>
ST_1 : Operation 24 [1/1] (1.56ns)   --->   "%switch_ln30 = switch i2 %trunc_ln29, void %arrayidx21.case.3, i2 0, void %for.inc22.split.arrayidx21.exit_crit_edge, i2 1, void %arrayidx21.case.1, i2 2, void %arrayidx21.case.2" [C:/ELEC522/sm512/asdf/fpga_hls/matrixmult.cpp:30]   --->   Operation 24 'switch' 'switch_ln30' <Predicate = (!icmp_ln29)> <Delay = 1.56>
ST_1 : Operation 25 [1/1] (0.00ns)   --->   "%store_ln30 = store i16 %vec_local, i16 %empty_54" [C:/ELEC522/sm512/asdf/fpga_hls/matrixmult.cpp:30]   --->   Operation 25 'store' 'store_ln30' <Predicate = (!icmp_ln29 & trunc_ln29 == 2)> <Delay = 0.00>
ST_1 : Operation 26 [1/1] (0.00ns)   --->   "%br_ln30 = br void %arrayidx21.exit" [C:/ELEC522/sm512/asdf/fpga_hls/matrixmult.cpp:30]   --->   Operation 26 'br' 'br_ln30' <Predicate = (!icmp_ln29 & trunc_ln29 == 2)> <Delay = 0.00>
ST_1 : Operation 27 [1/1] (0.00ns)   --->   "%store_ln30 = store i16 %vec_local, i16 %empty_53" [C:/ELEC522/sm512/asdf/fpga_hls/matrixmult.cpp:30]   --->   Operation 27 'store' 'store_ln30' <Predicate = (!icmp_ln29 & trunc_ln29 == 1)> <Delay = 0.00>
ST_1 : Operation 28 [1/1] (0.00ns)   --->   "%br_ln30 = br void %arrayidx21.exit" [C:/ELEC522/sm512/asdf/fpga_hls/matrixmult.cpp:30]   --->   Operation 28 'br' 'br_ln30' <Predicate = (!icmp_ln29 & trunc_ln29 == 1)> <Delay = 0.00>
ST_1 : Operation 29 [1/1] (0.00ns)   --->   "%store_ln30 = store i16 %vec_local, i16 %empty" [C:/ELEC522/sm512/asdf/fpga_hls/matrixmult.cpp:30]   --->   Operation 29 'store' 'store_ln30' <Predicate = (!icmp_ln29 & trunc_ln29 == 0)> <Delay = 0.00>
ST_1 : Operation 30 [1/1] (0.00ns)   --->   "%br_ln30 = br void %arrayidx21.exit" [C:/ELEC522/sm512/asdf/fpga_hls/matrixmult.cpp:30]   --->   Operation 30 'br' 'br_ln30' <Predicate = (!icmp_ln29 & trunc_ln29 == 0)> <Delay = 0.00>
ST_1 : Operation 31 [1/1] (0.00ns)   --->   "%store_ln30 = store i16 %vec_local, i16 %empty_55" [C:/ELEC522/sm512/asdf/fpga_hls/matrixmult.cpp:30]   --->   Operation 31 'store' 'store_ln30' <Predicate = (!icmp_ln29 & trunc_ln29 == 3)> <Delay = 0.00>
ST_1 : Operation 32 [1/1] (0.00ns)   --->   "%br_ln30 = br void %arrayidx21.exit" [C:/ELEC522/sm512/asdf/fpga_hls/matrixmult.cpp:30]   --->   Operation 32 'br' 'br_ln30' <Predicate = (!icmp_ln29 & trunc_ln29 == 3)> <Delay = 0.00>
ST_1 : Operation 33 [1/1] (1.58ns)   --->   "%store_ln29 = store i3 %add_ln29, i3 %k" [C:/ELEC522/sm512/asdf/fpga_hls/matrixmult.cpp:29]   --->   Operation 33 'store' 'store_ln29' <Predicate = (!icmp_ln29)> <Delay = 1.58>
ST_1 : Operation 34 [1/1] (0.00ns)   --->   "%br_ln29 = br void %for.inc22" [C:/ELEC522/sm512/asdf/fpga_hls/matrixmult.cpp:29]   --->   Operation 34 'br' 'br_ln29' <Predicate = (!icmp_ln29)> <Delay = 0.00>
ST_1 : Operation 35 [1/1] (0.00ns)   --->   "%p_load11 = load i16 %empty"   --->   Operation 35 'load' 'p_load11' <Predicate = (icmp_ln29)> <Delay = 0.00>
ST_1 : Operation 36 [1/1] (0.00ns)   --->   "%p_load10 = load i16 %empty_53"   --->   Operation 36 'load' 'p_load10' <Predicate = (icmp_ln29)> <Delay = 0.00>
ST_1 : Operation 37 [1/1] (0.00ns)   --->   "%p_load9 = load i16 %empty_54"   --->   Operation 37 'load' 'p_load9' <Predicate = (icmp_ln29)> <Delay = 0.00>
ST_1 : Operation 38 [1/1] (0.00ns)   --->   "%p_load = load i16 %empty_55"   --->   Operation 38 'load' 'p_load' <Predicate = (icmp_ln29)> <Delay = 0.00>
ST_1 : Operation 39 [1/1] (0.00ns)   --->   "%write_ln0 = write void @_ssdm_op_Write.ap_auto.i16P0A, i16 %p_out, i16 %p_load"   --->   Operation 39 'write' 'write_ln0' <Predicate = (icmp_ln29)> <Delay = 0.00>
ST_1 : Operation 40 [1/1] (0.00ns)   --->   "%write_ln0 = write void @_ssdm_op_Write.ap_auto.i16P0A, i16 %p_out1, i16 %p_load9"   --->   Operation 40 'write' 'write_ln0' <Predicate = (icmp_ln29)> <Delay = 0.00>
ST_1 : Operation 41 [1/1] (0.00ns)   --->   "%write_ln0 = write void @_ssdm_op_Write.ap_auto.i16P0A, i16 %p_out2, i16 %p_load10"   --->   Operation 41 'write' 'write_ln0' <Predicate = (icmp_ln29)> <Delay = 0.00>
ST_1 : Operation 42 [1/1] (0.00ns)   --->   "%write_ln0 = write void @_ssdm_op_Write.ap_auto.i16P0A, i16 %p_out3, i16 %p_load11"   --->   Operation 42 'write' 'write_ln0' <Predicate = (icmp_ln29)> <Delay = 0.00>
ST_1 : Operation 43 [1/1] (1.58ns)   --->   "%ret_ln0 = ret"   --->   Operation 43 'ret' 'ret_ln0' <Predicate = (icmp_ln29)> <Delay = 1.58>


============================================================
+ Verbose Summary: Binding
============================================================
STG Binding: 
---------------- STG Properties BEGIN ----------------
- Is combinational: 0
- Is one-state seq: 0
- Is datapath-only: 0
- Is pipelined: 0
- Is top level: 0
Port [ Return ] is wired: 1; IO mode=ap_ctrl_hs:ce=0
Port [ vec_0_val]:  wired=1; compound=0; hidden=0; nouse=0; global=0; static=0; extern=0; dir=0; type=0; pingpong=0; private_global=0; IO mode=ap_none:ce=0
Port [ vec_1_val]:  wired=1; compound=0; hidden=0; nouse=0; global=0; static=0; extern=0; dir=0; type=0; pingpong=0; private_global=0; IO mode=ap_none:ce=0
Port [ vec_2_val]:  wired=1; compound=0; hidden=0; nouse=0; global=0; static=0; extern=0; dir=0; type=0; pingpong=0; private_global=0; IO mode=ap_none:ce=0
Port [ vec_3_val]:  wired=1; compound=0; hidden=0; nouse=0; global=0; static=0; extern=0; dir=0; type=0; pingpong=0; private_global=0; IO mode=ap_none:ce=0
Port [ p_out]:  wired=1; compound=0; hidden=0; nouse=0; global=0; static=0; extern=0; dir=1; type=0; pingpong=0; private_global=0; IO mode=ap_vld:ce=0
Port [ p_out1]:  wired=1; compound=0; hidden=0; nouse=0; global=0; static=0; extern=0; dir=1; type=0; pingpong=0; private_global=0; IO mode=ap_vld:ce=0
Port [ p_out2]:  wired=1; compound=0; hidden=0; nouse=0; global=0; static=0; extern=0; dir=1; type=0; pingpong=0; private_global=0; IO mode=ap_vld:ce=0
Port [ p_out3]:  wired=1; compound=0; hidden=0; nouse=0; global=0; static=0; extern=0; dir=1; type=0; pingpong=0; private_global=0; IO mode=ap_vld:ce=0
---------------- STG Properties END ------------------

---------------- Datapath Model BEGIN ----------------

<LifeTime>
<method=bitvector/>
k                      (alloca           ) [ 01]
empty                  (alloca           ) [ 01]
empty_53               (alloca           ) [ 01]
empty_54               (alloca           ) [ 01]
empty_55               (alloca           ) [ 01]
vec_3_val_read         (read             ) [ 00]
vec_2_val_read         (read             ) [ 00]
vec_1_val_read         (read             ) [ 00]
vec_0_val_read         (read             ) [ 00]
store_ln29             (store            ) [ 00]
br_ln0                 (br               ) [ 00]
k_1                    (load             ) [ 00]
icmp_ln29              (icmp             ) [ 01]
add_ln29               (add              ) [ 00]
br_ln29                (br               ) [ 00]
trunc_ln29             (trunc            ) [ 01]
specpipeline_ln29      (specpipeline     ) [ 00]
speclooptripcount_ln29 (speclooptripcount) [ 00]
specloopname_ln29      (specloopname     ) [ 00]
vec_local              (sparsemux        ) [ 00]
switch_ln30            (switch           ) [ 00]
store_ln30             (store            ) [ 00]
br_ln30                (br               ) [ 00]
store_ln30             (store            ) [ 00]
br_ln30                (br               ) [ 00]
store_ln30             (store            ) [ 00]
br_ln30                (br               ) [ 00]
store_ln30             (store            ) [ 00]
br_ln30                (br               ) [ 00]
store_ln29             (store            ) [ 00]
br_ln29                (br               ) [ 00]
p_load11               (load             ) [ 00]
p_load10               (load             ) [ 00]
p_load9                (load             ) [ 00]
p_load                 (load             ) [ 00]
write_ln0              (write            ) [ 00]
write_ln0              (write            ) [ 00]
write_ln0              (write            ) [ 00]
write_ln0              (write            ) [ 00]
ret_ln0                (ret              ) [ 00]
</LifeTime>

<model>

<comp_list>
<comp id="0" class="1000" name="vec_0_val">
<pin_list>
<pin id="1" dir="1" index="0" bw="1" slack="0"/>
</pin_list>
<bind>
<StgValue><ssdm name="vec_0_val"/></StgValue>
</bind>
</comp>

<comp id="2" class="1000" name="vec_1_val">
<pin_list>
<pin id="3" dir="1" index="0" bw="1" slack="0"/>
</pin_list>
<bind>
<StgValue><ssdm name="vec_1_val"/></StgValue>
</bind>
</comp>

<comp id="4" class="1000" name="vec_2_val">
<pin_list>
<pin id="5" dir="1" index="0" bw="1" slack="0"/>
</pin_list>
<bind>
<StgValue><ssdm name="vec_2_val"/></StgValue>
</bind>
</comp>

<comp id="6" class="1000" name="vec_3_val">
<pin_list>
<pin id="7" dir="1" index="0" bw="1" slack="0"/>
</pin_list>
<bind>
<StgValue><ssdm name="vec_3_val"/></StgValue>
</bind>
</comp>

<comp id="8" class="1000" name="p_out">
<pin_list>
<pin id="9" dir="1" index="0" bw="1" slack="0"/>
</pin_list>
<bind>
<StgValue><ssdm name="p_out"/></StgValue>
</bind>
</comp>

<comp id="10" class="1000" name="p_out1">
<pin_list>
<pin id="11" dir="1" index="0" bw="1" slack="0"/>
</pin_list>
<bind>
<StgValue><ssdm name="p_out1"/></StgValue>
</bind>
</comp>

<comp id="12" class="1000" name="p_out2">
<pin_list>
<pin id="13" dir="1" index="0" bw="1" slack="0"/>
</pin_list>
<bind>
<StgValue><ssdm name="p_out2"/></StgValue>
</bind>
</comp>

<comp id="14" class="1000" name="p_out3">
<pin_list>
<pin id="15" dir="1" index="0" bw="1" slack="0"/>
</pin_list>
<bind>
<StgValue><ssdm name="p_out3"/></StgValue>
</bind>
</comp>

<comp id="16" class="1001" name="const_16">
<pin_list>
<pin id="17" dir="1" index="0" bw="1" slack="0"/>
</pin_list>
<bind>
<StgValue><ssdm name=""/></StgValue>
</bind>
</comp>

<comp id="18" class="1001" name="const_18">
<pin_list>
<pin id="19" dir="1" index="0" bw="1" slack="0"/>
</pin_list>
<bind>
<StgValue><ssdm name="_ssdm_op_Read.ap_auto.i16"/></StgValue>
</bind>
</comp>

<comp id="20" class="1001" name="const_20">
<pin_list>
<pin id="21" dir="1" index="0" bw="1" slack="0"/>
</pin_list>
<bind>
<StgValue><ssdm name=""/></StgValue>
</bind>
</comp>

<comp id="22" class="1001" name="const_22">
<pin_list>
<pin id="23" dir="1" index="0" bw="1" slack="0"/>
</pin_list>
<bind>
<StgValue><ssdm name=""/></StgValue>
</bind>
</comp>

<comp id="24" class="1001" name="const_24">
<pin_list>
<pin id="25" dir="1" index="0" bw="1" slack="0"/>
</pin_list>
<bind>
<StgValue><ssdm name=""/></StgValue>
</bind>
</comp>

<comp id="26" class="1001" name="const_26">
<pin_list>
<pin id="27" dir="1" index="0" bw="1" slack="2147483647"/>
</pin_list>
<bind>
<StgValue><ssdm name="_ssdm_op_SpecPipeline"/></StgValue>
</bind>
</comp>

<comp id="28" class="1001" name="const_28">
<pin_list>
<pin id="29" dir="1" index="0" bw="1" slack="2147483647"/>
</pin_list>
<bind>
<StgValue><ssdm name=""/></StgValue>
</bind>
</comp>

<comp id="30" class="1001" name="const_30">
<pin_list>
<pin id="31" dir="1" index="0" bw="1" slack="2147483647"/>
</pin_list>
<bind>
<StgValue><ssdm name=""/></StgValue>
</bind>
</comp>

<comp id="32" class="1001" name="const_32">
<pin_list>
<pin id="33" dir="1" index="0" bw="1" slack="2147483647"/>
</pin_list>
<bind>
<StgValue><ssdm name="empty_24"/></StgValue>
</bind>
</comp>

<comp id="34" class="1001" name="const_34">
<pin_list>
<pin id="35" dir="1" index="0" bw="1" slack="2147483647"/>
</pin_list>
<bind>
<StgValue><ssdm name="_ssdm_op_SpecLoopTripCount"/></StgValue>
</bind>
</comp>

<comp id="36" class="1001" name="const_36">
<pin_list>
<pin id="37" dir="1" index="0" bw="1" slack="2147483647"/>
</pin_list>
<bind>
<StgValue><ssdm name=""/></StgValue>
</bind>
</comp>

<comp id="38" class="1001" name="const_38">
<pin_list>
<pin id="39" dir="1" index="0" bw="1" slack="2147483647"/>
</pin_list>
<bind>
<StgValue><ssdm name="_ssdm_op_SpecLoopName"/></StgValue>
</bind>
</comp>

<comp id="40" class="1001" name="const_40">
<pin_list>
<pin id="41" dir="1" index="0" bw="1" slack="2147483647"/>
</pin_list>
<bind>
<StgValue><ssdm name="empty_16"/></StgValue>
</bind>
</comp>

<comp id="42" class="1001" name="const_42">
<pin_list>
<pin id="43" dir="1" index="0" bw="1" slack="0"/>
</pin_list>
<bind>
<StgValue><ssdm name="_ssdm_op_SparseMux.ap_auto.4i16.i16.i2"/></StgValue>
</bind>
</comp>

<comp id="44" class="1001" name="const_44">
<pin_list>
<pin id="45" dir="1" index="0" bw="1" slack="0"/>
</pin_list>
<bind>
<StgValue><ssdm name=""/></StgValue>
</bind>
</comp>

<comp id="46" class="1001" name="const_46">
<pin_list>
<pin id="47" dir="1" index="0" bw="1" slack="0"/>
</pin_list>
<bind>
<StgValue><ssdm name=""/></StgValue>
</bind>
</comp>

<comp id="48" class="1001" name="const_48">
<pin_list>
<pin id="49" dir="1" index="0" bw="1" slack="0"/>
</pin_list>
<bind>
<StgValue><ssdm name=""/></StgValue>
</bind>
</comp>

<comp id="50" class="1001" name="const_50">
<pin_list>
<pin id="51" dir="1" index="0" bw="1" slack="0"/>
</pin_list>
<bind>
<StgValue><ssdm name=""/></StgValue>
</bind>
</comp>

<comp id="52" class="1001" name="const_52">
<pin_list>
<pin id="53" dir="1" index="0" bw="1" slack="0"/>
</pin_list>
<bind>
<StgValue><ssdm name=""/></StgValue>
</bind>
</comp>

<comp id="54" class="1001" name="const_54">
<pin_list>
<pin id="55" dir="1" index="0" bw="1" slack="0"/>
</pin_list>
<bind>
<StgValue><ssdm name="_ssdm_op_Write.ap_auto.i16P0A"/></StgValue>
</bind>
</comp>

<comp id="56" class="1004" name="k_fu_56">
<pin_list>
<pin id="57" dir="0" index="0" bw="1" slack="0"/>
<pin id="58" dir="1" index="1" bw="3" slack="0"/>
</pin_list>
<bind>
<opcode="alloca(26) " fcode="alloca"/>
<opset="k/1 "/>
</bind>
</comp>

<comp id="60" class="1004" name="empty_fu_60">
<pin_list>
<pin id="61" dir="0" index="0" bw="1" slack="0"/>
<pin id="62" dir="1" index="1" bw="16" slack="0"/>
</pin_list>
<bind>
<opcode="alloca(26) " fcode="alloca"/>
<opset="empty/1 "/>
</bind>
</comp>

<comp id="64" class="1004" name="empty_53_fu_64">
<pin_list>
<pin id="65" dir="0" index="0" bw="1" slack="0"/>
<pin id="66" dir="1" index="1" bw="16" slack="0"/>
</pin_list>
<bind>
<opcode="alloca(26) " fcode="alloca"/>
<opset="empty_53/1 "/>
</bind>
</comp>

<comp id="68" class="1004" name="empty_54_fu_68">
<pin_list>
<pin id="69" dir="0" index="0" bw="1" slack="0"/>
<pin id="70" dir="1" index="1" bw="16" slack="0"/>
</pin_list>
<bind>
<opcode="alloca(26) " fcode="alloca"/>
<opset="empty_54/1 "/>
</bind>
</comp>

<comp id="72" class="1004" name="empty_55_fu_72">
<pin_list>
<pin id="73" dir="0" index="0" bw="1" slack="0"/>
<pin id="74" dir="1" index="1" bw="16" slack="0"/>
</pin_list>
<bind>
<opcode="alloca(26) " fcode="alloca"/>
<opset="empty_55/1 "/>
</bind>
</comp>

<comp id="76" class="1004" name="vec_3_val_read_read_fu_76">
<pin_list>
<pin id="77" dir="0" index="0" bw="16" slack="0"/>
<pin id="78" dir="0" index="1" bw="16" slack="0"/>
<pin id="79" dir="1" index="2" bw="16" slack="0"/>
</pin_list>
<bind>
<opcode="read(1150) " fcode="read"/>
<opset="vec_3_val_read/1 "/>
</bind>
</comp>

<comp id="82" class="1004" name="vec_2_val_read_read_fu_82">
<pin_list>
<pin id="83" dir="0" index="0" bw="16" slack="0"/>
<pin id="84" dir="0" index="1" bw="16" slack="0"/>
<pin id="85" dir="1" index="2" bw="16" slack="0"/>
</pin_list>
<bind>
<opcode="read(1150) " fcode="read"/>
<opset="vec_2_val_read/1 "/>
</bind>
</comp>

<comp id="88" class="1004" name="vec_1_val_read_read_fu_88">
<pin_list>
<pin id="89" dir="0" index="0" bw="16" slack="0"/>
<pin id="90" dir="0" index="1" bw="16" slack="0"/>
<pin id="91" dir="1" index="2" bw="16" slack="0"/>
</pin_list>
<bind>
<opcode="read(1150) " fcode="read"/>
<opset="vec_1_val_read/1 "/>
</bind>
</comp>

<comp id="94" class="1004" name="vec_0_val_read_read_fu_94">
<pin_list>
<pin id="95" dir="0" index="0" bw="16" slack="0"/>
<pin id="96" dir="0" index="1" bw="16" slack="0"/>
<pin id="97" dir="1" index="2" bw="16" slack="0"/>
</pin_list>
<bind>
<opcode="read(1150) " fcode="read"/>
<opset="vec_0_val_read/1 "/>
</bind>
</comp>

<comp id="100" class="1004" name="write_ln0_write_fu_100">
<pin_list>
<pin id="101" dir="0" index="0" bw="0" slack="0"/>
<pin id="102" dir="0" index="1" bw="16" slack="0"/>
<pin id="103" dir="0" index="2" bw="16" slack="0"/>
<pin id="104" dir="1" index="3" bw="0" slack="2147483647"/>
</pin_list>
<bind>
<opcode="write(1151) " fcode="write"/>
<opset="write_ln0/1 "/>
</bind>
</comp>

<comp id="107" class="1004" name="write_ln0_write_fu_107">
<pin_list>
<pin id="108" dir="0" index="0" bw="0" slack="0"/>
<pin id="109" dir="0" index="1" bw="16" slack="0"/>
<pin id="110" dir="0" index="2" bw="16" slack="0"/>
<pin id="111" dir="1" index="3" bw="0" slack="2147483647"/>
</pin_list>
<bind>
<opcode="write(1151) " fcode="write"/>
<opset="write_ln0/1 "/>
</bind>
</comp>

<comp id="114" class="1004" name="write_ln0_write_fu_114">
<pin_list>
<pin id="115" dir="0" index="0" bw="0" slack="0"/>
<pin id="116" dir="0" index="1" bw="16" slack="0"/>
<pin id="117" dir="0" index="2" bw="16" slack="0"/>
<pin id="118" dir="1" index="3" bw="0" slack="2147483647"/>
</pin_list>
<bind>
<opcode="write(1151) " fcode="write"/>
<opset="write_ln0/1 "/>
</bind>
</comp>

<comp id="121" class="1004" name="write_ln0_write_fu_121">
<pin_list>
<pin id="122" dir="0" index="0" bw="0" slack="0"/>
<pin id="123" dir="0" index="1" bw="16" slack="0"/>
<pin id="124" dir="0" index="2" bw="16" slack="0"/>
<pin id="125" dir="1" index="3" bw="0" slack="2147483647"/>
</pin_list>
<bind>
<opcode="write(1151) " fcode="write"/>
<opset="write_ln0/1 "/>
</bind>
</comp>

<comp id="128" class="1004" name="store_ln29_store_fu_128">
<pin_list>
<pin id="129" dir="0" index="0" bw="1" slack="0"/>
<pin id="130" dir="0" index="1" bw="3" slack="0"/>
<pin id="131" dir="1" index="2" bw="0" slack="2147483647"/>
</pin_list>
<bind>
<opcode="store(28) " fcode="store"/>
<opset="store_ln29/1 "/>
</bind>
</comp>

<comp id="133" class="1004" name="k_1_load_fu_133">
<pin_list>
<pin id="134" dir="0" index="0" bw="3" slack="0"/>
<pin id="135" dir="1" index="1" bw="3" slack="0"/>
</pin_list>
<bind>
<opcode="load(27) " fcode="load"/>
<opset="k_1/1 "/>
</bind>
</comp>

<comp id="136" class="1004" name="icmp_ln29_fu_136">
<pin_list>
<pin id="137" dir="0" index="0" bw="3" slack="0"/>
<pin id="138" dir="0" index="1" bw="3" slack="0"/>
<pin id="139" dir="1" index="2" bw="1" slack="2147483647"/>
</pin_list>
<bind>
<opcode="icmp(45) " fcode="icmp"/>
<opset="icmp_ln29/1 "/>
</bind>
</comp>

<comp id="142" class="1004" name="add_ln29_fu_142">
<pin_list>
<pin id="143" dir="0" index="0" bw="3" slack="0"/>
<pin id="144" dir="0" index="1" bw="1" slack="0"/>
<pin id="145" dir="1" index="2" bw="3" slack="0"/>
</pin_list>
<bind>
<opcode="add(8) " fcode="add"/>
<opset="add_ln29/1 "/>
</bind>
</comp>

<comp id="148" class="1004" name="trunc_ln29_fu_148">
<pin_list>
<pin id="149" dir="0" index="0" bw="3" slack="0"/>
<pin id="150" dir="1" index="1" bw="2" slack="0"/>
</pin_list>
<bind>
<opcode="trunc(33) " fcode="trunc"/>
<opset="trunc_ln29/1 "/>
</bind>
</comp>

<comp id="152" class="1004" name="vec_local_fu_152">
<pin_list>
<pin id="153" dir="0" index="0" bw="16" slack="0"/>
<pin id="154" dir="0" index="1" bw="2" slack="0"/>
<pin id="155" dir="0" index="2" bw="16" slack="0"/>
<pin id="156" dir="0" index="3" bw="2" slack="0"/>
<pin id="157" dir="0" index="4" bw="16" slack="0"/>
<pin id="158" dir="0" index="5" bw="2" slack="0"/>
<pin id="159" dir="0" index="6" bw="16" slack="0"/>
<pin id="160" dir="0" index="7" bw="2" slack="0"/>
<pin id="161" dir="0" index="8" bw="16" slack="0"/>
<pin id="162" dir="0" index="9" bw="16" slack="0"/>
<pin id="163" dir="0" index="10" bw="2" slack="0"/>
<pin id="164" dir="1" index="11" bw="16" slack="0"/>
</pin_list>
<bind>
<opcode="sparsemux(1197) " fcode="sparsemux"/>
<opset="vec_local/1 "/>
</bind>
</comp>

<comp id="176" class="1004" name="switch_ln30_fu_176">
<pin_list>
<pin id="177" dir="0" index="0" bw="2" slack="0"/>
<pin id="178" dir="0" index="1" bw="1" slack="0"/>
<pin id="179" dir="0" index="2" bw="1" slack="0"/>
<pin id="180" dir="0" index="3" bw="2" slack="0"/>
<pin id="181" dir="1" index="4" bw="0" slack="2147483647"/>
</pin_list>
<bind>
<opcode="switch(3) " fcode="switch"/>
<opset="switch_ln30/1 "/>
</bind>
</comp>

<comp id="186" class="1004" name="store_ln30_store_fu_186">
<pin_list>
<pin id="187" dir="0" index="0" bw="16" slack="0"/>
<pin id="188" dir="0" index="1" bw="16" slack="0"/>
<pin id="189" dir="1" index="2" bw="0" slack="2147483647"/>
</pin_list>
<bind>
<opcode="store(28) " fcode="store"/>
<opset="store_ln30/1 "/>
</bind>
</comp>

<comp id="191" class="1004" name="store_ln30_store_fu_191">
<pin_list>
<pin id="192" dir="0" index="0" bw="16" slack="0"/>
<pin id="193" dir="0" index="1" bw="16" slack="0"/>
<pin id="194" dir="1" index="2" bw="0" slack="2147483647"/>
</pin_list>
<bind>
<opcode="store(28) " fcode="store"/>
<opset="store_ln30/1 "/>
</bind>
</comp>

<comp id="196" class="1004" name="store_ln30_store_fu_196">
<pin_list>
<pin id="197" dir="0" index="0" bw="16" slack="0"/>
<pin id="198" dir="0" index="1" bw="16" slack="0"/>
<pin id="199" dir="1" index="2" bw="0" slack="2147483647"/>
</pin_list>
<bind>
<opcode="store(28) " fcode="store"/>
<opset="store_ln30/1 "/>
</bind>
</comp>

<comp id="201" class="1004" name="store_ln30_store_fu_201">
<pin_list>
<pin id="202" dir="0" index="0" bw="16" slack="0"/>
<pin id="203" dir="0" index="1" bw="16" slack="0"/>
<pin id="204" dir="1" index="2" bw="0" slack="2147483647"/>
</pin_list>
<bind>
<opcode="store(28) " fcode="store"/>
<opset="store_ln30/1 "/>
</bind>
</comp>

<comp id="206" class="1004" name="store_ln29_store_fu_206">
<pin_list>
<pin id="207" dir="0" index="0" bw="3" slack="0"/>
<pin id="208" dir="0" index="1" bw="3" slack="0"/>
<pin id="209" dir="1" index="2" bw="0" slack="2147483647"/>
</pin_list>
<bind>
<opcode="store(28) " fcode="store"/>
<opset="store_ln29/1 "/>
</bind>
</comp>

<comp id="211" class="1004" name="p_load11_load_fu_211">
<pin_list>
<pin id="212" dir="0" index="0" bw="16" slack="0"/>
<pin id="213" dir="1" index="1" bw="16" slack="0"/>
</pin_list>
<bind>
<opcode="load(27) " fcode="load"/>
<opset="p_load11/1 "/>
</bind>
</comp>

<comp id="215" class="1004" name="p_load10_load_fu_215">
<pin_list>
<pin id="216" dir="0" index="0" bw="16" slack="0"/>
<pin id="217" dir="1" index="1" bw="16" slack="0"/>
</pin_list>
<bind>
<opcode="load(27) " fcode="load"/>
<opset="p_load10/1 "/>
</bind>
</comp>

<comp id="219" class="1004" name="p_load9_load_fu_219">
<pin_list>
<pin id="220" dir="0" index="0" bw="16" slack="0"/>
<pin id="221" dir="1" index="1" bw="16" slack="0"/>
</pin_list>
<bind>
<opcode="load(27) " fcode="load"/>
<opset="p_load9/1 "/>
</bind>
</comp>

<comp id="223" class="1004" name="p_load_load_fu_223">
<pin_list>
<pin id="224" dir="0" index="0" bw="16" slack="0"/>
<pin id="225" dir="1" index="1" bw="16" slack="0"/>
</pin_list>
<bind>
<opcode="load(27) " fcode="load"/>
<opset="p_load/1 "/>
</bind>
</comp>

<comp id="227" class="1005" name="k_reg_227">
<pin_list>
<pin id="228" dir="0" index="0" bw="3" slack="0"/>
<pin id="229" dir="1" index="1" bw="3" slack="0"/>
</pin_list>
<bind>
<opset="k "/>
</bind>
</comp>

<comp id="234" class="1005" name="empty_reg_234">
<pin_list>
<pin id="235" dir="0" index="0" bw="16" slack="0"/>
<pin id="236" dir="1" index="1" bw="16" slack="0"/>
</pin_list>
<bind>
<opset="empty "/>
</bind>
</comp>

<comp id="240" class="1005" name="empty_53_reg_240">
<pin_list>
<pin id="241" dir="0" index="0" bw="16" slack="0"/>
<pin id="242" dir="1" index="1" bw="16" slack="0"/>
</pin_list>
<bind>
<opset="empty_53 "/>
</bind>
</comp>

<comp id="246" class="1005" name="empty_54_reg_246">
<pin_list>
<pin id="247" dir="0" index="0" bw="16" slack="0"/>
<pin id="248" dir="1" index="1" bw="16" slack="0"/>
</pin_list>
<bind>
<opset="empty_54 "/>
</bind>
</comp>

<comp id="252" class="1005" name="empty_55_reg_252">
<pin_list>
<pin id="253" dir="0" index="0" bw="16" slack="0"/>
<pin id="254" dir="1" index="1" bw="16" slack="0"/>
</pin_list>
<bind>
<opset="empty_55 "/>
</bind>
</comp>

</comp_list>

<net_list>
<net id="59"><net_src comp="16" pin="0"/><net_sink comp="56" pin=0"/></net>

<net id="63"><net_src comp="16" pin="0"/><net_sink comp="60" pin=0"/></net>

<net id="67"><net_src comp="16" pin="0"/><net_sink comp="64" pin=0"/></net>

<net id="71"><net_src comp="16" pin="0"/><net_sink comp="68" pin=0"/></net>

<net id="75"><net_src comp="16" pin="0"/><net_sink comp="72" pin=0"/></net>

<net id="80"><net_src comp="18" pin="0"/><net_sink comp="76" pin=0"/></net>

<net id="81"><net_src comp="6" pin="0"/><net_sink comp="76" pin=1"/></net>

<net id="86"><net_src comp="18" pin="0"/><net_sink comp="82" pin=0"/></net>

<net id="87"><net_src comp="4" pin="0"/><net_sink comp="82" pin=1"/></net>

<net id="92"><net_src comp="18" pin="0"/><net_sink comp="88" pin=0"/></net>

<net id="93"><net_src comp="2" pin="0"/><net_sink comp="88" pin=1"/></net>

<net id="98"><net_src comp="18" pin="0"/><net_sink comp="94" pin=0"/></net>

<net id="99"><net_src comp="0" pin="0"/><net_sink comp="94" pin=1"/></net>

<net id="105"><net_src comp="54" pin="0"/><net_sink comp="100" pin=0"/></net>

<net id="106"><net_src comp="8" pin="0"/><net_sink comp="100" pin=1"/></net>

<net id="112"><net_src comp="54" pin="0"/><net_sink comp="107" pin=0"/></net>

<net id="113"><net_src comp="10" pin="0"/><net_sink comp="107" pin=1"/></net>

<net id="119"><net_src comp="54" pin="0"/><net_sink comp="114" pin=0"/></net>

<net id="120"><net_src comp="12" pin="0"/><net_sink comp="114" pin=1"/></net>

<net id="126"><net_src comp="54" pin="0"/><net_sink comp="121" pin=0"/></net>

<net id="127"><net_src comp="14" pin="0"/><net_sink comp="121" pin=1"/></net>

<net id="132"><net_src comp="20" pin="0"/><net_sink comp="128" pin=0"/></net>

<net id="140"><net_src comp="133" pin="1"/><net_sink comp="136" pin=0"/></net>

<net id="141"><net_src comp="22" pin="0"/><net_sink comp="136" pin=1"/></net>

<net id="146"><net_src comp="133" pin="1"/><net_sink comp="142" pin=0"/></net>

<net id="147"><net_src comp="24" pin="0"/><net_sink comp="142" pin=1"/></net>

<net id="151"><net_src comp="133" pin="1"/><net_sink comp="148" pin=0"/></net>

<net id="165"><net_src comp="42" pin="0"/><net_sink comp="152" pin=0"/></net>

<net id="166"><net_src comp="44" pin="0"/><net_sink comp="152" pin=1"/></net>

<net id="167"><net_src comp="94" pin="2"/><net_sink comp="152" pin=2"/></net>

<net id="168"><net_src comp="46" pin="0"/><net_sink comp="152" pin=3"/></net>

<net id="169"><net_src comp="88" pin="2"/><net_sink comp="152" pin=4"/></net>

<net id="170"><net_src comp="48" pin="0"/><net_sink comp="152" pin=5"/></net>

<net id="171"><net_src comp="82" pin="2"/><net_sink comp="152" pin=6"/></net>

<net id="172"><net_src comp="50" pin="0"/><net_sink comp="152" pin=7"/></net>

<net id="173"><net_src comp="76" pin="2"/><net_sink comp="152" pin=8"/></net>

<net id="174"><net_src comp="52" pin="0"/><net_sink comp="152" pin=9"/></net>

<net id="175"><net_src comp="148" pin="1"/><net_sink comp="152" pin=10"/></net>

<net id="182"><net_src comp="148" pin="1"/><net_sink comp="176" pin=0"/></net>

<net id="183"><net_src comp="44" pin="0"/><net_sink comp="176" pin=1"/></net>

<net id="184"><net_src comp="46" pin="0"/><net_sink comp="176" pin=2"/></net>

<net id="185"><net_src comp="48" pin="0"/><net_sink comp="176" pin=3"/></net>

<net id="190"><net_src comp="152" pin="11"/><net_sink comp="186" pin=0"/></net>

<net id="195"><net_src comp="152" pin="11"/><net_sink comp="191" pin=0"/></net>

<net id="200"><net_src comp="152" pin="11"/><net_sink comp="196" pin=0"/></net>

<net id="205"><net_src comp="152" pin="11"/><net_sink comp="201" pin=0"/></net>

<net id="210"><net_src comp="142" pin="2"/><net_sink comp="206" pin=0"/></net>

<net id="214"><net_src comp="211" pin="1"/><net_sink comp="121" pin=2"/></net>

<net id="218"><net_src comp="215" pin="1"/><net_sink comp="114" pin=2"/></net>

<net id="222"><net_src comp="219" pin="1"/><net_sink comp="107" pin=2"/></net>

<net id="226"><net_src comp="223" pin="1"/><net_sink comp="100" pin=2"/></net>

<net id="230"><net_src comp="56" pin="1"/><net_sink comp="227" pin=0"/></net>

<net id="231"><net_src comp="227" pin="1"/><net_sink comp="128" pin=1"/></net>

<net id="232"><net_src comp="227" pin="1"/><net_sink comp="133" pin=0"/></net>

<net id="233"><net_src comp="227" pin="1"/><net_sink comp="206" pin=1"/></net>

<net id="237"><net_src comp="60" pin="1"/><net_sink comp="234" pin=0"/></net>

<net id="238"><net_src comp="234" pin="1"/><net_sink comp="196" pin=1"/></net>

<net id="239"><net_src comp="234" pin="1"/><net_sink comp="211" pin=0"/></net>

<net id="243"><net_src comp="64" pin="1"/><net_sink comp="240" pin=0"/></net>

<net id="244"><net_src comp="240" pin="1"/><net_sink comp="191" pin=1"/></net>

<net id="245"><net_src comp="240" pin="1"/><net_sink comp="215" pin=0"/></net>

<net id="249"><net_src comp="68" pin="1"/><net_sink comp="246" pin=0"/></net>

<net id="250"><net_src comp="246" pin="1"/><net_sink comp="186" pin=1"/></net>

<net id="251"><net_src comp="246" pin="1"/><net_sink comp="219" pin=0"/></net>

<net id="255"><net_src comp="72" pin="1"/><net_sink comp="252" pin=0"/></net>

<net id="256"><net_src comp="252" pin="1"/><net_sink comp="201" pin=1"/></net>

<net id="257"><net_src comp="252" pin="1"/><net_sink comp="223" pin=0"/></net>

</net_list>

</model> 
---------------- Datapath Model END ------------------

* FSMD analyzer results:
  - Output states:
	Port: p_out | {1 }
	Port: p_out1 | {1 }
	Port: p_out2 | {1 }
	Port: p_out3 | {1 }
 - Input state : 
	Port: mat_vec_mul_Pipeline_VITIS_LOOP_29_3 : vec_0_val | {1 }
	Port: mat_vec_mul_Pipeline_VITIS_LOOP_29_3 : vec_1_val | {1 }
	Port: mat_vec_mul_Pipeline_VITIS_LOOP_29_3 : vec_2_val | {1 }
	Port: mat_vec_mul_Pipeline_VITIS_LOOP_29_3 : vec_3_val | {1 }
  - Chain level:
	State 1
		store_ln29 : 1
		k_1 : 1
		icmp_ln29 : 2
		add_ln29 : 2
		br_ln29 : 3
		trunc_ln29 : 2
		vec_local : 3
		switch_ln30 : 3
		store_ln30 : 4
		store_ln30 : 4
		store_ln30 : 4
		store_ln30 : 4
		store_ln29 : 3
		p_load11 : 1
		p_load10 : 1
		p_load9 : 1
		p_load : 1
		write_ln0 : 2
		write_ln0 : 2
		write_ln0 : 2
		write_ln0 : 2


============================================================
+ Verbose Summary: Datapath Resource usage 
============================================================

* Functional unit list:
|----------|---------------------------|---------|---------|
| Operation|      Functional Unit      |    FF   |   LUT   |
|----------|---------------------------|---------|---------|
| sparsemux|      vec_local_fu_152     |    0    |    20   |
|----------|---------------------------|---------|---------|
|   icmp   |      icmp_ln29_fu_136     |    0    |    11   |
|----------|---------------------------|---------|---------|
|    add   |      add_ln29_fu_142      |    0    |    11   |
|----------|---------------------------|---------|---------|
|          | vec_3_val_read_read_fu_76 |    0    |    0    |
|   read   | vec_2_val_read_read_fu_82 |    0    |    0    |
|          | vec_1_val_read_read_fu_88 |    0    |    0    |
|          | vec_0_val_read_read_fu_94 |    0    |    0    |
|----------|---------------------------|---------|---------|
|          |   write_ln0_write_fu_100  |    0    |    0    |
|   write  |   write_ln0_write_fu_107  |    0    |    0    |
|          |   write_ln0_write_fu_114  |    0    |    0    |
|          |   write_ln0_write_fu_121  |    0    |    0    |
|----------|---------------------------|---------|---------|
|   trunc  |     trunc_ln29_fu_148     |    0    |    0    |
|----------|---------------------------|---------|---------|
|  switch  |     switch_ln30_fu_176    |    0    |    0    |
|----------|---------------------------|---------|---------|
|   Total  |                           |    0    |    42   |
|----------|---------------------------|---------|---------|

Memories:
N/A

* Register list:
+----------------+--------+
|                |   FF   |
+----------------+--------+
|empty_53_reg_240|   16   |
|empty_54_reg_246|   16   |
|empty_55_reg_252|   16   |
|  empty_reg_234 |   16   |
|    k_reg_227   |    3   |
+----------------+--------+
|      Total     |   67   |
+----------------+--------+

* Multiplexer (MUX) list: 
|--------|------|------|------|--------|
|  Comp  |  Pin | Size |  BW  | S x BW |
|--------|------|------|------|--------|
|  Total |      |      |      |    0   |
|--------|------|------|------|--------|



* Summary:
+-----------+--------+--------+
|           |   FF   |   LUT  |
+-----------+--------+--------+
|  Function |    0   |   42   |
|   Memory  |    -   |    -   |
|Multiplexer|    -   |    -   |
|  Register |   67   |    -   |
+-----------+--------+--------+
|   Total   |   67   |   42   |
+-----------+--------+--------+
