C:\ELEC522\sm512\asdf\Vitis_HLS\hls_component\solve_top\hls\.autopilot\db\qrd.pp.0.cpp:2269:5: warning: Added loop label VITIS_LOOP_676_1:   [xilinx-label-all-loops]
    for (unsigned i = low; i != high+1; ++i) {
    ^~~
    VITIS_LOOP_676_1: 
C:\ELEC522\sm512\asdf\Vitis_HLS\hls_component\solve_top\hls\.autopilot\db\qrd.pp.0.cpp:2269:5: note: FIX-IT applied suggested code changes
C:\ELEC522\sm512\asdf\Vitis_HLS\hls_component\solve_top\hls\.autopilot\db\qrd.pp.0.cpp:2283:5: warning: Added loop label VITIS_LOOP_690_1:   [xilinx-label-all-loops]
    for (unsigned i = low; i != high+1; ++i) {
    ^~~
    VITIS_LOOP_690_1: 
C:\ELEC522\sm512\asdf\Vitis_HLS\hls_component\solve_top\hls\.autopilot\db\qrd.pp.0.cpp:2283:5: note: FIX-IT applied suggested code changes
C:\ELEC522\sm512\asdf\Vitis_HLS\hls_component\solve_top\hls\.autopilot\db\qrd.pp.0.cpp:2297:5: warning: Added loop label VITIS_LOOP_704_1:   [xilinx-label-all-loops]
    for (unsigned i = low; i != high+1; ++i) {
    ^~~
    VITIS_LOOP_704_1: 
C:\ELEC522\sm512\asdf\Vitis_HLS\hls_component\solve_top\hls\.autopilot\db\qrd.pp.0.cpp:2297:5: note: FIX-IT applied suggested code changes
C:\ELEC522\sm512\asdf\Vitis_HLS\hls_component\solve_top\hls\.autopilot\db\qrd.pp.0.cpp:4253:7: warning: Added loop label VITIS_LOOP_1248_1:   [xilinx-label-all-loops]
      for (i = 0; i < __N - 1; ++i) {
      ^~~
      VITIS_LOOP_1248_1: 
C:\ELEC522\sm512\asdf\Vitis_HLS\hls_component\solve_top\hls\.autopilot\db\qrd.pp.0.cpp:4253:7: note: FIX-IT applied suggested code changes
C:\ELEC522\sm512\asdf\Vitis_HLS\hls_component\solve_top\hls\.autopilot\db\qrd.pp.0.cpp:6267:9: warning: Added loop label VITIS_LOOP_81_1:   [xilinx-label-all-loops]
        for (int i = 0; i < 13; i++) {
        ^~~
        VITIS_LOOP_81_1: 
C:\ELEC522\sm512\asdf\Vitis_HLS\hls_component\solve_top\hls\.autopilot\db\qrd.pp.0.cpp:6267:9: note: FIX-IT applied suggested code changes
C:\ELEC522\sm512\asdf\Vitis_HLS\hls_component\solve_top\hls\.autopilot\db\qrd.pp.0.cpp:6293:9: warning: Added loop label VITIS_LOOP_107_1:   [xilinx-label-all-loops]
        for (int i = 0; i < 13; i++) {
        ^~~
        VITIS_LOOP_107_1: 
C:\ELEC522\sm512\asdf\Vitis_HLS\hls_component\solve_top\hls\.autopilot\db\qrd.pp.0.cpp:6293:9: note: FIX-IT applied suggested code changes
C:\ELEC522\sm512\asdf\Vitis_HLS\hls_component\solve_top\hls\.autopilot\db\qrd.pp.0.cpp:6356:2: warning: Added loop label VITIS_LOOP_18_1:   [xilinx-label-all-loops]
 for (int r = 0; r < 4; r++) {
 ^~~
 VITIS_LOOP_18_1: 
C:\ELEC522\sm512\asdf\Vitis_HLS\hls_component\solve_top\hls\.autopilot\db\qrd.pp.0.cpp:6356:2: note: FIX-IT applied suggested code changes
C:\ELEC522\sm512\asdf\Vitis_HLS\hls_component\solve_top\hls\.autopilot\db\qrd.pp.0.cpp:6357:9: warning: Added loop label VITIS_LOOP_19_2:   [xilinx-label-all-loops]
        for (int c = 0; c < 8; c++) {
        ^~~
        VITIS_LOOP_19_2: 
C:\ELEC522\sm512\asdf\Vitis_HLS\hls_component\solve_top\hls\.autopilot\db\qrd.pp.0.cpp:6357:9: note: FIX-IT applied suggested code changes
C:\ELEC522\sm512\asdf\Vitis_HLS\hls_component\solve_top\hls\.autopilot\db\qrd.pp.0.cpp:6363:5: warning: Added loop label VITIS_LOOP_25_3:   [xilinx-label-all-loops]
    for (int k = 0; k < 4; k++) {
    ^~~
    VITIS_LOOP_25_3: 
C:\ELEC522\sm512\asdf\Vitis_HLS\hls_component\solve_top\hls\.autopilot\db\qrd.pp.0.cpp:6363:5: note: FIX-IT applied suggested code changes
C:\ELEC522\sm512\asdf\Vitis_HLS\hls_component\solve_top\hls\.autopilot\db\qrd.pp.0.cpp:6364:9: warning: Added loop label VITIS_LOOP_26_4:   [xilinx-label-all-loops]
        for (int j = k + 1; j < 4; j++) {
        ^~~
        VITIS_LOOP_26_4: 
C:\ELEC522\sm512\asdf\Vitis_HLS\hls_component\solve_top\hls\.autopilot\db\qrd.pp.0.cpp:6364:9: note: FIX-IT applied suggested code changes
C:\ELEC522\sm512\asdf\Vitis_HLS\hls_component\solve_top\hls\.autopilot\db\qrd.pp.0.cpp:6377:13: warning: Added loop label VITIS_LOOP_39_5:   [xilinx-label-all-loops]
            for (int col = k; col < 4; col++) {
            ^~~
            VITIS_LOOP_39_5: 
C:\ELEC522\sm512\asdf\Vitis_HLS\hls_component\solve_top\hls\.autopilot\db\qrd.pp.0.cpp:6377:13: note: FIX-IT applied suggested code changes
C:\ELEC522\sm512\asdf\Vitis_HLS\hls_component\solve_top\hls\.autopilot\db\qrd.pp.0.cpp:6388:13: warning: Added loop label VITIS_LOOP_50_6:   [xilinx-label-all-loops]
            for (int col = 4; col < 8; col++) {
            ^~~
            VITIS_LOOP_50_6: 
C:\ELEC522\sm512\asdf\Vitis_HLS\hls_component\solve_top\hls\.autopilot\db\qrd.pp.0.cpp:6388:13: note: FIX-IT applied suggested code changes
C:\ELEC522\sm512\asdf\Vitis_HLS\hls_component\solve_top\hls\.autopilot\db\qrd.pp.0.cpp:6401:13: warning: Added loop label VITIS_LOOP_63_7:   [xilinx-label-all-loops]
            for (int c = 0; c < 8; c++) {
            ^~~
            VITIS_LOOP_63_7: 
C:\ELEC522\sm512\asdf\Vitis_HLS\hls_component\solve_top\hls\.autopilot\db\qrd.pp.0.cpp:6401:13: note: FIX-IT applied suggested code changes
C:\ELEC522\sm512\asdf\Vitis_HLS\hls_component\solve_top\hls\.autopilot\db\qrd.pp.0.cpp:6408:5: warning: Added loop label VITIS_LOOP_70_8:   [xilinx-label-all-loops]
    for (int r = 0; r < 4; r++) {
    ^~~
    VITIS_LOOP_70_8: 
C:\ELEC522\sm512\asdf\Vitis_HLS\hls_component\solve_top\hls\.autopilot\db\qrd.pp.0.cpp:6408:5: note: FIX-IT applied suggested code changes
C:\ELEC522\sm512\asdf\Vitis_HLS\hls_component\solve_top\hls\.autopilot\db\qrd.pp.0.cpp:6409:9: warning: Added loop label VITIS_LOOP_71_9:   [xilinx-label-all-loops]
        for (int c = 0; c < 4; c++) {
        ^~~
        VITIS_LOOP_71_9: 
C:\ELEC522\sm512\asdf\Vitis_HLS\hls_component\solve_top\hls\.autopilot\db\qrd.pp.0.cpp:6409:9: note: FIX-IT applied suggested code changes
C:\ELEC522\sm512\asdf\Vitis_HLS\hls_component\solve_top\hls\.autopilot\db\qrd.pp.0.cpp:6415:5: warning: Added loop label VITIS_LOOP_77_10:   [xilinx-label-all-loops]
    for (int r = 0; r < 4; r++) {
    ^~~
    VITIS_LOOP_77_10: 
C:\ELEC522\sm512\asdf\Vitis_HLS\hls_component\solve_top\hls\.autopilot\db\qrd.pp.0.cpp:6415:5: note: FIX-IT applied suggested code changes
C:\ELEC522\sm512\asdf\Vitis_HLS\hls_component\solve_top\hls\.autopilot\db\qrd.pp.0.cpp:6416:9: warning: Added loop label VITIS_LOOP_78_11:   [xilinx-label-all-loops]
        for (int c = 0; c < 4; c++) {
        ^~~
        VITIS_LOOP_78_11: 
C:\ELEC522\sm512\asdf\Vitis_HLS\hls_component\solve_top\hls\.autopilot\db\qrd.pp.0.cpp:6416:9: note: FIX-IT applied suggested code changes
