In file included from C:/ELEC522/sm512/asdf/fpga_hls/qrd.cpp:2:
C:/ELEC522/sm512/asdf/fpga_hls/linearsolver.h:82:9: warning: HLS pragma dump _XLX_SEP_ PragmaIsValid=1_XLX_SEP_ PragmaType=pipeline_XLX_SEP_ PragmaContext=_XLX_SEP_ PragmaFunction=cordic_atan_XLX_SEP_ PragmaOptions=off_XLX_SEP_ [-Wdump-hls-pragmas]
#pragma HLS pipeline off
        ^
C:/ELEC522/sm512/asdf/fpga_hls/qrd.cpp:8:9: warning: HLS pragma dump _XLX_SEP_ PragmaIsValid=1_XLX_SEP_ PragmaType=interface_XLX_SEP_ PragmaContext=_XLX_SEP_ PragmaFunction=decompose_qr_XLX_SEP_ PragmaOptions=s_axilite port=return bundle=CTRL_XLX_SEP_ [-Wdump-hls-pragmas]
#pragma HLS INTERFACE s_axilite port=return bundle=CTRL
        ^
C:/ELEC522/sm512/asdf/fpga_hls/qrd.cpp:9:9: warning: HLS pragma dump _XLX_SEP_ PragmaIsValid=1_XLX_SEP_ PragmaType=interface_XLX_SEP_ PragmaContext=_XLX_SEP_ PragmaFunction=decompose_qr_XLX_SEP_ PragmaOptions=s_axilite port=matrix_in bundle=CTRL_XLX_SEP_ [-Wdump-hls-pragmas]
#pragma HLS INTERFACE s_axilite port=matrix_in bundle=CTRL
        ^
C:/ELEC522/sm512/asdf/fpga_hls/qrd.cpp:10:9: warning: HLS pragma dump _XLX_SEP_ PragmaIsValid=1_XLX_SEP_ PragmaType=interface_XLX_SEP_ PragmaContext=_XLX_SEP_ PragmaFunction=decompose_qr_XLX_SEP_ PragmaOptions=s_axilite port=QT_out bundle=CTRL_XLX_SEP_ [-Wdump-hls-pragmas]
#pragma HLS INTERFACE s_axilite port=QT_out bundle=CTRL
        ^
C:/ELEC522/sm512/asdf/fpga_hls/qrd.cpp:11:9: warning: HLS pragma dump _XLX_SEP_ PragmaIsValid=1_XLX_SEP_ PragmaType=interface_XLX_SEP_ PragmaContext=_XLX_SEP_ PragmaFunction=decompose_qr_XLX_SEP_ PragmaOptions=s_axilite port=R_out bundle=CTRL_XLX_SEP_ [-Wdump-hls-pragmas]
#pragma HLS INTERFACE s_axilite port=R_out bundle=CTRL
        ^
C:/ELEC522/sm512/asdf/fpga_hls/qrd.cpp:12:9: warning: HLS pragma dump _XLX_SEP_ PragmaIsValid=1_XLX_SEP_ PragmaType=interface_XLX_SEP_ PragmaContext=_XLX_SEP_ PragmaFunction=decompose_qr_XLX_SEP_ PragmaOptions=s_axilite port=done bundle=CTRL_XLX_SEP_ [-Wdump-hls-pragmas]
#pragma HLS INTERFACE s_axilite port=done bundle=CTRL
        ^
C:/ELEC522/sm512/asdf/fpga_hls/qrd.cpp:15:9: warning: HLS pragma dump _XLX_SEP_ PragmaIsValid=1_XLX_SEP_ PragmaType=array_partition_XLX_SEP_ PragmaContext=_XLX_SEP_ PragmaFunction=decompose_qr_XLX_SEP_ PragmaOptions=variable=local_aug complete dim=2_XLX_SEP_ [-Wdump-hls-pragmas]
#pragma HLS ARRAY_PARTITION variable=local_aug complete dim=2
        ^
C:/ELEC522/sm512/asdf/fpga_hls/qrd.cpp:40:9: warning: HLS pragma dump _XLX_SEP_ PragmaIsValid=1_XLX_SEP_ PragmaType=pipeline_XLX_SEP_ PragmaContext=_XLX_SEP_ PragmaFunction=decompose_qr_XLX_SEP_ PragmaOptions=II=1_XLX_SEP_ [-Wdump-hls-pragmas]
#pragma HLS PIPELINE II=1
        ^
C:/ELEC522/sm512/asdf/fpga_hls/qrd.cpp:51:9: warning: HLS pragma dump _XLX_SEP_ PragmaIsValid=1_XLX_SEP_ PragmaType=pipeline_XLX_SEP_ PragmaContext=_XLX_SEP_ PragmaFunction=decompose_qr_XLX_SEP_ PragmaOptions=II=1_XLX_SEP_ [-Wdump-hls-pragmas]
#pragma HLS PIPELINE II=1
        ^
9 warnings generated.
