

================================================================
== Vitis HLS Report for 'upper_backsub_Pipeline_VITIS_LOOP_48_6'
================================================================
* Date:           Tue Dec 16 20:06:19 2025

* Version:        2025.1 (Build 6135595 on May 21 2025)
* Project:        solve_top
* Solution:       hls (Vivado IP Flow Target)
* Product family: zynq
* Target device:  xc7z020-clg484-1


================================================================
== Performance Estimates
================================================================
+ Timing: 
    * Summary: 
    +--------+----------+----------+------------+
    |  Clock |  Target  | Estimated| Uncertainty|
    +--------+----------+----------+------------+
    |ap_clk  |  10.00 ns|  4.826 ns|     2.00 ns|
    +--------+----------+----------+------------+

+ Latency: 
    * Summary: 
    +---------+---------+-----------+-----------+-----+-----+------------------------------------------------+
    |  Latency (cycles) |   Latency (absolute)  |  Interval |                    Pipeline                    |
    |   min   |   max   |    min    |    max    | min | max |                      Type                      |
    +---------+---------+-----------+-----------+-----+-----+------------------------------------------------+
    |        6|        6|  60.000 ns|  60.000 ns|    5|    5|  loop auto-rewind stp (delay=0 clock cycles(s))|
    +---------+---------+-----------+-----------+-----+-----+------------------------------------------------+

    + Detail: 
        * Instance: 
        N/A

        * Loop: 
        +-------------------+---------+---------+----------+-----------+-----------+------+----------+
        |                   |  Latency (cycles) | Iteration|  Initiation Interval  | Trip |          |
        |     Loop Name     |   min   |   max   |  Latency |  achieved |   target  | Count| Pipelined|
        +-------------------+---------+---------+----------+-----------+-----------+------+----------+
        |- VITIS_LOOP_48_6  |        4|        4|         1|          1|          1|     4|       yes|
        +-------------------+---------+---------+----------+-----------+-----------+------+----------+

============================================================
+ Verbose Summary: Synthesis Manager
============================================================
InlineROM: 1
ExposeGlobal: 0
============================================================
+ Verbose Summary: CDFG Model
============================================================
IsTopModel: 0
ResetActiveHigh: 1
IsCombinational: 0
IsDatapathOnly: 0
HasWiredReturn: 1
HasMFsm: 2
HasVarLatency: 1
IsPipeline: 0
IsRtlPipelined: 0
IsInstanceOverlapped: 0
IsDontTouch: 0
HasImplIP: 0
IsGatedGlobalClock: 0

+ Individual pipeline summary: 
  * Pipeline-0: initiation interval (II) = 1, depth = 1


============================================================
+ Verbose Summary: Schedule
============================================================
* Number of FSM states : 1
* Pipeline : 1
  Pipeline-0 : II = 1, D = 1, States = { 1 }
* Dataflow Pipeline: 0

* FSM state transitions: 
1 --> 

* FSM state operations: 

State 1 <SV = 0> <Delay = 4.82>
ST_1 : Operation 4 [1/1] (0.00ns)   --->   "%i = alloca i32 1" [C:/ELEC522/sm512/asdf/fpga_hls/backsub.cpp:48]   --->   Operation 4 'alloca' 'i' <Predicate = true> <Delay = 0.00>
ST_1 : Operation 5 [1/1] (0.00ns)   --->   "%xloc_3_load_1_read = read i16 @_ssdm_op_Read.ap_auto.i16, i16 %xloc_3_load_1"   --->   Operation 5 'read' 'xloc_3_load_1_read' <Predicate = true> <Delay = 0.00>
ST_1 : Operation 6 [1/1] (0.00ns)   --->   "%xloc_2_load_1_read = read i16 @_ssdm_op_Read.ap_auto.i16, i16 %xloc_2_load_1"   --->   Operation 6 'read' 'xloc_2_load_1_read' <Predicate = true> <Delay = 0.00>
ST_1 : Operation 7 [1/1] (0.00ns)   --->   "%xloc_1_load_1_read = read i16 @_ssdm_op_Read.ap_auto.i16, i16 %xloc_1_load_1"   --->   Operation 7 'read' 'xloc_1_load_1_read' <Predicate = true> <Delay = 0.00>
ST_1 : Operation 8 [1/1] (0.00ns)   --->   "%xloc_load_read = read i16 @_ssdm_op_Read.ap_auto.i16, i16 %xloc_load"   --->   Operation 8 'read' 'xloc_load_read' <Predicate = true> <Delay = 0.00>
ST_1 : Operation 9 [1/1] (1.58ns)   --->   "%store_ln48 = store i3 0, i3 %i" [C:/ELEC522/sm512/asdf/fpga_hls/backsub.cpp:48]   --->   Operation 9 'store' 'store_ln48' <Predicate = true> <Delay = 1.58>
ST_1 : Operation 10 [1/1] (0.00ns)   --->   "%br_ln0 = br void %for.inc75"   --->   Operation 10 'br' 'br_ln0' <Predicate = true> <Delay = 0.00>
ST_1 : Operation 11 [1/1] (0.00ns)   --->   "%i_1 = load i3 %i" [C:/ELEC522/sm512/asdf/fpga_hls/backsub.cpp:48]   --->   Operation 11 'load' 'i_1' <Predicate = true> <Delay = 0.00>
ST_1 : Operation 12 [1/1] (1.65ns)   --->   "%icmp_ln48 = icmp_eq  i3 %i_1, i3 4" [C:/ELEC522/sm512/asdf/fpga_hls/backsub.cpp:48]   --->   Operation 12 'icmp' 'icmp_ln48' <Predicate = true> <Delay = 1.65> <CoreInst = "Cmp">   --->   Core 9 'Cmp' <Latency = 0> <II = 1> <Delay = 1.65> <FuncUnit> <Opcode : 'seteq' 'setne' 'setle' 'setge' 'setlt' 'setgt'> <InPorts = 2> <OutPorts = 1>
ST_1 : Operation 13 [1/1] (1.65ns)   --->   "%add_ln48 = add i3 %i_1, i3 1" [C:/ELEC522/sm512/asdf/fpga_hls/backsub.cpp:48]   --->   Operation 13 'add' 'add_ln48' <Predicate = true> <Delay = 1.65> <CoreInst = "Adder">   --->   Core 1 'Adder' <Latency = 0> <II = 1> <Delay = 1.65> <FuncUnit> <Opcode : 'add' 'sub'> <InPorts = 2> <OutPorts = 1>
ST_1 : Operation 14 [1/1] (0.00ns)   --->   "%br_ln48 = br i1 %icmp_ln48, void %for.inc75.split, void %for.end77.exitStub" [C:/ELEC522/sm512/asdf/fpga_hls/backsub.cpp:48]   --->   Operation 14 'br' 'br_ln48' <Predicate = true> <Delay = 0.00>
ST_1 : Operation 15 [1/1] (0.00ns)   --->   "%trunc_ln48 = trunc i3 %i_1" [C:/ELEC522/sm512/asdf/fpga_hls/backsub.cpp:48]   --->   Operation 15 'trunc' 'trunc_ln48' <Predicate = (!icmp_ln48)> <Delay = 0.00>
ST_1 : Operation 16 [1/1] (0.00ns)   --->   "%specpipeline_ln48 = specpipeline void @_ssdm_op_SpecPipeline, i32 4294967295, i32 0, i32 0, i32 0, void @empty_24" [C:/ELEC522/sm512/asdf/fpga_hls/backsub.cpp:48]   --->   Operation 16 'specpipeline' 'specpipeline_ln48' <Predicate = (!icmp_ln48)> <Delay = 0.00>
ST_1 : Operation 17 [1/1] (0.00ns)   --->   "%speclooptripcount_ln48 = speclooptripcount void @_ssdm_op_SpecLoopTripCount, i64 4, i64 4, i64 4" [C:/ELEC522/sm512/asdf/fpga_hls/backsub.cpp:48]   --->   Operation 17 'speclooptripcount' 'speclooptripcount_ln48' <Predicate = (!icmp_ln48)> <Delay = 0.00>
ST_1 : Operation 18 [1/1] (0.00ns)   --->   "%specloopname_ln48 = specloopname void @_ssdm_op_SpecLoopName, void @empty_18" [C:/ELEC522/sm512/asdf/fpga_hls/backsub.cpp:48]   --->   Operation 18 'specloopname' 'specloopname_ln48' <Predicate = (!icmp_ln48)> <Delay = 0.00>
ST_1 : Operation 19 [1/1] (1.82ns)   --->   "%tmp_s = sparsemux i16 @_ssdm_op_SparseMux.ap_auto.4i16.i16.i2, i2 0, i16 %xloc_load_read, i2 1, i16 %xloc_1_load_1_read, i2 2, i16 %xloc_2_load_1_read, i2 3, i16 %xloc_3_load_1_read, i16 0, i2 %trunc_ln48" [C:/ELEC522/sm512/asdf/fpga_hls/backsub.cpp:49]   --->   Operation 19 'sparsemux' 'tmp_s' <Predicate = (!icmp_ln48)> <Delay = 1.82> <CoreInst = "BinarySparseMux_DontCare">   --->   Core 137 'BinarySparseMux_DontCare' <Latency = 0> <II = 1> <Delay = 1.82> <FuncUnit> <Opcode : 'sparsemux'> <InPorts = 2> <OutPorts = 1>
ST_1 : Operation 20 [1/1] (1.56ns)   --->   "%switch_ln49 = switch i2 %trunc_ln48, void %arrayidx743.case.3, i2 0, void %arrayidx743.case.0, i2 1, void %arrayidx743.case.1, i2 2, void %arrayidx743.case.2" [C:/ELEC522/sm512/asdf/fpga_hls/backsub.cpp:49]   --->   Operation 20 'switch' 'switch_ln49' <Predicate = (!icmp_ln48)> <Delay = 1.56>
ST_1 : Operation 21 [1/1] (0.00ns)   --->   "%write_ln49 = write void @_ssdm_op_Write.ap_auto.i16P0A, i16 %x_out_2, i16 %tmp_s" [C:/ELEC522/sm512/asdf/fpga_hls/backsub.cpp:49]   --->   Operation 21 'write' 'write_ln49' <Predicate = (!icmp_ln48 & trunc_ln48 == 2)> <Delay = 0.00>
ST_1 : Operation 22 [1/1] (0.00ns)   --->   "%br_ln49 = br void %arrayidx743.exit" [C:/ELEC522/sm512/asdf/fpga_hls/backsub.cpp:49]   --->   Operation 22 'br' 'br_ln49' <Predicate = (!icmp_ln48 & trunc_ln48 == 2)> <Delay = 0.00>
ST_1 : Operation 23 [1/1] (0.00ns)   --->   "%write_ln49 = write void @_ssdm_op_Write.ap_auto.i16P0A, i16 %x_out_1, i16 %tmp_s" [C:/ELEC522/sm512/asdf/fpga_hls/backsub.cpp:49]   --->   Operation 23 'write' 'write_ln49' <Predicate = (!icmp_ln48 & trunc_ln48 == 1)> <Delay = 0.00>
ST_1 : Operation 24 [1/1] (0.00ns)   --->   "%br_ln49 = br void %arrayidx743.exit" [C:/ELEC522/sm512/asdf/fpga_hls/backsub.cpp:49]   --->   Operation 24 'br' 'br_ln49' <Predicate = (!icmp_ln48 & trunc_ln48 == 1)> <Delay = 0.00>
ST_1 : Operation 25 [1/1] (0.00ns)   --->   "%write_ln49 = write void @_ssdm_op_Write.ap_auto.i16P0A, i16 %x_out_0, i16 %tmp_s" [C:/ELEC522/sm512/asdf/fpga_hls/backsub.cpp:49]   --->   Operation 25 'write' 'write_ln49' <Predicate = (!icmp_ln48 & trunc_ln48 == 0)> <Delay = 0.00>
ST_1 : Operation 26 [1/1] (0.00ns)   --->   "%br_ln49 = br void %arrayidx743.exit" [C:/ELEC522/sm512/asdf/fpga_hls/backsub.cpp:49]   --->   Operation 26 'br' 'br_ln49' <Predicate = (!icmp_ln48 & trunc_ln48 == 0)> <Delay = 0.00>
ST_1 : Operation 27 [1/1] (0.00ns)   --->   "%write_ln49 = write void @_ssdm_op_Write.ap_auto.i16P0A, i16 %x_out_3, i16 %tmp_s" [C:/ELEC522/sm512/asdf/fpga_hls/backsub.cpp:49]   --->   Operation 27 'write' 'write_ln49' <Predicate = (!icmp_ln48 & trunc_ln48 == 3)> <Delay = 0.00>
ST_1 : Operation 28 [1/1] (0.00ns)   --->   "%br_ln49 = br void %arrayidx743.exit" [C:/ELEC522/sm512/asdf/fpga_hls/backsub.cpp:49]   --->   Operation 28 'br' 'br_ln49' <Predicate = (!icmp_ln48 & trunc_ln48 == 3)> <Delay = 0.00>
ST_1 : Operation 29 [1/1] (1.58ns)   --->   "%store_ln48 = store i3 %add_ln48, i3 %i" [C:/ELEC522/sm512/asdf/fpga_hls/backsub.cpp:48]   --->   Operation 29 'store' 'store_ln48' <Predicate = (!icmp_ln48)> <Delay = 1.58>
ST_1 : Operation 30 [1/1] (0.00ns)   --->   "%br_ln48 = br void %for.inc75" [C:/ELEC522/sm512/asdf/fpga_hls/backsub.cpp:48]   --->   Operation 30 'br' 'br_ln48' <Predicate = (!icmp_ln48)> <Delay = 0.00>
ST_1 : Operation 31 [1/1] (1.58ns)   --->   "%ret_ln0 = ret"   --->   Operation 31 'ret' 'ret_ln0' <Predicate = (icmp_ln48)> <Delay = 1.58>


============================================================
+ Verbose Summary: Binding
============================================================
STG Binding: 
---------------- STG Properties BEGIN ----------------
- Is combinational: 0
- Is one-state seq: 0
- Is datapath-only: 0
- Is pipelined: 0
- Is top level: 0
Port [ Return ] is wired: 1; IO mode=ap_ctrl_hs:ce=0
Port [ x_out_0]:  wired=1; compound=0; hidden=0; nouse=0; global=0; static=0; extern=0; dir=1; type=0; pingpong=0; private_global=0; IO mode=ap_vld:ce=0
Port [ x_out_3]:  wired=1; compound=0; hidden=0; nouse=0; global=0; static=0; extern=0; dir=1; type=0; pingpong=0; private_global=0; IO mode=ap_vld:ce=0
Port [ x_out_2]:  wired=1; compound=0; hidden=0; nouse=0; global=0; static=0; extern=0; dir=1; type=0; pingpong=0; private_global=0; IO mode=ap_vld:ce=0
Port [ x_out_1]:  wired=1; compound=0; hidden=0; nouse=0; global=0; static=0; extern=0; dir=1; type=0; pingpong=0; private_global=0; IO mode=ap_vld:ce=0
Port [ xloc_load]:  wired=1; compound=0; hidden=0; nouse=0; global=0; static=0; extern=0; dir=0; type=0; pingpong=0; private_global=0; IO mode=ap_none:ce=0
Port [ xloc_1_load_1]:  wired=1; compound=0; hidden=0; nouse=0; global=0; static=0; extern=0; dir=0; type=0; pingpong=0; private_global=0; IO mode=ap_none:ce=0
Port [ xloc_2_load_1]:  wired=1; compound=0; hidden=0; nouse=0; global=0; static=0; extern=0; dir=0; type=0; pingpong=0; private_global=0; IO mode=ap_none:ce=0
Port [ xloc_3_load_1]:  wired=1; compound=0; hidden=0; nouse=0; global=0; static=0; extern=0; dir=0; type=0; pingpong=0; private_global=0; IO mode=ap_none:ce=0
---------------- STG Properties END ------------------

---------------- Datapath Model BEGIN ----------------

<LifeTime>
<method=bitvector/>
i                      (alloca           ) [ 01]
xloc_3_load_1_read     (read             ) [ 00]
xloc_2_load_1_read     (read             ) [ 00]
xloc_1_load_1_read     (read             ) [ 00]
xloc_load_read         (read             ) [ 00]
store_ln48             (store            ) [ 00]
br_ln0                 (br               ) [ 00]
i_1                    (load             ) [ 00]
icmp_ln48              (icmp             ) [ 01]
add_ln48               (add              ) [ 00]
br_ln48                (br               ) [ 00]
trunc_ln48             (trunc            ) [ 01]
specpipeline_ln48      (specpipeline     ) [ 00]
speclooptripcount_ln48 (speclooptripcount) [ 00]
specloopname_ln48      (specloopname     ) [ 00]
tmp_s                  (sparsemux        ) [ 00]
switch_ln49            (switch           ) [ 00]
write_ln49             (write            ) [ 00]
br_ln49                (br               ) [ 00]
write_ln49             (write            ) [ 00]
br_ln49                (br               ) [ 00]
write_ln49             (write            ) [ 00]
br_ln49                (br               ) [ 00]
write_ln49             (write            ) [ 00]
br_ln49                (br               ) [ 00]
store_ln48             (store            ) [ 00]
br_ln48                (br               ) [ 00]
ret_ln0                (ret              ) [ 00]
</LifeTime>

<model>

<comp_list>
<comp id="0" class="1000" name="x_out_0">
<pin_list>
<pin id="1" dir="1" index="0" bw="1" slack="0"/>
</pin_list>
<bind>
<StgValue><ssdm name="x_out_0"/></StgValue>
</bind>
</comp>

<comp id="2" class="1000" name="x_out_3">
<pin_list>
<pin id="3" dir="1" index="0" bw="1" slack="0"/>
</pin_list>
<bind>
<StgValue><ssdm name="x_out_3"/></StgValue>
</bind>
</comp>

<comp id="4" class="1000" name="x_out_2">
<pin_list>
<pin id="5" dir="1" index="0" bw="1" slack="0"/>
</pin_list>
<bind>
<StgValue><ssdm name="x_out_2"/></StgValue>
</bind>
</comp>

<comp id="6" class="1000" name="x_out_1">
<pin_list>
<pin id="7" dir="1" index="0" bw="1" slack="0"/>
</pin_list>
<bind>
<StgValue><ssdm name="x_out_1"/></StgValue>
</bind>
</comp>

<comp id="8" class="1000" name="xloc_load">
<pin_list>
<pin id="9" dir="1" index="0" bw="1" slack="0"/>
</pin_list>
<bind>
<StgValue><ssdm name="xloc_load"/></StgValue>
</bind>
</comp>

<comp id="10" class="1000" name="xloc_1_load_1">
<pin_list>
<pin id="11" dir="1" index="0" bw="1" slack="0"/>
</pin_list>
<bind>
<StgValue><ssdm name="xloc_1_load_1"/></StgValue>
</bind>
</comp>

<comp id="12" class="1000" name="xloc_2_load_1">
<pin_list>
<pin id="13" dir="1" index="0" bw="1" slack="0"/>
</pin_list>
<bind>
<StgValue><ssdm name="xloc_2_load_1"/></StgValue>
</bind>
</comp>

<comp id="14" class="1000" name="xloc_3_load_1">
<pin_list>
<pin id="15" dir="1" index="0" bw="1" slack="0"/>
</pin_list>
<bind>
<StgValue><ssdm name="xloc_3_load_1"/></StgValue>
</bind>
</comp>

<comp id="16" class="1001" name="const_16">
<pin_list>
<pin id="17" dir="1" index="0" bw="1" slack="0"/>
</pin_list>
<bind>
<StgValue><ssdm name=""/></StgValue>
</bind>
</comp>

<comp id="18" class="1001" name="const_18">
<pin_list>
<pin id="19" dir="1" index="0" bw="1" slack="0"/>
</pin_list>
<bind>
<StgValue><ssdm name="_ssdm_op_Read.ap_auto.i16"/></StgValue>
</bind>
</comp>

<comp id="20" class="1001" name="const_20">
<pin_list>
<pin id="21" dir="1" index="0" bw="1" slack="0"/>
</pin_list>
<bind>
<StgValue><ssdm name=""/></StgValue>
</bind>
</comp>

<comp id="22" class="1001" name="const_22">
<pin_list>
<pin id="23" dir="1" index="0" bw="1" slack="0"/>
</pin_list>
<bind>
<StgValue><ssdm name=""/></StgValue>
</bind>
</comp>

<comp id="24" class="1001" name="const_24">
<pin_list>
<pin id="25" dir="1" index="0" bw="1" slack="0"/>
</pin_list>
<bind>
<StgValue><ssdm name=""/></StgValue>
</bind>
</comp>

<comp id="26" class="1001" name="const_26">
<pin_list>
<pin id="27" dir="1" index="0" bw="1" slack="2147483647"/>
</pin_list>
<bind>
<StgValue><ssdm name="_ssdm_op_SpecPipeline"/></StgValue>
</bind>
</comp>

<comp id="28" class="1001" name="const_28">
<pin_list>
<pin id="29" dir="1" index="0" bw="1" slack="2147483647"/>
</pin_list>
<bind>
<StgValue><ssdm name=""/></StgValue>
</bind>
</comp>

<comp id="30" class="1001" name="const_30">
<pin_list>
<pin id="31" dir="1" index="0" bw="1" slack="2147483647"/>
</pin_list>
<bind>
<StgValue><ssdm name=""/></StgValue>
</bind>
</comp>

<comp id="32" class="1001" name="const_32">
<pin_list>
<pin id="33" dir="1" index="0" bw="1" slack="2147483647"/>
</pin_list>
<bind>
<StgValue><ssdm name="empty_24"/></StgValue>
</bind>
</comp>

<comp id="34" class="1001" name="const_34">
<pin_list>
<pin id="35" dir="1" index="0" bw="1" slack="2147483647"/>
</pin_list>
<bind>
<StgValue><ssdm name="_ssdm_op_SpecLoopTripCount"/></StgValue>
</bind>
</comp>

<comp id="36" class="1001" name="const_36">
<pin_list>
<pin id="37" dir="1" index="0" bw="1" slack="2147483647"/>
</pin_list>
<bind>
<StgValue><ssdm name=""/></StgValue>
</bind>
</comp>

<comp id="38" class="1001" name="const_38">
<pin_list>
<pin id="39" dir="1" index="0" bw="1" slack="2147483647"/>
</pin_list>
<bind>
<StgValue><ssdm name="_ssdm_op_SpecLoopName"/></StgValue>
</bind>
</comp>

<comp id="40" class="1001" name="const_40">
<pin_list>
<pin id="41" dir="1" index="0" bw="1" slack="2147483647"/>
</pin_list>
<bind>
<StgValue><ssdm name="empty_18"/></StgValue>
</bind>
</comp>

<comp id="42" class="1001" name="const_42">
<pin_list>
<pin id="43" dir="1" index="0" bw="1" slack="0"/>
</pin_list>
<bind>
<StgValue><ssdm name="_ssdm_op_SparseMux.ap_auto.4i16.i16.i2"/></StgValue>
</bind>
</comp>

<comp id="44" class="1001" name="const_44">
<pin_list>
<pin id="45" dir="1" index="0" bw="1" slack="0"/>
</pin_list>
<bind>
<StgValue><ssdm name=""/></StgValue>
</bind>
</comp>

<comp id="46" class="1001" name="const_46">
<pin_list>
<pin id="47" dir="1" index="0" bw="1" slack="0"/>
</pin_list>
<bind>
<StgValue><ssdm name=""/></StgValue>
</bind>
</comp>

<comp id="48" class="1001" name="const_48">
<pin_list>
<pin id="49" dir="1" index="0" bw="1" slack="0"/>
</pin_list>
<bind>
<StgValue><ssdm name=""/></StgValue>
</bind>
</comp>

<comp id="50" class="1001" name="const_50">
<pin_list>
<pin id="51" dir="1" index="0" bw="1" slack="0"/>
</pin_list>
<bind>
<StgValue><ssdm name=""/></StgValue>
</bind>
</comp>

<comp id="52" class="1001" name="const_52">
<pin_list>
<pin id="53" dir="1" index="0" bw="1" slack="0"/>
</pin_list>
<bind>
<StgValue><ssdm name=""/></StgValue>
</bind>
</comp>

<comp id="54" class="1001" name="const_54">
<pin_list>
<pin id="55" dir="1" index="0" bw="1" slack="0"/>
</pin_list>
<bind>
<StgValue><ssdm name="_ssdm_op_Write.ap_auto.i16P0A"/></StgValue>
</bind>
</comp>

<comp id="56" class="1004" name="i_fu_56">
<pin_list>
<pin id="57" dir="0" index="0" bw="1" slack="0"/>
<pin id="58" dir="1" index="1" bw="3" slack="0"/>
</pin_list>
<bind>
<opcode="alloca(26) " fcode="alloca"/>
<opset="i/1 "/>
</bind>
</comp>

<comp id="60" class="1004" name="xloc_3_load_1_read_read_fu_60">
<pin_list>
<pin id="61" dir="0" index="0" bw="16" slack="0"/>
<pin id="62" dir="0" index="1" bw="16" slack="0"/>
<pin id="63" dir="1" index="2" bw="16" slack="0"/>
</pin_list>
<bind>
<opcode="read(1150) " fcode="read"/>
<opset="xloc_3_load_1_read/1 "/>
</bind>
</comp>

<comp id="66" class="1004" name="xloc_2_load_1_read_read_fu_66">
<pin_list>
<pin id="67" dir="0" index="0" bw="16" slack="0"/>
<pin id="68" dir="0" index="1" bw="16" slack="0"/>
<pin id="69" dir="1" index="2" bw="16" slack="0"/>
</pin_list>
<bind>
<opcode="read(1150) " fcode="read"/>
<opset="xloc_2_load_1_read/1 "/>
</bind>
</comp>

<comp id="72" class="1004" name="xloc_1_load_1_read_read_fu_72">
<pin_list>
<pin id="73" dir="0" index="0" bw="16" slack="0"/>
<pin id="74" dir="0" index="1" bw="16" slack="0"/>
<pin id="75" dir="1" index="2" bw="16" slack="0"/>
</pin_list>
<bind>
<opcode="read(1150) " fcode="read"/>
<opset="xloc_1_load_1_read/1 "/>
</bind>
</comp>

<comp id="78" class="1004" name="xloc_load_read_read_fu_78">
<pin_list>
<pin id="79" dir="0" index="0" bw="16" slack="0"/>
<pin id="80" dir="0" index="1" bw="16" slack="0"/>
<pin id="81" dir="1" index="2" bw="16" slack="0"/>
</pin_list>
<bind>
<opcode="read(1150) " fcode="read"/>
<opset="xloc_load_read/1 "/>
</bind>
</comp>

<comp id="84" class="1004" name="write_ln49_write_fu_84">
<pin_list>
<pin id="85" dir="0" index="0" bw="0" slack="0"/>
<pin id="86" dir="0" index="1" bw="16" slack="0"/>
<pin id="87" dir="0" index="2" bw="16" slack="0"/>
<pin id="88" dir="1" index="3" bw="0" slack="2147483647"/>
</pin_list>
<bind>
<opcode="write(1151) " fcode="write"/>
<opset="write_ln49/1 "/>
</bind>
</comp>

<comp id="91" class="1004" name="write_ln49_write_fu_91">
<pin_list>
<pin id="92" dir="0" index="0" bw="0" slack="0"/>
<pin id="93" dir="0" index="1" bw="16" slack="0"/>
<pin id="94" dir="0" index="2" bw="16" slack="0"/>
<pin id="95" dir="1" index="3" bw="0" slack="2147483647"/>
</pin_list>
<bind>
<opcode="write(1151) " fcode="write"/>
<opset="write_ln49/1 "/>
</bind>
</comp>

<comp id="98" class="1004" name="write_ln49_write_fu_98">
<pin_list>
<pin id="99" dir="0" index="0" bw="0" slack="0"/>
<pin id="100" dir="0" index="1" bw="16" slack="0"/>
<pin id="101" dir="0" index="2" bw="16" slack="0"/>
<pin id="102" dir="1" index="3" bw="0" slack="2147483647"/>
</pin_list>
<bind>
<opcode="write(1151) " fcode="write"/>
<opset="write_ln49/1 "/>
</bind>
</comp>

<comp id="105" class="1004" name="write_ln49_write_fu_105">
<pin_list>
<pin id="106" dir="0" index="0" bw="0" slack="0"/>
<pin id="107" dir="0" index="1" bw="16" slack="0"/>
<pin id="108" dir="0" index="2" bw="16" slack="0"/>
<pin id="109" dir="1" index="3" bw="0" slack="2147483647"/>
</pin_list>
<bind>
<opcode="write(1151) " fcode="write"/>
<opset="write_ln49/1 "/>
</bind>
</comp>

<comp id="112" class="1004" name="store_ln48_store_fu_112">
<pin_list>
<pin id="113" dir="0" index="0" bw="1" slack="0"/>
<pin id="114" dir="0" index="1" bw="3" slack="0"/>
<pin id="115" dir="1" index="2" bw="0" slack="2147483647"/>
</pin_list>
<bind>
<opcode="store(28) " fcode="store"/>
<opset="store_ln48/1 "/>
</bind>
</comp>

<comp id="117" class="1004" name="i_1_load_fu_117">
<pin_list>
<pin id="118" dir="0" index="0" bw="3" slack="0"/>
<pin id="119" dir="1" index="1" bw="3" slack="0"/>
</pin_list>
<bind>
<opcode="load(27) " fcode="load"/>
<opset="i_1/1 "/>
</bind>
</comp>

<comp id="120" class="1004" name="icmp_ln48_fu_120">
<pin_list>
<pin id="121" dir="0" index="0" bw="3" slack="0"/>
<pin id="122" dir="0" index="1" bw="3" slack="0"/>
<pin id="123" dir="1" index="2" bw="1" slack="2147483647"/>
</pin_list>
<bind>
<opcode="icmp(45) " fcode="icmp"/>
<opset="icmp_ln48/1 "/>
</bind>
</comp>

<comp id="126" class="1004" name="add_ln48_fu_126">
<pin_list>
<pin id="127" dir="0" index="0" bw="3" slack="0"/>
<pin id="128" dir="0" index="1" bw="1" slack="0"/>
<pin id="129" dir="1" index="2" bw="3" slack="0"/>
</pin_list>
<bind>
<opcode="add(8) " fcode="add"/>
<opset="add_ln48/1 "/>
</bind>
</comp>

<comp id="132" class="1004" name="trunc_ln48_fu_132">
<pin_list>
<pin id="133" dir="0" index="0" bw="3" slack="0"/>
<pin id="134" dir="1" index="1" bw="2" slack="0"/>
</pin_list>
<bind>
<opcode="trunc(33) " fcode="trunc"/>
<opset="trunc_ln48/1 "/>
</bind>
</comp>

<comp id="136" class="1004" name="tmp_s_fu_136">
<pin_list>
<pin id="137" dir="0" index="0" bw="16" slack="0"/>
<pin id="138" dir="0" index="1" bw="2" slack="0"/>
<pin id="139" dir="0" index="2" bw="16" slack="0"/>
<pin id="140" dir="0" index="3" bw="2" slack="0"/>
<pin id="141" dir="0" index="4" bw="16" slack="0"/>
<pin id="142" dir="0" index="5" bw="2" slack="0"/>
<pin id="143" dir="0" index="6" bw="16" slack="0"/>
<pin id="144" dir="0" index="7" bw="2" slack="0"/>
<pin id="145" dir="0" index="8" bw="16" slack="0"/>
<pin id="146" dir="0" index="9" bw="16" slack="0"/>
<pin id="147" dir="0" index="10" bw="2" slack="0"/>
<pin id="148" dir="1" index="11" bw="16" slack="0"/>
</pin_list>
<bind>
<opcode="sparsemux(1197) " fcode="sparsemux"/>
<opset="tmp_s/1 "/>
</bind>
</comp>

<comp id="164" class="1004" name="switch_ln49_fu_164">
<pin_list>
<pin id="165" dir="0" index="0" bw="2" slack="0"/>
<pin id="166" dir="0" index="1" bw="1" slack="0"/>
<pin id="167" dir="0" index="2" bw="1" slack="0"/>
<pin id="168" dir="0" index="3" bw="2" slack="0"/>
<pin id="169" dir="1" index="4" bw="0" slack="2147483647"/>
</pin_list>
<bind>
<opcode="switch(3) " fcode="switch"/>
<opset="switch_ln49/1 "/>
</bind>
</comp>

<comp id="174" class="1004" name="store_ln48_store_fu_174">
<pin_list>
<pin id="175" dir="0" index="0" bw="3" slack="0"/>
<pin id="176" dir="0" index="1" bw="3" slack="0"/>
<pin id="177" dir="1" index="2" bw="0" slack="2147483647"/>
</pin_list>
<bind>
<opcode="store(28) " fcode="store"/>
<opset="store_ln48/1 "/>
</bind>
</comp>

<comp id="179" class="1005" name="i_reg_179">
<pin_list>
<pin id="180" dir="0" index="0" bw="3" slack="0"/>
<pin id="181" dir="1" index="1" bw="3" slack="0"/>
</pin_list>
<bind>
<opset="i "/>
</bind>
</comp>

</comp_list>

<net_list>
<net id="59"><net_src comp="16" pin="0"/><net_sink comp="56" pin=0"/></net>

<net id="64"><net_src comp="18" pin="0"/><net_sink comp="60" pin=0"/></net>

<net id="65"><net_src comp="14" pin="0"/><net_sink comp="60" pin=1"/></net>

<net id="70"><net_src comp="18" pin="0"/><net_sink comp="66" pin=0"/></net>

<net id="71"><net_src comp="12" pin="0"/><net_sink comp="66" pin=1"/></net>

<net id="76"><net_src comp="18" pin="0"/><net_sink comp="72" pin=0"/></net>

<net id="77"><net_src comp="10" pin="0"/><net_sink comp="72" pin=1"/></net>

<net id="82"><net_src comp="18" pin="0"/><net_sink comp="78" pin=0"/></net>

<net id="83"><net_src comp="8" pin="0"/><net_sink comp="78" pin=1"/></net>

<net id="89"><net_src comp="54" pin="0"/><net_sink comp="84" pin=0"/></net>

<net id="90"><net_src comp="4" pin="0"/><net_sink comp="84" pin=1"/></net>

<net id="96"><net_src comp="54" pin="0"/><net_sink comp="91" pin=0"/></net>

<net id="97"><net_src comp="6" pin="0"/><net_sink comp="91" pin=1"/></net>

<net id="103"><net_src comp="54" pin="0"/><net_sink comp="98" pin=0"/></net>

<net id="104"><net_src comp="0" pin="0"/><net_sink comp="98" pin=1"/></net>

<net id="110"><net_src comp="54" pin="0"/><net_sink comp="105" pin=0"/></net>

<net id="111"><net_src comp="2" pin="0"/><net_sink comp="105" pin=1"/></net>

<net id="116"><net_src comp="20" pin="0"/><net_sink comp="112" pin=0"/></net>

<net id="124"><net_src comp="117" pin="1"/><net_sink comp="120" pin=0"/></net>

<net id="125"><net_src comp="22" pin="0"/><net_sink comp="120" pin=1"/></net>

<net id="130"><net_src comp="117" pin="1"/><net_sink comp="126" pin=0"/></net>

<net id="131"><net_src comp="24" pin="0"/><net_sink comp="126" pin=1"/></net>

<net id="135"><net_src comp="117" pin="1"/><net_sink comp="132" pin=0"/></net>

<net id="149"><net_src comp="42" pin="0"/><net_sink comp="136" pin=0"/></net>

<net id="150"><net_src comp="44" pin="0"/><net_sink comp="136" pin=1"/></net>

<net id="151"><net_src comp="78" pin="2"/><net_sink comp="136" pin=2"/></net>

<net id="152"><net_src comp="46" pin="0"/><net_sink comp="136" pin=3"/></net>

<net id="153"><net_src comp="72" pin="2"/><net_sink comp="136" pin=4"/></net>

<net id="154"><net_src comp="48" pin="0"/><net_sink comp="136" pin=5"/></net>

<net id="155"><net_src comp="66" pin="2"/><net_sink comp="136" pin=6"/></net>

<net id="156"><net_src comp="50" pin="0"/><net_sink comp="136" pin=7"/></net>

<net id="157"><net_src comp="60" pin="2"/><net_sink comp="136" pin=8"/></net>

<net id="158"><net_src comp="52" pin="0"/><net_sink comp="136" pin=9"/></net>

<net id="159"><net_src comp="132" pin="1"/><net_sink comp="136" pin=10"/></net>

<net id="160"><net_src comp="136" pin="11"/><net_sink comp="84" pin=2"/></net>

<net id="161"><net_src comp="136" pin="11"/><net_sink comp="91" pin=2"/></net>

<net id="162"><net_src comp="136" pin="11"/><net_sink comp="98" pin=2"/></net>

<net id="163"><net_src comp="136" pin="11"/><net_sink comp="105" pin=2"/></net>

<net id="170"><net_src comp="132" pin="1"/><net_sink comp="164" pin=0"/></net>

<net id="171"><net_src comp="44" pin="0"/><net_sink comp="164" pin=1"/></net>

<net id="172"><net_src comp="46" pin="0"/><net_sink comp="164" pin=2"/></net>

<net id="173"><net_src comp="48" pin="0"/><net_sink comp="164" pin=3"/></net>

<net id="178"><net_src comp="126" pin="2"/><net_sink comp="174" pin=0"/></net>

<net id="182"><net_src comp="56" pin="1"/><net_sink comp="179" pin=0"/></net>

<net id="183"><net_src comp="179" pin="1"/><net_sink comp="112" pin=1"/></net>

<net id="184"><net_src comp="179" pin="1"/><net_sink comp="117" pin=0"/></net>

<net id="185"><net_src comp="179" pin="1"/><net_sink comp="174" pin=1"/></net>

</net_list>

</model> 
---------------- Datapath Model END ------------------

* FSMD analyzer results:
  - Output states:
	Port: x_out_0 | {1 }
	Port: x_out_3 | {1 }
	Port: x_out_2 | {1 }
	Port: x_out_1 | {1 }
 - Input state : 
	Port: upper_backsub_Pipeline_VITIS_LOOP_48_6 : xloc_load | {1 }
	Port: upper_backsub_Pipeline_VITIS_LOOP_48_6 : xloc_1_load_1 | {1 }
	Port: upper_backsub_Pipeline_VITIS_LOOP_48_6 : xloc_2_load_1 | {1 }
	Port: upper_backsub_Pipeline_VITIS_LOOP_48_6 : xloc_3_load_1 | {1 }
  - Chain level:
	State 1
		store_ln48 : 1
		i_1 : 1
		icmp_ln48 : 2
		add_ln48 : 2
		br_ln48 : 3
		trunc_ln48 : 2
		tmp_s : 3
		switch_ln49 : 3
		write_ln49 : 4
		write_ln49 : 4
		write_ln49 : 4
		write_ln49 : 4
		store_ln48 : 3


============================================================
+ Verbose Summary: Datapath Resource usage 
============================================================

* Functional unit list:
|----------|-------------------------------|---------|---------|
| Operation|        Functional Unit        |    FF   |   LUT   |
|----------|-------------------------------|---------|---------|
| sparsemux|          tmp_s_fu_136         |    0    |    20   |
|----------|-------------------------------|---------|---------|
|   icmp   |        icmp_ln48_fu_120       |    0    |    11   |
|----------|-------------------------------|---------|---------|
|    add   |        add_ln48_fu_126        |    0    |    11   |
|----------|-------------------------------|---------|---------|
|          | xloc_3_load_1_read_read_fu_60 |    0    |    0    |
|   read   | xloc_2_load_1_read_read_fu_66 |    0    |    0    |
|          | xloc_1_load_1_read_read_fu_72 |    0    |    0    |
|          |   xloc_load_read_read_fu_78   |    0    |    0    |
|----------|-------------------------------|---------|---------|
|          |     write_ln49_write_fu_84    |    0    |    0    |
|   write  |     write_ln49_write_fu_91    |    0    |    0    |
|          |     write_ln49_write_fu_98    |    0    |    0    |
|          |    write_ln49_write_fu_105    |    0    |    0    |
|----------|-------------------------------|---------|---------|
|   trunc  |       trunc_ln48_fu_132       |    0    |    0    |
|----------|-------------------------------|---------|---------|
|  switch  |       switch_ln49_fu_164      |    0    |    0    |
|----------|-------------------------------|---------|---------|
|   Total  |                               |    0    |    42   |
|----------|-------------------------------|---------|---------|

Memories:
N/A

* Register list:
+---------+--------+
|         |   FF   |
+---------+--------+
|i_reg_179|    3   |
+---------+--------+
|  Total  |    3   |
+---------+--------+

* Multiplexer (MUX) list: 
|--------|------|------|------|--------|
|  Comp  |  Pin | Size |  BW  | S x BW |
|--------|------|------|------|--------|
|  Total |      |      |      |    0   |
|--------|------|------|------|--------|



* Summary:
+-----------+--------+--------+
|           |   FF   |   LUT  |
+-----------+--------+--------+
|  Function |    0   |   42   |
|   Memory  |    -   |    -   |
|Multiplexer|    -   |    -   |
|  Register |    3   |    -   |
+-----------+--------+--------+
|   Total   |    3   |   42   |
+-----------+--------+--------+
