

================================================================
== Vitis HLS Report for 'upper_backsub'
================================================================
* Date:           Tue Dec 16 20:06:21 2025

* Version:        2025.1 (Build 6135595 on May 21 2025)
* Project:        solve_top
* Solution:       hls (Vivado IP Flow Target)
* Product family: zynq
* Target device:  xc7z020-clg484-1


================================================================
== Performance Estimates
================================================================
+ Timing: 
    * Summary: 
    +--------+----------+----------+------------+
    |  Clock |  Target  | Estimated| Uncertainty|
    +--------+----------+----------+------------+
    |ap_clk  |  10.00 ns|  7.540 ns|     2.00 ns|
    +--------+----------+----------+------------+

+ Latency: 
    * Summary: 
    +---------+---------+----------+----------+-----+-----+---------+
    |  Latency (cycles) |  Latency (absolute) |  Interval | Pipeline|
    |   min   |   max   |    min   |    max   | min | max |   Type  |
    +---------+---------+----------+----------+-----+-----+---------+
    |       28|      212|  0.280 us|  2.120 us|   28|  212|       no|
    +---------+---------+----------+----------+-----+-----+---------+

    + Detail: 
        * Instance: 
        N/A

        * Loop: 
        +--------------------+---------+---------+----------+-----------+-----------+-------+----------+
        |                    |  Latency (cycles) | Iteration|  Initiation Interval  |  Trip |          |
        |      Loop Name     |   min   |   max   |  Latency |  achieved |   target  | Count | Pipelined|
        +--------------------+---------+---------+----------+-----------+-----------+-------+----------+
        |- VITIS_LOOP_33_4   |       12|      196|    3 ~ 49|          -|          -|      4|        no|
        | + VITIS_LOOP_35_5  |        0|       15|         5|          -|          -|  0 ~ 3|        no|
        +--------------------+---------+---------+----------+-----------+-----------+-------+----------+

============================================================
+ Verbose Summary: Synthesis Manager
============================================================
InlineROM: 1
ExposeGlobal: 0
============================================================
+ Verbose Summary: CDFG Model
============================================================
IsTopModel: 0
ResetActiveHigh: 1
IsCombinational: 0
IsDatapathOnly: 0
HasWiredReturn: 1
HasMFsm: 0
HasVarLatency: 1
IsPipeline: 0
IsRtlPipelined: 0
IsInstanceOverlapped: 0
IsDontTouch: 0
HasImplIP: 0
IsGatedGlobalClock: 0


============================================================
+ Verbose Summary: Schedule
============================================================
* Number of FSM states : 42
* Pipeline : 0
* Dataflow Pipeline: 0

* FSM state transitions: 
1 --> 2 
2 --> 3 
3 --> 4 
4 --> 42 5 
5 --> 6 10 41 
6 --> 7 
7 --> 8 
8 --> 9 
9 --> 5 
10 --> 11 
11 --> 12 
12 --> 13 
13 --> 14 
14 --> 15 
15 --> 16 
16 --> 17 
17 --> 18 
18 --> 19 
19 --> 20 
20 --> 21 
21 --> 22 
22 --> 23 
23 --> 24 
24 --> 25 
25 --> 26 
26 --> 27 
27 --> 28 
28 --> 29 
29 --> 30 
30 --> 31 
31 --> 32 
32 --> 33 
33 --> 34 
34 --> 35 
35 --> 36 
36 --> 37 
37 --> 38 
38 --> 39 
39 --> 40 
40 --> 41 
41 --> 4 
42 --> 

* FSM state operations: 

State 1 <SV = 0> <Delay = 1.82>
ST_1 : Operation 43 [1/1] (0.00ns)   --->   "%indvars_iv27 = alloca i32 1"   --->   Operation 43 'alloca' 'indvars_iv27' <Predicate = true> <Delay = 0.00>
ST_1 : Operation 44 [1/1] (0.00ns)   --->   "%i_1 = alloca i32 1" [C:/ELEC522/sm512/asdf/fpga_hls/backsub.cpp:33]   --->   Operation 44 'alloca' 'i_1' <Predicate = true> <Delay = 0.00>
ST_1 : Operation 45 [1/1] (0.00ns)   --->   "%y_in_3_val_read = read i16 @_ssdm_op_Read.ap_auto.i16, i16 %y_in_3_val"   --->   Operation 45 'read' 'y_in_3_val_read' <Predicate = true> <Delay = 0.00>
ST_1 : Operation 46 [1/1] (0.00ns)   --->   "%y_in_2_val_read = read i16 @_ssdm_op_Read.ap_auto.i16, i16 %y_in_2_val"   --->   Operation 46 'read' 'y_in_2_val_read' <Predicate = true> <Delay = 0.00>
ST_1 : Operation 47 [1/1] (0.00ns)   --->   "%y_in_1_val_read = read i16 @_ssdm_op_Read.ap_auto.i16, i16 %y_in_1_val"   --->   Operation 47 'read' 'y_in_1_val_read' <Predicate = true> <Delay = 0.00>
ST_1 : Operation 48 [1/1] (0.00ns)   --->   "%y_in_0_val_read = read i16 @_ssdm_op_Read.ap_auto.i16, i16 %y_in_0_val"   --->   Operation 48 'read' 'y_in_0_val_read' <Predicate = true> <Delay = 0.00>
ST_1 : Operation 49 [1/1] (0.00ns)   --->   "%p_read_16 = read i16 @_ssdm_op_Read.ap_auto.i16, i16 %p_read15"   --->   Operation 49 'read' 'p_read_16' <Predicate = true> <Delay = 0.00>
ST_1 : Operation 50 [1/1] (0.00ns)   --->   "%p_read_17 = read i16 @_ssdm_op_Read.ap_auto.i16, i16 %p_read14"   --->   Operation 50 'read' 'p_read_17' <Predicate = true> <Delay = 0.00>
ST_1 : Operation 51 [1/1] (0.00ns)   --->   "%p_read_18 = read i16 @_ssdm_op_Read.ap_auto.i16, i16 %p_read13"   --->   Operation 51 'read' 'p_read_18' <Predicate = true> <Delay = 0.00>
ST_1 : Operation 52 [1/1] (0.00ns)   --->   "%p_read_19 = read i16 @_ssdm_op_Read.ap_auto.i16, i16 %p_read12"   --->   Operation 52 'read' 'p_read_19' <Predicate = true> <Delay = 0.00>
ST_1 : Operation 53 [1/1] (0.00ns)   --->   "%p_read_20 = read i16 @_ssdm_op_Read.ap_auto.i16, i16 %p_read11"   --->   Operation 53 'read' 'p_read_20' <Predicate = true> <Delay = 0.00>
ST_1 : Operation 54 [1/1] (0.00ns)   --->   "%p_read_21 = read i16 @_ssdm_op_Read.ap_auto.i16, i16 %p_read10"   --->   Operation 54 'read' 'p_read_21' <Predicate = true> <Delay = 0.00>
ST_1 : Operation 55 [1/1] (0.00ns)   --->   "%p_read_22 = read i16 @_ssdm_op_Read.ap_auto.i16, i16 %p_read9"   --->   Operation 55 'read' 'p_read_22' <Predicate = true> <Delay = 0.00>
ST_1 : Operation 56 [1/1] (0.00ns)   --->   "%p_read_23 = read i16 @_ssdm_op_Read.ap_auto.i16, i16 %p_read8"   --->   Operation 56 'read' 'p_read_23' <Predicate = true> <Delay = 0.00>
ST_1 : Operation 57 [1/1] (0.00ns)   --->   "%p_read723 = read i16 @_ssdm_op_Read.ap_auto.i16, i16 %p_read7"   --->   Operation 57 'read' 'p_read723' <Predicate = true> <Delay = 0.00>
ST_1 : Operation 58 [1/1] (0.00ns)   --->   "%p_read622 = read i16 @_ssdm_op_Read.ap_auto.i16, i16 %p_read6"   --->   Operation 58 'read' 'p_read622' <Predicate = true> <Delay = 0.00>
ST_1 : Operation 59 [1/1] (0.00ns)   --->   "%p_read521 = read i16 @_ssdm_op_Read.ap_auto.i16, i16 %p_read5"   --->   Operation 59 'read' 'p_read521' <Predicate = true> <Delay = 0.00>
ST_1 : Operation 60 [1/1] (0.00ns)   --->   "%p_read420 = read i16 @_ssdm_op_Read.ap_auto.i16, i16 %p_read4"   --->   Operation 60 'read' 'p_read420' <Predicate = true> <Delay = 0.00>
ST_1 : Operation 61 [1/1] (0.00ns)   --->   "%p_read319 = read i16 @_ssdm_op_Read.ap_auto.i16, i16 %p_read3"   --->   Operation 61 'read' 'p_read319' <Predicate = true> <Delay = 0.00>
ST_1 : Operation 62 [1/1] (0.00ns)   --->   "%p_read218 = read i16 @_ssdm_op_Read.ap_auto.i16, i16 %p_read2"   --->   Operation 62 'read' 'p_read218' <Predicate = true> <Delay = 0.00>
ST_1 : Operation 63 [1/1] (0.00ns)   --->   "%p_read117 = read i16 @_ssdm_op_Read.ap_auto.i16, i16 %p_read1"   --->   Operation 63 'read' 'p_read117' <Predicate = true> <Delay = 0.00>
ST_1 : Operation 64 [1/1] (0.00ns)   --->   "%p_read16 = read i16 @_ssdm_op_Read.ap_auto.i16, i16 %p_read"   --->   Operation 64 'read' 'p_read16' <Predicate = true> <Delay = 0.00>
ST_1 : Operation 65 [1/1] (0.00ns)   --->   "%Rloc_15_load_loc = alloca i64 1"   --->   Operation 65 'alloca' 'Rloc_15_load_loc' <Predicate = true> <Delay = 0.00>
ST_1 : Operation 66 [1/1] (0.00ns)   --->   "%Rloc_14_load_loc = alloca i64 1"   --->   Operation 66 'alloca' 'Rloc_14_load_loc' <Predicate = true> <Delay = 0.00>
ST_1 : Operation 67 [1/1] (0.00ns)   --->   "%Rloc_13_load_loc = alloca i64 1"   --->   Operation 67 'alloca' 'Rloc_13_load_loc' <Predicate = true> <Delay = 0.00>
ST_1 : Operation 68 [1/1] (0.00ns)   --->   "%Rloc_12_load_loc = alloca i64 1"   --->   Operation 68 'alloca' 'Rloc_12_load_loc' <Predicate = true> <Delay = 0.00>
ST_1 : Operation 69 [1/1] (0.00ns)   --->   "%Rloc_11_load_loc = alloca i64 1"   --->   Operation 69 'alloca' 'Rloc_11_load_loc' <Predicate = true> <Delay = 0.00>
ST_1 : Operation 70 [1/1] (0.00ns)   --->   "%Rloc_10_load_loc = alloca i64 1"   --->   Operation 70 'alloca' 'Rloc_10_load_loc' <Predicate = true> <Delay = 0.00>
ST_1 : Operation 71 [1/1] (0.00ns)   --->   "%Rloc_9_load_loc = alloca i64 1"   --->   Operation 71 'alloca' 'Rloc_9_load_loc' <Predicate = true> <Delay = 0.00>
ST_1 : Operation 72 [1/1] (0.00ns)   --->   "%Rloc_8_load_loc = alloca i64 1"   --->   Operation 72 'alloca' 'Rloc_8_load_loc' <Predicate = true> <Delay = 0.00>
ST_1 : Operation 73 [1/1] (0.00ns)   --->   "%Rloc_7_load_loc = alloca i64 1"   --->   Operation 73 'alloca' 'Rloc_7_load_loc' <Predicate = true> <Delay = 0.00>
ST_1 : Operation 74 [1/1] (0.00ns)   --->   "%Rloc_6_load_loc = alloca i64 1"   --->   Operation 74 'alloca' 'Rloc_6_load_loc' <Predicate = true> <Delay = 0.00>
ST_1 : Operation 75 [1/1] (0.00ns)   --->   "%Rloc_5_load_loc = alloca i64 1"   --->   Operation 75 'alloca' 'Rloc_5_load_loc' <Predicate = true> <Delay = 0.00>
ST_1 : Operation 76 [1/1] (0.00ns)   --->   "%Rloc_4_load_loc = alloca i64 1"   --->   Operation 76 'alloca' 'Rloc_4_load_loc' <Predicate = true> <Delay = 0.00>
ST_1 : Operation 77 [1/1] (0.00ns)   --->   "%Rloc_3_load_loc = alloca i64 1"   --->   Operation 77 'alloca' 'Rloc_3_load_loc' <Predicate = true> <Delay = 0.00>
ST_1 : Operation 78 [1/1] (0.00ns)   --->   "%Rloc_2_load_loc = alloca i64 1"   --->   Operation 78 'alloca' 'Rloc_2_load_loc' <Predicate = true> <Delay = 0.00>
ST_1 : Operation 79 [1/1] (0.00ns)   --->   "%Rloc_1_load_loc = alloca i64 1"   --->   Operation 79 'alloca' 'Rloc_1_load_loc' <Predicate = true> <Delay = 0.00>
ST_1 : Operation 80 [1/1] (0.00ns)   --->   "%Rloc_load_loc = alloca i64 1"   --->   Operation 80 'alloca' 'Rloc_load_loc' <Predicate = true> <Delay = 0.00>
ST_1 : Operation 81 [1/1] (0.00ns)   --->   "%yloc_loc = alloca i64 1"   --->   Operation 81 'alloca' 'yloc_loc' <Predicate = true> <Delay = 0.00>
ST_1 : Operation 82 [1/1] (0.00ns)   --->   "%yloc_1_loc = alloca i64 1"   --->   Operation 82 'alloca' 'yloc_1_loc' <Predicate = true> <Delay = 0.00>
ST_1 : Operation 83 [1/1] (0.00ns)   --->   "%yloc_2_loc = alloca i64 1"   --->   Operation 83 'alloca' 'yloc_2_loc' <Predicate = true> <Delay = 0.00>
ST_1 : Operation 84 [1/1] (0.00ns)   --->   "%yloc_3_loc = alloca i64 1"   --->   Operation 84 'alloca' 'yloc_3_loc' <Predicate = true> <Delay = 0.00>
ST_1 : Operation 85 [1/1] (0.00ns)   --->   "%xloc = alloca i64 1" [C:/ELEC522/sm512/asdf/fpga_hls/backsub.cpp:13]   --->   Operation 85 'alloca' 'xloc' <Predicate = true> <Delay = 0.00>
ST_1 : Operation 86 [1/1] (0.00ns)   --->   "%xloc_1 = alloca i64 1" [C:/ELEC522/sm512/asdf/fpga_hls/backsub.cpp:13]   --->   Operation 86 'alloca' 'xloc_1' <Predicate = true> <Delay = 0.00>
ST_1 : Operation 87 [1/1] (0.00ns)   --->   "%xloc_2 = alloca i64 1" [C:/ELEC522/sm512/asdf/fpga_hls/backsub.cpp:13]   --->   Operation 87 'alloca' 'xloc_2' <Predicate = true> <Delay = 0.00>
ST_1 : Operation 88 [1/1] (0.00ns)   --->   "%xloc_3 = alloca i64 1" [C:/ELEC522/sm512/asdf/fpga_hls/backsub.cpp:13]   --->   Operation 88 'alloca' 'xloc_3' <Predicate = true> <Delay = 0.00>
ST_1 : Operation 89 [2/2] (1.82ns)   --->   "%call_ln0 = call void @upper_backsub_Pipeline_VITIS_LOOP_20_1, i16 %y_in_0_val_read, i16 %y_in_1_val_read, i16 %y_in_2_val_read, i16 %y_in_3_val_read, i16 %p_read16, i16 %p_read117, i16 %p_read218, i16 %p_read319, i16 %p_read420, i16 %p_read521, i16 %p_read622, i16 %p_read723, i16 %p_read_23, i16 %p_read_22, i16 %p_read_21, i16 %p_read_20, i16 %p_read_19, i16 %p_read_18, i16 %p_read_17, i16 %p_read_16, i16 %yloc_3_loc, i16 %yloc_2_loc, i16 %yloc_1_loc, i16 %yloc_loc, i16 %Rloc_load_loc, i16 %Rloc_1_load_loc, i16 %Rloc_2_load_loc, i16 %Rloc_3_load_loc, i16 %Rloc_4_load_loc, i16 %Rloc_5_load_loc, i16 %Rloc_6_load_loc, i16 %Rloc_7_load_loc, i16 %Rloc_8_load_loc, i16 %Rloc_9_load_loc, i16 %Rloc_10_load_loc, i16 %Rloc_11_load_loc, i16 %Rloc_12_load_loc, i16 %Rloc_13_load_loc, i16 %Rloc_14_load_loc, i16 %Rloc_15_load_loc"   --->   Operation 89 'call' 'call_ln0' <Predicate = true> <Delay = 1.82> <CoreType = "Generic">   --->   Generic Core
ST_1 : Operation 90 [1/1] (1.58ns)   --->   "%store_ln29 = store i16 0, i16 %xloc_2" [C:/ELEC522/sm512/asdf/fpga_hls/backsub.cpp:29]   --->   Operation 90 'store' 'store_ln29' <Predicate = true> <Delay = 1.58>
ST_1 : Operation 91 [1/1] (1.58ns)   --->   "%store_ln29 = store i16 0, i16 %xloc_1" [C:/ELEC522/sm512/asdf/fpga_hls/backsub.cpp:29]   --->   Operation 91 'store' 'store_ln29' <Predicate = true> <Delay = 1.58>
ST_1 : Operation 92 [1/1] (1.58ns)   --->   "%store_ln29 = store i16 0, i16 %xloc" [C:/ELEC522/sm512/asdf/fpga_hls/backsub.cpp:29]   --->   Operation 92 'store' 'store_ln29' <Predicate = true> <Delay = 1.58>
ST_1 : Operation 93 [1/1] (1.58ns)   --->   "%store_ln29 = store i16 0, i16 %xloc_3" [C:/ELEC522/sm512/asdf/fpga_hls/backsub.cpp:29]   --->   Operation 93 'store' 'store_ln29' <Predicate = true> <Delay = 1.58>
ST_1 : Operation 94 [1/1] (1.58ns)   --->   "%store_ln33 = store i3 3, i3 %i_1" [C:/ELEC522/sm512/asdf/fpga_hls/backsub.cpp:33]   --->   Operation 94 'store' 'store_ln33' <Predicate = true> <Delay = 1.58>
ST_1 : Operation 95 [1/1] (1.58ns)   --->   "%store_ln0 = store i3 4, i3 %indvars_iv27"   --->   Operation 95 'store' 'store_ln0' <Predicate = true> <Delay = 1.58>

State 2 <SV = 1> <Delay = 4.82>
ST_2 : Operation 96 [1/2] (4.82ns)   --->   "%call_ln0 = call void @upper_backsub_Pipeline_VITIS_LOOP_20_1, i16 %y_in_0_val_read, i16 %y_in_1_val_read, i16 %y_in_2_val_read, i16 %y_in_3_val_read, i16 %p_read16, i16 %p_read117, i16 %p_read218, i16 %p_read319, i16 %p_read420, i16 %p_read521, i16 %p_read622, i16 %p_read723, i16 %p_read_23, i16 %p_read_22, i16 %p_read_21, i16 %p_read_20, i16 %p_read_19, i16 %p_read_18, i16 %p_read_17, i16 %p_read_16, i16 %yloc_3_loc, i16 %yloc_2_loc, i16 %yloc_1_loc, i16 %yloc_loc, i16 %Rloc_load_loc, i16 %Rloc_1_load_loc, i16 %Rloc_2_load_loc, i16 %Rloc_3_load_loc, i16 %Rloc_4_load_loc, i16 %Rloc_5_load_loc, i16 %Rloc_6_load_loc, i16 %Rloc_7_load_loc, i16 %Rloc_8_load_loc, i16 %Rloc_9_load_loc, i16 %Rloc_10_load_loc, i16 %Rloc_11_load_loc, i16 %Rloc_12_load_loc, i16 %Rloc_13_load_loc, i16 %Rloc_14_load_loc, i16 %Rloc_15_load_loc"   --->   Operation 96 'call' 'call_ln0' <Predicate = true> <Delay = 4.82> <CoreType = "Generic">   --->   Generic Core

State 3 <SV = 2> <Delay = 0.00>
ST_3 : Operation 97 [1/1] (0.00ns)   --->   "%yloc_3_loc_load = load i16 %yloc_3_loc"   --->   Operation 97 'load' 'yloc_3_loc_load' <Predicate = true> <Delay = 0.00>
ST_3 : Operation 98 [1/1] (0.00ns)   --->   "%yloc_2_loc_load = load i16 %yloc_2_loc"   --->   Operation 98 'load' 'yloc_2_loc_load' <Predicate = true> <Delay = 0.00>
ST_3 : Operation 99 [1/1] (0.00ns)   --->   "%yloc_1_loc_load = load i16 %yloc_1_loc"   --->   Operation 99 'load' 'yloc_1_loc_load' <Predicate = true> <Delay = 0.00>
ST_3 : Operation 100 [1/1] (0.00ns)   --->   "%yloc_loc_load = load i16 %yloc_loc"   --->   Operation 100 'load' 'yloc_loc_load' <Predicate = true> <Delay = 0.00>
ST_3 : Operation 101 [1/1] (0.00ns)   --->   "%Rloc_load = load i16 %Rloc_load_loc"   --->   Operation 101 'load' 'Rloc_load' <Predicate = true> <Delay = 0.00>
ST_3 : Operation 102 [1/1] (0.00ns)   --->   "%Rloc_1_load = load i16 %Rloc_1_load_loc"   --->   Operation 102 'load' 'Rloc_1_load' <Predicate = true> <Delay = 0.00>
ST_3 : Operation 103 [1/1] (0.00ns)   --->   "%Rloc_2_load = load i16 %Rloc_2_load_loc"   --->   Operation 103 'load' 'Rloc_2_load' <Predicate = true> <Delay = 0.00>
ST_3 : Operation 104 [1/1] (0.00ns)   --->   "%Rloc_3_load = load i16 %Rloc_3_load_loc"   --->   Operation 104 'load' 'Rloc_3_load' <Predicate = true> <Delay = 0.00>
ST_3 : Operation 105 [1/1] (0.00ns)   --->   "%Rloc_4_load = load i16 %Rloc_4_load_loc"   --->   Operation 105 'load' 'Rloc_4_load' <Predicate = true> <Delay = 0.00>
ST_3 : Operation 106 [1/1] (0.00ns)   --->   "%Rloc_5_load = load i16 %Rloc_5_load_loc"   --->   Operation 106 'load' 'Rloc_5_load' <Predicate = true> <Delay = 0.00>
ST_3 : Operation 107 [1/1] (0.00ns)   --->   "%Rloc_6_load = load i16 %Rloc_6_load_loc"   --->   Operation 107 'load' 'Rloc_6_load' <Predicate = true> <Delay = 0.00>
ST_3 : Operation 108 [1/1] (0.00ns)   --->   "%Rloc_7_load = load i16 %Rloc_7_load_loc"   --->   Operation 108 'load' 'Rloc_7_load' <Predicate = true> <Delay = 0.00>
ST_3 : Operation 109 [1/1] (0.00ns)   --->   "%Rloc_8_load = load i16 %Rloc_8_load_loc"   --->   Operation 109 'load' 'Rloc_8_load' <Predicate = true> <Delay = 0.00>
ST_3 : Operation 110 [1/1] (0.00ns)   --->   "%Rloc_9_load = load i16 %Rloc_9_load_loc"   --->   Operation 110 'load' 'Rloc_9_load' <Predicate = true> <Delay = 0.00>
ST_3 : Operation 111 [1/1] (0.00ns)   --->   "%Rloc_10_load = load i16 %Rloc_10_load_loc"   --->   Operation 111 'load' 'Rloc_10_load' <Predicate = true> <Delay = 0.00>
ST_3 : Operation 112 [1/1] (0.00ns)   --->   "%Rloc_11_load = load i16 %Rloc_11_load_loc"   --->   Operation 112 'load' 'Rloc_11_load' <Predicate = true> <Delay = 0.00>
ST_3 : Operation 113 [1/1] (0.00ns)   --->   "%Rloc_12_load = load i16 %Rloc_12_load_loc"   --->   Operation 113 'load' 'Rloc_12_load' <Predicate = true> <Delay = 0.00>
ST_3 : Operation 114 [1/1] (0.00ns)   --->   "%Rloc_13_load = load i16 %Rloc_13_load_loc"   --->   Operation 114 'load' 'Rloc_13_load' <Predicate = true> <Delay = 0.00>
ST_3 : Operation 115 [1/1] (0.00ns)   --->   "%Rloc_14_load = load i16 %Rloc_14_load_loc"   --->   Operation 115 'load' 'Rloc_14_load' <Predicate = true> <Delay = 0.00>
ST_3 : Operation 116 [1/1] (0.00ns)   --->   "%Rloc_15_load = load i16 %Rloc_15_load_loc"   --->   Operation 116 'load' 'Rloc_15_load' <Predicate = true> <Delay = 0.00>
ST_3 : Operation 117 [1/1] (0.00ns)   --->   "%br_ln33 = br void %VITIS_LOOP_35_5" [C:/ELEC522/sm512/asdf/fpga_hls/backsub.cpp:33]   --->   Operation 117 'br' 'br_ln33' <Predicate = true> <Delay = 0.00>

State 4 <SV = 3> <Delay = 1.82>
ST_4 : Operation 118 [1/1] (0.00ns)   --->   "%i = load i3 %i_1" [C:/ELEC522/sm512/asdf/fpga_hls/backsub.cpp:33]   --->   Operation 118 'load' 'i' <Predicate = true> <Delay = 0.00>
ST_4 : Operation 119 [1/1] (0.00ns)   --->   "%tmp_1 = bitselect i1 @_ssdm_op_BitSelect.i1.i3.i32, i3 %i, i32 2" [C:/ELEC522/sm512/asdf/fpga_hls/backsub.cpp:33]   --->   Operation 119 'bitselect' 'tmp_1' <Predicate = true> <Delay = 0.00>
ST_4 : Operation 120 [1/1] (0.00ns)   --->   "%br_ln33 = br i1 %tmp_1, void %VITIS_LOOP_35_5.split, void %VITIS_LOOP_48_6" [C:/ELEC522/sm512/asdf/fpga_hls/backsub.cpp:33]   --->   Operation 120 'br' 'br_ln33' <Predicate = true> <Delay = 0.00>
ST_4 : Operation 121 [1/1] (0.00ns)   --->   "%indvars_iv27_load_1 = load i3 %indvars_iv27" [C:/ELEC522/sm512/asdf/fpga_hls/backsub.cpp:33]   --->   Operation 121 'load' 'indvars_iv27_load_1' <Predicate = (!tmp_1)> <Delay = 0.00>
ST_4 : Operation 122 [1/1] (0.00ns)   --->   "%zext_ln33 = zext i3 %indvars_iv27_load_1" [C:/ELEC522/sm512/asdf/fpga_hls/backsub.cpp:33]   --->   Operation 122 'zext' 'zext_ln33' <Predicate = (!tmp_1)> <Delay = 0.00>
ST_4 : Operation 123 [1/1] (0.00ns)   --->   "%trunc_ln33 = trunc i3 %i" [C:/ELEC522/sm512/asdf/fpga_hls/backsub.cpp:33]   --->   Operation 123 'trunc' 'trunc_ln33' <Predicate = (!tmp_1)> <Delay = 0.00>
ST_4 : Operation 124 [1/1] (0.00ns)   --->   "%speclooptripcount_ln33 = speclooptripcount void @_ssdm_op_SpecLoopTripCount, i64 4, i64 4, i64 4" [C:/ELEC522/sm512/asdf/fpga_hls/backsub.cpp:33]   --->   Operation 124 'speclooptripcount' 'speclooptripcount_ln33' <Predicate = (!tmp_1)> <Delay = 0.00>
ST_4 : Operation 125 [1/1] (0.00ns)   --->   "%specloopname_ln33 = specloopname void @_ssdm_op_SpecLoopName, void @empty_20" [C:/ELEC522/sm512/asdf/fpga_hls/backsub.cpp:33]   --->   Operation 125 'specloopname' 'specloopname_ln33' <Predicate = (!tmp_1)> <Delay = 0.00>
ST_4 : Operation 126 [1/1] (1.82ns)   --->   "%acc = sparsemux i16 @_ssdm_op_SparseMux.ap_auto.4i16.i16.i2, i2 0, i16 %yloc_loc_load, i2 1, i16 %yloc_1_loc_load, i2 2, i16 %yloc_2_loc_load, i2 3, i16 %yloc_3_loc_load, i16 0, i2 %trunc_ln33" [C:/ELEC522/sm512/asdf/fpga_hls/backsub.cpp:34]   --->   Operation 126 'sparsemux' 'acc' <Predicate = (!tmp_1)> <Delay = 1.82> <CoreInst = "BinarySparseMux_DontCare">   --->   Core 137 'BinarySparseMux_DontCare' <Latency = 0> <II = 1> <Delay = 1.82> <FuncUnit> <Opcode : 'sparsemux'> <InPorts = 2> <OutPorts = 1>
ST_4 : Operation 127 [1/1] (1.82ns)   --->   "%tmp = sparsemux i16 @_ssdm_op_SparseMux.ap_auto.4i16.i16.i2, i2 0, i16 %Rloc_load, i2 1, i16 %Rloc_1_load, i2 2, i16 %Rloc_2_load, i2 3, i16 %Rloc_3_load, i16 0, i2 %trunc_ln33" [C:/ELEC522/sm512/asdf/fpga_hls/backsub.cpp:39]   --->   Operation 127 'sparsemux' 'tmp' <Predicate = (!tmp_1)> <Delay = 1.82> <CoreInst = "BinarySparseMux_DontCare">   --->   Core 137 'BinarySparseMux_DontCare' <Latency = 0> <II = 1> <Delay = 1.82> <FuncUnit> <Opcode : 'sparsemux'> <InPorts = 2> <OutPorts = 1>
ST_4 : Operation 128 [1/1] (1.82ns)   --->   "%tmp_5 = sparsemux i16 @_ssdm_op_SparseMux.ap_auto.4i16.i16.i2, i2 0, i16 %Rloc_4_load, i2 1, i16 %Rloc_5_load, i2 2, i16 %Rloc_6_load, i2 3, i16 %Rloc_7_load, i16 0, i2 %trunc_ln33" [C:/ELEC522/sm512/asdf/fpga_hls/backsub.cpp:39]   --->   Operation 128 'sparsemux' 'tmp_5' <Predicate = (!tmp_1)> <Delay = 1.82> <CoreInst = "BinarySparseMux_DontCare">   --->   Core 137 'BinarySparseMux_DontCare' <Latency = 0> <II = 1> <Delay = 1.82> <FuncUnit> <Opcode : 'sparsemux'> <InPorts = 2> <OutPorts = 1>
ST_4 : Operation 129 [1/1] (1.82ns)   --->   "%tmp_6 = sparsemux i16 @_ssdm_op_SparseMux.ap_auto.4i16.i16.i2, i2 0, i16 %Rloc_8_load, i2 1, i16 %Rloc_9_load, i2 2, i16 %Rloc_10_load, i2 3, i16 %Rloc_11_load, i16 0, i2 %trunc_ln33" [C:/ELEC522/sm512/asdf/fpga_hls/backsub.cpp:39]   --->   Operation 129 'sparsemux' 'tmp_6' <Predicate = (!tmp_1)> <Delay = 1.82> <CoreInst = "BinarySparseMux_DontCare">   --->   Core 137 'BinarySparseMux_DontCare' <Latency = 0> <II = 1> <Delay = 1.82> <FuncUnit> <Opcode : 'sparsemux'> <InPorts = 2> <OutPorts = 1>
ST_4 : Operation 130 [1/1] (1.82ns)   --->   "%tmp_7 = sparsemux i16 @_ssdm_op_SparseMux.ap_auto.4i16.i16.i2, i2 0, i16 %Rloc_12_load, i2 1, i16 %Rloc_13_load, i2 2, i16 %Rloc_14_load, i2 3, i16 %Rloc_15_load, i16 0, i2 %trunc_ln33" [C:/ELEC522/sm512/asdf/fpga_hls/backsub.cpp:39]   --->   Operation 130 'sparsemux' 'tmp_7' <Predicate = (!tmp_1)> <Delay = 1.82> <CoreInst = "BinarySparseMux_DontCare">   --->   Core 137 'BinarySparseMux_DontCare' <Latency = 0> <II = 1> <Delay = 1.82> <FuncUnit> <Opcode : 'sparsemux'> <InPorts = 2> <OutPorts = 1>
ST_4 : Operation 131 [1/1] (0.00ns)   --->   "%xloc_1_load = load i16 %xloc_1"   --->   Operation 131 'load' 'xloc_1_load' <Predicate = (!tmp_1)> <Delay = 0.00>
ST_4 : Operation 132 [1/1] (0.00ns)   --->   "%xloc_2_load = load i16 %xloc_2"   --->   Operation 132 'load' 'xloc_2_load' <Predicate = (!tmp_1)> <Delay = 0.00>
ST_4 : Operation 133 [1/1] (0.00ns)   --->   "%xloc_3_load = load i16 %xloc_3"   --->   Operation 133 'load' 'xloc_3_load' <Predicate = (!tmp_1)> <Delay = 0.00>
ST_4 : Operation 134 [1/1] (1.58ns)   --->   "%br_ln35 = br void %for.body39" [C:/ELEC522/sm512/asdf/fpga_hls/backsub.cpp:35]   --->   Operation 134 'br' 'br_ln35' <Predicate = (!tmp_1)> <Delay = 1.58>
ST_4 : Operation 135 [1/1] (0.00ns)   --->   "%xloc_load = load i16 %xloc"   --->   Operation 135 'load' 'xloc_load' <Predicate = (tmp_1)> <Delay = 0.00>
ST_4 : Operation 136 [1/1] (0.00ns)   --->   "%xloc_1_load_1 = load i16 %xloc_1"   --->   Operation 136 'load' 'xloc_1_load_1' <Predicate = (tmp_1)> <Delay = 0.00>
ST_4 : Operation 137 [1/1] (0.00ns)   --->   "%xloc_2_load_1 = load i16 %xloc_2"   --->   Operation 137 'load' 'xloc_2_load_1' <Predicate = (tmp_1)> <Delay = 0.00>
ST_4 : Operation 138 [1/1] (0.00ns)   --->   "%xloc_3_load_1 = load i16 %xloc_3"   --->   Operation 138 'load' 'xloc_3_load_1' <Predicate = (tmp_1)> <Delay = 0.00>
ST_4 : Operation 139 [2/2] (1.82ns)   --->   "%call_ln0 = call void @upper_backsub_Pipeline_VITIS_LOOP_48_6, i16 %x_out_0, i16 %x_out_3, i16 %x_out_2, i16 %x_out_1, i16 %xloc_load, i16 %xloc_1_load_1, i16 %xloc_2_load_1, i16 %xloc_3_load_1"   --->   Operation 139 'call' 'call_ln0' <Predicate = (tmp_1)> <Delay = 1.82> <CoreType = "Generic">   --->   Generic Core

State 5 <SV = 4> <Delay = 5.86>
ST_5 : Operation 140 [1/1] (0.00ns)   --->   "%j = phi i4 %zext_ln33, void %VITIS_LOOP_35_5.split, i4 %add_ln35, void %for.body39.split" [C:/ELEC522/sm512/asdf/fpga_hls/backsub.cpp:33]   --->   Operation 140 'phi' 'j' <Predicate = true> <Delay = 0.00>
ST_5 : Operation 141 [1/1] (0.00ns)   --->   "%acc_1 = phi i16 %acc, void %VITIS_LOOP_35_5.split, i16 %acc_2, void %for.body39.split"   --->   Operation 141 'phi' 'acc_1' <Predicate = true> <Delay = 0.00>
ST_5 : Operation 142 [1/1] (1.73ns)   --->   "%icmp_ln35 = icmp_eq  i4 %j, i4 4" [C:/ELEC522/sm512/asdf/fpga_hls/backsub.cpp:35]   --->   Operation 142 'icmp' 'icmp_ln35' <Predicate = true> <Delay = 1.73> <CoreInst = "Cmp">   --->   Core 9 'Cmp' <Latency = 0> <II = 1> <Delay = 1.73> <FuncUnit> <Opcode : 'seteq' 'setne' 'setle' 'setge' 'setlt' 'setgt'> <InPorts = 2> <OutPorts = 1>
ST_5 : Operation 143 [1/1] (0.00ns)   --->   "%br_ln35 = br i1 %icmp_ln35, void %for.body39.split, void %for.end51" [C:/ELEC522/sm512/asdf/fpga_hls/backsub.cpp:35]   --->   Operation 143 'br' 'br_ln35' <Predicate = true> <Delay = 0.00>
ST_5 : Operation 144 [1/1] (0.00ns)   --->   "%trunc_ln35 = trunc i4 %j" [C:/ELEC522/sm512/asdf/fpga_hls/backsub.cpp:35]   --->   Operation 144 'trunc' 'trunc_ln35' <Predicate = (!icmp_ln35)> <Delay = 0.00>
ST_5 : Operation 145 [1/1] (1.70ns)   --->   "%tmp_9 = sparsemux i16 @_ssdm_op_SparseMux.ap_auto.3i16.i16.i2, i2 1, i16 %tmp_5, i2 2, i16 %tmp_6, i2 3, i16 %tmp_7, i16 0, i2 %trunc_ln35" [C:/ELEC522/sm512/asdf/fpga_hls/backsub.cpp:37]   --->   Operation 145 'sparsemux' 'tmp_9' <Predicate = (!icmp_ln35)> <Delay = 1.70> <CoreInst = "BinarySparseMux_DontCare">   --->   Core 137 'BinarySparseMux_DontCare' <Latency = 0> <II = 1> <Delay = 1.70> <FuncUnit> <Opcode : 'sparsemux'> <InPorts = 2> <OutPorts = 1>
ST_5 : Operation 146 [1/1] (0.00ns)   --->   "%sext_ln37 = sext i16 %tmp_9" [C:/ELEC522/sm512/asdf/fpga_hls/backsub.cpp:37]   --->   Operation 146 'sext' 'sext_ln37' <Predicate = (!icmp_ln35)> <Delay = 0.00>
ST_5 : Operation 147 [1/1] (1.70ns)   --->   "%tmp_s = sparsemux i16 @_ssdm_op_SparseMux.ap_auto.3i16.i16.i2, i2 1, i16 %xloc_1_load, i2 2, i16 %xloc_2_load, i2 3, i16 %xloc_3_load, i16 0, i2 %trunc_ln35" [C:/ELEC522/sm512/asdf/fpga_hls/backsub.cpp:37]   --->   Operation 147 'sparsemux' 'tmp_s' <Predicate = (!icmp_ln35)> <Delay = 1.70> <CoreInst = "BinarySparseMux_DontCare">   --->   Core 137 'BinarySparseMux_DontCare' <Latency = 0> <II = 1> <Delay = 1.70> <FuncUnit> <Opcode : 'sparsemux'> <InPorts = 2> <OutPorts = 1>
ST_5 : Operation 148 [1/1] (0.00ns)   --->   "%sext_ln37_1 = sext i16 %tmp_s" [C:/ELEC522/sm512/asdf/fpga_hls/backsub.cpp:37]   --->   Operation 148 'sext' 'sext_ln37_1' <Predicate = (!icmp_ln35)> <Delay = 0.00>
ST_5 : Operation 149 [3/3] (1.05ns) (grouped into DSP with root node sub_ln37)   --->   "%mul_ln37 = mul i32 %sext_ln37_1, i32 %sext_ln37" [C:/ELEC522/sm512/asdf/fpga_hls/backsub.cpp:37]   --->   Operation 149 'mul' 'mul_ln37' <Predicate = (!icmp_ln35)> <Delay = 1.05> <CoreInst = "DSP48">   --->   Core 116 'DSP48' <Latency = 3> <II = 1> <Delay = 2.15> <IPBlock> <Opcode : 'add' 'sub' 'mul' 'select'> <InPorts = 0> <OutPorts = 1> <Sync> <CReg>
ST_5 : Operation 150 [1/1] (1.73ns)   --->   "%add_ln35 = add i4 %j, i4 1" [C:/ELEC522/sm512/asdf/fpga_hls/backsub.cpp:35]   --->   Operation 150 'add' 'add_ln35' <Predicate = (!icmp_ln35)> <Delay = 1.73> <CoreInst = "Adder">   --->   Core 1 'Adder' <Latency = 0> <II = 1> <Delay = 1.73> <FuncUnit> <Opcode : 'add' 'sub'> <InPorts = 2> <OutPorts = 1>
ST_5 : Operation 151 [1/1] (1.82ns)   --->   "%diag = sparsemux i16 @_ssdm_op_SparseMux.ap_auto.4i16.i16.i2, i2 0, i16 %tmp, i2 1, i16 %tmp_5, i2 2, i16 %tmp_6, i2 3, i16 %tmp_7, i16 0, i2 %trunc_ln33" [C:/ELEC522/sm512/asdf/fpga_hls/backsub.cpp:39]   --->   Operation 151 'sparsemux' 'diag' <Predicate = (icmp_ln35)> <Delay = 1.82> <CoreInst = "BinarySparseMux_DontCare">   --->   Core 137 'BinarySparseMux_DontCare' <Latency = 0> <II = 1> <Delay = 1.82> <FuncUnit> <Opcode : 'sparsemux'> <InPorts = 2> <OutPorts = 1>
ST_5 : Operation 152 [1/1] (2.07ns)   --->   "%icmp_ln40 = icmp_eq  i16 %diag, i16 0" [C:/ELEC522/sm512/asdf/fpga_hls/backsub.cpp:40]   --->   Operation 152 'icmp' 'icmp_ln40' <Predicate = (icmp_ln35)> <Delay = 2.07> <CoreInst = "Cmp">   --->   Core 9 'Cmp' <Latency = 0> <II = 1> <Delay = 2.07> <FuncUnit> <Opcode : 'seteq' 'setne' 'setle' 'setge' 'setlt' 'setgt'> <InPorts = 2> <OutPorts = 1>
ST_5 : Operation 153 [1/1] (1.58ns)   --->   "%br_ln40 = br i1 %icmp_ln40, void %if.else, void %for.inc64" [C:/ELEC522/sm512/asdf/fpga_hls/backsub.cpp:40]   --->   Operation 153 'br' 'br_ln40' <Predicate = (icmp_ln35)> <Delay = 1.58>
ST_5 : Operation 154 [1/1] (0.00ns)   --->   "%shl_ln1 = bitconcatenate i27 @_ssdm_op_BitConcatenate.i27.i16.i11, i16 %acc_1, i11 0" [C:/ELEC522/sm512/asdf/fpga_hls/backsub.cpp:43]   --->   Operation 154 'bitconcatenate' 'shl_ln1' <Predicate = (icmp_ln35 & !icmp_ln40)> <Delay = 0.00>
ST_5 : Operation 155 [1/1] (0.00ns)   --->   "%sext_ln43 = sext i27 %shl_ln1" [C:/ELEC522/sm512/asdf/fpga_hls/backsub.cpp:43]   --->   Operation 155 'sext' 'sext_ln43' <Predicate = (icmp_ln35 & !icmp_ln40)> <Delay = 0.00>
ST_5 : Operation 156 [1/1] (0.00ns)   --->   "%sext_ln43_1 = sext i16 %diag" [C:/ELEC522/sm512/asdf/fpga_hls/backsub.cpp:43]   --->   Operation 156 'sext' 'sext_ln43_1' <Predicate = (icmp_ln35 & !icmp_ln40)> <Delay = 0.00>
ST_5 : Operation 157 [32/32] (4.03ns)   --->   "%sdiv_ln43 = sdiv i28 %sext_ln43, i28 %sext_ln43_1" [C:/ELEC522/sm512/asdf/fpga_hls/backsub.cpp:43]   --->   Operation 157 'sdiv' 'sdiv_ln43' <Predicate = (icmp_ln35 & !icmp_ln40)> <Delay = 4.03> <CoreInst = "DivnS_SEQ">   --->   Core 7 'DivnS_SEQ' <Latency = 31> <II = 28> <Delay = 4.03> <FuncUnit> <Opcode : 'udiv' 'sdiv' 'urem' 'srem'> <InPorts = 2> <OutPorts = 1>

State 6 <SV = 5> <Delay = 1.05>
ST_6 : Operation 158 [2/3] (1.05ns) (grouped into DSP with root node sub_ln37)   --->   "%mul_ln37 = mul i32 %sext_ln37_1, i32 %sext_ln37" [C:/ELEC522/sm512/asdf/fpga_hls/backsub.cpp:37]   --->   Operation 158 'mul' 'mul_ln37' <Predicate = true> <Delay = 1.05> <CoreInst = "DSP48">   --->   Core 116 'DSP48' <Latency = 3> <II = 1> <Delay = 2.15> <IPBlock> <Opcode : 'add' 'sub' 'mul' 'select'> <InPorts = 0> <OutPorts = 1> <Sync> <CReg>

State 7 <SV = 6> <Delay = 2.10>
ST_7 : Operation 159 [1/3] (0.00ns) (grouped into DSP with root node sub_ln37)   --->   "%mul_ln37 = mul i32 %sext_ln37_1, i32 %sext_ln37" [C:/ELEC522/sm512/asdf/fpga_hls/backsub.cpp:37]   --->   Operation 159 'mul' 'mul_ln37' <Predicate = true> <Delay = 0.00> <CoreInst = "DSP48">   --->   Core 116 'DSP48' <Latency = 3> <II = 1> <Delay = 2.15> <IPBlock> <Opcode : 'add' 'sub' 'mul' 'select'> <InPorts = 0> <OutPorts = 1> <Sync> <CReg>
ST_7 : Operation 160 [1/1] (0.00ns)   --->   "%shl_ln = bitconcatenate i27 @_ssdm_op_BitConcatenate.i27.i16.i11, i16 %acc_1, i11 0" [C:/ELEC522/sm512/asdf/fpga_hls/backsub.cpp:37]   --->   Operation 160 'bitconcatenate' 'shl_ln' <Predicate = true> <Delay = 0.00>
ST_7 : Operation 161 [1/1] (0.00ns)   --->   "%sext_ln37_2 = sext i27 %shl_ln" [C:/ELEC522/sm512/asdf/fpga_hls/backsub.cpp:37]   --->   Operation 161 'sext' 'sext_ln37_2' <Predicate = true> <Delay = 0.00>
ST_7 : Operation 162 [2/2] (2.10ns) (root node of the DSP)   --->   "%sub_ln37 = sub i32 %sext_ln37_2, i32 %mul_ln37" [C:/ELEC522/sm512/asdf/fpga_hls/backsub.cpp:37]   --->   Operation 162 'sub' 'sub_ln37' <Predicate = true> <Delay = 2.10> <CoreInst = "DSP48">   --->   Core 116 'DSP48' <Latency = 3> <II = 1> <Delay = 2.15> <IPBlock> <Opcode : 'add' 'sub' 'mul' 'select'> <InPorts = 0> <OutPorts = 1> <Sync> <CReg>

State 8 <SV = 7> <Delay = 7.12>
ST_8 : Operation 163 [1/2] (2.10ns) (root node of the DSP)   --->   "%sub_ln37 = sub i32 %sext_ln37_2, i32 %mul_ln37" [C:/ELEC522/sm512/asdf/fpga_hls/backsub.cpp:37]   --->   Operation 163 'sub' 'sub_ln37' <Predicate = true> <Delay = 2.10> <CoreInst = "DSP48">   --->   Core 116 'DSP48' <Latency = 3> <II = 1> <Delay = 2.15> <IPBlock> <Opcode : 'add' 'sub' 'mul' 'select'> <InPorts = 0> <OutPorts = 1> <Sync> <CReg>
ST_8 : Operation 164 [1/1] (0.00ns)   --->   "%tmp_2 = bitselect i1 @_ssdm_op_BitSelect.i1.i32.i32, i32 %sub_ln37, i32 31" [C:/ELEC522/sm512/asdf/fpga_hls/backsub.cpp:37]   --->   Operation 164 'bitselect' 'tmp_2' <Predicate = true> <Delay = 0.00>
ST_8 : Operation 165 [1/1] (0.00ns)   --->   "%trunc_ln3 = partselect i16 @_ssdm_op_PartSelect.i16.i32.i32.i32, i32 %sub_ln37, i32 11, i32 26" [C:/ELEC522/sm512/asdf/fpga_hls/backsub.cpp:37]   --->   Operation 165 'partselect' 'trunc_ln3' <Predicate = true> <Delay = 0.00>
ST_8 : Operation 166 [1/1] (0.00ns)   --->   "%tmp_3 = bitselect i1 @_ssdm_op_BitSelect.i1.i32.i32, i32 %sub_ln37, i32 10" [C:/ELEC522/sm512/asdf/fpga_hls/backsub.cpp:37]   --->   Operation 166 'bitselect' 'tmp_3' <Predicate = true> <Delay = 0.00>
ST_8 : Operation 167 [1/1] (0.00ns) (grouped into LUT with out node and_ln37)   --->   "%tmp_4 = bitselect i1 @_ssdm_op_BitSelect.i1.i32.i32, i32 %sub_ln37, i32 26" [C:/ELEC522/sm512/asdf/fpga_hls/backsub.cpp:37]   --->   Operation 167 'bitselect' 'tmp_4' <Predicate = true> <Delay = 0.00>
ST_8 : Operation 168 [1/1] (0.00ns)   --->   "%zext_ln37 = zext i1 %tmp_3" [C:/ELEC522/sm512/asdf/fpga_hls/backsub.cpp:37]   --->   Operation 168 'zext' 'zext_ln37' <Predicate = true> <Delay = 0.00>
ST_8 : Operation 169 [1/1] (2.07ns)   --->   "%add_ln37 = add i16 %trunc_ln3, i16 %zext_ln37" [C:/ELEC522/sm512/asdf/fpga_hls/backsub.cpp:37]   --->   Operation 169 'add' 'add_ln37' <Predicate = true> <Delay = 2.07> <CoreInst = "Adder">   --->   Core 1 'Adder' <Latency = 0> <II = 1> <Delay = 2.07> <FuncUnit> <Opcode : 'add' 'sub'> <InPorts = 2> <OutPorts = 1>
ST_8 : Operation 170 [1/1] (0.00ns)   --->   "%tmp_8 = bitselect i1 @_ssdm_op_BitSelect.i1.i16.i32, i16 %add_ln37, i32 15" [C:/ELEC522/sm512/asdf/fpga_hls/backsub.cpp:37]   --->   Operation 170 'bitselect' 'tmp_8' <Predicate = true> <Delay = 0.00>
ST_8 : Operation 171 [1/1] (0.00ns) (grouped into LUT with out node and_ln37)   --->   "%xor_ln37 = xor i1 %tmp_8, i1 1" [C:/ELEC522/sm512/asdf/fpga_hls/backsub.cpp:37]   --->   Operation 171 'xor' 'xor_ln37' <Predicate = true> <Delay = 0.00> <CoreInst = "LogicGate">   --->   Core 74 'LogicGate' <Latency = 0> <II = 1> <Delay = 0.97> <FuncUnit> <Opcode : 'and' 'or' 'xor'> <InPorts = 2> <OutPorts = 1>
ST_8 : Operation 172 [1/1] (0.97ns) (out node of the LUT)   --->   "%and_ln37 = and i1 %tmp_4, i1 %xor_ln37" [C:/ELEC522/sm512/asdf/fpga_hls/backsub.cpp:37]   --->   Operation 172 'and' 'and_ln37' <Predicate = true> <Delay = 0.97> <CoreInst = "LogicGate">   --->   Core 74 'LogicGate' <Latency = 0> <II = 1> <Delay = 0.97> <FuncUnit> <Opcode : 'and' 'or' 'xor'> <InPorts = 2> <OutPorts = 1>
ST_8 : Operation 173 [1/1] (0.00ns) (grouped into LUT with out node and_ln37_4)   --->   "%tmp_12 = bitselect i1 @_ssdm_op_BitSelect.i1.i32.i32, i32 %sub_ln37, i32 27" [C:/ELEC522/sm512/asdf/fpga_hls/backsub.cpp:37]   --->   Operation 173 'bitselect' 'tmp_12' <Predicate = true> <Delay = 0.00>
ST_8 : Operation 174 [1/1] (0.00ns)   --->   "%tmp_10 = partselect i4 @_ssdm_op_PartSelect.i4.i32.i32.i32, i32 %sub_ln37, i32 28, i32 31" [C:/ELEC522/sm512/asdf/fpga_hls/backsub.cpp:37]   --->   Operation 174 'partselect' 'tmp_10' <Predicate = true> <Delay = 0.00>
ST_8 : Operation 175 [1/1] (1.73ns)   --->   "%icmp_ln37 = icmp_eq  i4 %tmp_10, i4 15" [C:/ELEC522/sm512/asdf/fpga_hls/backsub.cpp:37]   --->   Operation 175 'icmp' 'icmp_ln37' <Predicate = true> <Delay = 1.73> <CoreInst = "Cmp">   --->   Core 9 'Cmp' <Latency = 0> <II = 1> <Delay = 1.73> <FuncUnit> <Opcode : 'seteq' 'setne' 'setle' 'setge' 'setlt' 'setgt'> <InPorts = 2> <OutPorts = 1>
ST_8 : Operation 176 [1/1] (0.00ns)   --->   "%tmp_11 = partselect i5 @_ssdm_op_PartSelect.i5.i32.i32.i32, i32 %sub_ln37, i32 27, i32 31" [C:/ELEC522/sm512/asdf/fpga_hls/backsub.cpp:37]   --->   Operation 176 'partselect' 'tmp_11' <Predicate = true> <Delay = 0.00>
ST_8 : Operation 177 [1/1] (1.78ns)   --->   "%icmp_ln37_1 = icmp_eq  i5 %tmp_11, i5 31" [C:/ELEC522/sm512/asdf/fpga_hls/backsub.cpp:37]   --->   Operation 177 'icmp' 'icmp_ln37_1' <Predicate = true> <Delay = 1.78> <CoreInst = "Cmp">   --->   Core 9 'Cmp' <Latency = 0> <II = 1> <Delay = 1.78> <FuncUnit> <Opcode : 'seteq' 'setne' 'setle' 'setge' 'setlt' 'setgt'> <InPorts = 2> <OutPorts = 1>
ST_8 : Operation 178 [1/1] (1.78ns)   --->   "%icmp_ln37_2 = icmp_eq  i5 %tmp_11, i5 0" [C:/ELEC522/sm512/asdf/fpga_hls/backsub.cpp:37]   --->   Operation 178 'icmp' 'icmp_ln37_2' <Predicate = true> <Delay = 1.78> <CoreInst = "Cmp">   --->   Core 9 'Cmp' <Latency = 0> <II = 1> <Delay = 1.78> <FuncUnit> <Opcode : 'seteq' 'setne' 'setle' 'setge' 'setlt' 'setgt'> <InPorts = 2> <OutPorts = 1>
ST_8 : Operation 179 [1/1] (0.00ns) (grouped into LUT with out node and_ln37_3)   --->   "%select_ln37 = select i1 %and_ln37, i1 %icmp_ln37_1, i1 %icmp_ln37_2" [C:/ELEC522/sm512/asdf/fpga_hls/backsub.cpp:37]   --->   Operation 179 'select' 'select_ln37' <Predicate = true> <Delay = 0.00> <CoreInst = "Sel">   --->   Core 73 'Sel' <Latency = 0> <II = 1> <Delay = 0.99> <FuncUnit> <Opcode : 'select'> <InPorts = 3> <OutPorts = 1>
ST_8 : Operation 180 [1/1] (0.00ns) (grouped into LUT with out node and_ln37_4)   --->   "%xor_ln37_1 = xor i1 %tmp_12, i1 1" [C:/ELEC522/sm512/asdf/fpga_hls/backsub.cpp:37]   --->   Operation 180 'xor' 'xor_ln37_1' <Predicate = true> <Delay = 0.00> <CoreInst = "LogicGate">   --->   Core 74 'LogicGate' <Latency = 0> <II = 1> <Delay = 0.97> <FuncUnit> <Opcode : 'and' 'or' 'xor'> <InPorts = 2> <OutPorts = 1>
ST_8 : Operation 181 [1/1] (0.00ns) (grouped into LUT with out node and_ln37_4)   --->   "%and_ln37_1 = and i1 %icmp_ln37, i1 %xor_ln37_1" [C:/ELEC522/sm512/asdf/fpga_hls/backsub.cpp:37]   --->   Operation 181 'and' 'and_ln37_1' <Predicate = true> <Delay = 0.00> <CoreInst = "LogicGate">   --->   Core 74 'LogicGate' <Latency = 0> <II = 1> <Delay = 0.97> <FuncUnit> <Opcode : 'and' 'or' 'xor'> <InPorts = 2> <OutPorts = 1>
ST_8 : Operation 182 [1/1] (0.00ns) (grouped into LUT with out node and_ln37_4)   --->   "%select_ln37_1 = select i1 %and_ln37, i1 %and_ln37_1, i1 %icmp_ln37_1" [C:/ELEC522/sm512/asdf/fpga_hls/backsub.cpp:37]   --->   Operation 182 'select' 'select_ln37_1' <Predicate = true> <Delay = 0.00> <CoreInst = "Sel">   --->   Core 73 'Sel' <Latency = 0> <II = 1> <Delay = 0.99> <FuncUnit> <Opcode : 'select'> <InPorts = 3> <OutPorts = 1>
ST_8 : Operation 183 [1/1] (0.00ns) (grouped into LUT with out node or_ln37_1)   --->   "%and_ln37_2 = and i1 %and_ln37, i1 %icmp_ln37_1" [C:/ELEC522/sm512/asdf/fpga_hls/backsub.cpp:37]   --->   Operation 183 'and' 'and_ln37_2' <Predicate = true> <Delay = 0.00> <CoreInst = "LogicGate">   --->   Core 74 'LogicGate' <Latency = 0> <II = 1> <Delay = 0.97> <FuncUnit> <Opcode : 'and' 'or' 'xor'> <InPorts = 2> <OutPorts = 1>
ST_8 : Operation 184 [1/1] (0.00ns) (grouped into LUT with out node and_ln37_3)   --->   "%xor_ln37_2 = xor i1 %select_ln37, i1 1" [C:/ELEC522/sm512/asdf/fpga_hls/backsub.cpp:37]   --->   Operation 184 'xor' 'xor_ln37_2' <Predicate = true> <Delay = 0.00> <CoreInst = "LogicGate">   --->   Core 74 'LogicGate' <Latency = 0> <II = 1> <Delay = 0.97> <FuncUnit> <Opcode : 'and' 'or' 'xor'> <InPorts = 2> <OutPorts = 1>
ST_8 : Operation 185 [1/1] (0.00ns) (grouped into LUT with out node and_ln37_3)   --->   "%or_ln37 = or i1 %tmp_8, i1 %xor_ln37_2" [C:/ELEC522/sm512/asdf/fpga_hls/backsub.cpp:37]   --->   Operation 185 'or' 'or_ln37' <Predicate = true> <Delay = 0.00> <CoreInst = "LogicGate">   --->   Core 74 'LogicGate' <Latency = 0> <II = 1> <Delay = 0.97> <FuncUnit> <Opcode : 'and' 'or' 'xor'> <InPorts = 2> <OutPorts = 1>
ST_8 : Operation 186 [1/1] (0.00ns) (grouped into LUT with out node and_ln37_3)   --->   "%xor_ln37_3 = xor i1 %tmp_2, i1 1" [C:/ELEC522/sm512/asdf/fpga_hls/backsub.cpp:37]   --->   Operation 186 'xor' 'xor_ln37_3' <Predicate = true> <Delay = 0.00> <CoreInst = "LogicGate">   --->   Core 74 'LogicGate' <Latency = 0> <II = 1> <Delay = 0.97> <FuncUnit> <Opcode : 'and' 'or' 'xor'> <InPorts = 2> <OutPorts = 1>
ST_8 : Operation 187 [1/1] (0.99ns) (out node of the LUT)   --->   "%and_ln37_3 = and i1 %or_ln37, i1 %xor_ln37_3" [C:/ELEC522/sm512/asdf/fpga_hls/backsub.cpp:37]   --->   Operation 187 'and' 'and_ln37_3' <Predicate = true> <Delay = 0.99> <CoreInst = "LogicGate">   --->   Core 74 'LogicGate' <Latency = 0> <II = 1> <Delay = 0.97> <FuncUnit> <Opcode : 'and' 'or' 'xor'> <InPorts = 2> <OutPorts = 1>
ST_8 : Operation 188 [1/1] (0.99ns) (out node of the LUT)   --->   "%and_ln37_4 = and i1 %tmp_8, i1 %select_ln37_1" [C:/ELEC522/sm512/asdf/fpga_hls/backsub.cpp:37]   --->   Operation 188 'and' 'and_ln37_4' <Predicate = true> <Delay = 0.99> <CoreInst = "LogicGate">   --->   Core 74 'LogicGate' <Latency = 0> <II = 1> <Delay = 0.97> <FuncUnit> <Opcode : 'and' 'or' 'xor'> <InPorts = 2> <OutPorts = 1>
ST_8 : Operation 189 [1/1] (0.00ns) (grouped into LUT with out node or_ln37_1)   --->   "%or_ln37_2 = or i1 %and_ln37_2, i1 %and_ln37_4" [C:/ELEC522/sm512/asdf/fpga_hls/backsub.cpp:37]   --->   Operation 189 'or' 'or_ln37_2' <Predicate = true> <Delay = 0.00> <CoreInst = "LogicGate">   --->   Core 74 'LogicGate' <Latency = 0> <II = 1> <Delay = 0.97> <FuncUnit> <Opcode : 'and' 'or' 'xor'> <InPorts = 2> <OutPorts = 1>
ST_8 : Operation 190 [1/1] (0.00ns) (grouped into LUT with out node or_ln37_1)   --->   "%xor_ln37_4 = xor i1 %or_ln37_2, i1 1" [C:/ELEC522/sm512/asdf/fpga_hls/backsub.cpp:37]   --->   Operation 190 'xor' 'xor_ln37_4' <Predicate = true> <Delay = 0.00> <CoreInst = "LogicGate">   --->   Core 74 'LogicGate' <Latency = 0> <II = 1> <Delay = 0.97> <FuncUnit> <Opcode : 'and' 'or' 'xor'> <InPorts = 2> <OutPorts = 1>
ST_8 : Operation 191 [1/1] (0.00ns) (grouped into LUT with out node or_ln37_1)   --->   "%and_ln37_5 = and i1 %tmp_2, i1 %xor_ln37_4" [C:/ELEC522/sm512/asdf/fpga_hls/backsub.cpp:37]   --->   Operation 191 'and' 'and_ln37_5' <Predicate = true> <Delay = 0.00> <CoreInst = "LogicGate">   --->   Core 74 'LogicGate' <Latency = 0> <II = 1> <Delay = 0.97> <FuncUnit> <Opcode : 'and' 'or' 'xor'> <InPorts = 2> <OutPorts = 1>
ST_8 : Operation 192 [1/1] (0.97ns) (out node of the LUT)   --->   "%or_ln37_1 = or i1 %and_ln37_3, i1 %and_ln37_5" [C:/ELEC522/sm512/asdf/fpga_hls/backsub.cpp:37]   --->   Operation 192 'or' 'or_ln37_1' <Predicate = true> <Delay = 0.97> <CoreInst = "LogicGate">   --->   Core 74 'LogicGate' <Latency = 0> <II = 1> <Delay = 0.97> <FuncUnit> <Opcode : 'and' 'or' 'xor'> <InPorts = 2> <OutPorts = 1>

State 9 <SV = 8> <Delay = 0.80>
ST_9 : Operation 193 [1/1] (0.00ns)   --->   "%specpipeline_ln36 = specpipeline void @_ssdm_op_SpecPipeline, i32 0, i32 0, i32 1, i32 0, void @empty_24" [C:/ELEC522/sm512/asdf/fpga_hls/backsub.cpp:36]   --->   Operation 193 'specpipeline' 'specpipeline_ln36' <Predicate = true> <Delay = 0.00>
ST_9 : Operation 194 [1/1] (0.00ns)   --->   "%speclooptripcount_ln34 = speclooptripcount void @_ssdm_op_SpecLoopTripCount, i64 0, i64 3, i64 1" [C:/ELEC522/sm512/asdf/fpga_hls/backsub.cpp:34]   --->   Operation 194 'speclooptripcount' 'speclooptripcount_ln34' <Predicate = true> <Delay = 0.00>
ST_9 : Operation 195 [1/1] (0.00ns)   --->   "%specloopname_ln35 = specloopname void @_ssdm_op_SpecLoopName, void @empty_19" [C:/ELEC522/sm512/asdf/fpga_hls/backsub.cpp:35]   --->   Operation 195 'specloopname' 'specloopname_ln35' <Predicate = true> <Delay = 0.00>
ST_9 : Operation 196 [1/1] (0.00ns) (grouped into LUT with out node acc_2)   --->   "%select_ln37_2 = select i1 %and_ln37_3, i16 32767, i16 32768" [C:/ELEC522/sm512/asdf/fpga_hls/backsub.cpp:37]   --->   Operation 196 'select' 'select_ln37_2' <Predicate = (or_ln37_1)> <Delay = 0.00> <CoreInst = "Sel">   --->   Core 73 'Sel' <Latency = 0> <II = 1> <Delay = 0.80> <FuncUnit> <Opcode : 'select'> <InPorts = 3> <OutPorts = 1>
ST_9 : Operation 197 [1/1] (0.80ns) (out node of the LUT)   --->   "%acc_2 = select i1 %or_ln37_1, i16 %select_ln37_2, i16 %add_ln37" [C:/ELEC522/sm512/asdf/fpga_hls/backsub.cpp:37]   --->   Operation 197 'select' 'acc_2' <Predicate = true> <Delay = 0.80> <CoreInst = "Sel">   --->   Core 73 'Sel' <Latency = 0> <II = 1> <Delay = 0.80> <FuncUnit> <Opcode : 'select'> <InPorts = 3> <OutPorts = 1>
ST_9 : Operation 198 [1/1] (0.00ns)   --->   "%br_ln35 = br void %for.body39" [C:/ELEC522/sm512/asdf/fpga_hls/backsub.cpp:35]   --->   Operation 198 'br' 'br_ln35' <Predicate = true> <Delay = 0.00>

State 10 <SV = 5> <Delay = 4.03>
ST_10 : Operation 199 [31/32] (4.03ns)   --->   "%sdiv_ln43 = sdiv i28 %sext_ln43, i28 %sext_ln43_1" [C:/ELEC522/sm512/asdf/fpga_hls/backsub.cpp:43]   --->   Operation 199 'sdiv' 'sdiv_ln43' <Predicate = true> <Delay = 4.03> <CoreInst = "DivnS_SEQ">   --->   Core 7 'DivnS_SEQ' <Latency = 31> <II = 28> <Delay = 4.03> <FuncUnit> <Opcode : 'udiv' 'sdiv' 'urem' 'srem'> <InPorts = 2> <OutPorts = 1>

State 11 <SV = 6> <Delay = 4.03>
ST_11 : Operation 200 [30/32] (4.03ns)   --->   "%sdiv_ln43 = sdiv i28 %sext_ln43, i28 %sext_ln43_1" [C:/ELEC522/sm512/asdf/fpga_hls/backsub.cpp:43]   --->   Operation 200 'sdiv' 'sdiv_ln43' <Predicate = true> <Delay = 4.03> <CoreInst = "DivnS_SEQ">   --->   Core 7 'DivnS_SEQ' <Latency = 31> <II = 28> <Delay = 4.03> <FuncUnit> <Opcode : 'udiv' 'sdiv' 'urem' 'srem'> <InPorts = 2> <OutPorts = 1>

State 12 <SV = 7> <Delay = 4.03>
ST_12 : Operation 201 [29/32] (4.03ns)   --->   "%sdiv_ln43 = sdiv i28 %sext_ln43, i28 %sext_ln43_1" [C:/ELEC522/sm512/asdf/fpga_hls/backsub.cpp:43]   --->   Operation 201 'sdiv' 'sdiv_ln43' <Predicate = true> <Delay = 4.03> <CoreInst = "DivnS_SEQ">   --->   Core 7 'DivnS_SEQ' <Latency = 31> <II = 28> <Delay = 4.03> <FuncUnit> <Opcode : 'udiv' 'sdiv' 'urem' 'srem'> <InPorts = 2> <OutPorts = 1>

State 13 <SV = 8> <Delay = 4.03>
ST_13 : Operation 202 [28/32] (4.03ns)   --->   "%sdiv_ln43 = sdiv i28 %sext_ln43, i28 %sext_ln43_1" [C:/ELEC522/sm512/asdf/fpga_hls/backsub.cpp:43]   --->   Operation 202 'sdiv' 'sdiv_ln43' <Predicate = true> <Delay = 4.03> <CoreInst = "DivnS_SEQ">   --->   Core 7 'DivnS_SEQ' <Latency = 31> <II = 28> <Delay = 4.03> <FuncUnit> <Opcode : 'udiv' 'sdiv' 'urem' 'srem'> <InPorts = 2> <OutPorts = 1>

State 14 <SV = 9> <Delay = 4.03>
ST_14 : Operation 203 [27/32] (4.03ns)   --->   "%sdiv_ln43 = sdiv i28 %sext_ln43, i28 %sext_ln43_1" [C:/ELEC522/sm512/asdf/fpga_hls/backsub.cpp:43]   --->   Operation 203 'sdiv' 'sdiv_ln43' <Predicate = true> <Delay = 4.03> <CoreInst = "DivnS_SEQ">   --->   Core 7 'DivnS_SEQ' <Latency = 31> <II = 28> <Delay = 4.03> <FuncUnit> <Opcode : 'udiv' 'sdiv' 'urem' 'srem'> <InPorts = 2> <OutPorts = 1>

State 15 <SV = 10> <Delay = 4.03>
ST_15 : Operation 204 [26/32] (4.03ns)   --->   "%sdiv_ln43 = sdiv i28 %sext_ln43, i28 %sext_ln43_1" [C:/ELEC522/sm512/asdf/fpga_hls/backsub.cpp:43]   --->   Operation 204 'sdiv' 'sdiv_ln43' <Predicate = true> <Delay = 4.03> <CoreInst = "DivnS_SEQ">   --->   Core 7 'DivnS_SEQ' <Latency = 31> <II = 28> <Delay = 4.03> <FuncUnit> <Opcode : 'udiv' 'sdiv' 'urem' 'srem'> <InPorts = 2> <OutPorts = 1>

State 16 <SV = 11> <Delay = 4.03>
ST_16 : Operation 205 [25/32] (4.03ns)   --->   "%sdiv_ln43 = sdiv i28 %sext_ln43, i28 %sext_ln43_1" [C:/ELEC522/sm512/asdf/fpga_hls/backsub.cpp:43]   --->   Operation 205 'sdiv' 'sdiv_ln43' <Predicate = true> <Delay = 4.03> <CoreInst = "DivnS_SEQ">   --->   Core 7 'DivnS_SEQ' <Latency = 31> <II = 28> <Delay = 4.03> <FuncUnit> <Opcode : 'udiv' 'sdiv' 'urem' 'srem'> <InPorts = 2> <OutPorts = 1>

State 17 <SV = 12> <Delay = 4.03>
ST_17 : Operation 206 [24/32] (4.03ns)   --->   "%sdiv_ln43 = sdiv i28 %sext_ln43, i28 %sext_ln43_1" [C:/ELEC522/sm512/asdf/fpga_hls/backsub.cpp:43]   --->   Operation 206 'sdiv' 'sdiv_ln43' <Predicate = true> <Delay = 4.03> <CoreInst = "DivnS_SEQ">   --->   Core 7 'DivnS_SEQ' <Latency = 31> <II = 28> <Delay = 4.03> <FuncUnit> <Opcode : 'udiv' 'sdiv' 'urem' 'srem'> <InPorts = 2> <OutPorts = 1>

State 18 <SV = 13> <Delay = 4.03>
ST_18 : Operation 207 [23/32] (4.03ns)   --->   "%sdiv_ln43 = sdiv i28 %sext_ln43, i28 %sext_ln43_1" [C:/ELEC522/sm512/asdf/fpga_hls/backsub.cpp:43]   --->   Operation 207 'sdiv' 'sdiv_ln43' <Predicate = true> <Delay = 4.03> <CoreInst = "DivnS_SEQ">   --->   Core 7 'DivnS_SEQ' <Latency = 31> <II = 28> <Delay = 4.03> <FuncUnit> <Opcode : 'udiv' 'sdiv' 'urem' 'srem'> <InPorts = 2> <OutPorts = 1>

State 19 <SV = 14> <Delay = 4.03>
ST_19 : Operation 208 [22/32] (4.03ns)   --->   "%sdiv_ln43 = sdiv i28 %sext_ln43, i28 %sext_ln43_1" [C:/ELEC522/sm512/asdf/fpga_hls/backsub.cpp:43]   --->   Operation 208 'sdiv' 'sdiv_ln43' <Predicate = true> <Delay = 4.03> <CoreInst = "DivnS_SEQ">   --->   Core 7 'DivnS_SEQ' <Latency = 31> <II = 28> <Delay = 4.03> <FuncUnit> <Opcode : 'udiv' 'sdiv' 'urem' 'srem'> <InPorts = 2> <OutPorts = 1>

State 20 <SV = 15> <Delay = 4.03>
ST_20 : Operation 209 [21/32] (4.03ns)   --->   "%sdiv_ln43 = sdiv i28 %sext_ln43, i28 %sext_ln43_1" [C:/ELEC522/sm512/asdf/fpga_hls/backsub.cpp:43]   --->   Operation 209 'sdiv' 'sdiv_ln43' <Predicate = true> <Delay = 4.03> <CoreInst = "DivnS_SEQ">   --->   Core 7 'DivnS_SEQ' <Latency = 31> <II = 28> <Delay = 4.03> <FuncUnit> <Opcode : 'udiv' 'sdiv' 'urem' 'srem'> <InPorts = 2> <OutPorts = 1>

State 21 <SV = 16> <Delay = 4.03>
ST_21 : Operation 210 [20/32] (4.03ns)   --->   "%sdiv_ln43 = sdiv i28 %sext_ln43, i28 %sext_ln43_1" [C:/ELEC522/sm512/asdf/fpga_hls/backsub.cpp:43]   --->   Operation 210 'sdiv' 'sdiv_ln43' <Predicate = true> <Delay = 4.03> <CoreInst = "DivnS_SEQ">   --->   Core 7 'DivnS_SEQ' <Latency = 31> <II = 28> <Delay = 4.03> <FuncUnit> <Opcode : 'udiv' 'sdiv' 'urem' 'srem'> <InPorts = 2> <OutPorts = 1>

State 22 <SV = 17> <Delay = 4.03>
ST_22 : Operation 211 [19/32] (4.03ns)   --->   "%sdiv_ln43 = sdiv i28 %sext_ln43, i28 %sext_ln43_1" [C:/ELEC522/sm512/asdf/fpga_hls/backsub.cpp:43]   --->   Operation 211 'sdiv' 'sdiv_ln43' <Predicate = true> <Delay = 4.03> <CoreInst = "DivnS_SEQ">   --->   Core 7 'DivnS_SEQ' <Latency = 31> <II = 28> <Delay = 4.03> <FuncUnit> <Opcode : 'udiv' 'sdiv' 'urem' 'srem'> <InPorts = 2> <OutPorts = 1>

State 23 <SV = 18> <Delay = 4.03>
ST_23 : Operation 212 [18/32] (4.03ns)   --->   "%sdiv_ln43 = sdiv i28 %sext_ln43, i28 %sext_ln43_1" [C:/ELEC522/sm512/asdf/fpga_hls/backsub.cpp:43]   --->   Operation 212 'sdiv' 'sdiv_ln43' <Predicate = true> <Delay = 4.03> <CoreInst = "DivnS_SEQ">   --->   Core 7 'DivnS_SEQ' <Latency = 31> <II = 28> <Delay = 4.03> <FuncUnit> <Opcode : 'udiv' 'sdiv' 'urem' 'srem'> <InPorts = 2> <OutPorts = 1>

State 24 <SV = 19> <Delay = 4.03>
ST_24 : Operation 213 [17/32] (4.03ns)   --->   "%sdiv_ln43 = sdiv i28 %sext_ln43, i28 %sext_ln43_1" [C:/ELEC522/sm512/asdf/fpga_hls/backsub.cpp:43]   --->   Operation 213 'sdiv' 'sdiv_ln43' <Predicate = true> <Delay = 4.03> <CoreInst = "DivnS_SEQ">   --->   Core 7 'DivnS_SEQ' <Latency = 31> <II = 28> <Delay = 4.03> <FuncUnit> <Opcode : 'udiv' 'sdiv' 'urem' 'srem'> <InPorts = 2> <OutPorts = 1>

State 25 <SV = 20> <Delay = 4.03>
ST_25 : Operation 214 [16/32] (4.03ns)   --->   "%sdiv_ln43 = sdiv i28 %sext_ln43, i28 %sext_ln43_1" [C:/ELEC522/sm512/asdf/fpga_hls/backsub.cpp:43]   --->   Operation 214 'sdiv' 'sdiv_ln43' <Predicate = true> <Delay = 4.03> <CoreInst = "DivnS_SEQ">   --->   Core 7 'DivnS_SEQ' <Latency = 31> <II = 28> <Delay = 4.03> <FuncUnit> <Opcode : 'udiv' 'sdiv' 'urem' 'srem'> <InPorts = 2> <OutPorts = 1>

State 26 <SV = 21> <Delay = 4.03>
ST_26 : Operation 215 [15/32] (4.03ns)   --->   "%sdiv_ln43 = sdiv i28 %sext_ln43, i28 %sext_ln43_1" [C:/ELEC522/sm512/asdf/fpga_hls/backsub.cpp:43]   --->   Operation 215 'sdiv' 'sdiv_ln43' <Predicate = true> <Delay = 4.03> <CoreInst = "DivnS_SEQ">   --->   Core 7 'DivnS_SEQ' <Latency = 31> <II = 28> <Delay = 4.03> <FuncUnit> <Opcode : 'udiv' 'sdiv' 'urem' 'srem'> <InPorts = 2> <OutPorts = 1>

State 27 <SV = 22> <Delay = 4.03>
ST_27 : Operation 216 [14/32] (4.03ns)   --->   "%sdiv_ln43 = sdiv i28 %sext_ln43, i28 %sext_ln43_1" [C:/ELEC522/sm512/asdf/fpga_hls/backsub.cpp:43]   --->   Operation 216 'sdiv' 'sdiv_ln43' <Predicate = true> <Delay = 4.03> <CoreInst = "DivnS_SEQ">   --->   Core 7 'DivnS_SEQ' <Latency = 31> <II = 28> <Delay = 4.03> <FuncUnit> <Opcode : 'udiv' 'sdiv' 'urem' 'srem'> <InPorts = 2> <OutPorts = 1>

State 28 <SV = 23> <Delay = 4.03>
ST_28 : Operation 217 [13/32] (4.03ns)   --->   "%sdiv_ln43 = sdiv i28 %sext_ln43, i28 %sext_ln43_1" [C:/ELEC522/sm512/asdf/fpga_hls/backsub.cpp:43]   --->   Operation 217 'sdiv' 'sdiv_ln43' <Predicate = true> <Delay = 4.03> <CoreInst = "DivnS_SEQ">   --->   Core 7 'DivnS_SEQ' <Latency = 31> <II = 28> <Delay = 4.03> <FuncUnit> <Opcode : 'udiv' 'sdiv' 'urem' 'srem'> <InPorts = 2> <OutPorts = 1>

State 29 <SV = 24> <Delay = 4.03>
ST_29 : Operation 218 [12/32] (4.03ns)   --->   "%sdiv_ln43 = sdiv i28 %sext_ln43, i28 %sext_ln43_1" [C:/ELEC522/sm512/asdf/fpga_hls/backsub.cpp:43]   --->   Operation 218 'sdiv' 'sdiv_ln43' <Predicate = true> <Delay = 4.03> <CoreInst = "DivnS_SEQ">   --->   Core 7 'DivnS_SEQ' <Latency = 31> <II = 28> <Delay = 4.03> <FuncUnit> <Opcode : 'udiv' 'sdiv' 'urem' 'srem'> <InPorts = 2> <OutPorts = 1>

State 30 <SV = 25> <Delay = 4.03>
ST_30 : Operation 219 [11/32] (4.03ns)   --->   "%sdiv_ln43 = sdiv i28 %sext_ln43, i28 %sext_ln43_1" [C:/ELEC522/sm512/asdf/fpga_hls/backsub.cpp:43]   --->   Operation 219 'sdiv' 'sdiv_ln43' <Predicate = true> <Delay = 4.03> <CoreInst = "DivnS_SEQ">   --->   Core 7 'DivnS_SEQ' <Latency = 31> <II = 28> <Delay = 4.03> <FuncUnit> <Opcode : 'udiv' 'sdiv' 'urem' 'srem'> <InPorts = 2> <OutPorts = 1>

State 31 <SV = 26> <Delay = 4.03>
ST_31 : Operation 220 [10/32] (4.03ns)   --->   "%sdiv_ln43 = sdiv i28 %sext_ln43, i28 %sext_ln43_1" [C:/ELEC522/sm512/asdf/fpga_hls/backsub.cpp:43]   --->   Operation 220 'sdiv' 'sdiv_ln43' <Predicate = true> <Delay = 4.03> <CoreInst = "DivnS_SEQ">   --->   Core 7 'DivnS_SEQ' <Latency = 31> <II = 28> <Delay = 4.03> <FuncUnit> <Opcode : 'udiv' 'sdiv' 'urem' 'srem'> <InPorts = 2> <OutPorts = 1>

State 32 <SV = 27> <Delay = 4.03>
ST_32 : Operation 221 [9/32] (4.03ns)   --->   "%sdiv_ln43 = sdiv i28 %sext_ln43, i28 %sext_ln43_1" [C:/ELEC522/sm512/asdf/fpga_hls/backsub.cpp:43]   --->   Operation 221 'sdiv' 'sdiv_ln43' <Predicate = true> <Delay = 4.03> <CoreInst = "DivnS_SEQ">   --->   Core 7 'DivnS_SEQ' <Latency = 31> <II = 28> <Delay = 4.03> <FuncUnit> <Opcode : 'udiv' 'sdiv' 'urem' 'srem'> <InPorts = 2> <OutPorts = 1>

State 33 <SV = 28> <Delay = 4.03>
ST_33 : Operation 222 [8/32] (4.03ns)   --->   "%sdiv_ln43 = sdiv i28 %sext_ln43, i28 %sext_ln43_1" [C:/ELEC522/sm512/asdf/fpga_hls/backsub.cpp:43]   --->   Operation 222 'sdiv' 'sdiv_ln43' <Predicate = true> <Delay = 4.03> <CoreInst = "DivnS_SEQ">   --->   Core 7 'DivnS_SEQ' <Latency = 31> <II = 28> <Delay = 4.03> <FuncUnit> <Opcode : 'udiv' 'sdiv' 'urem' 'srem'> <InPorts = 2> <OutPorts = 1>

State 34 <SV = 29> <Delay = 4.03>
ST_34 : Operation 223 [7/32] (4.03ns)   --->   "%sdiv_ln43 = sdiv i28 %sext_ln43, i28 %sext_ln43_1" [C:/ELEC522/sm512/asdf/fpga_hls/backsub.cpp:43]   --->   Operation 223 'sdiv' 'sdiv_ln43' <Predicate = true> <Delay = 4.03> <CoreInst = "DivnS_SEQ">   --->   Core 7 'DivnS_SEQ' <Latency = 31> <II = 28> <Delay = 4.03> <FuncUnit> <Opcode : 'udiv' 'sdiv' 'urem' 'srem'> <InPorts = 2> <OutPorts = 1>

State 35 <SV = 30> <Delay = 4.03>
ST_35 : Operation 224 [6/32] (4.03ns)   --->   "%sdiv_ln43 = sdiv i28 %sext_ln43, i28 %sext_ln43_1" [C:/ELEC522/sm512/asdf/fpga_hls/backsub.cpp:43]   --->   Operation 224 'sdiv' 'sdiv_ln43' <Predicate = true> <Delay = 4.03> <CoreInst = "DivnS_SEQ">   --->   Core 7 'DivnS_SEQ' <Latency = 31> <II = 28> <Delay = 4.03> <FuncUnit> <Opcode : 'udiv' 'sdiv' 'urem' 'srem'> <InPorts = 2> <OutPorts = 1>

State 36 <SV = 31> <Delay = 4.03>
ST_36 : Operation 225 [5/32] (4.03ns)   --->   "%sdiv_ln43 = sdiv i28 %sext_ln43, i28 %sext_ln43_1" [C:/ELEC522/sm512/asdf/fpga_hls/backsub.cpp:43]   --->   Operation 225 'sdiv' 'sdiv_ln43' <Predicate = true> <Delay = 4.03> <CoreInst = "DivnS_SEQ">   --->   Core 7 'DivnS_SEQ' <Latency = 31> <II = 28> <Delay = 4.03> <FuncUnit> <Opcode : 'udiv' 'sdiv' 'urem' 'srem'> <InPorts = 2> <OutPorts = 1>

State 37 <SV = 32> <Delay = 4.03>
ST_37 : Operation 226 [4/32] (4.03ns)   --->   "%sdiv_ln43 = sdiv i28 %sext_ln43, i28 %sext_ln43_1" [C:/ELEC522/sm512/asdf/fpga_hls/backsub.cpp:43]   --->   Operation 226 'sdiv' 'sdiv_ln43' <Predicate = true> <Delay = 4.03> <CoreInst = "DivnS_SEQ">   --->   Core 7 'DivnS_SEQ' <Latency = 31> <II = 28> <Delay = 4.03> <FuncUnit> <Opcode : 'udiv' 'sdiv' 'urem' 'srem'> <InPorts = 2> <OutPorts = 1>

State 38 <SV = 33> <Delay = 4.03>
ST_38 : Operation 227 [3/32] (4.03ns)   --->   "%sdiv_ln43 = sdiv i28 %sext_ln43, i28 %sext_ln43_1" [C:/ELEC522/sm512/asdf/fpga_hls/backsub.cpp:43]   --->   Operation 227 'sdiv' 'sdiv_ln43' <Predicate = true> <Delay = 4.03> <CoreInst = "DivnS_SEQ">   --->   Core 7 'DivnS_SEQ' <Latency = 31> <II = 28> <Delay = 4.03> <FuncUnit> <Opcode : 'udiv' 'sdiv' 'urem' 'srem'> <InPorts = 2> <OutPorts = 1>

State 39 <SV = 34> <Delay = 4.03>
ST_39 : Operation 228 [2/32] (4.03ns)   --->   "%sdiv_ln43 = sdiv i28 %sext_ln43, i28 %sext_ln43_1" [C:/ELEC522/sm512/asdf/fpga_hls/backsub.cpp:43]   --->   Operation 228 'sdiv' 'sdiv_ln43' <Predicate = true> <Delay = 4.03> <CoreInst = "DivnS_SEQ">   --->   Core 7 'DivnS_SEQ' <Latency = 31> <II = 28> <Delay = 4.03> <FuncUnit> <Opcode : 'udiv' 'sdiv' 'urem' 'srem'> <InPorts = 2> <OutPorts = 1>

State 40 <SV = 35> <Delay = 7.54>
ST_40 : Operation 229 [1/32] (4.03ns)   --->   "%sdiv_ln43 = sdiv i28 %sext_ln43, i28 %sext_ln43_1" [C:/ELEC522/sm512/asdf/fpga_hls/backsub.cpp:43]   --->   Operation 229 'sdiv' 'sdiv_ln43' <Predicate = true> <Delay = 4.03> <CoreInst = "DivnS_SEQ">   --->   Core 7 'DivnS_SEQ' <Latency = 31> <II = 28> <Delay = 4.03> <FuncUnit> <Opcode : 'udiv' 'sdiv' 'urem' 'srem'> <InPorts = 2> <OutPorts = 1>
ST_40 : Operation 230 [1/1] (0.00ns)   --->   "%tmp_13 = bitselect i1 @_ssdm_op_BitSelect.i1.i28.i32, i28 %sdiv_ln43, i32 27" [C:/ELEC522/sm512/asdf/fpga_hls/backsub.cpp:43]   --->   Operation 230 'bitselect' 'tmp_13' <Predicate = true> <Delay = 0.00>
ST_40 : Operation 231 [1/1] (0.00ns) (grouped into LUT with out node select_ln43_1)   --->   "%trunc_ln43 = trunc i28 %sdiv_ln43" [C:/ELEC522/sm512/asdf/fpga_hls/backsub.cpp:43]   --->   Operation 231 'trunc' 'trunc_ln43' <Predicate = true> <Delay = 0.00>
ST_40 : Operation 232 [1/1] (0.00ns)   --->   "%tmp_14 = bitselect i1 @_ssdm_op_BitSelect.i1.i28.i32, i28 %sdiv_ln43, i32 15" [C:/ELEC522/sm512/asdf/fpga_hls/backsub.cpp:43]   --->   Operation 232 'bitselect' 'tmp_14' <Predicate = true> <Delay = 0.00>
ST_40 : Operation 233 [1/1] (0.00ns)   --->   "%tmp_15 = partselect i12 @_ssdm_op_PartSelect.i12.i28.i32.i32, i28 %sdiv_ln43, i32 16, i32 27" [C:/ELEC522/sm512/asdf/fpga_hls/backsub.cpp:43]   --->   Operation 233 'partselect' 'tmp_15' <Predicate = true> <Delay = 0.00>
ST_40 : Operation 234 [1/1] (1.54ns)   --->   "%icmp_ln43 = icmp_ne  i12 %tmp_15, i12 4095" [C:/ELEC522/sm512/asdf/fpga_hls/backsub.cpp:43]   --->   Operation 234 'icmp' 'icmp_ln43' <Predicate = true> <Delay = 1.54> <CoreInst = "Cmp">   --->   Core 9 'Cmp' <Latency = 0> <II = 1> <Delay = 1.54> <FuncUnit> <Opcode : 'seteq' 'setne' 'setle' 'setge' 'setlt' 'setgt'> <InPorts = 2> <OutPorts = 1>
ST_40 : Operation 235 [1/1] (1.54ns)   --->   "%icmp_ln43_1 = icmp_ne  i12 %tmp_15, i12 0" [C:/ELEC522/sm512/asdf/fpga_hls/backsub.cpp:43]   --->   Operation 235 'icmp' 'icmp_ln43_1' <Predicate = true> <Delay = 1.54> <CoreInst = "Cmp">   --->   Core 9 'Cmp' <Latency = 0> <II = 1> <Delay = 1.54> <FuncUnit> <Opcode : 'seteq' 'setne' 'setle' 'setge' 'setlt' 'setgt'> <InPorts = 2> <OutPorts = 1>
ST_40 : Operation 236 [1/1] (0.00ns) (grouped into LUT with out node and_ln43)   --->   "%or_ln43 = or i1 %tmp_14, i1 %icmp_ln43_1" [C:/ELEC522/sm512/asdf/fpga_hls/backsub.cpp:43]   --->   Operation 236 'or' 'or_ln43' <Predicate = true> <Delay = 0.00> <CoreInst = "LogicGate">   --->   Core 74 'LogicGate' <Latency = 0> <II = 1> <Delay = 0.97> <FuncUnit> <Opcode : 'and' 'or' 'xor'> <InPorts = 2> <OutPorts = 1>
ST_40 : Operation 237 [1/1] (0.00ns) (grouped into LUT with out node and_ln43)   --->   "%xor_ln43 = xor i1 %tmp_13, i1 1" [C:/ELEC522/sm512/asdf/fpga_hls/backsub.cpp:43]   --->   Operation 237 'xor' 'xor_ln43' <Predicate = true> <Delay = 0.00> <CoreInst = "LogicGate">   --->   Core 74 'LogicGate' <Latency = 0> <II = 1> <Delay = 0.97> <FuncUnit> <Opcode : 'and' 'or' 'xor'> <InPorts = 2> <OutPorts = 1>
ST_40 : Operation 238 [1/1] (0.97ns) (out node of the LUT)   --->   "%and_ln43 = and i1 %or_ln43, i1 %xor_ln43" [C:/ELEC522/sm512/asdf/fpga_hls/backsub.cpp:43]   --->   Operation 238 'and' 'and_ln43' <Predicate = true> <Delay = 0.97> <CoreInst = "LogicGate">   --->   Core 74 'LogicGate' <Latency = 0> <II = 1> <Delay = 0.97> <FuncUnit> <Opcode : 'and' 'or' 'xor'> <InPorts = 2> <OutPorts = 1>
ST_40 : Operation 239 [1/1] (0.00ns) (grouped into LUT with out node select_ln43_1)   --->   "%xor_ln43_1 = xor i1 %tmp_14, i1 1" [C:/ELEC522/sm512/asdf/fpga_hls/backsub.cpp:43]   --->   Operation 239 'xor' 'xor_ln43_1' <Predicate = true> <Delay = 0.00> <CoreInst = "LogicGate">   --->   Core 74 'LogicGate' <Latency = 0> <II = 1> <Delay = 0.97> <FuncUnit> <Opcode : 'and' 'or' 'xor'> <InPorts = 2> <OutPorts = 1>
ST_40 : Operation 240 [1/1] (0.00ns) (grouped into LUT with out node select_ln43_1)   --->   "%or_ln43_1 = or i1 %icmp_ln43, i1 %xor_ln43_1" [C:/ELEC522/sm512/asdf/fpga_hls/backsub.cpp:43]   --->   Operation 240 'or' 'or_ln43_1' <Predicate = true> <Delay = 0.00> <CoreInst = "LogicGate">   --->   Core 74 'LogicGate' <Latency = 0> <II = 1> <Delay = 0.97> <FuncUnit> <Opcode : 'and' 'or' 'xor'> <InPorts = 2> <OutPorts = 1>
ST_40 : Operation 241 [1/1] (0.00ns) (grouped into LUT with out node select_ln43_1)   --->   "%and_ln43_1 = and i1 %or_ln43_1, i1 %tmp_13" [C:/ELEC522/sm512/asdf/fpga_hls/backsub.cpp:43]   --->   Operation 241 'and' 'and_ln43_1' <Predicate = true> <Delay = 0.00> <CoreInst = "LogicGate">   --->   Core 74 'LogicGate' <Latency = 0> <II = 1> <Delay = 0.97> <FuncUnit> <Opcode : 'and' 'or' 'xor'> <InPorts = 2> <OutPorts = 1>
ST_40 : Operation 242 [1/1] (0.00ns) (grouped into LUT with out node select_ln43_1)   --->   "%select_ln43 = select i1 %and_ln43, i16 32767, i16 32768" [C:/ELEC522/sm512/asdf/fpga_hls/backsub.cpp:43]   --->   Operation 242 'select' 'select_ln43' <Predicate = true> <Delay = 0.00> <CoreInst = "Sel">   --->   Core 73 'Sel' <Latency = 0> <II = 1> <Delay = 0.80> <FuncUnit> <Opcode : 'select'> <InPorts = 3> <OutPorts = 1>
ST_40 : Operation 243 [1/1] (0.00ns) (grouped into LUT with out node select_ln43_1)   --->   "%or_ln43_2 = or i1 %and_ln43, i1 %and_ln43_1" [C:/ELEC522/sm512/asdf/fpga_hls/backsub.cpp:43]   --->   Operation 243 'or' 'or_ln43_2' <Predicate = true> <Delay = 0.00> <CoreInst = "LogicGate">   --->   Core 74 'LogicGate' <Latency = 0> <II = 1> <Delay = 0.97> <FuncUnit> <Opcode : 'and' 'or' 'xor'> <InPorts = 2> <OutPorts = 1>
ST_40 : Operation 244 [1/1] (0.97ns) (out node of the LUT)   --->   "%select_ln43_1 = select i1 %or_ln43_2, i16 %select_ln43, i16 %trunc_ln43" [C:/ELEC522/sm512/asdf/fpga_hls/backsub.cpp:43]   --->   Operation 244 'select' 'select_ln43_1' <Predicate = true> <Delay = 0.97> <CoreInst = "Sel">   --->   Core 73 'Sel' <Latency = 0> <II = 1> <Delay = 0.80> <FuncUnit> <Opcode : 'select'> <InPorts = 3> <OutPorts = 1>

State 41 <SV = 36> <Delay = 3.23>
ST_41 : Operation 245 [1/1] (1.58ns)   --->   "%br_ln0 = br void %for.inc64"   --->   Operation 245 'br' 'br_ln0' <Predicate = (!icmp_ln40)> <Delay = 1.58>
ST_41 : Operation 246 [1/1] (0.00ns)   --->   "%xloc_4 = phi i16 %select_ln43_1, void %if.else, i16 0, void %for.end51" [C:/ELEC522/sm512/asdf/fpga_hls/backsub.cpp:43]   --->   Operation 246 'phi' 'xloc_4' <Predicate = true> <Delay = 0.00>
ST_41 : Operation 247 [1/1] (1.56ns)   --->   "%switch_ln33 = switch i2 %trunc_ln33, void %arrayidx63.case.3, i2 0, void %arrayidx63.case.0, i2 1, void %arrayidx63.case.1, i2 2, void %arrayidx63.case.2" [C:/ELEC522/sm512/asdf/fpga_hls/backsub.cpp:33]   --->   Operation 247 'switch' 'switch_ln33' <Predicate = true> <Delay = 1.56>
ST_41 : Operation 248 [1/1] (1.58ns)   --->   "%store_ln43 = store i16 %xloc_4, i16 %xloc_2" [C:/ELEC522/sm512/asdf/fpga_hls/backsub.cpp:43]   --->   Operation 248 'store' 'store_ln43' <Predicate = (trunc_ln33 == 2)> <Delay = 1.58>
ST_41 : Operation 249 [1/1] (0.00ns)   --->   "%br_ln0 = br void %arrayidx63.exit"   --->   Operation 249 'br' 'br_ln0' <Predicate = (trunc_ln33 == 2)> <Delay = 0.00>
ST_41 : Operation 250 [1/1] (1.58ns)   --->   "%store_ln43 = store i16 %xloc_4, i16 %xloc_1" [C:/ELEC522/sm512/asdf/fpga_hls/backsub.cpp:43]   --->   Operation 250 'store' 'store_ln43' <Predicate = (trunc_ln33 == 1)> <Delay = 1.58>
ST_41 : Operation 251 [1/1] (0.00ns)   --->   "%br_ln0 = br void %arrayidx63.exit"   --->   Operation 251 'br' 'br_ln0' <Predicate = (trunc_ln33 == 1)> <Delay = 0.00>
ST_41 : Operation 252 [1/1] (1.58ns)   --->   "%store_ln43 = store i16 %xloc_4, i16 %xloc" [C:/ELEC522/sm512/asdf/fpga_hls/backsub.cpp:43]   --->   Operation 252 'store' 'store_ln43' <Predicate = (trunc_ln33 == 0)> <Delay = 1.58>
ST_41 : Operation 253 [1/1] (0.00ns)   --->   "%br_ln0 = br void %arrayidx63.exit"   --->   Operation 253 'br' 'br_ln0' <Predicate = (trunc_ln33 == 0)> <Delay = 0.00>
ST_41 : Operation 254 [1/1] (1.58ns)   --->   "%store_ln43 = store i16 %xloc_4, i16 %xloc_3" [C:/ELEC522/sm512/asdf/fpga_hls/backsub.cpp:43]   --->   Operation 254 'store' 'store_ln43' <Predicate = (trunc_ln33 == 3)> <Delay = 1.58>
ST_41 : Operation 255 [1/1] (0.00ns)   --->   "%br_ln0 = br void %arrayidx63.exit"   --->   Operation 255 'br' 'br_ln0' <Predicate = (trunc_ln33 == 3)> <Delay = 0.00>
ST_41 : Operation 256 [1/1] (0.00ns)   --->   "%indvars_iv27_load = load i3 %indvars_iv27" [C:/ELEC522/sm512/asdf/fpga_hls/backsub.cpp:33]   --->   Operation 256 'load' 'indvars_iv27_load' <Predicate = true> <Delay = 0.00>
ST_41 : Operation 257 [1/1] (1.65ns)   --->   "%add_ln33 = add i3 %i, i3 7" [C:/ELEC522/sm512/asdf/fpga_hls/backsub.cpp:33]   --->   Operation 257 'add' 'add_ln33' <Predicate = true> <Delay = 1.65> <CoreInst = "Adder">   --->   Core 1 'Adder' <Latency = 0> <II = 1> <Delay = 1.65> <FuncUnit> <Opcode : 'add' 'sub'> <InPorts = 2> <OutPorts = 1>
ST_41 : Operation 258 [1/1] (1.65ns)   --->   "%add_ln33_1 = add i3 %indvars_iv27_load, i3 7" [C:/ELEC522/sm512/asdf/fpga_hls/backsub.cpp:33]   --->   Operation 258 'add' 'add_ln33_1' <Predicate = true> <Delay = 1.65> <CoreInst = "Adder">   --->   Core 1 'Adder' <Latency = 0> <II = 1> <Delay = 1.65> <FuncUnit> <Opcode : 'add' 'sub'> <InPorts = 2> <OutPorts = 1>
ST_41 : Operation 259 [1/1] (1.58ns)   --->   "%store_ln33 = store i3 %add_ln33, i3 %i_1" [C:/ELEC522/sm512/asdf/fpga_hls/backsub.cpp:33]   --->   Operation 259 'store' 'store_ln33' <Predicate = true> <Delay = 1.58>
ST_41 : Operation 260 [1/1] (1.58ns)   --->   "%store_ln33 = store i3 %add_ln33_1, i3 %indvars_iv27" [C:/ELEC522/sm512/asdf/fpga_hls/backsub.cpp:33]   --->   Operation 260 'store' 'store_ln33' <Predicate = true> <Delay = 1.58>
ST_41 : Operation 261 [1/1] (0.00ns)   --->   "%br_ln33 = br void %VITIS_LOOP_35_5" [C:/ELEC522/sm512/asdf/fpga_hls/backsub.cpp:33]   --->   Operation 261 'br' 'br_ln33' <Predicate = true> <Delay = 0.00>

State 42 <SV = 4> <Delay = 4.82>
ST_42 : Operation 262 [1/2] (4.82ns)   --->   "%call_ln0 = call void @upper_backsub_Pipeline_VITIS_LOOP_48_6, i16 %x_out_0, i16 %x_out_3, i16 %x_out_2, i16 %x_out_1, i16 %xloc_load, i16 %xloc_1_load_1, i16 %xloc_2_load_1, i16 %xloc_3_load_1"   --->   Operation 262 'call' 'call_ln0' <Predicate = true> <Delay = 4.82> <CoreType = "Generic">   --->   Generic Core
ST_42 : Operation 263 [1/1] (0.00ns)   --->   "%ret_ln0 = ret"   --->   Operation 263 'ret' 'ret_ln0' <Predicate = true> <Delay = 0.00>


============================================================
+ Verbose Summary: Timing violations
============================================================
Target clock period: 10.000ns, clock uncertainty: 2.000ns.

 <State 1>: 1.827ns
The critical path consists of the following:
	wire read operation ('y_in_3_val_read') on port 'y_in_3_val' [27]  (0.000 ns)
	'call' operation 0 bit ('call_ln0') to 'upper_backsub_Pipeline_VITIS_LOOP_20_1' [71]  (1.827 ns)

 <State 2>: 4.826ns
The critical path consists of the following:
	'call' operation 0 bit ('call_ln0') to 'upper_backsub_Pipeline_VITIS_LOOP_20_1' [71]  (4.826 ns)

 <State 3>: 0.000ns
The critical path consists of the following:

 <State 4>: 1.827ns
The critical path consists of the following:
	'load' operation 3 bit ('i', C:/ELEC522/sm512/asdf/fpga_hls/backsub.cpp:33) on local variable 'i', C:/ELEC522/sm512/asdf/fpga_hls/backsub.cpp:33 [100]  (0.000 ns)
	'call' operation 0 bit ('call_ln0') to 'upper_backsub_Pipeline_VITIS_LOOP_48_6' [221]  (1.827 ns)

 <State 5>: 5.864ns
The critical path consists of the following:
	'sparsemux' operation 16 bit ('diag', C:/ELEC522/sm512/asdf/fpga_hls/backsub.cpp:39) [170]  (1.827 ns)
	'sdiv' operation 28 bit ('sdiv_ln43', C:/ELEC522/sm512/asdf/fpga_hls/backsub.cpp:43) [177]  (4.037 ns)

 <State 6>: 1.050ns
The critical path consists of the following:
	'mul' operation 32 bit of DSP[135] ('mul_ln37', C:/ELEC522/sm512/asdf/fpga_hls/backsub.cpp:37) [132]  (1.050 ns)

 <State 7>: 2.100ns
The critical path consists of the following:
	'mul' operation 32 bit of DSP[135] ('mul_ln37', C:/ELEC522/sm512/asdf/fpga_hls/backsub.cpp:37) [132]  (0.000 ns)
	'sub' operation 32 bit of DSP[135] ('sub_ln37', C:/ELEC522/sm512/asdf/fpga_hls/backsub.cpp:37) [135]  (2.100 ns)

 <State 8>: 7.126ns
The critical path consists of the following:
	'sub' operation 32 bit of DSP[135] ('sub_ln37', C:/ELEC522/sm512/asdf/fpga_hls/backsub.cpp:37) [135]  (2.100 ns)
	'add' operation 16 bit ('add_ln37', C:/ELEC522/sm512/asdf/fpga_hls/backsub.cpp:37) [141]  (2.077 ns)
	'xor' operation 1 bit ('xor_ln37', C:/ELEC522/sm512/asdf/fpga_hls/backsub.cpp:37) [143]  (0.000 ns)
	'and' operation 1 bit ('and_ln37', C:/ELEC522/sm512/asdf/fpga_hls/backsub.cpp:37) [144]  (0.978 ns)
	'select' operation 1 bit ('select_ln37', C:/ELEC522/sm512/asdf/fpga_hls/backsub.cpp:37) [151]  (0.000 ns)
	'xor' operation 1 bit ('xor_ln37_2', C:/ELEC522/sm512/asdf/fpga_hls/backsub.cpp:37) [156]  (0.000 ns)
	'or' operation 1 bit ('or_ln37', C:/ELEC522/sm512/asdf/fpga_hls/backsub.cpp:37) [157]  (0.000 ns)
	'and' operation 1 bit ('and_ln37_3', C:/ELEC522/sm512/asdf/fpga_hls/backsub.cpp:37) [159]  (0.993 ns)
	'or' operation 1 bit ('or_ln37_1', C:/ELEC522/sm512/asdf/fpga_hls/backsub.cpp:37) [165]  (0.978 ns)

 <State 9>: 0.805ns
The critical path consists of the following:
	'select' operation 16 bit ('select_ln37_2', C:/ELEC522/sm512/asdf/fpga_hls/backsub.cpp:37) [164]  (0.000 ns)
	'select' operation 16 bit ('acc', C:/ELEC522/sm512/asdf/fpga_hls/backsub.cpp:37) [166]  (0.805 ns)

 <State 10>: 4.037ns
The critical path consists of the following:
	'sdiv' operation 28 bit ('sdiv_ln43', C:/ELEC522/sm512/asdf/fpga_hls/backsub.cpp:43) [177]  (4.037 ns)

 <State 11>: 4.037ns
The critical path consists of the following:
	'sdiv' operation 28 bit ('sdiv_ln43', C:/ELEC522/sm512/asdf/fpga_hls/backsub.cpp:43) [177]  (4.037 ns)

 <State 12>: 4.037ns
The critical path consists of the following:
	'sdiv' operation 28 bit ('sdiv_ln43', C:/ELEC522/sm512/asdf/fpga_hls/backsub.cpp:43) [177]  (4.037 ns)

 <State 13>: 4.037ns
The critical path consists of the following:
	'sdiv' operation 28 bit ('sdiv_ln43', C:/ELEC522/sm512/asdf/fpga_hls/backsub.cpp:43) [177]  (4.037 ns)

 <State 14>: 4.037ns
The critical path consists of the following:
	'sdiv' operation 28 bit ('sdiv_ln43', C:/ELEC522/sm512/asdf/fpga_hls/backsub.cpp:43) [177]  (4.037 ns)

 <State 15>: 4.037ns
The critical path consists of the following:
	'sdiv' operation 28 bit ('sdiv_ln43', C:/ELEC522/sm512/asdf/fpga_hls/backsub.cpp:43) [177]  (4.037 ns)

 <State 16>: 4.037ns
The critical path consists of the following:
	'sdiv' operation 28 bit ('sdiv_ln43', C:/ELEC522/sm512/asdf/fpga_hls/backsub.cpp:43) [177]  (4.037 ns)

 <State 17>: 4.037ns
The critical path consists of the following:
	'sdiv' operation 28 bit ('sdiv_ln43', C:/ELEC522/sm512/asdf/fpga_hls/backsub.cpp:43) [177]  (4.037 ns)

 <State 18>: 4.037ns
The critical path consists of the following:
	'sdiv' operation 28 bit ('sdiv_ln43', C:/ELEC522/sm512/asdf/fpga_hls/backsub.cpp:43) [177]  (4.037 ns)

 <State 19>: 4.037ns
The critical path consists of the following:
	'sdiv' operation 28 bit ('sdiv_ln43', C:/ELEC522/sm512/asdf/fpga_hls/backsub.cpp:43) [177]  (4.037 ns)

 <State 20>: 4.037ns
The critical path consists of the following:
	'sdiv' operation 28 bit ('sdiv_ln43', C:/ELEC522/sm512/asdf/fpga_hls/backsub.cpp:43) [177]  (4.037 ns)

 <State 21>: 4.037ns
The critical path consists of the following:
	'sdiv' operation 28 bit ('sdiv_ln43', C:/ELEC522/sm512/asdf/fpga_hls/backsub.cpp:43) [177]  (4.037 ns)

 <State 22>: 4.037ns
The critical path consists of the following:
	'sdiv' operation 28 bit ('sdiv_ln43', C:/ELEC522/sm512/asdf/fpga_hls/backsub.cpp:43) [177]  (4.037 ns)

 <State 23>: 4.037ns
The critical path consists of the following:
	'sdiv' operation 28 bit ('sdiv_ln43', C:/ELEC522/sm512/asdf/fpga_hls/backsub.cpp:43) [177]  (4.037 ns)

 <State 24>: 4.037ns
The critical path consists of the following:
	'sdiv' operation 28 bit ('sdiv_ln43', C:/ELEC522/sm512/asdf/fpga_hls/backsub.cpp:43) [177]  (4.037 ns)

 <State 25>: 4.037ns
The critical path consists of the following:
	'sdiv' operation 28 bit ('sdiv_ln43', C:/ELEC522/sm512/asdf/fpga_hls/backsub.cpp:43) [177]  (4.037 ns)

 <State 26>: 4.037ns
The critical path consists of the following:
	'sdiv' operation 28 bit ('sdiv_ln43', C:/ELEC522/sm512/asdf/fpga_hls/backsub.cpp:43) [177]  (4.037 ns)

 <State 27>: 4.037ns
The critical path consists of the following:
	'sdiv' operation 28 bit ('sdiv_ln43', C:/ELEC522/sm512/asdf/fpga_hls/backsub.cpp:43) [177]  (4.037 ns)

 <State 28>: 4.037ns
The critical path consists of the following:
	'sdiv' operation 28 bit ('sdiv_ln43', C:/ELEC522/sm512/asdf/fpga_hls/backsub.cpp:43) [177]  (4.037 ns)

 <State 29>: 4.037ns
The critical path consists of the following:
	'sdiv' operation 28 bit ('sdiv_ln43', C:/ELEC522/sm512/asdf/fpga_hls/backsub.cpp:43) [177]  (4.037 ns)

 <State 30>: 4.037ns
The critical path consists of the following:
	'sdiv' operation 28 bit ('sdiv_ln43', C:/ELEC522/sm512/asdf/fpga_hls/backsub.cpp:43) [177]  (4.037 ns)

 <State 31>: 4.037ns
The critical path consists of the following:
	'sdiv' operation 28 bit ('sdiv_ln43', C:/ELEC522/sm512/asdf/fpga_hls/backsub.cpp:43) [177]  (4.037 ns)

 <State 32>: 4.037ns
The critical path consists of the following:
	'sdiv' operation 28 bit ('sdiv_ln43', C:/ELEC522/sm512/asdf/fpga_hls/backsub.cpp:43) [177]  (4.037 ns)

 <State 33>: 4.037ns
The critical path consists of the following:
	'sdiv' operation 28 bit ('sdiv_ln43', C:/ELEC522/sm512/asdf/fpga_hls/backsub.cpp:43) [177]  (4.037 ns)

 <State 34>: 4.037ns
The critical path consists of the following:
	'sdiv' operation 28 bit ('sdiv_ln43', C:/ELEC522/sm512/asdf/fpga_hls/backsub.cpp:43) [177]  (4.037 ns)

 <State 35>: 4.037ns
The critical path consists of the following:
	'sdiv' operation 28 bit ('sdiv_ln43', C:/ELEC522/sm512/asdf/fpga_hls/backsub.cpp:43) [177]  (4.037 ns)

 <State 36>: 4.037ns
The critical path consists of the following:
	'sdiv' operation 28 bit ('sdiv_ln43', C:/ELEC522/sm512/asdf/fpga_hls/backsub.cpp:43) [177]  (4.037 ns)

 <State 37>: 4.037ns
The critical path consists of the following:
	'sdiv' operation 28 bit ('sdiv_ln43', C:/ELEC522/sm512/asdf/fpga_hls/backsub.cpp:43) [177]  (4.037 ns)

 <State 38>: 4.037ns
The critical path consists of the following:
	'sdiv' operation 28 bit ('sdiv_ln43', C:/ELEC522/sm512/asdf/fpga_hls/backsub.cpp:43) [177]  (4.037 ns)

 <State 39>: 4.037ns
The critical path consists of the following:
	'sdiv' operation 28 bit ('sdiv_ln43', C:/ELEC522/sm512/asdf/fpga_hls/backsub.cpp:43) [177]  (4.037 ns)

 <State 40>: 7.540ns
The critical path consists of the following:
	'sdiv' operation 28 bit ('sdiv_ln43', C:/ELEC522/sm512/asdf/fpga_hls/backsub.cpp:43) [177]  (4.037 ns)
	'icmp' operation 1 bit ('icmp_ln43_1', C:/ELEC522/sm512/asdf/fpga_hls/backsub.cpp:43) [183]  (1.547 ns)
	'or' operation 1 bit ('or_ln43', C:/ELEC522/sm512/asdf/fpga_hls/backsub.cpp:43) [184]  (0.000 ns)
	'and' operation 1 bit ('and_ln43', C:/ELEC522/sm512/asdf/fpga_hls/backsub.cpp:43) [186]  (0.978 ns)
	'select' operation 16 bit ('select_ln43', C:/ELEC522/sm512/asdf/fpga_hls/backsub.cpp:43) [190]  (0.000 ns)
	'select' operation 16 bit ('select_ln43_1', C:/ELEC522/sm512/asdf/fpga_hls/backsub.cpp:43) [192]  (0.978 ns)

 <State 41>: 3.238ns
The critical path consists of the following:
	'add' operation 3 bit ('add_ln33', C:/ELEC522/sm512/asdf/fpga_hls/backsub.cpp:33) [211]  (1.650 ns)
	'store' operation 0 bit ('store_ln33', C:/ELEC522/sm512/asdf/fpga_hls/backsub.cpp:33) of variable 'add_ln33', C:/ELEC522/sm512/asdf/fpga_hls/backsub.cpp:33 on local variable 'i', C:/ELEC522/sm512/asdf/fpga_hls/backsub.cpp:33 [213]  (1.588 ns)

 <State 42>: 4.826ns
The critical path consists of the following:
	'call' operation 0 bit ('call_ln0') to 'upper_backsub_Pipeline_VITIS_LOOP_48_6' [221]  (4.826 ns)


============================================================
+ Verbose Summary: Binding
============================================================
N/A
* FSMD analyzer results:
  - Output states:
 - Input state : 
  - Chain level:
	State 1
	State 2
	State 3
	State 4
	State 5
	State 6
	State 7
	State 8
	State 9
	State 10
	State 11
	State 12
	State 13
	State 14
	State 15
	State 16
	State 17
	State 18
	State 19
	State 20
	State 21
	State 22
	State 23
	State 24
	State 25
	State 26
	State 27
	State 28
	State 29
	State 30
	State 31
	State 32
	State 33
	State 34
	State 35
	State 36
	State 37
	State 38
	State 39
	State 40
	State 41
	State 42


============================================================
+ Verbose Summary: Datapath Resource usage 
============================================================
N/A
