

================================================================
== Vitis HLS Report for 'upper_backsub_Pipeline_VITIS_LOOP_48_6'
================================================================
* Date:           Tue Dec 16 20:06:19 2025

* Version:        2025.1 (Build 6135595 on May 21 2025)
* Project:        solve_top
* Solution:       hls (Vivado IP Flow Target)
* Product family: zynq
* Target device:  xc7z020-clg484-1


================================================================
== Performance Estimates
================================================================
+ Timing: 
    * Summary: 
    +--------+----------+----------+------------+
    |  Clock |  Target  | Estimated| Uncertainty|
    +--------+----------+----------+------------+
    |ap_clk  |  10.00 ns|  4.826 ns|     2.00 ns|
    +--------+----------+----------+------------+

+ Latency: 
    * Summary: 
    +---------+---------+-----------+-----------+-----+-----+------------------------------------------------+
    |  Latency (cycles) |   Latency (absolute)  |  Interval |                    Pipeline                    |
    |   min   |   max   |    min    |    max    | min | max |                      Type                      |
    +---------+---------+-----------+-----------+-----+-----+------------------------------------------------+
    |        6|        6|  60.000 ns|  60.000 ns|    5|    5|  loop auto-rewind stp (delay=0 clock cycles(s))|
    +---------+---------+-----------+-----------+-----+-----+------------------------------------------------+

    + Detail: 
        * Instance: 
        N/A

        * Loop: 
        +-------------------+---------+---------+----------+-----------+-----------+------+----------+
        |                   |  Latency (cycles) | Iteration|  Initiation Interval  | Trip |          |
        |     Loop Name     |   min   |   max   |  Latency |  achieved |   target  | Count| Pipelined|
        +-------------------+---------+---------+----------+-----------+-----------+------+----------+
        |- VITIS_LOOP_48_6  |        4|        4|         1|          1|          1|     4|       yes|
        +-------------------+---------+---------+----------+-----------+-----------+------+----------+

============================================================
+ Verbose Summary: Synthesis Manager
============================================================
InlineROM: 1
ExposeGlobal: 0
============================================================
+ Verbose Summary: CDFG Model
============================================================
IsTopModel: 0
ResetActiveHigh: 1
IsCombinational: 0
IsDatapathOnly: 0
HasWiredReturn: 1
HasMFsm: 2
HasVarLatency: 1
IsPipeline: 0
IsRtlPipelined: 0
IsInstanceOverlapped: 0
IsDontTouch: 0
HasImplIP: 0
IsGatedGlobalClock: 0

+ Individual pipeline summary: 
  * Pipeline-0: initiation interval (II) = 1, depth = 1


============================================================
+ Verbose Summary: Schedule
============================================================
* Number of FSM states : 1
* Pipeline : 1
  Pipeline-0 : II = 1, D = 1, States = { 1 }
* Dataflow Pipeline: 0

* FSM state transitions: 
1 --> 

* FSM state operations: 

State 1 <SV = 0> <Delay = 4.82>
ST_1 : Operation 4 [1/1] (0.00ns)   --->   "%i = alloca i32 1" [C:/ELEC522/sm512/asdf/fpga_hls/backsub.cpp:48]   --->   Operation 4 'alloca' 'i' <Predicate = true> <Delay = 0.00>
ST_1 : Operation 5 [1/1] (0.00ns)   --->   "%xloc_3_load_1_read = read i16 @_ssdm_op_Read.ap_auto.i16, i16 %xloc_3_load_1"   --->   Operation 5 'read' 'xloc_3_load_1_read' <Predicate = true> <Delay = 0.00>
ST_1 : Operation 6 [1/1] (0.00ns)   --->   "%xloc_2_load_1_read = read i16 @_ssdm_op_Read.ap_auto.i16, i16 %xloc_2_load_1"   --->   Operation 6 'read' 'xloc_2_load_1_read' <Predicate = true> <Delay = 0.00>
ST_1 : Operation 7 [1/1] (0.00ns)   --->   "%xloc_1_load_1_read = read i16 @_ssdm_op_Read.ap_auto.i16, i16 %xloc_1_load_1"   --->   Operation 7 'read' 'xloc_1_load_1_read' <Predicate = true> <Delay = 0.00>
ST_1 : Operation 8 [1/1] (0.00ns)   --->   "%xloc_load_read = read i16 @_ssdm_op_Read.ap_auto.i16, i16 %xloc_load"   --->   Operation 8 'read' 'xloc_load_read' <Predicate = true> <Delay = 0.00>
ST_1 : Operation 9 [1/1] (1.58ns)   --->   "%store_ln48 = store i3 0, i3 %i" [C:/ELEC522/sm512/asdf/fpga_hls/backsub.cpp:48]   --->   Operation 9 'store' 'store_ln48' <Predicate = true> <Delay = 1.58>
ST_1 : Operation 10 [1/1] (0.00ns)   --->   "%br_ln0 = br void %for.inc75"   --->   Operation 10 'br' 'br_ln0' <Predicate = true> <Delay = 0.00>
ST_1 : Operation 11 [1/1] (0.00ns)   --->   "%i_1 = load i3 %i" [C:/ELEC522/sm512/asdf/fpga_hls/backsub.cpp:48]   --->   Operation 11 'load' 'i_1' <Predicate = true> <Delay = 0.00>
ST_1 : Operation 12 [1/1] (1.65ns)   --->   "%icmp_ln48 = icmp_eq  i3 %i_1, i3 4" [C:/ELEC522/sm512/asdf/fpga_hls/backsub.cpp:48]   --->   Operation 12 'icmp' 'icmp_ln48' <Predicate = true> <Delay = 1.65> <CoreInst = "Cmp">   --->   Core 9 'Cmp' <Latency = 0> <II = 1> <Delay = 1.65> <FuncUnit> <Opcode : 'seteq' 'setne' 'setle' 'setge' 'setlt' 'setgt'> <InPorts = 2> <OutPorts = 1>
ST_1 : Operation 13 [1/1] (1.65ns)   --->   "%add_ln48 = add i3 %i_1, i3 1" [C:/ELEC522/sm512/asdf/fpga_hls/backsub.cpp:48]   --->   Operation 13 'add' 'add_ln48' <Predicate = true> <Delay = 1.65> <CoreInst = "Adder">   --->   Core 1 'Adder' <Latency = 0> <II = 1> <Delay = 1.65> <FuncUnit> <Opcode : 'add' 'sub'> <InPorts = 2> <OutPorts = 1>
ST_1 : Operation 14 [1/1] (0.00ns)   --->   "%br_ln48 = br i1 %icmp_ln48, void %for.inc75.split, void %for.end77.exitStub" [C:/ELEC522/sm512/asdf/fpga_hls/backsub.cpp:48]   --->   Operation 14 'br' 'br_ln48' <Predicate = true> <Delay = 0.00>
ST_1 : Operation 15 [1/1] (0.00ns)   --->   "%trunc_ln48 = trunc i3 %i_1" [C:/ELEC522/sm512/asdf/fpga_hls/backsub.cpp:48]   --->   Operation 15 'trunc' 'trunc_ln48' <Predicate = (!icmp_ln48)> <Delay = 0.00>
ST_1 : Operation 16 [1/1] (0.00ns)   --->   "%specpipeline_ln48 = specpipeline void @_ssdm_op_SpecPipeline, i32 4294967295, i32 0, i32 0, i32 0, void @empty_24" [C:/ELEC522/sm512/asdf/fpga_hls/backsub.cpp:48]   --->   Operation 16 'specpipeline' 'specpipeline_ln48' <Predicate = (!icmp_ln48)> <Delay = 0.00>
ST_1 : Operation 17 [1/1] (0.00ns)   --->   "%speclooptripcount_ln48 = speclooptripcount void @_ssdm_op_SpecLoopTripCount, i64 4, i64 4, i64 4" [C:/ELEC522/sm512/asdf/fpga_hls/backsub.cpp:48]   --->   Operation 17 'speclooptripcount' 'speclooptripcount_ln48' <Predicate = (!icmp_ln48)> <Delay = 0.00>
ST_1 : Operation 18 [1/1] (0.00ns)   --->   "%specloopname_ln48 = specloopname void @_ssdm_op_SpecLoopName, void @empty_18" [C:/ELEC522/sm512/asdf/fpga_hls/backsub.cpp:48]   --->   Operation 18 'specloopname' 'specloopname_ln48' <Predicate = (!icmp_ln48)> <Delay = 0.00>
ST_1 : Operation 19 [1/1] (1.82ns)   --->   "%tmp_s = sparsemux i16 @_ssdm_op_SparseMux.ap_auto.4i16.i16.i2, i2 0, i16 %xloc_load_read, i2 1, i16 %xloc_1_load_1_read, i2 2, i16 %xloc_2_load_1_read, i2 3, i16 %xloc_3_load_1_read, i16 0, i2 %trunc_ln48" [C:/ELEC522/sm512/asdf/fpga_hls/backsub.cpp:49]   --->   Operation 19 'sparsemux' 'tmp_s' <Predicate = (!icmp_ln48)> <Delay = 1.82> <CoreInst = "BinarySparseMux_DontCare">   --->   Core 137 'BinarySparseMux_DontCare' <Latency = 0> <II = 1> <Delay = 1.82> <FuncUnit> <Opcode : 'sparsemux'> <InPorts = 2> <OutPorts = 1>
ST_1 : Operation 20 [1/1] (1.56ns)   --->   "%switch_ln49 = switch i2 %trunc_ln48, void %arrayidx743.case.3, i2 0, void %arrayidx743.case.0, i2 1, void %arrayidx743.case.1, i2 2, void %arrayidx743.case.2" [C:/ELEC522/sm512/asdf/fpga_hls/backsub.cpp:49]   --->   Operation 20 'switch' 'switch_ln49' <Predicate = (!icmp_ln48)> <Delay = 1.56>
ST_1 : Operation 21 [1/1] (0.00ns)   --->   "%write_ln49 = write void @_ssdm_op_Write.ap_auto.i16P0A, i16 %x_out_2, i16 %tmp_s" [C:/ELEC522/sm512/asdf/fpga_hls/backsub.cpp:49]   --->   Operation 21 'write' 'write_ln49' <Predicate = (!icmp_ln48 & trunc_ln48 == 2)> <Delay = 0.00>
ST_1 : Operation 22 [1/1] (0.00ns)   --->   "%br_ln49 = br void %arrayidx743.exit" [C:/ELEC522/sm512/asdf/fpga_hls/backsub.cpp:49]   --->   Operation 22 'br' 'br_ln49' <Predicate = (!icmp_ln48 & trunc_ln48 == 2)> <Delay = 0.00>
ST_1 : Operation 23 [1/1] (0.00ns)   --->   "%write_ln49 = write void @_ssdm_op_Write.ap_auto.i16P0A, i16 %x_out_1, i16 %tmp_s" [C:/ELEC522/sm512/asdf/fpga_hls/backsub.cpp:49]   --->   Operation 23 'write' 'write_ln49' <Predicate = (!icmp_ln48 & trunc_ln48 == 1)> <Delay = 0.00>
ST_1 : Operation 24 [1/1] (0.00ns)   --->   "%br_ln49 = br void %arrayidx743.exit" [C:/ELEC522/sm512/asdf/fpga_hls/backsub.cpp:49]   --->   Operation 24 'br' 'br_ln49' <Predicate = (!icmp_ln48 & trunc_ln48 == 1)> <Delay = 0.00>
ST_1 : Operation 25 [1/1] (0.00ns)   --->   "%write_ln49 = write void @_ssdm_op_Write.ap_auto.i16P0A, i16 %x_out_0, i16 %tmp_s" [C:/ELEC522/sm512/asdf/fpga_hls/backsub.cpp:49]   --->   Operation 25 'write' 'write_ln49' <Predicate = (!icmp_ln48 & trunc_ln48 == 0)> <Delay = 0.00>
ST_1 : Operation 26 [1/1] (0.00ns)   --->   "%br_ln49 = br void %arrayidx743.exit" [C:/ELEC522/sm512/asdf/fpga_hls/backsub.cpp:49]   --->   Operation 26 'br' 'br_ln49' <Predicate = (!icmp_ln48 & trunc_ln48 == 0)> <Delay = 0.00>
ST_1 : Operation 27 [1/1] (0.00ns)   --->   "%write_ln49 = write void @_ssdm_op_Write.ap_auto.i16P0A, i16 %x_out_3, i16 %tmp_s" [C:/ELEC522/sm512/asdf/fpga_hls/backsub.cpp:49]   --->   Operation 27 'write' 'write_ln49' <Predicate = (!icmp_ln48 & trunc_ln48 == 3)> <Delay = 0.00>
ST_1 : Operation 28 [1/1] (0.00ns)   --->   "%br_ln49 = br void %arrayidx743.exit" [C:/ELEC522/sm512/asdf/fpga_hls/backsub.cpp:49]   --->   Operation 28 'br' 'br_ln49' <Predicate = (!icmp_ln48 & trunc_ln48 == 3)> <Delay = 0.00>
ST_1 : Operation 29 [1/1] (1.58ns)   --->   "%store_ln48 = store i3 %add_ln48, i3 %i" [C:/ELEC522/sm512/asdf/fpga_hls/backsub.cpp:48]   --->   Operation 29 'store' 'store_ln48' <Predicate = (!icmp_ln48)> <Delay = 1.58>
ST_1 : Operation 30 [1/1] (0.00ns)   --->   "%br_ln48 = br void %for.inc75" [C:/ELEC522/sm512/asdf/fpga_hls/backsub.cpp:48]   --->   Operation 30 'br' 'br_ln48' <Predicate = (!icmp_ln48)> <Delay = 0.00>
ST_1 : Operation 31 [1/1] (1.58ns)   --->   "%ret_ln0 = ret"   --->   Operation 31 'ret' 'ret_ln0' <Predicate = (icmp_ln48)> <Delay = 1.58>


============================================================
+ Verbose Summary: Timing violations
============================================================
Target clock period: 10.000ns, clock uncertainty: 2.000ns.

 <State 1>: 4.826ns
The critical path consists of the following:
	'store' operation 0 bit ('store_ln48', C:/ELEC522/sm512/asdf/fpga_hls/backsub.cpp:48) of constant 0 on local variable 'i', C:/ELEC522/sm512/asdf/fpga_hls/backsub.cpp:48 [14]  (1.588 ns)
	'load' operation 3 bit ('i', C:/ELEC522/sm512/asdf/fpga_hls/backsub.cpp:48) on local variable 'i', C:/ELEC522/sm512/asdf/fpga_hls/backsub.cpp:48 [17]  (0.000 ns)
	'icmp' operation 1 bit ('icmp_ln48', C:/ELEC522/sm512/asdf/fpga_hls/backsub.cpp:48) [18]  (1.650 ns)
	'store' operation 0 bit ('store_ln48', C:/ELEC522/sm512/asdf/fpga_hls/backsub.cpp:48) of variable 'add_ln48', C:/ELEC522/sm512/asdf/fpga_hls/backsub.cpp:48 on local variable 'i', C:/ELEC522/sm512/asdf/fpga_hls/backsub.cpp:48 [41]  (1.588 ns)


============================================================
+ Verbose Summary: Binding
============================================================
N/A
* FSMD analyzer results:
  - Output states:
 - Input state : 
  - Chain level:
	State 1


============================================================
+ Verbose Summary: Datapath Resource usage 
============================================================
N/A
