12/16/25 20:04:28: Running xcd server. This server was built by gradle.
12/16/25 20:04:28: Server was asked to start on port: '53177'
12/16/25 20:04:28: Server is using token UUID: 'b7e208ac-daec-11f0-931d-7486e229e102'
12/16/25 20:04:28: SESSION_MGR: creating session with session uuid: '6d04a3e9-ade5-4ab9-8d63-1f78fcd2ec76' and name 'default'
12/16/25 20:04:28: Attempting to start server on port '53177'
12/16/25 20:04:28: Running Dispatch Server
12/16/25 20:04:28: Version 2.2.0
12/16/25 20:04:29: Dispatch Server: Accepted socket connection from client
12/16/25 20:04:29: Starting Socket connection
12/16/25 20:04:29: EXCHANGE_TOKEN received, server token: b7e208ac-daec-11f0-931d-7486e229e102, passed token: b7e208ac-daec-11f0-931d-7486e229e102
12/16/25 20:04:29: SESSION_MGR: creating session with session uuid: 'ee8dba4a-4092-4a7e-8464-649e4a7efedd' and name 'Code Analyzer'
12/16/25 20:04:29: KERNEL_SVC: creating session with uuid: 'ee8dba4a-4092-4a7e-8464-649e4a7efedd' and name 'Code Analyzer'
12/16/25 20:04:29: GUIDANCE_SMGR: creating guidance session with uuid: 'ee8dba4a-4092-4a7e-8464-649e4a7efedd' and name 'Code Analyzer'
12/16/25 20:04:53: SESSION_MGR: closing session for UUID 'ee8dba4a-4092-4a7e-8464-649e4a7efedd' with name ''
12/16/25 20:04:53: KERNEL_SVC: closing session for UUID 'ee8dba4a-4092-4a7e-8464-649e4a7efedd' with name ''
12/16/25 20:04:53: GUIDANCE_SMGR: closing session for UUID 'ee8dba4a-4092-4a7e-8464-649e4a7efedd' with name ''
12/16/25 20:04:53: STOP_SERVER received, server token: b7e208ac-daec-11f0-931d-7486e229e102, passed token: b7e208ac-daec-11f0-931d-7486e229e102
12/16/25 20:04:53: Socket received request to stop server.
12/16/25 20:04:53: Dispatch Server: do_await_stop
12/16/25 20:04:53: SERVER: destructor for server bound to port 53177
12/16/25 20:04:53: Server exiting with status 0.
12/16/25 20:04:53: Closing log file.
12/16/25 20:05:06: Running xcd server. This server was built by gradle.
12/16/25 20:05:06: Server was asked to start on port: '53190'
12/16/25 20:05:06: Server is using token UUID: 'ce0e3135-daec-11f0-8739-7486e229e102'
12/16/25 20:05:06: SESSION_MGR: creating session with session uuid: '6d04a3e9-ade5-4ab9-8d63-1f78fcd2ec76' and name 'default'
12/16/25 20:05:06: Attempting to start server on port '53190'
12/16/25 20:05:06: Running Dispatch Server
12/16/25 20:05:06: Version 2.2.0
12/16/25 20:05:06: Dispatch Server: Accepted socket connection from client
12/16/25 20:05:06: Starting Socket connection
12/16/25 20:05:06: EXCHANGE_TOKEN received, server token: ce0e3135-daec-11f0-8739-7486e229e102, passed token: ce0e3135-daec-11f0-8739-7486e229e102
12/16/25 20:05:06: SESSION_MGR: creating session with session uuid: 'c1b43480-e199-4392-bafe-99e106b90e96' and name 'Code Analyzer'
12/16/25 20:05:06: KERNEL_SVC: creating session with uuid: 'c1b43480-e199-4392-bafe-99e106b90e96' and name 'Code Analyzer'
12/16/25 20:05:06: GUIDANCE_SMGR: creating guidance session with uuid: 'c1b43480-e199-4392-bafe-99e106b90e96' and name 'Code Analyzer'
12/16/25 20:05:10: SESSION_MGR: closing session for UUID 'c1b43480-e199-4392-bafe-99e106b90e96' with name ''
12/16/25 20:05:10: KERNEL_SVC: closing session for UUID 'c1b43480-e199-4392-bafe-99e106b90e96' with name ''
12/16/25 20:05:10: GUIDANCE_SMGR: closing session for UUID 'c1b43480-e199-4392-bafe-99e106b90e96' with name ''
12/16/25 20:05:10: STOP_SERVER received, server token: ce0e3135-daec-11f0-8739-7486e229e102, passed token: ce0e3135-daec-11f0-8739-7486e229e102
12/16/25 20:05:10: Socket received request to stop server.
12/16/25 20:05:10: Dispatch Server: do_await_stop
12/16/25 20:05:10: SERVER: destructor for server bound to port 53190
12/16/25 20:05:10: Server exiting with status 0.
12/16/25 20:05:10: Closing log file.
12/16/25 22:26:55: Running xcd server. This server was built by gradle.
12/16/25 22:26:55: Server was asked to start on port: '60741'
12/16/25 22:26:55: Server is using token UUID: '9e367a99-db00-11f0-a36f-7486e229e102'
12/16/25 22:26:55: SESSION_MGR: creating session with session uuid: '6d04a3e9-ade5-4ab9-8d63-1f78fcd2ec76' and name 'default'
12/16/25 22:26:55: Attempting to start server on port '60741'
12/16/25 22:26:55: Running Dispatch Server
12/16/25 22:26:55: Version 2.2.0
12/16/25 22:26:55: Dispatch Server: Accepted socket connection from client
12/16/25 22:26:55: Starting Socket connection
12/16/25 22:26:55: EXCHANGE_TOKEN received, server token: 9e367a99-db00-11f0-a36f-7486e229e102, passed token: 9e367a99-db00-11f0-a36f-7486e229e102
12/16/25 22:26:55: SESSION_MGR: creating session with session uuid: '0284c6f8-53ac-48c1-ad85-767e2f4451a6' and name 'Code Analyzer'
12/16/25 22:26:55: KERNEL_SVC: creating session with uuid: '0284c6f8-53ac-48c1-ad85-767e2f4451a6' and name 'Code Analyzer'
12/16/25 22:26:55: GUIDANCE_SMGR: creating guidance session with uuid: '0284c6f8-53ac-48c1-ad85-767e2f4451a6' and name 'Code Analyzer'
12/16/25 22:27:10: SESSION_MGR: closing session for UUID '0284c6f8-53ac-48c1-ad85-767e2f4451a6' with name ''
12/16/25 22:27:10: KERNEL_SVC: closing session for UUID '0284c6f8-53ac-48c1-ad85-767e2f4451a6' with name ''
12/16/25 22:27:10: GUIDANCE_SMGR: closing session for UUID '0284c6f8-53ac-48c1-ad85-767e2f4451a6' with name ''
12/16/25 22:27:10: STOP_SERVER received, server token: 9e367a99-db00-11f0-a36f-7486e229e102, passed token: 9e367a99-db00-11f0-a36f-7486e229e102
12/16/25 22:27:10: Socket received request to stop server.
12/16/25 22:27:10: Dispatch Server: do_await_stop
12/16/25 22:27:10: SERVER: destructor for server bound to port 60741
12/16/25 22:27:10: Server exiting with status 0.
12/16/25 22:27:10: Closing log file.
12/16/25 22:31:41: Running xcd server. This server was built by gradle.
12/16/25 22:31:41: Server was asked to start on port: '63320'
12/16/25 22:31:41: Server is using token UUID: '4876a663-db01-11f0-858d-7486e229e102'
12/16/25 22:31:41: SESSION_MGR: creating session with session uuid: '6d04a3e9-ade5-4ab9-8d63-1f78fcd2ec76' and name 'default'
12/16/25 22:31:41: Attempting to start server on port '63320'
12/16/25 22:31:41: Running Dispatch Server
12/16/25 22:31:41: Version 2.2.0
12/16/25 22:31:41: Dispatch Server: Accepted socket connection from client
12/16/25 22:31:41: Starting Socket connection
12/16/25 22:31:41: EXCHANGE_TOKEN received, server token: 4876a663-db01-11f0-858d-7486e229e102, passed token: 4876a663-db01-11f0-858d-7486e229e102
12/16/25 22:31:41: SESSION_MGR: creating session with session uuid: '284cf415-1e3a-450d-95c4-885628dff2bf' and name 'Code Analyzer'
12/16/25 22:31:41: KERNEL_SVC: creating session with uuid: '284cf415-1e3a-450d-95c4-885628dff2bf' and name 'Code Analyzer'
12/16/25 22:31:41: GUIDANCE_SMGR: creating guidance session with uuid: '284cf415-1e3a-450d-95c4-885628dff2bf' and name 'Code Analyzer'
12/16/25 22:31:53: SESSION_MGR: closing session for UUID '284cf415-1e3a-450d-95c4-885628dff2bf' with name ''
12/16/25 22:31:53: KERNEL_SVC: closing session for UUID '284cf415-1e3a-450d-95c4-885628dff2bf' with name ''
12/16/25 22:31:53: GUIDANCE_SMGR: closing session for UUID '284cf415-1e3a-450d-95c4-885628dff2bf' with name ''
12/16/25 22:31:53: STOP_SERVER received, server token: 4876a663-db01-11f0-858d-7486e229e102, passed token: 4876a663-db01-11f0-858d-7486e229e102
12/16/25 22:31:53: Socket received request to stop server.
12/16/25 22:31:53: Dispatch Server: do_await_stop
12/16/25 22:31:53: SERVER: destructor for server bound to port 63320
12/16/25 22:31:53: Server exiting with status 0.
12/16/25 22:31:53: Closing log file.
