

================================================================
== Vitis HLS Report for 'cordic_atan'
================================================================
* Date:           Tue Dec 16 20:06:23 2025

* Version:        2025.1 (Build 6135595 on May 21 2025)
* Project:        solve_top
* Solution:       hls (Vivado IP Flow Target)
* Product family: zynq
* Target device:  xc7z020-clg484-1


================================================================
== Performance Estimates
================================================================
+ Timing: 
    * Summary: 
    +--------+----------+----------+------------+
    |  Clock |  Target  | Estimated| Uncertainty|
    +--------+----------+----------+------------+
    |ap_clk  |  10.00 ns|  6.981 ns|     2.00 ns|
    +--------+----------+----------+------------+

+ Latency: 
    * Summary: 
    +---------+---------+-----------+----------+-----+-----+---------+
    |  Latency (cycles) |  Latency (absolute)  |  Interval | Pipeline|
    |   min   |   max   |    min    |    max   | min | max |   Type  |
    +---------+---------+-----------+----------+-----+-----+---------+
    |        1|       41|  10.000 ns|  0.410 us|    1|   41|       no|
    +---------+---------+-----------+----------+-----+-----+---------+

    + Detail: 
        * Instance: 
        N/A

        * Loop: 
        +-------------------+---------+---------+----------+-----------+-----------+------+----------+
        |                   |  Latency (cycles) | Iteration|  Initiation Interval  | Trip |          |
        |     Loop Name     |   min   |   max   |  Latency |  achieved |   target  | Count| Pipelined|
        +-------------------+---------+---------+----------+-----------+-----------+------+----------+
        |- VITIS_LOOP_81_1  |       39|       39|         3|          -|          -|    13|        no|
        +-------------------+---------+---------+----------+-----------+-----------+------+----------+



================================================================
== Utilization Estimates
================================================================
* Summary: 
+-----------------+---------+-----+--------+-------+-----+
|       Name      | BRAM_18K| DSP |   FF   |  LUT  | URAM|
+-----------------+---------+-----+--------+-------+-----+
|DSP              |        -|    -|       -|      -|    -|
|Expression       |        -|    -|       0|    866|    -|
|FIFO             |        -|    -|       -|      -|    -|
|Instance         |        -|    -|       -|      -|    -|
|Memory           |        0|    -|      11|      3|    -|
|Multiplexer      |        -|    -|       0|     85|    -|
|Register         |        -|    -|     179|      -|    -|
+-----------------+---------+-----+--------+-------+-----+
|Total            |        0|    0|     190|    954|    0|
+-----------------+---------+-----+--------+-------+-----+
|Available        |      280|  220|  106400|  53200|    0|
+-----------------+---------+-----+--------+-------+-----+
|Utilization (%)  |        0|    0|      ~0|      1|    0|
+-----------------+---------+-----+--------+-------+-----+

+ Detail: 
    * Instance: 
    N/A

    * DSP: 
    N/A

    * Memory: 
    +--------------+------------------------------------+---------+----+----+-----+------+-----+------+-------------+
    |    Memory    |               Module               | BRAM_18K| FF | LUT| URAM| Words| Bits| Banks| W*Bits*Banks|
    +--------------+------------------------------------+---------+----+----+-----+------+-----+------+-------------+
    |atan_table_U  |cordic_atan_atan_table_ROM_AUTO_1R  |        0|  11|   3|    0|    13|   11|     1|          143|
    +--------------+------------------------------------+---------+----+----+-----+------+-----+------+-------------+
    |Total         |                                    |        0|  11|   3|    0|    13|   11|     1|          143|
    +--------------+------------------------------------+---------+----+----+-----+------+-----+------+-------------+

    * FIFO: 
    N/A

    * Expression: 
    +------------------------------+----------+----+---+----+------------+------------+
    |         Variable Name        | Operation| DSP| FF| LUT| Bitwidth P0| Bitwidth P1|
    +------------------------------+----------+----+---+----+------------+------------+
    |add_ln81_fu_382_p2            |         +|   0|  0|  13|           4|           1|
    |add_ln87_fu_538_p2            |         +|   0|  0|  35|          28|          28|
    |add_ln88_fu_871_p2            |         +|   0|  0|  23|          16|          16|
    |x_temp_100_fu_661_p2          |         +|   0|  0|  23|          16|          16|
    |y_temp_100_fu_766_p2          |         +|   0|  0|  23|          16|          16|
    |sub_ln77_1_fu_224_p2          |         -|   0|  0|  24|           1|          17|
    |sub_ln77_fu_160_p2            |         -|   0|  0|  24|           1|          17|
    |sub_ln86_1_fu_435_p2          |         -|   0|  0|  34|           1|          27|
    |sub_ln86_fu_463_p2            |         -|   0|  0|  35|          28|          28|
    |sub_ln87_fu_514_p2            |         -|   0|  0|  35|           1|          28|
    |sub_ln88_1_fu_590_p2          |         -|   0|  0|  30|           1|          23|
    |sub_ln88_fu_618_p2            |         -|   0|  0|  35|          28|          28|
    |and_ln77_1_fu_256_p2          |       and|   0|  0|   2|           1|           1|
    |and_ln77_fu_192_p2            |       and|   0|  0|   2|           1|           1|
    |and_ln86_1_fu_718_p2          |       and|   0|  0|   2|           1|           1|
    |and_ln86_2_fu_736_p2          |       and|   0|  0|   2|           1|           1|
    |and_ln86_fu_680_p2            |       and|   0|  0|   2|           1|           1|
    |and_ln87_1_fu_823_p2          |       and|   0|  0|   2|           1|           1|
    |and_ln87_2_fu_841_p2          |       and|   0|  0|   2|           1|           1|
    |and_ln87_fu_785_p2            |       and|   0|  0|   2|           1|           1|
    |and_ln88_1_fu_928_p2          |       and|   0|  0|   2|           1|           1|
    |and_ln88_2_fu_946_p2          |       and|   0|  0|   2|           1|           1|
    |and_ln88_fu_890_p2            |       and|   0|  0|   2|           1|           1|
    |x_shift_fu_411_p2             |      ashr|   0|  0|  35|          16|          16|
    |y_shift_fu_417_p2             |      ashr|   0|  0|  35|          16|          16|
    |empty_fu_306_p2               |      icmp|   0|  0|  11|           2|           3|
    |icmp_ln70_fu_142_p2           |      icmp|   0|  0|  23|          16|           1|
    |icmp_ln81_fu_376_p2           |      icmp|   0|  0|  13|           4|           3|
    |empty_58_fu_320_p2            |        or|   0|  0|   2|           1|           1|
    |or_ln70_fu_136_p2             |        or|   0|  0|  16|          16|          16|
    |or_ln86_1_fu_749_p2           |        or|   0|  0|   2|           1|           1|
    |or_ln86_2_fu_690_p2           |        or|   0|  0|   2|           1|           1|
    |or_ln86_3_fu_724_p2           |        or|   0|  0|   2|           1|           1|
    |or_ln86_fu_712_p2             |        or|   0|  0|   2|           1|           1|
    |or_ln87_1_fu_854_p2           |        or|   0|  0|   2|           1|           1|
    |or_ln87_2_fu_795_p2           |        or|   0|  0|   2|           1|           1|
    |or_ln87_3_fu_829_p2           |        or|   0|  0|   2|           1|           1|
    |or_ln87_fu_817_p2             |        or|   0|  0|   2|           1|           1|
    |or_ln88_1_fu_959_p2           |        or|   0|  0|   2|           1|           1|
    |or_ln88_2_fu_900_p2           |        or|   0|  0|   2|           1|           1|
    |or_ln88_3_fu_934_p2           |        or|   0|  0|   2|           1|           1|
    |or_ln88_fu_922_p2             |        or|   0|  0|   2|           1|           1|
    |select_ln77_2_fu_268_p3       |    select|   0|  0|  17|           1|          15|
    |select_ln77_fu_204_p3         |    select|   0|  0|  17|           1|          15|
    |select_ln78_1_cast_fu_312_p3  |    select|   0|  0|  14|           1|           1|
    |select_ln86_1_fu_741_p3       |    select|   0|  0|  17|           1|          15|
    |select_ln86_fu_441_p3         |    select|   0|  0|  27|           1|          27|
    |select_ln87_1_fu_846_p3       |    select|   0|  0|  17|           1|          15|
    |select_ln87_fu_520_p3         |    select|   0|  0|  28|           1|          28|
    |select_ln88_1_fu_951_p3       |    select|   0|  0|  17|           1|          15|
    |select_ln88_fu_596_p3         |    select|   0|  0|  23|           1|          23|
    |x_26_fu_342_p3                |    select|   0|  0|  16|           1|          16|
    |x_fu_212_p3                   |    select|   0|  0|  16|           1|          16|
    |x_temp_102_fu_755_p3          |    select|   0|  0|  16|           1|          16|
    |y_26_fu_334_p3                |    select|   0|  0|  16|           1|          16|
    |y_fu_276_p3                   |    select|   0|  0|  16|           1|          16|
    |y_temp_102_fu_860_p3          |    select|   0|  0|  16|           1|          16|
    |z_26_fu_965_p3                |    select|   0|  0|  16|           1|          16|
    |z_29_ph_fu_326_p3             |    select|   0|  0|  16|           1|          16|
    |xor_ln76_fu_292_p2            |       xor|   0|  0|   2|           1|           2|
    |xor_ln77_1_fu_198_p2          |       xor|   0|  0|   2|           1|           1|
    |xor_ln77_2_fu_250_p2          |       xor|   0|  0|   2|           1|           2|
    |xor_ln77_3_fu_262_p2          |       xor|   0|  0|   2|           1|           1|
    |xor_ln77_fu_186_p2            |       xor|   0|  0|   2|           1|           2|
    |xor_ln86_1_fu_701_p2          |       xor|   0|  0|   2|           1|           2|
    |xor_ln86_2_fu_685_p2          |       xor|   0|  0|   2|           1|           2|
    |xor_ln86_3_fu_706_p2          |       xor|   0|  0|   2|           1|           2|
    |xor_ln86_4_fu_696_p2          |       xor|   0|  0|   2|           1|           1|
    |xor_ln86_5_fu_730_p2          |       xor|   0|  0|   2|           1|           2|
    |xor_ln86_fu_674_p2            |       xor|   0|  0|   2|           1|           2|
    |xor_ln87_1_fu_806_p2          |       xor|   0|  0|   2|           1|           2|
    |xor_ln87_2_fu_790_p2          |       xor|   0|  0|   2|           1|           2|
    |xor_ln87_3_fu_811_p2          |       xor|   0|  0|   2|           1|           2|
    |xor_ln87_4_fu_801_p2          |       xor|   0|  0|   2|           1|           1|
    |xor_ln87_5_fu_835_p2          |       xor|   0|  0|   2|           1|           2|
    |xor_ln87_fu_779_p2            |       xor|   0|  0|   2|           1|           2|
    |xor_ln88_1_fu_911_p2          |       xor|   0|  0|   2|           1|           2|
    |xor_ln88_2_fu_895_p2          |       xor|   0|  0|   2|           1|           2|
    |xor_ln88_3_fu_916_p2          |       xor|   0|  0|   2|           1|           2|
    |xor_ln88_4_fu_906_p2          |       xor|   0|  0|   2|           1|           1|
    |xor_ln88_5_fu_940_p2          |       xor|   0|  0|   2|           1|           2|
    |xor_ln88_fu_884_p2            |       xor|   0|  0|   2|           1|           2|
    +------------------------------+----------+----+---+----+------------+------------+
    |Total                         |          |   0|  0| 866|         275|         647|
    +------------------------------+----------+----+---+----+------------+------------+

    * Multiplexer: 
    +--------------------------------+----+-----------+-----+-----------+
    |              Name              | LUT| Input Size| Bits| Total Bits|
    +--------------------------------+----+-----------+-----+-----------+
    |ap_NS_fsm                       |  31|          6|    1|          6|
    |ap_return                       |   9|          2|   16|         32|
    |i_fu_92                         |   9|          2|    4|          8|
    |theta_out_write_assign_reg_125  |   9|          2|   16|         32|
    |x_25_fu_84                      |   9|          2|   16|         32|
    |y_25_fu_88                      |   9|          2|   16|         32|
    |z_fu_96                         |   9|          2|   16|         32|
    +--------------------------------+----+-----------+-----+-----------+
    |Total                           |  85|         18|   85|        174|
    +--------------------------------+----+-----------+-----+-----------+

    * Register: 
    +--------------------------------+----+----+-----+-----------+
    |              Name              | FF | LUT| Bits| Const Bits|
    +--------------------------------+----+----+-----+-----------+
    |ap_CS_fsm                       |   5|   0|    5|          0|
    |ap_return_preg                  |  16|   0|   16|          0|
    |i_fu_92                         |   4|   0|    4|          0|
    |theta_out_write_assign_reg_125  |  16|   0|   16|          0|
    |tmp_639_reg_1033                |   1|   0|    1|          0|
    |tmp_640_reg_1055                |   1|   0|    1|          0|
    |tmp_641_reg_1067                |   1|   0|    1|          0|
    |tmp_642_reg_1072                |   1|   0|    1|          0|
    |tmp_644_reg_1078                |   1|   0|    1|          0|
    |tmp_645_reg_1090                |   1|   0|    1|          0|
    |tmp_646_reg_1095                |   1|   0|    1|          0|
    |tmp_648_reg_1101                |   1|   0|    1|          0|
    |tmp_649_reg_1113                |   1|   0|    1|          0|
    |tmp_650_reg_1118                |   1|   0|    1|          0|
    |trunc_ln_reg_1108               |  16|   0|   16|          0|
    |x_25_fu_84                      |  16|   0|   16|          0|
    |x_shift_reg_1040                |  16|   0|   16|          0|
    |x_temp_reg_1062                 |  16|   0|   16|          0|
    |y_25_fu_88                      |  16|   0|   16|          0|
    |y_shift_reg_1045                |  16|   0|   16|          0|
    |y_temp_reg_1085                 |  16|   0|   16|          0|
    |z_fu_96                         |  16|   0|   16|          0|
    +--------------------------------+----+----+-----+-----------+
    |Total                           | 179|   0|  179|          0|
    +--------------------------------+----+----+-----+-----------+



================================================================
== Interface
================================================================
* Summary: 
+--------------+-----+-----+------------+--------------+--------------+
|   RTL Ports  | Dir | Bits|  Protocol  | Source Object|    C Type    |
+--------------+-----+-----+------------+--------------+--------------+
|ap_clk        |   in|    1|  ap_ctrl_hs|   cordic_atan|  return value|
|ap_rst        |   in|    1|  ap_ctrl_hs|   cordic_atan|  return value|
|ap_start      |   in|    1|  ap_ctrl_hs|   cordic_atan|  return value|
|ap_done       |  out|    1|  ap_ctrl_hs|   cordic_atan|  return value|
|ap_idle       |  out|    1|  ap_ctrl_hs|   cordic_atan|  return value|
|ap_ready      |  out|    1|  ap_ctrl_hs|   cordic_atan|  return value|
|ap_return     |  out|   16|  ap_ctrl_hs|   cordic_atan|  return value|
|p_0_0_035226  |   in|   16|     ap_none|  p_0_0_035226|        scalar|
|p_0_0_035325  |   in|   16|     ap_none|  p_0_0_035325|        scalar|
+--------------+-----+-----+------------+--------------+--------------+

