

================================================================
== Vitis HLS Report for 'decompose_qr_Pipeline_VITIS_LOOP_70_8_VITIS_LOOP_71_9'
================================================================
* Date:           Tue Dec 16 20:06:27 2025

* Version:        2025.1 (Build 6135595 on May 21 2025)
* Project:        solve_top
* Solution:       hls (Vivado IP Flow Target)
* Product family: zynq
* Target device:  xc7z020-clg484-1


================================================================
== Performance Estimates
================================================================
+ Timing: 
    * Summary: 
    +--------+----------+----------+------------+
    |  Clock |  Target  | Estimated| Uncertainty|
    +--------+----------+----------+------------+
    |ap_clk  |  10.00 ns|  7.871 ns|     2.00 ns|
    +--------+----------+----------+------------+

+ Latency: 
    * Summary: 
    +---------+---------+----------+----------+-----+-----+------------------------------------------------+
    |  Latency (cycles) |  Latency (absolute) |  Interval |                    Pipeline                    |
    |   min   |   max   |    min   |    max   | min | max |                      Type                      |
    +---------+---------+----------+----------+-----+-----+------------------------------------------------+
    |       18|       18|  0.180 us|  0.180 us|   17|   17|  loop auto-rewind stp (delay=0 clock cycles(s))|
    +---------+---------+----------+----------+-----+-----+------------------------------------------------+

    + Detail: 
        * Instance: 
        N/A

        * Loop: 
        +-----------------------------------+---------+---------+----------+-----------+-----------+------+----------+
        |                                   |  Latency (cycles) | Iteration|  Initiation Interval  | Trip |          |
        |             Loop Name             |   min   |   max   |  Latency |  achieved |   target  | Count| Pipelined|
        +-----------------------------------+---------+---------+----------+-----------+-----------+------+----------+
        |- VITIS_LOOP_70_8_VITIS_LOOP_71_9  |       16|       16|         2|          1|          1|    16|       yes|
        +-----------------------------------+---------+---------+----------+-----------+-----------+------+----------+



================================================================
== Utilization Estimates
================================================================
* Summary: 
+-----------------+---------+-----+--------+-------+-----+
|       Name      | BRAM_18K| DSP |   FF   |  LUT  | URAM|
+-----------------+---------+-----+--------+-------+-----+
|DSP              |        -|    -|       -|      -|    -|
|Expression       |        -|    -|       0|     97|    -|
|FIFO             |        -|    -|       -|      -|    -|
|Instance         |        -|    -|       0|    100|    -|
|Memory           |        -|    -|       -|      -|    -|
|Multiplexer      |        -|    -|       0|     72|    -|
|Register         |        -|    -|      35|      -|    -|
+-----------------+---------+-----+--------+-------+-----+
|Total            |        0|    0|      35|    269|    0|
+-----------------+---------+-----+--------+-------+-----+
|Available        |      280|  220|  106400|  53200|    0|
+-----------------+---------+-----+--------+-------+-----+
|Utilization (%)  |        0|    0|      ~0|     ~0|    0|
+-----------------+---------+-----+--------+-------+-----+

+ Detail: 
    * Instance: 
    +---------------------------+----------------------+---------+----+---+----+-----+
    |          Instance         |        Module        | BRAM_18K| DSP| FF| LUT| URAM|
    +---------------------------+----------------------+---------+----+---+----+-----+
    |sparsemux_9_2_16_1_1_U177  |sparsemux_9_2_16_1_1  |        0|   0|  0|  20|    0|
    |sparsemux_9_2_16_1_1_U178  |sparsemux_9_2_16_1_1  |        0|   0|  0|  20|    0|
    |sparsemux_9_2_16_1_1_U179  |sparsemux_9_2_16_1_1  |        0|   0|  0|  20|    0|
    |sparsemux_9_2_16_1_1_U180  |sparsemux_9_2_16_1_1  |        0|   0|  0|  20|    0|
    |sparsemux_9_2_16_1_1_U181  |sparsemux_9_2_16_1_1  |        0|   0|  0|  20|    0|
    +---------------------------+----------------------+---------+----+---+----+-----+
    |Total                      |                      |        0|   0|  0| 100|    0|
    +---------------------------+----------------------+---------+----+---+----+-----+

    * DSP: 
    N/A

    * Memory: 
    N/A

    * FIFO: 
    N/A

    * Expression: 
    +-------------------------+----------+----+---+----+------------+------------+
    |      Variable Name      | Operation| DSP| FF| LUT| Bitwidth P0| Bitwidth P1|
    +-------------------------+----------+----+---+----+------------+------------+
    |add_ln70_1_fu_365_p2     |         +|   0|  0|  13|           5|           1|
    |add_ln70_fu_377_p2       |         +|   0|  0|  11|           3|           1|
    |add_ln71_fu_550_p2       |         +|   0|  0|  11|           3|           1|
    |icmp_ln70_fu_359_p2      |      icmp|   0|  0|  14|           5|           6|
    |icmp_ln71_fu_383_p2      |      icmp|   0|  0|  13|           3|           4|
    |icmp_ln72_fu_414_p2      |      icmp|   0|  0|  11|           3|           3|
    |ref_tmp143_1_fu_571_p3   |    select|   0|  0|  16|           1|           1|
    |select_ln70_1_fu_397_p3  |    select|   0|  0|   3|           1|           3|
    |select_ln70_fu_389_p3    |    select|   0|  0|   3|           1|           1|
    |ap_enable_pp0            |       xor|   0|  0|   2|           1|           2|
    +-------------------------+----------+----+---+----+------------+------------+
    |Total                    |          |   0|  0|  97|          26|          23|
    +-------------------------+----------+----+---+----+------------+------------+

    * Multiplexer: 
    +--------------------------------------+----+-----------+-----+-----------+
    |                 Name                 | LUT| Input Size| Bits| Total Bits|
    +--------------------------------------+----+-----------+-----+-----------+
    |ap_done_int                           |   9|          2|    1|          2|
    |ap_enable_reg_pp0_iter1               |   9|          2|    1|          2|
    |ap_sig_allocacmp_c_load               |   9|          2|    3|          6|
    |ap_sig_allocacmp_indvar_flatten_load  |   9|          2|    5|         10|
    |ap_sig_allocacmp_r_1_load             |   9|          2|    3|          6|
    |c_fu_112                              |   9|          2|    3|          6|
    |indvar_flatten_fu_120                 |   9|          2|    5|         10|
    |r_1_fu_116                            |   9|          2|    3|          6|
    +--------------------------------------+----+-----------+-----+-----------+
    |Total                                 |  72|         16|   24|         48|
    +--------------------------------------+----+-----------+-----+-----------+

    * Register: 
    +-------------------------+----+----+-----+-----------+
    |           Name          | FF | LUT| Bits| Const Bits|
    +-------------------------+----+----+-----+-----------+
    |ap_CS_fsm                |   1|   0|    1|          0|
    |ap_done_reg              |   1|   0|    1|          0|
    |ap_enable_reg_pp0_iter1  |   1|   0|    1|          0|
    |c_fu_112                 |   3|   0|    3|          0|
    |icmp_ln72_reg_625        |   1|   0|    1|          0|
    |indvar_flatten_fu_120    |   5|   0|    5|          0|
    |r_1_fu_116               |   3|   0|    3|          0|
    |tmp_180_reg_630          |  16|   0|   16|          0|
    |trunc_ln70_reg_617       |   2|   0|    2|          0|
    |trunc_ln71_reg_621       |   2|   0|    2|          0|
    +-------------------------+----+----+-----+-----------+
    |Total                    |  35|   0|   35|          0|
    +-------------------------+----+----+-----+-----------+



================================================================
== Interface
================================================================
* Summary: 
+-------------------+-----+-----+------------+-------------------------------------------------------+--------------+
|     RTL Ports     | Dir | Bits|  Protocol  |                     Source Object                     |    C Type    |
+-------------------+-----+-----+------------+-------------------------------------------------------+--------------+
|ap_clk             |   in|    1|  ap_ctrl_hs|  decompose_qr_Pipeline_VITIS_LOOP_70_8_VITIS_LOOP_71_9|  return value|
|ap_rst             |   in|    1|  ap_ctrl_hs|  decompose_qr_Pipeline_VITIS_LOOP_70_8_VITIS_LOOP_71_9|  return value|
|ap_start           |   in|    1|  ap_ctrl_hs|  decompose_qr_Pipeline_VITIS_LOOP_70_8_VITIS_LOOP_71_9|  return value|
|ap_done            |  out|    1|  ap_ctrl_hs|  decompose_qr_Pipeline_VITIS_LOOP_70_8_VITIS_LOOP_71_9|  return value|
|ap_idle            |  out|    1|  ap_ctrl_hs|  decompose_qr_Pipeline_VITIS_LOOP_70_8_VITIS_LOOP_71_9|  return value|
|ap_ready           |  out|    1|  ap_ctrl_hs|  decompose_qr_Pipeline_VITIS_LOOP_70_8_VITIS_LOOP_71_9|  return value|
|R_out_0_0          |  out|   16|      ap_vld|                                              R_out_0_0|       pointer|
|R_out_0_0_ap_vld   |  out|    1|      ap_vld|                                              R_out_0_0|       pointer|
|R_out_3_3          |  out|   16|      ap_vld|                                              R_out_3_3|       pointer|
|R_out_3_3_ap_vld   |  out|    1|      ap_vld|                                              R_out_3_3|       pointer|
|R_out_3_2          |  out|   16|      ap_vld|                                              R_out_3_2|       pointer|
|R_out_3_2_ap_vld   |  out|    1|      ap_vld|                                              R_out_3_2|       pointer|
|R_out_3_1          |  out|   16|      ap_vld|                                              R_out_3_1|       pointer|
|R_out_3_1_ap_vld   |  out|    1|      ap_vld|                                              R_out_3_1|       pointer|
|R_out_3_0          |  out|   16|      ap_vld|                                              R_out_3_0|       pointer|
|R_out_3_0_ap_vld   |  out|    1|      ap_vld|                                              R_out_3_0|       pointer|
|R_out_2_3          |  out|   16|      ap_vld|                                              R_out_2_3|       pointer|
|R_out_2_3_ap_vld   |  out|    1|      ap_vld|                                              R_out_2_3|       pointer|
|R_out_2_2          |  out|   16|      ap_vld|                                              R_out_2_2|       pointer|
|R_out_2_2_ap_vld   |  out|    1|      ap_vld|                                              R_out_2_2|       pointer|
|R_out_2_1          |  out|   16|      ap_vld|                                              R_out_2_1|       pointer|
|R_out_2_1_ap_vld   |  out|    1|      ap_vld|                                              R_out_2_1|       pointer|
|R_out_2_0          |  out|   16|      ap_vld|                                              R_out_2_0|       pointer|
|R_out_2_0_ap_vld   |  out|    1|      ap_vld|                                              R_out_2_0|       pointer|
|R_out_1_3          |  out|   16|      ap_vld|                                              R_out_1_3|       pointer|
|R_out_1_3_ap_vld   |  out|    1|      ap_vld|                                              R_out_1_3|       pointer|
|R_out_1_2          |  out|   16|      ap_vld|                                              R_out_1_2|       pointer|
|R_out_1_2_ap_vld   |  out|    1|      ap_vld|                                              R_out_1_2|       pointer|
|R_out_1_1          |  out|   16|      ap_vld|                                              R_out_1_1|       pointer|
|R_out_1_1_ap_vld   |  out|    1|      ap_vld|                                              R_out_1_1|       pointer|
|R_out_1_0          |  out|   16|      ap_vld|                                              R_out_1_0|       pointer|
|R_out_1_0_ap_vld   |  out|    1|      ap_vld|                                              R_out_1_0|       pointer|
|R_out_0_3          |  out|   16|      ap_vld|                                              R_out_0_3|       pointer|
|R_out_0_3_ap_vld   |  out|    1|      ap_vld|                                              R_out_0_3|       pointer|
|R_out_0_2          |  out|   16|      ap_vld|                                              R_out_0_2|       pointer|
|R_out_0_2_ap_vld   |  out|    1|      ap_vld|                                              R_out_0_2|       pointer|
|R_out_0_1          |  out|   16|      ap_vld|                                              R_out_0_1|       pointer|
|R_out_0_1_ap_vld   |  out|    1|      ap_vld|                                              R_out_0_1|       pointer|
|local_aug_load     |   in|   16|     ap_none|                                         local_aug_load|        scalar|
|local_aug_1_load   |   in|   16|     ap_none|                                       local_aug_1_load|        scalar|
|local_aug_2_load   |   in|   16|     ap_none|                                       local_aug_2_load|        scalar|
|local_aug_3_load   |   in|   16|     ap_none|                                       local_aug_3_load|        scalar|
|local_aug_4_load   |   in|   16|     ap_none|                                       local_aug_4_load|        scalar|
|local_aug_5_load   |   in|   16|     ap_none|                                       local_aug_5_load|        scalar|
|local_aug_6_load   |   in|   16|     ap_none|                                       local_aug_6_load|        scalar|
|local_aug_7_load   |   in|   16|     ap_none|                                       local_aug_7_load|        scalar|
|local_aug_8_load   |   in|   16|     ap_none|                                       local_aug_8_load|        scalar|
|local_aug_9_load   |   in|   16|     ap_none|                                       local_aug_9_load|        scalar|
|local_aug_10_load  |   in|   16|     ap_none|                                      local_aug_10_load|        scalar|
|local_aug_11_load  |   in|   16|     ap_none|                                      local_aug_11_load|        scalar|
|local_aug_12_load  |   in|   16|     ap_none|                                      local_aug_12_load|        scalar|
|local_aug_13_load  |   in|   16|     ap_none|                                      local_aug_13_load|        scalar|
|local_aug_14_load  |   in|   16|     ap_none|                                      local_aug_14_load|        scalar|
|local_aug_15_load  |   in|   16|     ap_none|                                      local_aug_15_load|        scalar|
+-------------------+-----+-----+------------+-------------------------------------------------------+--------------+

