

================================================================
== Vitis HLS Report for 'decompose_qr_Pipeline_VITIS_LOOP_63_7'
================================================================
* Date:           Tue Dec 16 20:06:27 2025

* Version:        2025.1 (Build 6135595 on May 21 2025)
* Project:        solve_top
* Solution:       hls (Vivado IP Flow Target)
* Product family: zynq
* Target device:  xc7z020-clg484-1


================================================================
== Performance Estimates
================================================================
+ Timing: 
    * Summary: 
    +--------+----------+----------+------------+
    |  Clock |  Target  | Estimated| Uncertainty|
    +--------+----------+----------+------------+
    |ap_clk  |  10.00 ns|  6.947 ns|     2.00 ns|
    +--------+----------+----------+------------+

+ Latency: 
    * Summary: 
    +---------+---------+----------+----------+-----+-----+------------------------------------------------+
    |  Latency (cycles) |  Latency (absolute) |  Interval |                    Pipeline                    |
    |   min   |   max   |    min   |    max   | min | max |                      Type                      |
    +---------+---------+----------+----------+-----+-----+------------------------------------------------+
    |       10|       10|  0.100 us|  0.100 us|    9|    9|  loop auto-rewind stp (delay=0 clock cycles(s))|
    +---------+---------+----------+----------+-----+-----+------------------------------------------------+

    + Detail: 
        * Instance: 
        N/A

        * Loop: 
        +-------------------+---------+---------+----------+-----------+-----------+------+----------+
        |                   |  Latency (cycles) | Iteration|  Initiation Interval  | Trip |          |
        |     Loop Name     |   min   |   max   |  Latency |  achieved |   target  | Count| Pipelined|
        +-------------------+---------+---------+----------+-----------+-----------+------+----------+
        |- VITIS_LOOP_63_7  |        8|        8|         2|          1|          1|     8|       yes|
        +-------------------+---------+---------+----------+-----------+-----------+------+----------+



================================================================
== Utilization Estimates
================================================================
* Summary: 
+-----------------+---------+-----+--------+-------+-----+
|       Name      | BRAM_18K| DSP |   FF   |  LUT  | URAM|
+-----------------+---------+-----+--------+-------+-----+
|DSP              |        -|    -|       -|      -|    -|
|Expression       |        -|    -|       0|     91|    -|
|FIFO             |        -|    -|       -|      -|    -|
|Instance         |        -|    -|       0|     42|    -|
|Memory           |        -|    -|       -|      -|    -|
|Multiplexer      |        -|    -|       0|    108|    -|
|Register         |        -|    -|     138|      -|    -|
+-----------------+---------+-----+--------+-------+-----+
|Total            |        0|    0|     138|    241|    0|
+-----------------+---------+-----+--------+-------+-----+
|Available        |      280|  220|  106400|  53200|    0|
+-----------------+---------+-----+--------+-------+-----+
|Utilization (%)  |        0|    0|      ~0|     ~0|    0|
+-----------------+---------+-----+--------+-------+-----+

+ Detail: 
    * Instance: 
    +----------------------------+-----------------------+---------+----+---+----+-----+
    |          Instance          |         Module        | BRAM_18K| DSP| FF| LUT| URAM|
    +----------------------------+-----------------------+---------+----+---+----+-----+
    |sparsemux_17_3_16_1_1_U159  |sparsemux_17_3_16_1_1  |        0|   0|  0|  42|    0|
    +----------------------------+-----------------------+---------+----+---+----+-----+
    |Total                       |                       |        0|   0|  0|  42|    0|
    +----------------------------+-----------------------+---------+----+---+----+-----+

    * DSP: 
    N/A

    * Memory: 
    N/A

    * FIFO: 
    N/A

    * Expression: 
    +-------------------------+----------+----+---+----+------------+------------+
    |      Variable Name      | Operation| DSP| FF| LUT| Bitwidth P0| Bitwidth P1|
    +-------------------------+----------+----+---+----+------------+------------+
    |add_ln63_fu_288_p2       |         +|   0|  0|  13|           4|           1|
    |sub_ln64_fu_388_p2       |         -|   0|  0|  24|           1|          17|
    |and_ln64_fu_420_p2       |       and|   0|  0|   2|           1|           1|
    |icmp_ln63_fu_282_p2      |      icmp|   0|  0|  13|           4|           5|
    |select_ln64_1_fu_440_p3  |    select|   0|  0|  16|           1|          16|
    |select_ln64_fu_432_p3    |    select|   0|  0|  17|           1|          15|
    |ap_enable_pp0            |       xor|   0|  0|   2|           1|           2|
    |xor_ln64_1_fu_426_p2     |       xor|   0|  0|   2|           1|           1|
    |xor_ln64_fu_414_p2       |       xor|   0|  0|   2|           1|           2|
    +-------------------------+----------+----+---+----+------------+------------+
    |Total                    |          |   0|  0|  91|          15|          60|
    +-------------------------+----------+----+---+----+------------+------------+

    * Multiplexer: 
    +-------------------------+----+-----------+-----+-----------+
    |           Name          | LUT| Input Size| Bits| Total Bits|
    +-------------------------+----+-----------+-----+-----------+
    |ap_done_int              |   9|          2|    1|          2|
    |ap_enable_reg_pp0_iter1  |   9|          2|    1|          2|
    |ap_sig_allocacmp_c_1     |   9|          2|    4|          8|
    |c_fu_94                  |   9|          2|    4|          8|
    |local_aug_40_fu_98       |   9|          2|   16|         32|
    |local_aug_41_fu_102      |   9|          2|   16|         32|
    |local_aug_42_fu_106      |   9|          2|   16|         32|
    |local_aug_43_fu_110      |   9|          2|   16|         32|
    |local_aug_44_fu_114      |   9|          2|   16|         32|
    |local_aug_45_fu_118      |   9|          2|   16|         32|
    |local_aug_46_fu_122      |   9|          2|   16|         32|
    |local_aug_47_fu_126      |   9|          2|   16|         32|
    +-------------------------+----+-----------+-----+-----------+
    |Total                    | 108|         24|  138|        276|
    +-------------------------+----+-----------+-----+-----------+

    * Register: 
    +-------------------------+----+----+-----+-----------+
    |           Name          | FF | LUT| Bits| Const Bits|
    +-------------------------+----+----+-----+-----------+
    |ap_CS_fsm                |   1|   0|    1|          0|
    |ap_done_reg              |   1|   0|    1|          0|
    |ap_enable_reg_pp0_iter1  |   1|   0|    1|          0|
    |c_fu_94                  |   4|   0|    4|          0|
    |local_aug_40_fu_98       |  16|   0|   16|          0|
    |local_aug_41_fu_102      |  16|   0|   16|          0|
    |local_aug_42_fu_106      |  16|   0|   16|          0|
    |local_aug_43_fu_110      |  16|   0|   16|          0|
    |local_aug_44_fu_114      |  16|   0|   16|          0|
    |local_aug_45_fu_118      |  16|   0|   16|          0|
    |local_aug_46_fu_122      |  16|   0|   16|          0|
    |local_aug_47_fu_126      |  16|   0|   16|          0|
    |trunc_ln63_reg_594       |   3|   0|    3|          0|
    +-------------------------+----+----+-----+-----------+
    |Total                    | 138|   0|  138|          0|
    +-------------------------+----+----+-----+-----------+



================================================================
== Interface
================================================================
* Summary: 
+-------------------------+-----+-----+------------+---------------------------------------+--------------+
|        RTL Ports        | Dir | Bits|  Protocol  |             Source Object             |    C Type    |
+-------------------------+-----+-----+------------+---------------------------------------+--------------+
|ap_clk                   |   in|    1|  ap_ctrl_hs|  decompose_qr_Pipeline_VITIS_LOOP_63_7|  return value|
|ap_rst                   |   in|    1|  ap_ctrl_hs|  decompose_qr_Pipeline_VITIS_LOOP_63_7|  return value|
|ap_start                 |   in|    1|  ap_ctrl_hs|  decompose_qr_Pipeline_VITIS_LOOP_63_7|  return value|
|ap_done                  |  out|    1|  ap_ctrl_hs|  decompose_qr_Pipeline_VITIS_LOOP_63_7|  return value|
|ap_idle                  |  out|    1|  ap_ctrl_hs|  decompose_qr_Pipeline_VITIS_LOOP_63_7|  return value|
|ap_ready                 |  out|    1|  ap_ctrl_hs|  decompose_qr_Pipeline_VITIS_LOOP_63_7|  return value|
|tmp_217                  |   in|   16|     ap_none|                                tmp_217|        scalar|
|tmp_216                  |   in|   16|     ap_none|                                tmp_216|        scalar|
|tmp_215                  |   in|   16|     ap_none|                                tmp_215|        scalar|
|tmp_214                  |   in|   16|     ap_none|                                tmp_214|        scalar|
|tmp_202                  |   in|   16|     ap_none|                                tmp_202|        scalar|
|tmp_201                  |   in|   16|     ap_none|                                tmp_201|        scalar|
|tmp_200                  |   in|   16|     ap_none|                                tmp_200|        scalar|
|tmp_199                  |   in|   16|     ap_none|                                tmp_199|        scalar|
|local_aug_47_out         |  out|   16|      ap_vld|                       local_aug_47_out|       pointer|
|local_aug_47_out_ap_vld  |  out|    1|      ap_vld|                       local_aug_47_out|       pointer|
|local_aug_46_out         |  out|   16|      ap_vld|                       local_aug_46_out|       pointer|
|local_aug_46_out_ap_vld  |  out|    1|      ap_vld|                       local_aug_46_out|       pointer|
|local_aug_45_out         |  out|   16|      ap_vld|                       local_aug_45_out|       pointer|
|local_aug_45_out_ap_vld  |  out|    1|      ap_vld|                       local_aug_45_out|       pointer|
|local_aug_44_out         |  out|   16|      ap_vld|                       local_aug_44_out|       pointer|
|local_aug_44_out_ap_vld  |  out|    1|      ap_vld|                       local_aug_44_out|       pointer|
|local_aug_43_out         |  out|   16|      ap_vld|                       local_aug_43_out|       pointer|
|local_aug_43_out_ap_vld  |  out|    1|      ap_vld|                       local_aug_43_out|       pointer|
|local_aug_42_out         |  out|   16|      ap_vld|                       local_aug_42_out|       pointer|
|local_aug_42_out_ap_vld  |  out|    1|      ap_vld|                       local_aug_42_out|       pointer|
|local_aug_41_out         |  out|   16|      ap_vld|                       local_aug_41_out|       pointer|
|local_aug_41_out_ap_vld  |  out|    1|      ap_vld|                       local_aug_41_out|       pointer|
|local_aug_40_out         |  out|   16|      ap_vld|                       local_aug_40_out|       pointer|
|local_aug_40_out_ap_vld  |  out|    1|      ap_vld|                       local_aug_40_out|       pointer|
+-------------------------+-----+-----+------------+---------------------------------------+--------------+

