

================================================================
== Vitis HLS Report for 'decompose_qr'
================================================================
* Date:           Tue Dec 16 20:06:28 2025

* Version:        2025.1 (Build 6135595 on May 21 2025)
* Project:        solve_top
* Solution:       hls (Vivado IP Flow Target)
* Product family: zynq
* Target device:  xc7z020-clg484-1


================================================================
== Performance Estimates
================================================================
+ Timing: 
    * Summary: 
    +--------+----------+----------+------------+
    |  Clock |  Target  | Estimated| Uncertainty|
    +--------+----------+----------+------------+
    |ap_clk  |  10.00 ns|  7.892 ns|     2.00 ns|
    +--------+----------+----------+------------+

+ Latency: 
    * Summary: 
    +---------+---------+----------+-----------+-----+------+---------+
    |  Latency (cycles) |  Latency (absolute)  |  Interval  | Pipeline|
    |   min   |   max   |    min   |    max    | min |  max |   Type  |
    +---------+---------+----------+-----------+-----+------+---------+
    |       39|     1283|  0.390 us|  12.830 us|   39|  1283|       no|
    +---------+---------+----------+-----------+-----+------+---------+

    + Detail: 
        * Instance: 
        +------------------------------------------------------------------+-------------------------------------------------------+---------+---------+-----------+-----------+-----+-----+------------------------------------------------+
        |                                                                  |                                                       |  Latency (cycles) |   Latency (absolute)  |  Interval |                    Pipeline                    |
        |                             Instance                             |                         Module                        |   min   |   max   |    min    |    max    | min | max |                      Type                      |
        +------------------------------------------------------------------+-------------------------------------------------------+---------+---------+-----------+-----------+-----+-----+------------------------------------------------+
        |grp_decompose_qr_Pipeline_VITIS_LOOP_18_1_fu_478                  |decompose_qr_Pipeline_VITIS_LOOP_18_1                  |        6|        6|  60.000 ns|  60.000 ns|    5|    5|  loop auto-rewind stp (delay=0 clock cycles(s))|
        |grp_decompose_qr_Pipeline_VITIS_LOOP_70_8_VITIS_LOOP_71_9_fu_546  |decompose_qr_Pipeline_VITIS_LOOP_70_8_VITIS_LOOP_71_9  |       18|       18|   0.180 us|   0.180 us|   17|   17|  loop auto-rewind stp (delay=0 clock cycles(s))|
        |grp_decompose_qr_Pipeline_VITIS_LOOP_77_10_fu_598                 |decompose_qr_Pipeline_VITIS_LOOP_77_10                 |        6|        6|  60.000 ns|  60.000 ns|    5|    5|  loop auto-rewind stp (delay=0 clock cycles(s))|
        |grp_decompose_qr_Pipeline_VITIS_LOOP_63_7_fu_650                  |decompose_qr_Pipeline_VITIS_LOOP_63_7                  |       10|       10|   0.100 us|   0.100 us|    9|    9|  loop auto-rewind stp (delay=0 clock cycles(s))|
        |grp_cordic_atan_fu_670                                            |cordic_atan                                            |        1|       41|  10.000 ns|   0.410 us|    1|   41|                                              no|
        |grp_decompose_qr_Pipeline_VITIS_LOOP_39_5_fu_678                  |decompose_qr_Pipeline_VITIS_LOOP_39_5                  |       22|       25|   0.220 us|   0.250 us|    2|    5|  loop auto-rewind stp (delay=0 clock cycles(s))|
        |grp_decompose_qr_Pipeline_VITIS_LOOP_50_6_fu_722                  |decompose_qr_Pipeline_VITIS_LOOP_50_6                  |       25|       25|   0.250 us|   0.250 us|    5|    5|  loop auto-rewind stp (delay=0 clock cycles(s))|
        +------------------------------------------------------------------+-------------------------------------------------------+---------+---------+-----------+-----------+-----+-----+------------------------------------------------+

        * Loop: 
        +--------------------+---------+---------+----------+-----------+-----------+-------+----------+
        |                    |  Latency (cycles) | Iteration|  Initiation Interval  |  Trip |          |
        |      Loop Name     |   min   |   max   |  Latency |  achieved |   target  | Count | Pipelined|
        +--------------------+---------+---------+----------+-----------+-----------+-------+----------+
        |- VITIS_LOOP_25_3   |       12|     1256|   3 ~ 314|          -|          -|      4|        no|
        | + VITIS_LOOP_26_4  |        0|      300|   3 ~ 100|          -|          -|  0 ~ 3|        no|
        +--------------------+---------+---------+----------+-----------+-----------+-------+----------+



================================================================
== Utilization Estimates
================================================================
* Summary: 
+-----------------+---------+-----+--------+-------+-----+
|       Name      | BRAM_18K| DSP |   FF   |  LUT  | URAM|
+-----------------+---------+-----+--------+-------+-----+
|DSP              |        -|    -|       -|      -|    -|
|Expression       |        -|    -|       0|    611|    -|
|FIFO             |        -|    -|       -|      -|    -|
|Instance         |        0|    -|    4030|  16709|    -|
|Memory           |        -|    -|       -|      -|    -|
|Multiplexer      |        -|    -|       0|    876|    -|
|Register         |        -|    -|    1898|      -|    -|
+-----------------+---------+-----+--------+-------+-----+
|Total            |        0|    0|    5928|  18196|    0|
+-----------------+---------+-----+--------+-------+-----+
|Available        |      280|  220|  106400|  53200|    0|
+-----------------+---------+-----+--------+-------+-----+
|Utilization (%)  |        0|    0|       5|     34|    0|
+-----------------+---------+-----+--------+-------+-----+

+ Detail: 
    * Instance: 
    +------------------------------------------------------------------+-------------------------------------------------------+---------+----+------+------+-----+
    |                             Instance                             |                         Module                        | BRAM_18K| DSP|  FF  |  LUT | URAM|
    +------------------------------------------------------------------+-------------------------------------------------------+---------+----+------+------+-----+
    |grp_cordic_atan_fu_670                                            |cordic_atan                                            |        0|   0|   190|   954|    0|
    |grp_decompose_qr_Pipeline_VITIS_LOOP_18_1_fu_478                  |decompose_qr_Pipeline_VITIS_LOOP_18_1                  |        0|   0|     5|   211|    0|
    |grp_decompose_qr_Pipeline_VITIS_LOOP_39_5_fu_678                  |decompose_qr_Pipeline_VITIS_LOOP_39_5                  |        0|   0|  1836|  7369|    0|
    |grp_decompose_qr_Pipeline_VITIS_LOOP_50_6_fu_722                  |decompose_qr_Pipeline_VITIS_LOOP_50_6                  |        0|   0|  1821|  7125|    0|
    |grp_decompose_qr_Pipeline_VITIS_LOOP_63_7_fu_650                  |decompose_qr_Pipeline_VITIS_LOOP_63_7                  |        0|   0|   138|   241|    0|
    |grp_decompose_qr_Pipeline_VITIS_LOOP_70_8_VITIS_LOOP_71_9_fu_546  |decompose_qr_Pipeline_VITIS_LOOP_70_8_VITIS_LOOP_71_9  |        0|   0|    35|   269|    0|
    |grp_decompose_qr_Pipeline_VITIS_LOOP_77_10_fu_598                 |decompose_qr_Pipeline_VITIS_LOOP_77_10                 |        0|   0|     5|   131|    0|
    |sparsemux_11_4_16_1_1_x_U270                                      |sparsemux_11_4_16_1_1_x                                |        0|   0|     0|    20|    0|
    |sparsemux_7_2_16_1_1_U264                                         |sparsemux_7_2_16_1_1                                   |        0|   0|     0|     9|    0|
    |sparsemux_9_2_16_1_1_U250                                         |sparsemux_9_2_16_1_1                                   |        0|   0|     0|    20|    0|
    |sparsemux_9_2_16_1_1_U251                                         |sparsemux_9_2_16_1_1                                   |        0|   0|     0|    20|    0|
    |sparsemux_9_2_16_1_1_U252                                         |sparsemux_9_2_16_1_1                                   |        0|   0|     0|    20|    0|
    |sparsemux_9_2_16_1_1_U253                                         |sparsemux_9_2_16_1_1                                   |        0|   0|     0|    20|    0|
    |sparsemux_9_2_16_1_1_U254                                         |sparsemux_9_2_16_1_1                                   |        0|   0|     0|    20|    0|
    |sparsemux_9_2_16_1_1_U255                                         |sparsemux_9_2_16_1_1                                   |        0|   0|     0|    20|    0|
    |sparsemux_9_2_16_1_1_U256                                         |sparsemux_9_2_16_1_1                                   |        0|   0|     0|    20|    0|
    |sparsemux_9_2_16_1_1_U257                                         |sparsemux_9_2_16_1_1                                   |        0|   0|     0|    20|    0|
    |sparsemux_9_2_16_1_1_U258                                         |sparsemux_9_2_16_1_1                                   |        0|   0|     0|    20|    0|
    |sparsemux_9_2_16_1_1_U259                                         |sparsemux_9_2_16_1_1                                   |        0|   0|     0|    20|    0|
    |sparsemux_9_2_16_1_1_U260                                         |sparsemux_9_2_16_1_1                                   |        0|   0|     0|    20|    0|
    |sparsemux_9_2_16_1_1_U261                                         |sparsemux_9_2_16_1_1                                   |        0|   0|     0|    20|    0|
    |sparsemux_9_2_16_1_1_U262                                         |sparsemux_9_2_16_1_1                                   |        0|   0|     0|    20|    0|
    |sparsemux_9_2_16_1_1_U263                                         |sparsemux_9_2_16_1_1                                   |        0|   0|     0|    20|    0|
    |sparsemux_9_2_16_1_1_U265                                         |sparsemux_9_2_16_1_1                                   |        0|   0|     0|    20|    0|
    |sparsemux_9_2_16_1_1_U266                                         |sparsemux_9_2_16_1_1                                   |        0|   0|     0|    20|    0|
    |sparsemux_9_2_16_1_1_U267                                         |sparsemux_9_2_16_1_1                                   |        0|   0|     0|    20|    0|
    |sparsemux_9_2_16_1_1_U268                                         |sparsemux_9_2_16_1_1                                   |        0|   0|     0|    20|    0|
    |sparsemux_9_2_16_1_1_U269                                         |sparsemux_9_2_16_1_1                                   |        0|   0|     0|    20|    0|
    +------------------------------------------------------------------+-------------------------------------------------------+---------+----+------+------+-----+
    |Total                                                             |                                                       |        0|   0|  4030| 16709|    0|
    +------------------------------------------------------------------+-------------------------------------------------------+---------+----+------+------+-----+

    * DSP: 
    N/A

    * Memory: 
    N/A

    * FIFO: 
    N/A

    * Expression: 
    +----------------------------------+----------+----+---+----+------------+------------+
    |           Variable Name          | Operation| DSP| FF| LUT| Bitwidth P0| Bitwidth P1|
    +----------------------------------+----------+----+---+----+------------+------------+
    |add_i_i_i_fu_1983_p2              |         +|   0|  0|  24|          17|          13|
    |add_ln25_fu_2192_p2               |         +|   0|  0|  11|           3|           1|
    |add_ln26_1_fu_1993_p2             |         +|   0|  0|  71|          64|           1|
    |add_ln26_fu_1011_p2               |         +|   0|  0|  11|           3|           1|
    |add_ln33_fu_1628_p2               |         +|   0|  0|  24|          17|          14|
    |add_ln34_fu_1722_p2               |         +|   0|  0|  24|          17|          13|
    |sub_i_i_i33_fu_1967_p2            |         +|   0|  0|  24|          17|          14|
    |sub_ln36_fu_1897_p2               |         -|   0|  0|  24|           1|          17|
    |sub_ln52_fu_1398_p2               |         -|   0|  0|  24|           1|          17|
    |and_ln33_1_fu_1672_p2             |       and|   0|  0|   2|           1|           1|
    |and_ln33_2_fu_1806_p2             |       and|   0|  0|   2|           1|           1|
    |and_ln33_3_fu_1818_p2             |       and|   0|  0|   2|           1|           1|
    |and_ln33_fu_1660_p2               |       and|   0|  0|   2|           1|           1|
    |and_ln34_1_fu_1766_p2             |       and|   0|  0|   2|           1|           1|
    |and_ln34_2_fu_1842_p2             |       and|   0|  0|   2|           1|           1|
    |and_ln34_3_fu_1848_p2             |       and|   0|  0|   2|           1|           1|
    |and_ln34_fu_1754_p2               |       and|   0|  0|   2|           1|           1|
    |and_ln36_fu_1929_p2               |       and|   0|  0|   2|           1|           1|
    |and_ln52_1_fu_1450_p2             |       and|   0|  0|   2|           1|           1|
    |and_ln52_fu_1430_p2               |       and|   0|  0|   2|           1|           1|
    |ap_block_state12_on_subcall_done  |       and|   0|  0|   2|           1|           1|
    |cmp_i2238_i_fu_1977_p2            |      icmp|   0|  0|  23|          16|          13|
    |cmp_i_i32_fu_1957_p2              |      icmp|   0|  0|  23|          16|          12|
    |icmp_ln26_1_fu_1035_p2            |      icmp|   0|  0|  69|          62|           1|
    |icmp_ln26_fu_1005_p2              |      icmp|   0|  0|  13|           3|           4|
    |icmp_ln33_fu_1618_p2              |      icmp|   0|  0|  23|          16|          12|
    |icmp_ln34_fu_1704_p2              |      icmp|   0|  0|  23|          16|          13|
    |icmp_ln58_fu_1497_p2              |      icmp|   0|  0|  20|          15|           1|
    |ap_block_state15_on_subcall_done  |        or|   0|  0|   2|           1|           1|
    |or_ln33_fu_1690_p2                |        or|   0|  0|   2|           1|           1|
    |or_ln34_1_fu_1824_p2              |        or|   0|  0|   2|           1|           1|
    |or_ln34_fu_1784_p2                |        or|   0|  0|   2|           1|           1|
    |select_ln36_fu_1941_p3            |    select|   0|  0|  17|           1|          15|
    |theta_7_fu_1866_p10               |    select|   0|  0|  17|           1|          17|
    |theta_7_fu_1866_p2                |    select|   0|  0|  16|           1|          15|
    |theta_7_fu_1866_p4                |    select|   0|  0|  17|           1|          17|
    |theta_7_fu_1866_p8                |    select|   0|  0|  16|           1|          15|
    |thetar_1_fu_1949_p3               |    select|   0|  0|  16|           1|          16|
    |tmp1_i_2_fu_1468_p2               |    select|   0|  0|  17|           1|          15|
    |xor_ln33_1_fu_1666_p2             |       xor|   0|  0|   2|           1|           2|
    |xor_ln33_2_fu_1678_p2             |       xor|   0|  0|   2|           1|           1|
    |xor_ln33_3_fu_1684_p2             |       xor|   0|  0|   2|           1|           2|
    |xor_ln33_4_fu_1812_p2             |       xor|   0|  0|   2|           1|           1|
    |xor_ln33_5_fu_1836_p2             |       xor|   0|  0|   2|           1|           2|
    |xor_ln33_fu_1654_p2               |       xor|   0|  0|   2|           1|           2|
    |xor_ln34_1_fu_1760_p2             |       xor|   0|  0|   2|           1|           2|
    |xor_ln34_2_fu_1772_p2             |       xor|   0|  0|   2|           1|           1|
    |xor_ln34_3_fu_1778_p2             |       xor|   0|  0|   2|           1|           2|
    |xor_ln34_4_fu_1830_p2             |       xor|   0|  0|   2|           1|           2|
    |xor_ln34_fu_1748_p2               |       xor|   0|  0|   2|           1|           2|
    |xor_ln36_1_fu_1935_p2             |       xor|   0|  0|   2|           1|           1|
    |xor_ln36_fu_1923_p2               |       xor|   0|  0|   2|           1|           2|
    |xor_ln52_1_fu_1436_p2             |       xor|   0|  0|   2|           1|           1|
    |xor_ln52_2_fu_1455_p2             |       xor|   0|  0|   2|           1|           2|
    |xor_ln52_fu_1424_p2               |       xor|   0|  0|   2|           1|           2|
    +----------------------------------+----------+----+---+----+------------+------------+
    |Total                             |          |   0|  0| 611|         323|         300|
    +----------------------------------+----------+----+---+----+------------+------------+

    * Multiplexer: 
    +---------------------+----+-----------+-----+-----------+
    |         Name        | LUT| Input Size| Bits| Total Bits|
    +---------------------+----+-----------+-----+-----------+
    |QT_out_0_0           |   9|          2|   16|         32|
    |QT_out_0_1           |   9|          2|   16|         32|
    |QT_out_0_2           |   9|          2|   16|         32|
    |QT_out_0_3           |   9|          2|   16|         32|
    |QT_out_1_0           |   9|          2|   16|         32|
    |QT_out_1_1           |   9|          2|   16|         32|
    |QT_out_1_2           |   9|          2|   16|         32|
    |QT_out_1_3           |   9|          2|   16|         32|
    |QT_out_2_0           |   9|          2|   16|         32|
    |QT_out_2_1           |   9|          2|   16|         32|
    |QT_out_2_2           |   9|          2|   16|         32|
    |QT_out_2_3           |   9|          2|   16|         32|
    |QT_out_3_0           |   9|          2|   16|         32|
    |QT_out_3_1           |   9|          2|   16|         32|
    |QT_out_3_2           |   9|          2|   16|         32|
    |QT_out_3_3           |   9|          2|   16|         32|
    |R_out_0_0            |   9|          2|   16|         32|
    |R_out_0_1            |   9|          2|   16|         32|
    |R_out_0_2            |   9|          2|   16|         32|
    |R_out_0_3            |   9|          2|   16|         32|
    |R_out_1_0            |   9|          2|   16|         32|
    |R_out_1_1            |   9|          2|   16|         32|
    |R_out_1_2            |   9|          2|   16|         32|
    |R_out_1_3            |   9|          2|   16|         32|
    |R_out_2_0            |   9|          2|   16|         32|
    |R_out_2_1            |   9|          2|   16|         32|
    |R_out_2_2            |   9|          2|   16|         32|
    |R_out_2_3            |   9|          2|   16|         32|
    |R_out_3_0            |   9|          2|   16|         32|
    |R_out_3_1            |   9|          2|   16|         32|
    |R_out_3_2            |   9|          2|   16|         32|
    |R_out_3_3            |   9|          2|   16|         32|
    |ap_NS_fsm            |  65|         16|    1|         16|
    |col_fu_204           |   9|          2|    3|          6|
    |indvars_iv68_fu_208  |   9|          2|    3|          6|
    |j_reg_468            |   9|          2|   64|        128|
    |local_aug_10_fu_284  |  14|          3|   16|         48|
    |local_aug_11_fu_288  |  14|          3|   16|         48|
    |local_aug_12_fu_292  |  14|          3|   16|         48|
    |local_aug_13_fu_296  |  14|          3|   16|         48|
    |local_aug_14_fu_300  |  14|          3|   16|         48|
    |local_aug_15_fu_304  |  14|          3|   16|         48|
    |local_aug_16_fu_308  |  14|          3|   16|         48|
    |local_aug_17_fu_312  |  14|          3|   16|         48|
    |local_aug_18_fu_316  |  14|          3|   16|         48|
    |local_aug_19_fu_320  |  14|          3|   16|         48|
    |local_aug_1_fu_248   |  14|          3|   16|         48|
    |local_aug_20_fu_324  |  20|          4|   16|         64|
    |local_aug_21_fu_328  |  20|          4|   16|         64|
    |local_aug_22_fu_332  |  20|          4|   16|         64|
    |local_aug_23_fu_336  |  20|          4|   16|         64|
    |local_aug_24_fu_340  |  20|          4|   16|         64|
    |local_aug_25_fu_344  |  20|          4|   16|         64|
    |local_aug_26_fu_348  |  20|          4|   16|         64|
    |local_aug_27_fu_352  |  20|          4|   16|         64|
    |local_aug_28_fu_356  |  14|          3|   16|         48|
    |local_aug_29_fu_360  |  14|          3|   16|         48|
    |local_aug_2_fu_252   |  14|          3|   16|         48|
    |local_aug_30_fu_364  |  14|          3|   16|         48|
    |local_aug_31_fu_368  |  14|          3|   16|         48|
    |local_aug_3_fu_256   |  14|          3|   16|         48|
    |local_aug_4_fu_260   |  14|          3|   16|         48|
    |local_aug_5_fu_264   |  14|          3|   16|         48|
    |local_aug_6_fu_268   |  14|          3|   16|         48|
    |local_aug_7_fu_272   |  14|          3|   16|         48|
    |local_aug_8_fu_276   |  14|          3|   16|         48|
    |local_aug_9_fu_280   |  14|          3|   16|         48|
    |local_aug_fu_244     |  14|          3|   16|         48|
    +---------------------+----+-----------+-----+-----------+
    |Total                | 876|        190| 1095|       2844|
    +---------------------+----+-----------+-----+-----------+

    * Register: 
    +-------------------------------------------------------------------------------+----+----+-----+-----------+
    |                                      Name                                     | FF | LUT| Bits| Const Bits|
    +-------------------------------------------------------------------------------+----+----+-----+-----------+
    |QT_out_0_0_reg                                                                 |  16|   0|   16|          0|
    |QT_out_0_1_reg                                                                 |  16|   0|   16|          0|
    |QT_out_0_2_reg                                                                 |  16|   0|   16|          0|
    |QT_out_0_3_reg                                                                 |  16|   0|   16|          0|
    |QT_out_1_0_reg                                                                 |  16|   0|   16|          0|
    |QT_out_1_1_reg                                                                 |  16|   0|   16|          0|
    |QT_out_1_2_reg                                                                 |  16|   0|   16|          0|
    |QT_out_1_3_reg                                                                 |  16|   0|   16|          0|
    |QT_out_2_0_reg                                                                 |  16|   0|   16|          0|
    |QT_out_2_1_reg                                                                 |  16|   0|   16|          0|
    |QT_out_2_2_reg                                                                 |  16|   0|   16|          0|
    |QT_out_2_3_reg                                                                 |  16|   0|   16|          0|
    |QT_out_3_0_reg                                                                 |  16|   0|   16|          0|
    |QT_out_3_1_reg                                                                 |  16|   0|   16|          0|
    |QT_out_3_2_reg                                                                 |  16|   0|   16|          0|
    |QT_out_3_3_reg                                                                 |  16|   0|   16|          0|
    |R_out_0_0_reg                                                                  |  16|   0|   16|          0|
    |R_out_0_1_reg                                                                  |  16|   0|   16|          0|
    |R_out_0_2_reg                                                                  |  16|   0|   16|          0|
    |R_out_0_3_reg                                                                  |  16|   0|   16|          0|
    |R_out_1_0_reg                                                                  |  16|   0|   16|          0|
    |R_out_1_1_reg                                                                  |  16|   0|   16|          0|
    |R_out_1_2_reg                                                                  |  16|   0|   16|          0|
    |R_out_1_3_reg                                                                  |  16|   0|   16|          0|
    |R_out_2_0_reg                                                                  |  16|   0|   16|          0|
    |R_out_2_1_reg                                                                  |  16|   0|   16|          0|
    |R_out_2_2_reg                                                                  |  16|   0|   16|          0|
    |R_out_2_3_reg                                                                  |  16|   0|   16|          0|
    |R_out_3_0_reg                                                                  |  16|   0|   16|          0|
    |R_out_3_1_reg                                                                  |  16|   0|   16|          0|
    |R_out_3_2_reg                                                                  |  16|   0|   16|          0|
    |R_out_3_3_reg                                                                  |  16|   0|   16|          0|
    |add_i_i_i_reg_2819                                                             |  17|   0|   17|          0|
    |add_ln26_reg_2616                                                              |   3|   0|    3|          0|
    |ap_CS_fsm                                                                      |  15|   0|   15|          0|
    |cmp_i2238_i_reg_2813                                                           |   1|   0|    1|          0|
    |cmp_i_i32_reg_2795                                                             |   1|   0|    1|          0|
    |col_fu_204                                                                     |   3|   0|    3|          0|
    |empty_56_reg_2807                                                              |  16|   0|   16|          0|
    |empty_57_reg_2825                                                              |  16|   0|   16|          0|
    |grp_cordic_atan_fu_670_ap_start_reg                                            |   1|   0|    1|          0|
    |grp_decompose_qr_Pipeline_VITIS_LOOP_18_1_fu_478_ap_start_reg                  |   1|   0|    1|          0|
    |grp_decompose_qr_Pipeline_VITIS_LOOP_39_5_fu_678_ap_start_reg                  |   1|   0|    1|          0|
    |grp_decompose_qr_Pipeline_VITIS_LOOP_50_6_fu_722_ap_start_reg                  |   1|   0|    1|          0|
    |grp_decompose_qr_Pipeline_VITIS_LOOP_63_7_fu_650_ap_start_reg                  |   1|   0|    1|          0|
    |grp_decompose_qr_Pipeline_VITIS_LOOP_70_8_VITIS_LOOP_71_9_fu_546_ap_start_reg  |   1|   0|    1|          0|
    |grp_decompose_qr_Pipeline_VITIS_LOOP_77_10_fu_598_ap_start_reg                 |   1|   0|    1|          0|
    |icmp_ln58_reg_2775                                                             |   1|   0|    1|          0|
    |indvars_iv68_fu_208                                                            |   3|   0|    3|          0|
    |j_reg_468                                                                      |  64|   0|   64|          0|
    |local_aug_10_fu_284                                                            |  16|   0|   16|          0|
    |local_aug_11_fu_288                                                            |  16|   0|   16|          0|
    |local_aug_12_fu_292                                                            |  16|   0|   16|          0|
    |local_aug_13_fu_296                                                            |  16|   0|   16|          0|
    |local_aug_14_fu_300                                                            |  16|   0|   16|          0|
    |local_aug_15_fu_304                                                            |  16|   0|   16|          0|
    |local_aug_16_fu_308                                                            |  16|   0|   16|          0|
    |local_aug_17_fu_312                                                            |  16|   0|   16|          0|
    |local_aug_18_fu_316                                                            |  16|   0|   16|          0|
    |local_aug_19_fu_320                                                            |  16|   0|   16|          0|
    |local_aug_1_fu_248                                                             |  16|   0|   16|          0|
    |local_aug_20_fu_324                                                            |  16|   0|   16|          0|
    |local_aug_20_load_reg_2649                                                     |  16|   0|   16|          0|
    |local_aug_21_fu_328                                                            |  16|   0|   16|          0|
    |local_aug_21_load_reg_2654                                                     |  16|   0|   16|          0|
    |local_aug_22_fu_332                                                            |  16|   0|   16|          0|
    |local_aug_22_load_reg_2659                                                     |  16|   0|   16|          0|
    |local_aug_23_fu_336                                                            |  16|   0|   16|          0|
    |local_aug_23_load_reg_2664                                                     |  16|   0|   16|          0|
    |local_aug_24_fu_340                                                            |  16|   0|   16|          0|
    |local_aug_24_load_reg_2669                                                     |  16|   0|   16|          0|
    |local_aug_25_fu_344                                                            |  16|   0|   16|          0|
    |local_aug_25_load_reg_2674                                                     |  16|   0|   16|          0|
    |local_aug_26_fu_348                                                            |  16|   0|   16|          0|
    |local_aug_26_load_reg_2679                                                     |  16|   0|   16|          0|
    |local_aug_27_fu_352                                                            |  16|   0|   16|          0|
    |local_aug_27_load_reg_2684                                                     |  16|   0|   16|          0|
    |local_aug_28_fu_356                                                            |  16|   0|   16|          0|
    |local_aug_28_load_reg_2689                                                     |  16|   0|   16|          0|
    |local_aug_29_fu_360                                                            |  16|   0|   16|          0|
    |local_aug_29_load_reg_2694                                                     |  16|   0|   16|          0|
    |local_aug_2_fu_252                                                             |  16|   0|   16|          0|
    |local_aug_30_fu_364                                                            |  16|   0|   16|          0|
    |local_aug_30_load_reg_2699                                                     |  16|   0|   16|          0|
    |local_aug_31_fu_368                                                            |  16|   0|   16|          0|
    |local_aug_31_load_reg_2704                                                     |  16|   0|   16|          0|
    |local_aug_3_fu_256                                                             |  16|   0|   16|          0|
    |local_aug_4_fu_260                                                             |  16|   0|   16|          0|
    |local_aug_5_fu_264                                                             |  16|   0|   16|          0|
    |local_aug_6_fu_268                                                             |  16|   0|   16|          0|
    |local_aug_7_fu_272                                                             |  16|   0|   16|          0|
    |local_aug_8_fu_276                                                             |  16|   0|   16|          0|
    |local_aug_9_fu_280                                                             |  16|   0|   16|          0|
    |local_aug_fu_244                                                               |  16|   0|   16|          0|
    |reg_888                                                                        |  16|   0|   16|          0|
    |reg_893                                                                        |  16|   0|   16|          0|
    |reg_898                                                                        |  16|   0|   16|          0|
    |reg_903                                                                        |  16|   0|   16|          0|
    |reg_908                                                                        |  16|   0|   16|          0|
    |reg_913                                                                        |  16|   0|   16|          0|
    |reg_918                                                                        |  16|   0|   16|          0|
    |reg_923                                                                        |  16|   0|   16|          0|
    |reg_928                                                                        |  16|   0|   16|          0|
    |reg_933                                                                        |  16|   0|   16|          0|
    |reg_938                                                                        |  16|   0|   16|          0|
    |reg_943                                                                        |  16|   0|   16|          0|
    |reg_948                                                                        |  16|   0|   16|          0|
    |reg_953                                                                        |  16|   0|   16|          0|
    |reg_958                                                                        |  16|   0|   16|          0|
    |reg_963                                                                        |  16|   0|   16|          0|
    |reg_968                                                                        |  16|   0|   16|          0|
    |reg_974                                                                        |  16|   0|   16|          0|
    |reg_980                                                                        |  16|   0|   16|          0|
    |reg_986                                                                        |  16|   0|   16|          0|
    |sub_i_i_i33_reg_2801                                                           |  17|   0|   17|          0|
    |theta_7_reg_2784                                                               |  16|   0|   16|          0|
    |thetar_1_reg_2789                                                              |  16|   0|   16|          0|
    |tmp_199_reg_2731                                                               |  16|   0|   16|          0|
    |tmp_200_reg_2736                                                               |  16|   0|   16|          0|
    |tmp_201_reg_2741                                                               |  16|   0|   16|          0|
    |tmp_202_reg_2746                                                               |  16|   0|   16|          0|
    |tmp_208_reg_2779                                                               |  16|   0|   16|          0|
    |tmp_209_reg_2755                                                               |  16|   0|   16|          0|
    |tmp_210_reg_2760                                                               |  16|   0|   16|          0|
    |tmp_211_reg_2765                                                               |  16|   0|   16|          0|
    |tmp_212_reg_2770                                                               |  16|   0|   16|          0|
    |tmp_623_reg_2725                                                               |   1|   0|    1|          0|
    |tmp_627_reg_2751                                                               |   1|   0|    1|          0|
    |trunc_ln26_1_reg_2712                                                          |   2|   0|    2|          0|
    |trunc_ln26_reg_2621                                                            |   2|   0|    2|          0|
    |v_reg_2718                                                                     |  16|   0|   16|          0|
    +-------------------------------------------------------------------------------+----+----+-----+-----------+
    |Total                                                                          |1898|   0| 1898|          0|
    +-------------------------------------------------------------------------------+----+----+-----+-----------+



================================================================
== Interface
================================================================
* Summary: 
+-------------------+-----+-----+------------+--------------+--------------+
|     RTL Ports     | Dir | Bits|  Protocol  | Source Object|    C Type    |
+-------------------+-----+-----+------------+--------------+--------------+
|ap_clk             |   in|    1|  ap_ctrl_hs|  decompose_qr|  return value|
|ap_rst             |   in|    1|  ap_ctrl_hs|  decompose_qr|  return value|
|ap_start           |   in|    1|  ap_ctrl_hs|  decompose_qr|  return value|
|ap_done            |  out|    1|  ap_ctrl_hs|  decompose_qr|  return value|
|ap_idle            |  out|    1|  ap_ctrl_hs|  decompose_qr|  return value|
|ap_ready           |  out|    1|  ap_ctrl_hs|  decompose_qr|  return value|
|p_read             |   in|   16|     ap_none|        p_read|        scalar|
|p_read1            |   in|   16|     ap_none|       p_read1|        scalar|
|p_read2            |   in|   16|     ap_none|       p_read2|        scalar|
|p_read3            |   in|   16|     ap_none|       p_read3|        scalar|
|p_read4            |   in|   16|     ap_none|       p_read4|        scalar|
|p_read5            |   in|   16|     ap_none|       p_read5|        scalar|
|p_read6            |   in|   16|     ap_none|       p_read6|        scalar|
|p_read7            |   in|   16|     ap_none|       p_read7|        scalar|
|p_read8            |   in|   16|     ap_none|       p_read8|        scalar|
|p_read9            |   in|   16|     ap_none|       p_read9|        scalar|
|p_read10           |   in|   16|     ap_none|      p_read10|        scalar|
|p_read11           |   in|   16|     ap_none|      p_read11|        scalar|
|p_read12           |   in|   16|     ap_none|      p_read12|        scalar|
|p_read13           |   in|   16|     ap_none|      p_read13|        scalar|
|p_read14           |   in|   16|     ap_none|      p_read14|        scalar|
|p_read15           |   in|   16|     ap_none|      p_read15|        scalar|
|QT_out_0_0         |  out|   16|      ap_vld|    QT_out_0_0|       pointer|
|QT_out_0_0_ap_vld  |  out|    1|      ap_vld|    QT_out_0_0|       pointer|
|QT_out_0_1         |  out|   16|      ap_vld|    QT_out_0_1|       pointer|
|QT_out_0_1_ap_vld  |  out|    1|      ap_vld|    QT_out_0_1|       pointer|
|QT_out_0_2         |  out|   16|      ap_vld|    QT_out_0_2|       pointer|
|QT_out_0_2_ap_vld  |  out|    1|      ap_vld|    QT_out_0_2|       pointer|
|QT_out_0_3         |  out|   16|      ap_vld|    QT_out_0_3|       pointer|
|QT_out_0_3_ap_vld  |  out|    1|      ap_vld|    QT_out_0_3|       pointer|
|QT_out_1_0         |  out|   16|      ap_vld|    QT_out_1_0|       pointer|
|QT_out_1_0_ap_vld  |  out|    1|      ap_vld|    QT_out_1_0|       pointer|
|QT_out_1_1         |  out|   16|      ap_vld|    QT_out_1_1|       pointer|
|QT_out_1_1_ap_vld  |  out|    1|      ap_vld|    QT_out_1_1|       pointer|
|QT_out_1_2         |  out|   16|      ap_vld|    QT_out_1_2|       pointer|
|QT_out_1_2_ap_vld  |  out|    1|      ap_vld|    QT_out_1_2|       pointer|
|QT_out_1_3         |  out|   16|      ap_vld|    QT_out_1_3|       pointer|
|QT_out_1_3_ap_vld  |  out|    1|      ap_vld|    QT_out_1_3|       pointer|
|QT_out_2_0         |  out|   16|      ap_vld|    QT_out_2_0|       pointer|
|QT_out_2_0_ap_vld  |  out|    1|      ap_vld|    QT_out_2_0|       pointer|
|QT_out_2_1         |  out|   16|      ap_vld|    QT_out_2_1|       pointer|
|QT_out_2_1_ap_vld  |  out|    1|      ap_vld|    QT_out_2_1|       pointer|
|QT_out_2_2         |  out|   16|      ap_vld|    QT_out_2_2|       pointer|
|QT_out_2_2_ap_vld  |  out|    1|      ap_vld|    QT_out_2_2|       pointer|
|QT_out_2_3         |  out|   16|      ap_vld|    QT_out_2_3|       pointer|
|QT_out_2_3_ap_vld  |  out|    1|      ap_vld|    QT_out_2_3|       pointer|
|QT_out_3_0         |  out|   16|      ap_vld|    QT_out_3_0|       pointer|
|QT_out_3_0_ap_vld  |  out|    1|      ap_vld|    QT_out_3_0|       pointer|
|QT_out_3_1         |  out|   16|      ap_vld|    QT_out_3_1|       pointer|
|QT_out_3_1_ap_vld  |  out|    1|      ap_vld|    QT_out_3_1|       pointer|
|QT_out_3_2         |  out|   16|      ap_vld|    QT_out_3_2|       pointer|
|QT_out_3_2_ap_vld  |  out|    1|      ap_vld|    QT_out_3_2|       pointer|
|QT_out_3_3         |  out|   16|      ap_vld|    QT_out_3_3|       pointer|
|QT_out_3_3_ap_vld  |  out|    1|      ap_vld|    QT_out_3_3|       pointer|
|R_out_0_0          |  out|   16|      ap_vld|     R_out_0_0|       pointer|
|R_out_0_0_ap_vld   |  out|    1|      ap_vld|     R_out_0_0|       pointer|
|R_out_0_1          |  out|   16|      ap_vld|     R_out_0_1|       pointer|
|R_out_0_1_ap_vld   |  out|    1|      ap_vld|     R_out_0_1|       pointer|
|R_out_0_2          |  out|   16|      ap_vld|     R_out_0_2|       pointer|
|R_out_0_2_ap_vld   |  out|    1|      ap_vld|     R_out_0_2|       pointer|
|R_out_0_3          |  out|   16|      ap_vld|     R_out_0_3|       pointer|
|R_out_0_3_ap_vld   |  out|    1|      ap_vld|     R_out_0_3|       pointer|
|R_out_1_0          |  out|   16|      ap_vld|     R_out_1_0|       pointer|
|R_out_1_0_ap_vld   |  out|    1|      ap_vld|     R_out_1_0|       pointer|
|R_out_1_1          |  out|   16|      ap_vld|     R_out_1_1|       pointer|
|R_out_1_1_ap_vld   |  out|    1|      ap_vld|     R_out_1_1|       pointer|
|R_out_1_2          |  out|   16|      ap_vld|     R_out_1_2|       pointer|
|R_out_1_2_ap_vld   |  out|    1|      ap_vld|     R_out_1_2|       pointer|
|R_out_1_3          |  out|   16|      ap_vld|     R_out_1_3|       pointer|
|R_out_1_3_ap_vld   |  out|    1|      ap_vld|     R_out_1_3|       pointer|
|R_out_2_0          |  out|   16|      ap_vld|     R_out_2_0|       pointer|
|R_out_2_0_ap_vld   |  out|    1|      ap_vld|     R_out_2_0|       pointer|
|R_out_2_1          |  out|   16|      ap_vld|     R_out_2_1|       pointer|
|R_out_2_1_ap_vld   |  out|    1|      ap_vld|     R_out_2_1|       pointer|
|R_out_2_2          |  out|   16|      ap_vld|     R_out_2_2|       pointer|
|R_out_2_2_ap_vld   |  out|    1|      ap_vld|     R_out_2_2|       pointer|
|R_out_2_3          |  out|   16|      ap_vld|     R_out_2_3|       pointer|
|R_out_2_3_ap_vld   |  out|    1|      ap_vld|     R_out_2_3|       pointer|
|R_out_3_0          |  out|   16|      ap_vld|     R_out_3_0|       pointer|
|R_out_3_0_ap_vld   |  out|    1|      ap_vld|     R_out_3_0|       pointer|
|R_out_3_1          |  out|   16|      ap_vld|     R_out_3_1|       pointer|
|R_out_3_1_ap_vld   |  out|    1|      ap_vld|     R_out_3_1|       pointer|
|R_out_3_2          |  out|   16|      ap_vld|     R_out_3_2|       pointer|
|R_out_3_2_ap_vld   |  out|    1|      ap_vld|     R_out_3_2|       pointer|
|R_out_3_3          |  out|   16|      ap_vld|     R_out_3_3|       pointer|
|R_out_3_3_ap_vld   |  out|    1|      ap_vld|     R_out_3_3|       pointer|
+-------------------+-----+-----+------------+--------------+--------------+

