

================================================================
== Vitis HLS Report for 'mat_vec_mul_Pipeline_VITIS_LOOP_29_3'
================================================================
* Date:           Tue Dec 16 20:06:29 2025

* Version:        2025.1 (Build 6135595 on May 21 2025)
* Project:        solve_top
* Solution:       hls (Vivado IP Flow Target)
* Product family: zynq
* Target device:  xc7z020-clg484-1


================================================================
== Performance Estimates
================================================================
+ Timing: 
    * Summary: 
    +--------+----------+----------+------------+
    |  Clock |  Target  | Estimated| Uncertainty|
    +--------+----------+----------+------------+
    |ap_clk  |  10.00 ns|  4.826 ns|     2.00 ns|
    +--------+----------+----------+------------+

+ Latency: 
    * Summary: 
    +---------+---------+-----------+-----------+-----+-----+------------------------------------------------+
    |  Latency (cycles) |   Latency (absolute)  |  Interval |                    Pipeline                    |
    |   min   |   max   |    min    |    max    | min | max |                      Type                      |
    +---------+---------+-----------+-----------+-----+-----+------------------------------------------------+
    |        6|        6|  60.000 ns|  60.000 ns|    5|    5|  loop auto-rewind stp (delay=0 clock cycles(s))|
    +---------+---------+-----------+-----------+-----+-----+------------------------------------------------+

    + Detail: 
        * Instance: 
        N/A

        * Loop: 
        +-------------------+---------+---------+----------+-----------+-----------+------+----------+
        |                   |  Latency (cycles) | Iteration|  Initiation Interval  | Trip |          |
        |     Loop Name     |   min   |   max   |  Latency |  achieved |   target  | Count| Pipelined|
        +-------------------+---------+---------+----------+-----------+-----------+------+----------+
        |- VITIS_LOOP_29_3  |        4|        4|         1|          1|          1|     4|       yes|
        +-------------------+---------+---------+----------+-----------+-----------+------+----------+



================================================================
== Utilization Estimates
================================================================
* Summary: 
+-----------------+---------+-----+--------+-------+-----+
|       Name      | BRAM_18K| DSP |   FF   |  LUT  | URAM|
+-----------------+---------+-----+--------+-------+-----+
|DSP              |        -|    -|       -|      -|    -|
|Expression       |        -|    -|       0|     24|    -|
|FIFO             |        -|    -|       -|      -|    -|
|Instance         |        -|    -|       0|     20|    -|
|Memory           |        -|    -|       -|      -|    -|
|Multiplexer      |        -|    -|       0|     27|    -|
|Register         |        -|    -|      69|      -|    -|
+-----------------+---------+-----+--------+-------+-----+
|Total            |        0|    0|      69|     71|    0|
+-----------------+---------+-----+--------+-------+-----+
|Available        |      280|  220|  106400|  53200|    0|
+-----------------+---------+-----+--------+-------+-----+
|Utilization (%)  |        0|    0|      ~0|     ~0|    0|
+-----------------+---------+-----+--------+-------+-----+

+ Detail: 
    * Instance: 
    +---------------------------+----------------------+---------+----+---+----+-----+
    |          Instance         |        Module        | BRAM_18K| DSP| FF| LUT| URAM|
    +---------------------------+----------------------+---------+----+---+----+-----+
    |sparsemux_9_2_16_1_1_U357  |sparsemux_9_2_16_1_1  |        0|   0|  0|  20|    0|
    +---------------------------+----------------------+---------+----+---+----+-----+
    |Total                      |                      |        0|   0|  0|  20|    0|
    +---------------------------+----------------------+---------+----+---+----+-----+

    * DSP: 
    N/A

    * Memory: 
    N/A

    * FIFO: 
    N/A

    * Expression: 
    +---------------------+----------+----+---+----+------------+------------+
    |    Variable Name    | Operation| DSP| FF| LUT| Bitwidth P0| Bitwidth P1|
    +---------------------+----------+----+---+----+------------+------------+
    |add_ln29_fu_142_p2   |         +|   0|  0|  11|           3|           1|
    |icmp_ln29_fu_136_p2  |      icmp|   0|  0|  13|           3|           4|
    +---------------------+----------+----+---+----+------------+------------+
    |Total                |          |   0|  0|  24|           6|           5|
    +---------------------+----------+----+---+----+------------+------------+

    * Multiplexer: 
    +----------------------+----+-----------+-----+-----------+
    |         Name         | LUT| Input Size| Bits| Total Bits|
    +----------------------+----+-----------+-----+-----------+
    |ap_done_int           |   9|          2|    1|          2|
    |ap_sig_allocacmp_k_1  |   9|          2|    3|          6|
    |k_fu_56               |   9|          2|    3|          6|
    +----------------------+----+-----------+-----+-----------+
    |Total                 |  27|          6|    7|         14|
    +----------------------+----+-----------+-----+-----------+

    * Register: 
    +----------------+----+----+-----+-----------+
    |      Name      | FF | LUT| Bits| Const Bits|
    +----------------+----+----+-----+-----------+
    |ap_CS_fsm       |   1|   0|    1|          0|
    |ap_done_reg     |   1|   0|    1|          0|
    |empty_53_fu_64  |  16|   0|   16|          0|
    |empty_54_fu_68  |  16|   0|   16|          0|
    |empty_55_fu_72  |  16|   0|   16|          0|
    |empty_fu_60     |  16|   0|   16|          0|
    |k_fu_56         |   3|   0|    3|          0|
    +----------------+----+----+-----+-----------+
    |Total           |  69|   0|   69|          0|
    +----------------+----+----+-----+-----------+



================================================================
== Interface
================================================================
* Summary: 
+---------------+-----+-----+------------+--------------------------------------+--------------+
|   RTL Ports   | Dir | Bits|  Protocol  |             Source Object            |    C Type    |
+---------------+-----+-----+------------+--------------------------------------+--------------+
|ap_clk         |   in|    1|  ap_ctrl_hs|  mat_vec_mul_Pipeline_VITIS_LOOP_29_3|  return value|
|ap_rst         |   in|    1|  ap_ctrl_hs|  mat_vec_mul_Pipeline_VITIS_LOOP_29_3|  return value|
|ap_start       |   in|    1|  ap_ctrl_hs|  mat_vec_mul_Pipeline_VITIS_LOOP_29_3|  return value|
|ap_done        |  out|    1|  ap_ctrl_hs|  mat_vec_mul_Pipeline_VITIS_LOOP_29_3|  return value|
|ap_idle        |  out|    1|  ap_ctrl_hs|  mat_vec_mul_Pipeline_VITIS_LOOP_29_3|  return value|
|ap_ready       |  out|    1|  ap_ctrl_hs|  mat_vec_mul_Pipeline_VITIS_LOOP_29_3|  return value|
|vec_0_val      |   in|   16|     ap_none|                             vec_0_val|        scalar|
|vec_1_val      |   in|   16|     ap_none|                             vec_1_val|        scalar|
|vec_2_val      |   in|   16|     ap_none|                             vec_2_val|        scalar|
|vec_3_val      |   in|   16|     ap_none|                             vec_3_val|        scalar|
|p_out          |  out|   16|      ap_vld|                                 p_out|       pointer|
|p_out_ap_vld   |  out|    1|      ap_vld|                                 p_out|       pointer|
|p_out1         |  out|   16|      ap_vld|                                p_out1|       pointer|
|p_out1_ap_vld  |  out|    1|      ap_vld|                                p_out1|       pointer|
|p_out2         |  out|   16|      ap_vld|                                p_out2|       pointer|
|p_out2_ap_vld  |  out|    1|      ap_vld|                                p_out2|       pointer|
|p_out3         |  out|   16|      ap_vld|                                p_out3|       pointer|
|p_out3_ap_vld  |  out|    1|      ap_vld|                                p_out3|       pointer|
+---------------+-----+-----+------------+--------------------------------------+--------------+

