

================================================================
== Vitis HLS Report for 'upper_backsub'
================================================================
* Date:           Tue Dec 16 20:06:30 2025

* Version:        2025.1 (Build 6135595 on May 21 2025)
* Project:        solve_top
* Solution:       hls (Vivado IP Flow Target)
* Product family: zynq
* Target device:  xc7z020-clg484-1


================================================================
== Performance Estimates
================================================================
+ Timing: 
    * Summary: 
    +--------+----------+----------+------------+
    |  Clock |  Target  | Estimated| Uncertainty|
    +--------+----------+----------+------------+
    |ap_clk  |  10.00 ns|  7.540 ns|     2.00 ns|
    +--------+----------+----------+------------+

+ Latency: 
    * Summary: 
    +---------+---------+----------+----------+-----+-----+---------+
    |  Latency (cycles) |  Latency (absolute) |  Interval | Pipeline|
    |   min   |   max   |    min   |    max   | min | max |   Type  |
    +---------+---------+----------+----------+-----+-----+---------+
    |       28|      212|  0.280 us|  2.120 us|   28|  212|       no|
    +---------+---------+----------+----------+-----+-----+---------+

    + Detail: 
        * Instance: 
        +---------------------------------------------------+----------------------------------------+---------+---------+-----------+-----------+-----+-----+------------------------------------------------+
        |                                                   |                                        |  Latency (cycles) |   Latency (absolute)  |  Interval |                    Pipeline                    |
        |                      Instance                     |                 Module                 |   min   |   max   |    min    |    max    | min | max |                      Type                      |
        +---------------------------------------------------+----------------------------------------+---------+---------+-----------+-----------+-----+-----+------------------------------------------------+
        |grp_upper_backsub_Pipeline_VITIS_LOOP_20_1_fu_412  |upper_backsub_Pipeline_VITIS_LOOP_20_1  |        6|        6|  60.000 ns|  60.000 ns|    5|    5|  loop auto-rewind stp (delay=0 clock cycles(s))|
        |grp_upper_backsub_Pipeline_VITIS_LOOP_48_6_fu_476  |upper_backsub_Pipeline_VITIS_LOOP_48_6  |        6|        6|  60.000 ns|  60.000 ns|    5|    5|  loop auto-rewind stp (delay=0 clock cycles(s))|
        +---------------------------------------------------+----------------------------------------+---------+---------+-----------+-----------+-----+-----+------------------------------------------------+

        * Loop: 
        +--------------------+---------+---------+----------+-----------+-----------+-------+----------+
        |                    |  Latency (cycles) | Iteration|  Initiation Interval  |  Trip |          |
        |      Loop Name     |   min   |   max   |  Latency |  achieved |   target  | Count | Pipelined|
        +--------------------+---------+---------+----------+-----------+-----------+-------+----------+
        |- VITIS_LOOP_33_4   |       12|      196|    3 ~ 49|          -|          -|      4|        no|
        | + VITIS_LOOP_35_5  |        0|       15|         5|          -|          -|  0 ~ 3|        no|
        +--------------------+---------+---------+----------+-----------+-----------+-------+----------+



================================================================
== Utilization Estimates
================================================================
* Summary: 
+-----------------+---------+-----+--------+-------+-----+
|       Name      | BRAM_18K| DSP |   FF   |  LUT  | URAM|
+-----------------+---------+-----+--------+-------+-----+
|DSP              |        -|    1|       -|      -|    -|
|Expression       |        -|    -|       0|    269|    -|
|FIFO             |        -|    -|       -|      -|    -|
|Instance         |        -|    -|     676|    579|    -|
|Memory           |        -|    -|       -|      -|    -|
|Multiplexer      |        -|    -|       0|    315|    -|
|Register         |        -|    -|     367|      -|    -|
+-----------------+---------+-----+--------+-------+-----+
|Total            |        0|    1|    1043|   1163|    0|
+-----------------+---------+-----+--------+-------+-----+
|Available        |      280|  220|  106400|  53200|    0|
+-----------------+---------+-----+--------+-------+-----+
|Utilization (%)  |        0|   ~0|      ~0|      2|    0|
+-----------------+---------+-----+--------+-------+-----+

+ Detail: 
    * Instance: 
    +---------------------------------------------------+----------------------------------------+---------+----+-----+-----+-----+
    |                      Instance                     |                 Module                 | BRAM_18K| DSP|  FF | LUT | URAM|
    +---------------------------------------------------+----------------------------------------+---------+----+-----+-----+-----+
    |sdiv_28s_16s_28_32_seq_1_U494                      |sdiv_28s_16s_28_32_seq_1                |        0|   0|  346|  209|    0|
    |sparsemux_7_2_16_1_1_x_U491                        |sparsemux_7_2_16_1_1_x                  |        0|   0|    0|   14|    0|
    |sparsemux_7_2_16_1_1_x_U492                        |sparsemux_7_2_16_1_1_x                  |        0|   0|    0|   14|    0|
    |sparsemux_9_2_16_1_1_U486                          |sparsemux_9_2_16_1_1                    |        0|   0|    0|   20|    0|
    |sparsemux_9_2_16_1_1_U487                          |sparsemux_9_2_16_1_1                    |        0|   0|    0|   20|    0|
    |sparsemux_9_2_16_1_1_U488                          |sparsemux_9_2_16_1_1                    |        0|   0|    0|   20|    0|
    |sparsemux_9_2_16_1_1_U489                          |sparsemux_9_2_16_1_1                    |        0|   0|    0|   20|    0|
    |sparsemux_9_2_16_1_1_U490                          |sparsemux_9_2_16_1_1                    |        0|   0|    0|   20|    0|
    |sparsemux_9_2_16_1_1_U493                          |sparsemux_9_2_16_1_1                    |        0|   0|    0|   20|    0|
    |grp_upper_backsub_Pipeline_VITIS_LOOP_20_1_fu_412  |upper_backsub_Pipeline_VITIS_LOOP_20_1  |        0|   0|  325|  151|    0|
    |grp_upper_backsub_Pipeline_VITIS_LOOP_48_6_fu_476  |upper_backsub_Pipeline_VITIS_LOOP_48_6  |        0|   0|    5|   71|    0|
    +---------------------------------------------------+----------------------------------------+---------+----+-----+-----+-----+
    |Total                                              |                                        |        0|   0|  676|  579|    0|
    +---------------------------------------------------+----------------------------------------+---------+----+-----+-----+-----+

    * DSP: 
    +------------------------------------+-------------------------------+--------------+
    |              Instance              |             Module            |  Expression  |
    +------------------------------------+-------------------------------+--------------+
    |mac_mulsub_16s_16s_27s_32_4_1_U495  |mac_mulsub_16s_16s_27s_32_4_1  |  i0 - i1 * i2|
    +------------------------------------+-------------------------------+--------------+

    * Memory: 
    N/A

    * FIFO: 
    N/A

    * Expression: 
    +--------------------------+----------+----+---+----+------------+------------+
    |       Variable Name      | Operation| DSP| FF| LUT| Bitwidth P0| Bitwidth P1|
    +--------------------------+----------+----+---+----+------------+------------+
    |add_ln33_1_fu_1193_p2     |         +|   0|  0|  11|           3|           2|
    |add_ln33_fu_1188_p2       |         +|   0|  0|  11|           3|           2|
    |add_ln35_fu_790_p2        |         +|   0|  0|  13|           4|           1|
    |add_ln37_fu_889_p2        |         +|   0|  0|  23|          16|          16|
    |and_ln37_1_fu_972_p2      |       and|   0|  0|   2|           1|           1|
    |and_ln37_2_fu_986_p2      |       and|   0|  0|   2|           1|           1|
    |and_ln37_3_fu_1010_p2     |       and|   0|  0|   2|           1|           1|
    |and_ln37_4_fu_1016_p2     |       and|   0|  0|   2|           1|           1|
    |and_ln37_5_fu_1034_p2     |       and|   0|  0|   2|           1|           1|
    |and_ln37_fu_909_p2        |       and|   0|  0|   2|           1|           1|
    |and_ln43_1_fu_1131_p2     |       and|   0|  0|   2|           1|           1|
    |and_ln43_fu_1113_p2       |       and|   0|  0|   2|           1|           1|
    |icmp_ln35_fu_735_p2       |      icmp|   0|  0|  13|           4|           3|
    |icmp_ln37_1_fu_946_p2     |      icmp|   0|  0|  13|           5|           2|
    |icmp_ln37_2_fu_952_p2     |      icmp|   0|  0|  13|           5|           1|
    |icmp_ln37_fu_931_p2       |      icmp|   0|  0|  13|           4|           2|
    |icmp_ln40_fu_815_p2       |      icmp|   0|  0|  23|          16|           1|
    |icmp_ln43_1_fu_1095_p2    |      icmp|   0|  0|  12|          12|           1|
    |icmp_ln43_fu_1089_p2      |      icmp|   0|  0|  12|          12|           2|
    |or_ln37_1_fu_1040_p2      |        or|   0|  0|   2|           1|           1|
    |or_ln37_2_fu_1022_p2      |        or|   0|  0|   2|           1|           1|
    |or_ln37_fu_998_p2         |        or|   0|  0|   2|           1|           1|
    |or_ln43_1_fu_1125_p2      |        or|   0|  0|   2|           1|           1|
    |or_ln43_2_fu_1145_p2      |        or|   0|  0|   2|           1|           1|
    |or_ln43_fu_1101_p2        |        or|   0|  0|   2|           1|           1|
    |acc_2_fu_1053_p3          |    select|   0|  0|  16|           1|          16|
    |select_ln37_1_fu_978_p3   |    select|   0|  0|   2|           1|           1|
    |select_ln37_2_fu_1046_p3  |    select|   0|  0|  17|           1|          15|
    |select_ln37_fu_958_p3     |    select|   0|  0|   2|           1|           1|
    |select_ln43_1_fu_1151_p3  |    select|   0|  0|  16|           1|          16|
    |select_ln43_fu_1137_p3    |    select|   0|  0|  17|           1|          15|
    |xor_ln37_1_fu_966_p2      |       xor|   0|  0|   2|           1|           2|
    |xor_ln37_2_fu_992_p2      |       xor|   0|  0|   2|           1|           2|
    |xor_ln37_3_fu_1004_p2     |       xor|   0|  0|   2|           1|           2|
    |xor_ln37_4_fu_1028_p2     |       xor|   0|  0|   2|           1|           2|
    |xor_ln37_fu_903_p2        |       xor|   0|  0|   2|           1|           2|
    |xor_ln43_1_fu_1119_p2     |       xor|   0|  0|   2|           1|           2|
    |xor_ln43_fu_1107_p2       |       xor|   0|  0|   2|           1|           2|
    +--------------------------+----------+----+---+----+------------+------------+
    |Total                     |          |   0|  0| 269|         111|         125|
    +--------------------------+----------+----+---+----+------------+------------+

    * Multiplexer: 
    +---------------------------------+-----+-----------+-----+-----------+
    |               Name              | LUT | Input Size| Bits| Total Bits|
    +---------------------------------+-----+-----------+-----+-----------+
    |acc_1_reg_391                    |    9|          2|   16|         32|
    |ap_NS_fsm                        |  189|         43|    1|         43|
    |ap_phi_mux_xloc_4_phi_fu_405_p4  |    9|          2|   16|         32|
    |i_1_fu_162                       |    9|          2|    3|          6|
    |indvars_iv27_fu_158              |    9|          2|    3|          6|
    |j_reg_382                        |    9|          2|    4|          8|
    |x_out_0                          |    9|          2|   16|         32|
    |x_out_1                          |    9|          2|   16|         32|
    |x_out_2                          |    9|          2|   16|         32|
    |x_out_3                          |    9|          2|   16|         32|
    |xloc_1_fu_250                    |    9|          2|   16|         32|
    |xloc_2_fu_254                    |    9|          2|   16|         32|
    |xloc_3_fu_258                    |    9|          2|   16|         32|
    |xloc_4_reg_401                   |    9|          2|   16|         32|
    |xloc_fu_246                      |    9|          2|   16|         32|
    +---------------------------------+-----+-----------+-----+-----------+
    |Total                            |  315|         71|  187|        415|
    +---------------------------------+-----+-----------+-----+-----------+

    * Register: 
    +----------------------------------------------------------------+----+----+-----+-----------+
    |                              Name                              | FF | LUT| Bits| Const Bits|
    +----------------------------------------------------------------+----+----+-----+-----------+
    |acc_1_reg_391                                                   |  16|   0|   16|          0|
    |add_ln35_reg_1609                                               |   4|   0|    4|          0|
    |add_ln37_reg_1633                                               |  16|   0|   16|          0|
    |and_ln37_3_reg_1638                                             |   1|   0|    1|          0|
    |ap_CS_fsm                                                       |  42|   0|   42|          0|
    |grp_upper_backsub_Pipeline_VITIS_LOOP_20_1_fu_412_ap_start_reg  |   1|   0|    1|          0|
    |grp_upper_backsub_Pipeline_VITIS_LOOP_48_6_fu_476_ap_start_reg  |   1|   0|    1|          0|
    |i_1_fu_162                                                      |   3|   0|    3|          0|
    |icmp_ln40_reg_1614                                              |   1|   0|    1|          0|
    |indvars_iv27_fu_158                                             |   3|   0|    3|          0|
    |j_reg_382                                                       |   4|   0|    4|          0|
    |or_ln37_1_reg_1643                                              |   1|   0|    1|          0|
    |reg_507                                                         |  16|   0|   16|          0|
    |reg_512                                                         |  16|   0|   16|          0|
    |reg_517                                                         |  16|   0|   16|          0|
    |select_ln43_1_reg_1653                                          |  16|   0|   16|          0|
    |tmp_5_reg_1573                                                  |  16|   0|   16|          0|
    |tmp_6_reg_1579                                                  |  16|   0|   16|          0|
    |tmp_7_reg_1585                                                  |  16|   0|   16|          0|
    |tmp_reg_1568                                                    |  16|   0|   16|          0|
    |trunc_ln33_reg_1557                                             |   2|   0|    2|          0|
    |x_out_0_reg                                                     |  16|   0|   16|          0|
    |x_out_1_reg                                                     |  16|   0|   16|          0|
    |x_out_2_reg                                                     |  16|   0|   16|          0|
    |x_out_3_reg                                                     |  16|   0|   16|          0|
    |xloc_1_fu_250                                                   |  16|   0|   16|          0|
    |xloc_2_fu_254                                                   |  16|   0|   16|          0|
    |xloc_3_fu_258                                                   |  16|   0|   16|          0|
    |xloc_4_reg_401                                                  |  16|   0|   16|          0|
    |xloc_fu_246                                                     |  16|   0|   16|          0|
    +----------------------------------------------------------------+----+----+-----+-----------+
    |Total                                                           | 367|   0|  367|          0|
    +----------------------------------------------------------------+----+----+-----+-----------+



================================================================
== Interface
================================================================
* Summary: 
+----------------+-----+-----+------------+---------------+--------------+
|    RTL Ports   | Dir | Bits|  Protocol  | Source Object |    C Type    |
+----------------+-----+-----+------------+---------------+--------------+
|ap_clk          |   in|    1|  ap_ctrl_hs|  upper_backsub|  return value|
|ap_rst          |   in|    1|  ap_ctrl_hs|  upper_backsub|  return value|
|ap_start        |   in|    1|  ap_ctrl_hs|  upper_backsub|  return value|
|ap_done         |  out|    1|  ap_ctrl_hs|  upper_backsub|  return value|
|ap_idle         |  out|    1|  ap_ctrl_hs|  upper_backsub|  return value|
|ap_ready        |  out|    1|  ap_ctrl_hs|  upper_backsub|  return value|
|p_read          |   in|   16|     ap_none|         p_read|        scalar|
|p_read1         |   in|   16|     ap_none|        p_read1|        scalar|
|p_read2         |   in|   16|     ap_none|        p_read2|        scalar|
|p_read3         |   in|   16|     ap_none|        p_read3|        scalar|
|p_read4         |   in|   16|     ap_none|        p_read4|        scalar|
|p_read5         |   in|   16|     ap_none|        p_read5|        scalar|
|p_read6         |   in|   16|     ap_none|        p_read6|        scalar|
|p_read7         |   in|   16|     ap_none|        p_read7|        scalar|
|p_read8         |   in|   16|     ap_none|        p_read8|        scalar|
|p_read9         |   in|   16|     ap_none|        p_read9|        scalar|
|p_read10        |   in|   16|     ap_none|       p_read10|        scalar|
|p_read11        |   in|   16|     ap_none|       p_read11|        scalar|
|p_read12        |   in|   16|     ap_none|       p_read12|        scalar|
|p_read13        |   in|   16|     ap_none|       p_read13|        scalar|
|p_read14        |   in|   16|     ap_none|       p_read14|        scalar|
|p_read15        |   in|   16|     ap_none|       p_read15|        scalar|
|y_in_0_val      |   in|   16|     ap_none|     y_in_0_val|        scalar|
|y_in_1_val      |   in|   16|     ap_none|     y_in_1_val|        scalar|
|y_in_2_val      |   in|   16|     ap_none|     y_in_2_val|        scalar|
|y_in_3_val      |   in|   16|     ap_none|     y_in_3_val|        scalar|
|x_out_0         |  out|   16|      ap_vld|        x_out_0|       pointer|
|x_out_0_ap_vld  |  out|    1|      ap_vld|        x_out_0|       pointer|
|x_out_1         |  out|   16|      ap_vld|        x_out_1|       pointer|
|x_out_1_ap_vld  |  out|    1|      ap_vld|        x_out_1|       pointer|
|x_out_2         |  out|   16|      ap_vld|        x_out_2|       pointer|
|x_out_2_ap_vld  |  out|    1|      ap_vld|        x_out_2|       pointer|
|x_out_3         |  out|   16|      ap_vld|        x_out_3|       pointer|
|x_out_3_ap_vld  |  out|    1|      ap_vld|        x_out_3|       pointer|
+----------------+-----+-----+------------+---------------+--------------+

